Feb 01, 2014 9:35:46 PM kodkod.multiobjective.algorithms.CheckpointedGuidedImprovementAlgorithm multiObjectiveSolveImpl
FINE: Found a solution. At time: 3, Improving on [754]
Feb 01, 2014 9:35:46 PM kodkod.multiobjective.MetricPoint parametrizedImprovementConstraints
FINE: Possible Improvements are conjunction of 
	(sum(this/PKJab.totalFootprint) <= 754)
	(sum(this/PKJab.totalFootprint) < 754)
Feb 01, 2014 9:35:46 PM kodkod.multiobjective.algorithms.MultiObjectiveAlgorithm foundParetoPoint
FINE: Found Pareto point with values: [754]
Feb 01, 2014 9:35:46 PM kodkod.multiobjective.algorithms.CheckpointedGuidedImprovementAlgorithm multiObjectiveSolveImpl
FINE: Found Pareto point with values: [754]
Feb 01, 2014 9:35:47 PM kodkod.multiobjective.algorithms.MultiObjectiveAlgorithm debugWriteStatistics
FINE: Solver statistics:
	# Sat Call: 1
	# Unsat Call: 2
	# Total Time in Sat Calls: 3552
	# Total Time in Sat Calls Solving: 100
	# Total Time in Sat Calls Translating: 3452
	# Total Time in Unsat Calls: 157
	# Total Time in Unsat Calls Solving: 3
	# Total Time in Unsat Calls Translating: 154
	# Magnifier Sat Call: 0
	# Magnifier Unsat Call: 0
	# Total Time in Magnifier: 0
