Feb 01, 2014 9:42:02 PM kodkod.multiobjective.algorithms.CheckpointedGuidedImprovementAlgorithm multiObjectiveSolveImpl
FINE: Found a solution. At time: 3, Improving on [762]
Feb 01, 2014 9:42:02 PM kodkod.multiobjective.MetricPoint parametrizedImprovementConstraints
FINE: Possible Improvements are conjunction of 
	(sum(this/PKJab.totalFootprint) <= 762)
	(sum(this/PKJab.totalFootprint) < 762)
Feb 01, 2014 9:42:02 PM kodkod.multiobjective.algorithms.MultiObjectiveAlgorithm foundParetoPoint
FINE: Found Pareto point with values: [762]
Feb 01, 2014 9:42:02 PM kodkod.multiobjective.algorithms.CheckpointedGuidedImprovementAlgorithm multiObjectiveSolveImpl
FINE: Found Pareto point with values: [762]
Feb 01, 2014 9:42:02 PM kodkod.multiobjective.algorithms.MultiObjectiveAlgorithm debugWriteStatistics
FINE: Solver statistics:
	# Sat Call: 1
	# Unsat Call: 2
	# Total Time in Sat Calls: 3507
	# Total Time in Sat Calls Solving: 97
	# Total Time in Sat Calls Translating: 3410
	# Total Time in Unsat Calls: 201
	# Total Time in Unsat Calls Solving: 29
	# Total Time in Unsat Calls Translating: 172
	# Magnifier Sat Call: 0
	# Magnifier Unsat Call: 0
	# Total Time in Magnifier: 0
