Feb 01, 2014 3:32:54 AM kodkod.multiobjective.algorithms.IncrementalGuidedImprovementAlgorithm multiObjectiveSolveImpl
FINE: Found a solution. At time: 1, Improving on [270]
Feb 01, 2014 3:32:54 AM kodkod.multiobjective.MetricPoint parametrizedImprovementConstraints
FINE: Possible Improvements are conjunction of 
	(sum(this/Apache.totalPerformance) >= 270)
	(sum(this/Apache.totalPerformance) > 270)
Feb 01, 2014 3:32:54 AM kodkod.multiobjective.algorithms.IncrementalGuidedImprovementAlgorithm multiObjectiveSolveImpl
FINE: Found a solution. At time: 1, Improving on [274]
Feb 01, 2014 3:32:54 AM kodkod.multiobjective.MetricPoint parametrizedImprovementConstraints
FINE: Possible Improvements are conjunction of 
	(sum(this/Apache.totalPerformance) >= 274)
	(sum(this/Apache.totalPerformance) > 274)
Feb 01, 2014 3:32:54 AM kodkod.multiobjective.algorithms.MultiObjectiveAlgorithm foundParetoPoint
FINE: Found Pareto point with values: [274]
Feb 01, 2014 3:32:55 AM kodkod.multiobjective.algorithms.IncrementalGuidedImprovementAlgorithm multiObjectiveSolveImpl
FINE: All Pareto points found. At time: 2
Feb 01, 2014 3:32:55 AM kodkod.multiobjective.algorithms.MultiObjectiveAlgorithm debugWriteStatistics
FINE: Solver statistics:
	# Sat Call: 2
	# Unsat Call: 2
	# Total Time in Sat Calls: 1605
	# Total Time in Sat Calls Solving: 50
	# Total Time in Sat Calls Translating: 1555
	# Total Time in Unsat Calls: 978
	# Total Time in Unsat Calls Solving: 63
	# Total Time in Unsat Calls Translating: 915
	# Magnifier Sat Call: 0
	# Magnifier Unsat Call: 0
	# Total Time in Magnifier: 0
