Feb 02, 2014 1:05:05 PM kodkod.multiobjective.algorithms.CheckpointedGuidedImprovementAlgorithm multiObjectiveSolveImpl
FINE: Found a solution. At time: 0, Improving on [1, 493, 575]
Feb 02, 2014 1:05:05 PM kodkod.multiobjective.MetricPoint parametrizedImprovementConstraints
FINE: Possible Improvements are conjunction of 
	(sum(this/BerkeleyDbC.totalReliability) >= 1)
	(sum(this/BerkeleyDbC.totalFootprint) <= 493)
	(sum(this/BerkeleyDbC.totalPrice) <= 575)
	((sum(this/BerkeleyDbC.totalReliability) > 1) || (sum(this/BerkeleyDbC.totalFootprint) < 493) || (sum(this/BerkeleyDbC.totalPrice) < 575))
Feb 02, 2014 1:05:06 PM kodkod.multiobjective.algorithms.MultiObjectiveAlgorithm foundParetoPoint
FINE: Found Pareto point with values: [1, 493, 575]
Feb 02, 2014 1:05:06 PM kodkod.multiobjective.algorithms.CheckpointedGuidedImprovementAlgorithm multiObjectiveSolveImpl
FINE: Found Pareto point with values: [1, 493, 575]
Feb 02, 2014 1:05:06 PM kodkod.multiobjective.algorithms.MultiObjectiveAlgorithm debugWriteStatistics
FINE: Solver statistics:
	# Sat Call: 1
	# Unsat Call: 2
	# Total Time in Sat Calls: 101
	# Total Time in Sat Calls Solving: 0
	# Total Time in Sat Calls Translating: 101
	# Total Time in Unsat Calls: 166
	# Total Time in Unsat Calls Solving: 1
	# Total Time in Unsat Calls Translating: 165
	# Magnifier Sat Call: 0
	# Magnifier Unsat Call: 0
	# Total Time in Magnifier: 0
