Feb 01, 2014 12:43:25 AM kodkod.multiobjective.algorithms.IncrementalGuidedImprovementAlgorithm multiObjectiveSolveImpl
FINE: Found a solution. At time: 1, Improving on [48, 47, 104, 55, 402, 765]
Feb 01, 2014 12:43:25 AM kodkod.multiobjective.MetricPoint parametrizedImprovementConstraints
FINE: Possible Improvements are conjunction of 
	(sum(this/SearchAndRescueFM.total_BatteryUsage) <= 48)
	(sum(this/SearchAndRescueFM.total_DeploymentTime) <= 47)
	(sum(this/SearchAndRescueFM.total_DevelopmentTime) <= 104)
	(sum(this/SearchAndRescueFM.total_RampUpTime) <= 55)
	(sum(this/SearchAndRescueFM.total_ResponseTime) <= 402)
	(sum(this/SearchAndRescueFM.total_cost) <= 765)
	((sum(this/SearchAndRescueFM.total_BatteryUsage) < 48) || (sum(this/SearchAndRescueFM.total_DeploymentTime) < 47) || (sum(this/SearchAndRescueFM.total_DevelopmentTime) < 104) || (sum(this/SearchAndRescueFM.total_RampUpTime) < 55) || (sum(this/SearchAndRescueFM.total_ResponseTime) < 402) || (sum(this/SearchAndRescueFM.total_cost) < 765))
Feb 01, 2014 12:43:25 AM kodkod.multiobjective.algorithms.IncrementalGuidedImprovementAlgorithm multiObjectiveSolveImpl
FINE: Found a solution. At time: 1, Improving on [48, 47, 104, 55, 397, 760]
Feb 01, 2014 12:43:25 AM kodkod.multiobjective.MetricPoint parametrizedImprovementConstraints
FINE: Possible Improvements are conjunction of 
	(sum(this/SearchAndRescueFM.total_BatteryUsage) <= 48)
	(sum(this/SearchAndRescueFM.total_DeploymentTime) <= 47)
	(sum(this/SearchAndRescueFM.total_DevelopmentTime) <= 104)
	(sum(this/SearchAndRescueFM.total_RampUpTime) <= 55)
	(sum(this/SearchAndRescueFM.total_ResponseTime) <= 397)
	(sum(this/SearchAndRescueFM.total_cost) <= 760)
	((sum(this/SearchAndRescueFM.total_BatteryUsage) < 48) || (sum(this/SearchAndRescueFM.total_DeploymentTime) < 47) || (sum(this/SearchAndRescueFM.total_DevelopmentTime) < 104) || (sum(this/SearchAndRescueFM.total_RampUpTime) < 55) || (sum(this/SearchAndRescueFM.total_ResponseTime) < 397) || (sum(this/SearchAndRescueFM.total_cost) < 760))
Feb 01, 2014 12:43:26 AM kodkod.multiobjective.algorithms.IncrementalGuidedImprovementAlgorithm multiObjectiveSolveImpl
FINE: Found a solution. At time: 2, Improving on [45, 37, 93, 54, 392, 760]
Feb 01, 2014 12:43:26 AM kodkod.multiobjective.MetricPoint parametrizedImprovementConstraints
FINE: Possible Improvements are conjunction of 
	(sum(this/SearchAndRescueFM.total_BatteryUsage) <= 45)
	(sum(this/SearchAndRescueFM.total_DeploymentTime) <= 37)
	(sum(this/SearchAndRescueFM.total_DevelopmentTime) <= 93)
	(sum(this/SearchAndRescueFM.total_RampUpTime) <= 54)
	(sum(this/SearchAndRescueFM.total_ResponseTime) <= 392)
	(sum(this/SearchAndRescueFM.total_cost) <= 760)
	((sum(this/SearchAndRescueFM.total_BatteryUsage) < 45) || (sum(this/SearchAndRescueFM.total_DeploymentTime) < 37) || (sum(this/SearchAndRescueFM.total_DevelopmentTime) < 93) || (sum(this/SearchAndRescueFM.total_RampUpTime) < 54) || (sum(this/SearchAndRescueFM.total_ResponseTime) < 392) || (sum(this/SearchAndRescueFM.total_cost) < 760))
Feb 01, 2014 12:43:26 AM kodkod.multiobjective.algorithms.MultiObjectiveAlgorithm foundParetoPoint
FINE: Found Pareto point with values: [45, 37, 93, 54, 392, 760]
Feb 01, 2014 12:44:23 AM kodkod.multiobjective.algorithms.IncrementalGuidedImprovementAlgorithm multiObjectiveSolveImpl
FINE: Magnifying glass found 1 solution(s). At time: 58
