Feb 01, 2014 9:11:55 PM kodkod.multiobjective.algorithms.CheckpointedGuidedImprovementAlgorithm multiObjectiveSolveImpl
FINE: Found a solution. At time: 6, Improving on [1035]
Feb 01, 2014 9:11:55 PM kodkod.multiobjective.MetricPoint parametrizedImprovementConstraints
FINE: Possible Improvements are conjunction of 
	(sum(this/Prevayler.totalFootprint) <= 1035)
	(sum(this/Prevayler.totalFootprint) < 1035)
Feb 01, 2014 9:11:56 PM kodkod.multiobjective.algorithms.MultiObjectiveAlgorithm foundParetoPoint
FINE: Found Pareto point with values: [1035]
Feb 01, 2014 9:11:56 PM kodkod.multiobjective.algorithms.CheckpointedGuidedImprovementAlgorithm multiObjectiveSolveImpl
FINE: Found Pareto point with values: [1035]
Feb 01, 2014 9:11:56 PM kodkod.multiobjective.algorithms.MultiObjectiveAlgorithm debugWriteStatistics
FINE: Solver statistics:
	# Sat Call: 1
	# Unsat Call: 2
	# Total Time in Sat Calls: 6127
	# Total Time in Sat Calls Solving: 115
	# Total Time in Sat Calls Translating: 6012
	# Total Time in Unsat Calls: 408
	# Total Time in Unsat Calls Solving: 38
	# Total Time in Unsat Calls Translating: 370
	# Magnifier Sat Call: 0
	# Magnifier Unsat Call: 0
	# Total Time in Magnifier: 0
