Feb 01, 2014 10:40:31 PM kodkod.multiobjective.algorithms.CheckpointedGuidedImprovementAlgorithm multiObjectiveSolveImpl
FINE: Found a solution. At time: 5, Improving on [945]
Feb 01, 2014 10:40:31 PM kodkod.multiobjective.MetricPoint parametrizedImprovementConstraints
FINE: Possible Improvements are conjunction of 
	(sum(this/BerkeleyDbC.totalFootprint) <= 945)
	(sum(this/BerkeleyDbC.totalFootprint) < 945)
Feb 01, 2014 10:40:33 PM kodkod.multiobjective.algorithms.MultiObjectiveAlgorithm foundParetoPoint
FINE: Found Pareto point with values: [945]
Feb 01, 2014 10:40:33 PM kodkod.multiobjective.algorithms.CheckpointedGuidedImprovementAlgorithm multiObjectiveSolveImpl
FINE: Found Pareto point with values: [945]
Feb 01, 2014 10:40:35 PM kodkod.multiobjective.algorithms.MultiObjectiveAlgorithm debugWriteStatistics
FINE: Solver statistics:
	# Sat Call: 1
	# Unsat Call: 2
	# Total Time in Sat Calls: 5452
	# Total Time in Sat Calls Solving: 11
	# Total Time in Sat Calls Translating: 5441
	# Total Time in Unsat Calls: 3047
	# Total Time in Unsat Calls Solving: 6
	# Total Time in Unsat Calls Translating: 3041
	# Magnifier Sat Call: 0
	# Magnifier Unsat Call: 0
	# Total Time in Magnifier: 0
