Feb 02, 2014 1:20:38 PM kodkod.multiobjective.algorithms.CheckpointedGuidedImprovementAlgorithm multiObjectiveSolveImpl
FINE: Found a solution. At time: 0, Improving on [939]
Feb 02, 2014 1:20:38 PM kodkod.multiobjective.MetricPoint parametrizedImprovementConstraints
FINE: Possible Improvements are conjunction of 
	(sum(this/ZipMeSPL.totalFootprint) <= 939)
	(sum(this/ZipMeSPL.totalFootprint) < 939)
Feb 02, 2014 1:20:38 PM kodkod.multiobjective.algorithms.CheckpointedGuidedImprovementAlgorithm multiObjectiveSolveImpl
FINE: Found a solution. At time: 0, Improving on [923]
Feb 02, 2014 1:20:38 PM kodkod.multiobjective.MetricPoint parametrizedImprovementConstraints
FINE: Possible Improvements are conjunction of 
	(sum(this/ZipMeSPL.totalFootprint) <= 923)
	(sum(this/ZipMeSPL.totalFootprint) < 923)
Feb 02, 2014 1:20:38 PM kodkod.multiobjective.algorithms.CheckpointedGuidedImprovementAlgorithm multiObjectiveSolveImpl
FINE: Found a solution. At time: 0, Improving on [860]
Feb 02, 2014 1:20:38 PM kodkod.multiobjective.MetricPoint parametrizedImprovementConstraints
FINE: Possible Improvements are conjunction of 
	(sum(this/ZipMeSPL.totalFootprint) <= 860)
	(sum(this/ZipMeSPL.totalFootprint) < 860)
Feb 02, 2014 1:20:38 PM kodkod.multiobjective.algorithms.CheckpointedGuidedImprovementAlgorithm multiObjectiveSolveImpl
FINE: Found a solution. At time: 0, Improving on [857]
Feb 02, 2014 1:20:38 PM kodkod.multiobjective.MetricPoint parametrizedImprovementConstraints
FINE: Possible Improvements are conjunction of 
	(sum(this/ZipMeSPL.totalFootprint) <= 857)
	(sum(this/ZipMeSPL.totalFootprint) < 857)
Feb 02, 2014 1:20:38 PM kodkod.multiobjective.algorithms.CheckpointedGuidedImprovementAlgorithm multiObjectiveSolveImpl
FINE: Found a solution. At time: 0, Improving on [818]
Feb 02, 2014 1:20:38 PM kodkod.multiobjective.MetricPoint parametrizedImprovementConstraints
FINE: Possible Improvements are conjunction of 
	(sum(this/ZipMeSPL.totalFootprint) <= 818)
	(sum(this/ZipMeSPL.totalFootprint) < 818)
Feb 02, 2014 1:20:38 PM kodkod.multiobjective.algorithms.CheckpointedGuidedImprovementAlgorithm multiObjectiveSolveImpl
FINE: Found a solution. At time: 0, Improving on [802]
Feb 02, 2014 1:20:38 PM kodkod.multiobjective.MetricPoint parametrizedImprovementConstraints
FINE: Possible Improvements are conjunction of 
	(sum(this/ZipMeSPL.totalFootprint) <= 802)
	(sum(this/ZipMeSPL.totalFootprint) < 802)
Feb 02, 2014 1:20:38 PM kodkod.multiobjective.algorithms.CheckpointedGuidedImprovementAlgorithm multiObjectiveSolveImpl
FINE: Found a solution. At time: 0, Improving on [799]
Feb 02, 2014 1:20:38 PM kodkod.multiobjective.MetricPoint parametrizedImprovementConstraints
FINE: Possible Improvements are conjunction of 
	(sum(this/ZipMeSPL.totalFootprint) <= 799)
	(sum(this/ZipMeSPL.totalFootprint) < 799)
Feb 02, 2014 1:20:38 PM kodkod.multiobjective.algorithms.CheckpointedGuidedImprovementAlgorithm multiObjectiveSolveImpl
FINE: Found a solution. At time: 0, Improving on [796]
Feb 02, 2014 1:20:38 PM kodkod.multiobjective.MetricPoint parametrizedImprovementConstraints
FINE: Possible Improvements are conjunction of 
	(sum(this/ZipMeSPL.totalFootprint) <= 796)
	(sum(this/ZipMeSPL.totalFootprint) < 796)
Feb 02, 2014 1:20:38 PM kodkod.multiobjective.algorithms.MultiObjectiveAlgorithm foundParetoPoint
FINE: Found Pareto point with values: [796]
Feb 02, 2014 1:20:38 PM kodkod.multiobjective.algorithms.CheckpointedGuidedImprovementAlgorithm multiObjectiveSolveImpl
FINE: Found Pareto point with values: [796]
Feb 02, 2014 1:20:38 PM kodkod.multiobjective.algorithms.MultiObjectiveAlgorithm debugWriteStatistics
FINE: Solver statistics:
	# Sat Call: 8
	# Unsat Call: 2
	# Total Time in Sat Calls: 263
	# Total Time in Sat Calls Solving: 4
	# Total Time in Sat Calls Translating: 259
	# Total Time in Unsat Calls: 13
	# Total Time in Unsat Calls Solving: 6
	# Total Time in Unsat Calls Translating: 7
	# Magnifier Sat Call: 0
	# Magnifier Unsat Call: 0
	# Total Time in Magnifier: 0
