Feb 01, 2014 9:43:39 PM kodkod.multiobjective.algorithms.CheckpointedGuidedImprovementAlgorithm multiObjectiveSolveImpl
FINE: Found a solution. At time: 8, Improving on [1006]
Feb 01, 2014 9:43:39 PM kodkod.multiobjective.MetricPoint parametrizedImprovementConstraints
FINE: Possible Improvements are conjunction of 
	(sum(this/BerkeleyDbC.totalFootprint) <= 1006)
	(sum(this/BerkeleyDbC.totalFootprint) < 1006)
Feb 01, 2014 9:43:40 PM kodkod.multiobjective.algorithms.CheckpointedGuidedImprovementAlgorithm multiObjectiveSolveImpl
FINE: Found a solution. At time: 8, Improving on [981]
Feb 01, 2014 9:43:40 PM kodkod.multiobjective.MetricPoint parametrizedImprovementConstraints
FINE: Possible Improvements are conjunction of 
	(sum(this/BerkeleyDbC.totalFootprint) <= 981)
	(sum(this/BerkeleyDbC.totalFootprint) < 981)
Feb 01, 2014 9:43:40 PM kodkod.multiobjective.algorithms.MultiObjectiveAlgorithm foundParetoPoint
FINE: Found Pareto point with values: [981]
Feb 01, 2014 9:43:40 PM kodkod.multiobjective.algorithms.CheckpointedGuidedImprovementAlgorithm multiObjectiveSolveImpl
FINE: Found Pareto point with values: [981]
Feb 01, 2014 9:43:41 PM kodkod.multiobjective.algorithms.MultiObjectiveAlgorithm debugWriteStatistics
FINE: Solver statistics:
	# Sat Call: 2
	# Unsat Call: 2
	# Total Time in Sat Calls: 8373
	# Total Time in Sat Calls Solving: 221
	# Total Time in Sat Calls Translating: 8152
	# Total Time in Unsat Calls: 336
	# Total Time in Unsat Calls Solving: 125
	# Total Time in Unsat Calls Translating: 211
	# Magnifier Sat Call: 0
	# Magnifier Unsat Call: 0
	# Total Time in Magnifier: 0
