Feb 01, 2014 1:30:51 PM kodkod.multiobjective.algorithms.IncrementalGuidedImprovementAlgorithm multiObjectiveSolveImpl
FINE: Found a solution. At time: 23, Improving on [2, 721, 775]
Feb 01, 2014 1:30:51 PM kodkod.multiobjective.MetricPoint parametrizedImprovementConstraints
FINE: Possible Improvements are conjunction of 
	(sum(this/BerkeleyDbC.totalReliability) >= 2)
	(sum(this/BerkeleyDbC.totalFootprint) <= 721)
	(sum(this/BerkeleyDbC.totalPrice) <= 775)
	((sum(this/BerkeleyDbC.totalReliability) > 2) || (sum(this/BerkeleyDbC.totalFootprint) < 721) || (sum(this/BerkeleyDbC.totalPrice) < 775))
Feb 01, 2014 1:30:52 PM kodkod.multiobjective.algorithms.IncrementalGuidedImprovementAlgorithm multiObjectiveSolveImpl
FINE: Found a solution. At time: 24, Improving on [2, 702, 475]
Feb 01, 2014 1:30:52 PM kodkod.multiobjective.MetricPoint parametrizedImprovementConstraints
FINE: Possible Improvements are conjunction of 
	(sum(this/BerkeleyDbC.totalReliability) >= 2)
	(sum(this/BerkeleyDbC.totalFootprint) <= 702)
	(sum(this/BerkeleyDbC.totalPrice) <= 475)
	((sum(this/BerkeleyDbC.totalReliability) > 2) || (sum(this/BerkeleyDbC.totalFootprint) < 702) || (sum(this/BerkeleyDbC.totalPrice) < 475))
Feb 01, 2014 1:30:52 PM kodkod.multiobjective.algorithms.IncrementalGuidedImprovementAlgorithm multiObjectiveSolveImpl
FINE: Found a solution. At time: 24, Improving on [2, 674, 425]
Feb 01, 2014 1:30:52 PM kodkod.multiobjective.MetricPoint parametrizedImprovementConstraints
FINE: Possible Improvements are conjunction of 
	(sum(this/BerkeleyDbC.totalReliability) >= 2)
	(sum(this/BerkeleyDbC.totalFootprint) <= 674)
	(sum(this/BerkeleyDbC.totalPrice) <= 425)
	((sum(this/BerkeleyDbC.totalReliability) > 2) || (sum(this/BerkeleyDbC.totalFootprint) < 674) || (sum(this/BerkeleyDbC.totalPrice) < 425))
Feb 01, 2014 1:30:53 PM kodkod.multiobjective.algorithms.MultiObjectiveAlgorithm foundParetoPoint
FINE: Found Pareto point with values: [2, 674, 425]
Feb 01, 2014 1:31:14 PM kodkod.multiobjective.algorithms.IncrementalGuidedImprovementAlgorithm multiObjectiveSolveImpl
FINE: Found a solution. At time: 46, Improving on [3, 865, 425]
Feb 01, 2014 1:31:14 PM kodkod.multiobjective.MetricPoint parametrizedImprovementConstraints
FINE: Possible Improvements are conjunction of 
	(sum(this/BerkeleyDbC.totalReliability) >= 3)
	(sum(this/BerkeleyDbC.totalFootprint) <= 865)
	(sum(this/BerkeleyDbC.totalPrice) <= 425)
	((sum(this/BerkeleyDbC.totalReliability) > 3) || (sum(this/BerkeleyDbC.totalFootprint) < 865) || (sum(this/BerkeleyDbC.totalPrice) < 425))
Feb 01, 2014 1:31:15 PM kodkod.multiobjective.algorithms.MultiObjectiveAlgorithm foundParetoPoint
FINE: Found Pareto point with values: [3, 865, 425]
Feb 01, 2014 1:31:34 PM kodkod.multiobjective.algorithms.IncrementalGuidedImprovementAlgorithm multiObjectiveSolveImpl
FINE: Found a solution. At time: 67, Improving on [1, 624, 325]
Feb 01, 2014 1:31:34 PM kodkod.multiobjective.MetricPoint parametrizedImprovementConstraints
FINE: Possible Improvements are conjunction of 
	(sum(this/BerkeleyDbC.totalReliability) >= 1)
	(sum(this/BerkeleyDbC.totalFootprint) <= 624)
	(sum(this/BerkeleyDbC.totalPrice) <= 325)
	((sum(this/BerkeleyDbC.totalReliability) > 1) || (sum(this/BerkeleyDbC.totalFootprint) < 624) || (sum(this/BerkeleyDbC.totalPrice) < 325))
Feb 01, 2014 1:31:35 PM kodkod.multiobjective.algorithms.MultiObjectiveAlgorithm foundParetoPoint
FINE: Found Pareto point with values: [1, 624, 325]
Feb 01, 2014 1:31:57 PM kodkod.multiobjective.algorithms.IncrementalGuidedImprovementAlgorithm multiObjectiveSolveImpl
FINE: Found a solution. At time: 89, Improving on [2, 815, 325]
Feb 01, 2014 1:31:57 PM kodkod.multiobjective.MetricPoint parametrizedImprovementConstraints
FINE: Possible Improvements are conjunction of 
	(sum(this/BerkeleyDbC.totalReliability) >= 2)
	(sum(this/BerkeleyDbC.totalFootprint) <= 815)
	(sum(this/BerkeleyDbC.totalPrice) <= 325)
	((sum(this/BerkeleyDbC.totalReliability) > 2) || (sum(this/BerkeleyDbC.totalFootprint) < 815) || (sum(this/BerkeleyDbC.totalPrice) < 325))
Feb 01, 2014 1:31:57 PM kodkod.multiobjective.algorithms.MultiObjectiveAlgorithm foundParetoPoint
FINE: Found Pareto point with values: [2, 815, 325]
Feb 01, 2014 1:32:19 PM kodkod.multiobjective.algorithms.IncrementalGuidedImprovementAlgorithm multiObjectiveSolveImpl
FINE: All Pareto points found. At time: 111
Feb 01, 2014 1:32:19 PM kodkod.multiobjective.algorithms.MultiObjectiveAlgorithm debugWriteStatistics
FINE: Solver statistics:
	# Sat Call: 6
	# Unsat Call: 5
	# Total Time in Sat Calls: 73414
	# Total Time in Sat Calls Solving: 2745
	# Total Time in Sat Calls Translating: 70669
	# Total Time in Unsat Calls: 17302
	# Total Time in Unsat Calls Solving: 1129
	# Total Time in Unsat Calls Translating: 16173
	# Magnifier Sat Call: 0
	# Magnifier Unsat Call: 0
	# Total Time in Magnifier: 0
