Feb 01, 2014 1:43:25 PM kodkod.multiobjective.algorithms.IncrementalGuidedImprovementAlgorithm multiObjectiveSolveImpl
FINE: Found a solution. At time: 0, Improving on [797]
Feb 01, 2014 1:43:25 PM kodkod.multiobjective.MetricPoint parametrizedImprovementConstraints
FINE: Possible Improvements are conjunction of 
	(sum(this/PKJab.totalFootprint) <= 797)
	(sum(this/PKJab.totalFootprint) < 797)
Feb 01, 2014 1:43:25 PM kodkod.multiobjective.algorithms.MultiObjectiveAlgorithm foundParetoPoint
FINE: Found Pareto point with values: [797]
Feb 01, 2014 1:43:25 PM kodkod.multiobjective.algorithms.IncrementalGuidedImprovementAlgorithm multiObjectiveSolveImpl
FINE: All Pareto points found. At time: 0
Feb 01, 2014 1:43:25 PM kodkod.multiobjective.algorithms.MultiObjectiveAlgorithm debugWriteStatistics
FINE: Solver statistics:
	# Sat Call: 1
	# Unsat Call: 2
	# Total Time in Sat Calls: 342
	# Total Time in Sat Calls Solving: 3
	# Total Time in Sat Calls Translating: 339
	# Total Time in Unsat Calls: 132
	# Total Time in Unsat Calls Solving: 2
	# Total Time in Unsat Calls Translating: 130
	# Magnifier Sat Call: 0
	# Magnifier Unsat Call: 0
	# Total Time in Magnifier: 0
