Feb 02, 2014 1:05:56 PM kodkod.multiobjective.algorithms.CheckpointedGuidedImprovementAlgorithm multiObjectiveSolveImpl
FINE: Found a solution. At time: 0, Improving on [55, 765]
Feb 02, 2014 1:05:56 PM kodkod.multiobjective.MetricPoint parametrizedImprovementConstraints
FINE: Possible Improvements are conjunction of 
	(sum(this/SearchAndRescueFM.total_RampUpTime) <= 55)
	(sum(this/SearchAndRescueFM.total_cost) <= 765)
	((sum(this/SearchAndRescueFM.total_RampUpTime) < 55) || (sum(this/SearchAndRescueFM.total_cost) < 765))
Feb 02, 2014 1:05:56 PM kodkod.multiobjective.algorithms.CheckpointedGuidedImprovementAlgorithm multiObjectiveSolveImpl
FINE: Found a solution. At time: 0, Improving on [55, 760]
Feb 02, 2014 1:05:56 PM kodkod.multiobjective.MetricPoint parametrizedImprovementConstraints
FINE: Possible Improvements are conjunction of 
	(sum(this/SearchAndRescueFM.total_RampUpTime) <= 55)
	(sum(this/SearchAndRescueFM.total_cost) <= 760)
	((sum(this/SearchAndRescueFM.total_RampUpTime) < 55) || (sum(this/SearchAndRescueFM.total_cost) < 760))
Feb 02, 2014 1:05:56 PM kodkod.multiobjective.algorithms.CheckpointedGuidedImprovementAlgorithm multiObjectiveSolveImpl
FINE: Found a solution. At time: 0, Improving on [54, 760]
Feb 02, 2014 1:05:56 PM kodkod.multiobjective.MetricPoint parametrizedImprovementConstraints
FINE: Possible Improvements are conjunction of 
	(sum(this/SearchAndRescueFM.total_RampUpTime) <= 54)
	(sum(this/SearchAndRescueFM.total_cost) <= 760)
	((sum(this/SearchAndRescueFM.total_RampUpTime) < 54) || (sum(this/SearchAndRescueFM.total_cost) < 760))
Feb 02, 2014 1:05:56 PM kodkod.multiobjective.algorithms.CheckpointedGuidedImprovementAlgorithm multiObjectiveSolveImpl
FINE: Found a solution. At time: 0, Improving on [52, 600]
Feb 02, 2014 1:05:56 PM kodkod.multiobjective.MetricPoint parametrizedImprovementConstraints
FINE: Possible Improvements are conjunction of 
	(sum(this/SearchAndRescueFM.total_RampUpTime) <= 52)
	(sum(this/SearchAndRescueFM.total_cost) <= 600)
	((sum(this/SearchAndRescueFM.total_RampUpTime) < 52) || (sum(this/SearchAndRescueFM.total_cost) < 600))
Feb 02, 2014 1:05:56 PM kodkod.multiobjective.algorithms.CheckpointedGuidedImprovementAlgorithm multiObjectiveSolveImpl
FINE: Found a solution. At time: 0, Improving on [51, 590]
Feb 02, 2014 1:05:56 PM kodkod.multiobjective.MetricPoint parametrizedImprovementConstraints
FINE: Possible Improvements are conjunction of 
	(sum(this/SearchAndRescueFM.total_RampUpTime) <= 51)
	(sum(this/SearchAndRescueFM.total_cost) <= 590)
	((sum(this/SearchAndRescueFM.total_RampUpTime) < 51) || (sum(this/SearchAndRescueFM.total_cost) < 590))
Feb 02, 2014 1:05:56 PM kodkod.multiobjective.algorithms.CheckpointedGuidedImprovementAlgorithm multiObjectiveSolveImpl
FINE: Found a solution. At time: 0, Improving on [50, 590]
Feb 02, 2014 1:05:56 PM kodkod.multiobjective.MetricPoint parametrizedImprovementConstraints
FINE: Possible Improvements are conjunction of 
	(sum(this/SearchAndRescueFM.total_RampUpTime) <= 50)
	(sum(this/SearchAndRescueFM.total_cost) <= 590)
	((sum(this/SearchAndRescueFM.total_RampUpTime) < 50) || (sum(this/SearchAndRescueFM.total_cost) < 590))
Feb 02, 2014 1:05:56 PM kodkod.multiobjective.algorithms.CheckpointedGuidedImprovementAlgorithm multiObjectiveSolveImpl
FINE: Found a solution. At time: 0, Improving on [48, 590]
Feb 02, 2014 1:05:56 PM kodkod.multiobjective.MetricPoint parametrizedImprovementConstraints
FINE: Possible Improvements are conjunction of 
	(sum(this/SearchAndRescueFM.total_RampUpTime) <= 48)
	(sum(this/SearchAndRescueFM.total_cost) <= 590)
	((sum(this/SearchAndRescueFM.total_RampUpTime) < 48) || (sum(this/SearchAndRescueFM.total_cost) < 590))
Feb 02, 2014 1:05:56 PM kodkod.multiobjective.algorithms.CheckpointedGuidedImprovementAlgorithm multiObjectiveSolveImpl
FINE: Found a solution. At time: 0, Improving on [46, 590]
Feb 02, 2014 1:05:56 PM kodkod.multiobjective.MetricPoint parametrizedImprovementConstraints
FINE: Possible Improvements are conjunction of 
	(sum(this/SearchAndRescueFM.total_RampUpTime) <= 46)
	(sum(this/SearchAndRescueFM.total_cost) <= 590)
	((sum(this/SearchAndRescueFM.total_RampUpTime) < 46) || (sum(this/SearchAndRescueFM.total_cost) < 590))
Feb 02, 2014 1:05:56 PM kodkod.multiobjective.algorithms.CheckpointedGuidedImprovementAlgorithm multiObjectiveSolveImpl
FINE: Found a solution. At time: 0, Improving on [45, 590]
Feb 02, 2014 1:05:56 PM kodkod.multiobjective.MetricPoint parametrizedImprovementConstraints
FINE: Possible Improvements are conjunction of 
	(sum(this/SearchAndRescueFM.total_RampUpTime) <= 45)
	(sum(this/SearchAndRescueFM.total_cost) <= 590)
	((sum(this/SearchAndRescueFM.total_RampUpTime) < 45) || (sum(this/SearchAndRescueFM.total_cost) < 590))
Feb 02, 2014 1:05:56 PM kodkod.multiobjective.algorithms.MultiObjectiveAlgorithm foundParetoPoint
FINE: Found Pareto point with values: [45, 590]
Feb 02, 2014 1:05:56 PM kodkod.multiobjective.algorithms.CheckpointedGuidedImprovementAlgorithm multiObjectiveSolveImpl
FINE: Found Pareto point with values: [45, 590]
Feb 02, 2014 1:05:56 PM kodkod.multiobjective.algorithms.CheckpointedGuidedImprovementAlgorithm multiObjectiveSolveImpl
FINE: Found a solution. At time: 0, Improving on [44, 670]
Feb 02, 2014 1:05:56 PM kodkod.multiobjective.MetricPoint parametrizedImprovementConstraints
FINE: Possible Improvements are conjunction of 
	(sum(this/SearchAndRescueFM.total_RampUpTime) <= 44)
	(sum(this/SearchAndRescueFM.total_cost) <= 670)
	((sum(this/SearchAndRescueFM.total_RampUpTime) < 44) || (sum(this/SearchAndRescueFM.total_cost) < 670))
Feb 02, 2014 1:05:56 PM kodkod.multiobjective.algorithms.CheckpointedGuidedImprovementAlgorithm multiObjectiveSolveImpl
FINE: Found a solution. At time: 0, Improving on [43, 670]
Feb 02, 2014 1:05:56 PM kodkod.multiobjective.MetricPoint parametrizedImprovementConstraints
FINE: Possible Improvements are conjunction of 
	(sum(this/SearchAndRescueFM.total_RampUpTime) <= 43)
	(sum(this/SearchAndRescueFM.total_cost) <= 670)
	((sum(this/SearchAndRescueFM.total_RampUpTime) < 43) || (sum(this/SearchAndRescueFM.total_cost) < 670))
Feb 02, 2014 1:05:56 PM kodkod.multiobjective.algorithms.MultiObjectiveAlgorithm foundParetoPoint
FINE: Found Pareto point with values: [43, 670]
Feb 02, 2014 1:05:56 PM kodkod.multiobjective.algorithms.CheckpointedGuidedImprovementAlgorithm multiObjectiveSolveImpl
FINE: Found Pareto point with values: [43, 670]
Feb 02, 2014 1:05:56 PM kodkod.multiobjective.algorithms.MultiObjectiveAlgorithm debugWriteStatistics
FINE: Solver statistics:
	# Sat Call: 11
	# Unsat Call: 3
	# Total Time in Sat Calls: 494
	# Total Time in Sat Calls Solving: 9
	# Total Time in Sat Calls Translating: 485
	# Total Time in Unsat Calls: 24
	# Total Time in Unsat Calls Solving: 1
	# Total Time in Unsat Calls Translating: 23
	# Magnifier Sat Call: 0
	# Magnifier Unsat Call: 0
	# Total Time in Magnifier: 0
