Feb 01, 2014 4:38:14 AM kodkod.multiobjective.algorithms.IncrementalGuidedImprovementAlgorithm multiObjectiveSolveImpl
FINE: Found a solution. At time: 3, Improving on [796]
Feb 01, 2014 4:38:14 AM kodkod.multiobjective.MetricPoint parametrizedImprovementConstraints
FINE: Possible Improvements are conjunction of 
	(sum(this/ZipMeSPL.totalFootprint) <= 796)
	(sum(this/ZipMeSPL.totalFootprint) < 796)
Feb 01, 2014 4:38:14 AM kodkod.multiobjective.algorithms.MultiObjectiveAlgorithm foundParetoPoint
FINE: Found Pareto point with values: [796]
Feb 01, 2014 4:38:17 AM kodkod.multiobjective.algorithms.IncrementalGuidedImprovementAlgorithm multiObjectiveSolveImpl
FINE: All Pareto points found. At time: 6
Feb 01, 2014 4:38:17 AM kodkod.multiobjective.algorithms.MultiObjectiveAlgorithm debugWriteStatistics
FINE: Solver statistics:
	# Sat Call: 1
	# Unsat Call: 2
	# Total Time in Sat Calls: 3043
	# Total Time in Sat Calls Solving: 77
	# Total Time in Sat Calls Translating: 2966
	# Total Time in Unsat Calls: 2732
	# Total Time in Unsat Calls Solving: 83
	# Total Time in Unsat Calls Translating: 2649
	# Magnifier Sat Call: 0
	# Magnifier Unsat Call: 0
	# Total Time in Magnifier: 0
