Feb 02, 2014 12:39:32 AM kodkod.multiobjective.algorithms.CheckpointedGuidedImprovementAlgorithm multiObjectiveSolveImpl
FINE: Found a solution. At time: 5, Improving on [1101]
Feb 02, 2014 12:39:32 AM kodkod.multiobjective.MetricPoint parametrizedImprovementConstraints
FINE: Possible Improvements are conjunction of 
	(sum(this/BerkeleyDbC.totalFootprint) <= 1101)
	(sum(this/BerkeleyDbC.totalFootprint) < 1101)
Feb 02, 2014 12:39:33 AM kodkod.multiobjective.algorithms.MultiObjectiveAlgorithm foundParetoPoint
FINE: Found Pareto point with values: [1101]
Feb 02, 2014 12:39:33 AM kodkod.multiobjective.algorithms.CheckpointedGuidedImprovementAlgorithm multiObjectiveSolveImpl
FINE: Found Pareto point with values: [1101]
Feb 02, 2014 12:39:35 AM kodkod.multiobjective.algorithms.MultiObjectiveAlgorithm debugWriteStatistics
FINE: Solver statistics:
	# Sat Call: 1
	# Unsat Call: 2
	# Total Time in Sat Calls: 5184
	# Total Time in Sat Calls Solving: 11
	# Total Time in Sat Calls Translating: 5173
	# Total Time in Unsat Calls: 2951
	# Total Time in Unsat Calls Solving: 5
	# Total Time in Unsat Calls Translating: 2946
	# Magnifier Sat Call: 0
	# Magnifier Unsat Call: 0
	# Total Time in Magnifier: 0
