Feb 01, 2014 10:05:45 PM kodkod.multiobjective.algorithms.CheckpointedGuidedImprovementAlgorithm multiObjectiveSolveImpl
FINE: Found a solution. At time: 55, Improving on [793]
Feb 01, 2014 10:05:45 PM kodkod.multiobjective.MetricPoint parametrizedImprovementConstraints
FINE: Possible Improvements are conjunction of 
	(sum(this/Sqlite.totalFootprint) <= 793)
	(sum(this/Sqlite.totalFootprint) < 793)
Feb 01, 2014 10:05:46 PM kodkod.multiobjective.algorithms.CheckpointedGuidedImprovementAlgorithm multiObjectiveSolveImpl
FINE: Found a solution. At time: 56, Improving on [792]
Feb 01, 2014 10:05:46 PM kodkod.multiobjective.MetricPoint parametrizedImprovementConstraints
FINE: Possible Improvements are conjunction of 
	(sum(this/Sqlite.totalFootprint) <= 792)
	(sum(this/Sqlite.totalFootprint) < 792)
Feb 01, 2014 10:05:47 PM kodkod.multiobjective.algorithms.CheckpointedGuidedImprovementAlgorithm multiObjectiveSolveImpl
FINE: Found a solution. At time: 57, Improving on [772]
Feb 01, 2014 10:05:47 PM kodkod.multiobjective.MetricPoint parametrizedImprovementConstraints
FINE: Possible Improvements are conjunction of 
	(sum(this/Sqlite.totalFootprint) <= 772)
	(sum(this/Sqlite.totalFootprint) < 772)
Feb 01, 2014 10:05:48 PM kodkod.multiobjective.algorithms.CheckpointedGuidedImprovementAlgorithm multiObjectiveSolveImpl
FINE: Found a solution. At time: 57, Improving on [759]
Feb 01, 2014 10:05:48 PM kodkod.multiobjective.MetricPoint parametrizedImprovementConstraints
FINE: Possible Improvements are conjunction of 
	(sum(this/Sqlite.totalFootprint) <= 759)
	(sum(this/Sqlite.totalFootprint) < 759)
Feb 01, 2014 10:05:53 PM kodkod.multiobjective.algorithms.CheckpointedGuidedImprovementAlgorithm multiObjectiveSolveImpl
FINE: Found a solution. At time: 62, Improving on [757]
Feb 01, 2014 10:05:53 PM kodkod.multiobjective.MetricPoint parametrizedImprovementConstraints
FINE: Possible Improvements are conjunction of 
	(sum(this/Sqlite.totalFootprint) <= 757)
	(sum(this/Sqlite.totalFootprint) < 757)
Feb 01, 2014 10:05:53 PM kodkod.multiobjective.algorithms.CheckpointedGuidedImprovementAlgorithm multiObjectiveSolveImpl
FINE: Found a solution. At time: 63, Improving on [756]
Feb 01, 2014 10:05:53 PM kodkod.multiobjective.MetricPoint parametrizedImprovementConstraints
FINE: Possible Improvements are conjunction of 
	(sum(this/Sqlite.totalFootprint) <= 756)
	(sum(this/Sqlite.totalFootprint) < 756)
Feb 01, 2014 10:05:54 PM kodkod.multiobjective.algorithms.CheckpointedGuidedImprovementAlgorithm multiObjectiveSolveImpl
FINE: Found a solution. At time: 64, Improving on [755]
Feb 01, 2014 10:05:54 PM kodkod.multiobjective.MetricPoint parametrizedImprovementConstraints
FINE: Possible Improvements are conjunction of 
	(sum(this/Sqlite.totalFootprint) <= 755)
	(sum(this/Sqlite.totalFootprint) < 755)
Feb 01, 2014 10:05:56 PM kodkod.multiobjective.algorithms.MultiObjectiveAlgorithm foundParetoPoint
FINE: Found Pareto point with values: [755]
Feb 01, 2014 10:05:56 PM kodkod.multiobjective.algorithms.CheckpointedGuidedImprovementAlgorithm multiObjectiveSolveImpl
FINE: Found Pareto point with values: [755]
Feb 01, 2014 10:06:19 PM kodkod.multiobjective.algorithms.MultiObjectiveAlgorithm debugWriteStatistics
FINE: Solver statistics:
	# Sat Call: 7
	# Unsat Call: 2
	# Total Time in Sat Calls: 58318
	# Total Time in Sat Calls Solving: 7280
	# Total Time in Sat Calls Translating: 51038
	# Total Time in Unsat Calls: 5183
	# Total Time in Unsat Calls Solving: 4920
	# Total Time in Unsat Calls Translating: 263
	# Magnifier Sat Call: 0
	# Magnifier Unsat Call: 0
	# Total Time in Magnifier: 0
