Feb 01, 2014 4:18:57 AM kodkod.multiobjective.algorithms.IncrementalGuidedImprovementAlgorithm multiObjectiveSolveImpl
FINE: Found a solution. At time: 5, Improving on [907]
Feb 01, 2014 4:18:57 AM kodkod.multiobjective.MetricPoint parametrizedImprovementConstraints
FINE: Possible Improvements are conjunction of 
	(sum(this/Sqlite.totalFootprint) <= 907)
	(sum(this/Sqlite.totalFootprint) < 907)
Feb 01, 2014 4:19:04 AM kodkod.multiobjective.algorithms.IncrementalGuidedImprovementAlgorithm multiObjectiveSolveImpl
FINE: Found a solution. At time: 12, Improving on [898]
Feb 01, 2014 4:19:04 AM kodkod.multiobjective.MetricPoint parametrizedImprovementConstraints
FINE: Possible Improvements are conjunction of 
	(sum(this/Sqlite.totalFootprint) <= 898)
	(sum(this/Sqlite.totalFootprint) < 898)
Feb 01, 2014 4:19:06 AM kodkod.multiobjective.algorithms.IncrementalGuidedImprovementAlgorithm multiObjectiveSolveImpl
FINE: Found a solution. At time: 14, Improving on [891]
Feb 01, 2014 4:19:06 AM kodkod.multiobjective.MetricPoint parametrizedImprovementConstraints
FINE: Possible Improvements are conjunction of 
	(sum(this/Sqlite.totalFootprint) <= 891)
	(sum(this/Sqlite.totalFootprint) < 891)
Feb 01, 2014 4:19:08 AM kodkod.multiobjective.algorithms.IncrementalGuidedImprovementAlgorithm multiObjectiveSolveImpl
FINE: Found a solution. At time: 16, Improving on [879]
Feb 01, 2014 4:19:08 AM kodkod.multiobjective.MetricPoint parametrizedImprovementConstraints
FINE: Possible Improvements are conjunction of 
	(sum(this/Sqlite.totalFootprint) <= 879)
	(sum(this/Sqlite.totalFootprint) < 879)
Feb 01, 2014 4:19:09 AM kodkod.multiobjective.algorithms.IncrementalGuidedImprovementAlgorithm multiObjectiveSolveImpl
FINE: Found a solution. At time: 17, Improving on [877]
Feb 01, 2014 4:19:09 AM kodkod.multiobjective.MetricPoint parametrizedImprovementConstraints
FINE: Possible Improvements are conjunction of 
	(sum(this/Sqlite.totalFootprint) <= 877)
	(sum(this/Sqlite.totalFootprint) < 877)
Feb 01, 2014 4:19:11 AM kodkod.multiobjective.algorithms.IncrementalGuidedImprovementAlgorithm multiObjectiveSolveImpl
FINE: Found a solution. At time: 19, Improving on [876]
Feb 01, 2014 4:19:11 AM kodkod.multiobjective.MetricPoint parametrizedImprovementConstraints
FINE: Possible Improvements are conjunction of 
	(sum(this/Sqlite.totalFootprint) <= 876)
	(sum(this/Sqlite.totalFootprint) < 876)
Feb 01, 2014 4:19:12 AM kodkod.multiobjective.algorithms.IncrementalGuidedImprovementAlgorithm multiObjectiveSolveImpl
FINE: Found a solution. At time: 20, Improving on [875]
Feb 01, 2014 4:19:12 AM kodkod.multiobjective.MetricPoint parametrizedImprovementConstraints
FINE: Possible Improvements are conjunction of 
	(sum(this/Sqlite.totalFootprint) <= 875)
	(sum(this/Sqlite.totalFootprint) < 875)
Feb 01, 2014 4:19:14 AM kodkod.multiobjective.algorithms.IncrementalGuidedImprovementAlgorithm multiObjectiveSolveImpl
FINE: Found a solution. At time: 22, Improving on [873]
Feb 01, 2014 4:19:14 AM kodkod.multiobjective.MetricPoint parametrizedImprovementConstraints
FINE: Possible Improvements are conjunction of 
	(sum(this/Sqlite.totalFootprint) <= 873)
	(sum(this/Sqlite.totalFootprint) < 873)
Feb 01, 2014 4:19:15 AM kodkod.multiobjective.algorithms.IncrementalGuidedImprovementAlgorithm multiObjectiveSolveImpl
FINE: Found a solution. At time: 24, Improving on [852]
Feb 01, 2014 4:19:15 AM kodkod.multiobjective.MetricPoint parametrizedImprovementConstraints
FINE: Possible Improvements are conjunction of 
	(sum(this/Sqlite.totalFootprint) <= 852)
	(sum(this/Sqlite.totalFootprint) < 852)
Feb 01, 2014 4:19:17 AM kodkod.multiobjective.algorithms.IncrementalGuidedImprovementAlgorithm multiObjectiveSolveImpl
FINE: Found a solution. At time: 25, Improving on [850]
Feb 01, 2014 4:19:17 AM kodkod.multiobjective.MetricPoint parametrizedImprovementConstraints
FINE: Possible Improvements are conjunction of 
	(sum(this/Sqlite.totalFootprint) <= 850)
	(sum(this/Sqlite.totalFootprint) < 850)
Feb 01, 2014 4:19:18 AM kodkod.multiobjective.algorithms.IncrementalGuidedImprovementAlgorithm multiObjectiveSolveImpl
FINE: Found a solution. At time: 26, Improving on [849]
Feb 01, 2014 4:19:18 AM kodkod.multiobjective.MetricPoint parametrizedImprovementConstraints
FINE: Possible Improvements are conjunction of 
	(sum(this/Sqlite.totalFootprint) <= 849)
	(sum(this/Sqlite.totalFootprint) < 849)
Feb 01, 2014 4:19:20 AM kodkod.multiobjective.algorithms.IncrementalGuidedImprovementAlgorithm multiObjectiveSolveImpl
FINE: Found a solution. At time: 28, Improving on [848]
Feb 01, 2014 4:19:20 AM kodkod.multiobjective.MetricPoint parametrizedImprovementConstraints
FINE: Possible Improvements are conjunction of 
	(sum(this/Sqlite.totalFootprint) <= 848)
	(sum(this/Sqlite.totalFootprint) < 848)
Feb 01, 2014 4:19:21 AM kodkod.multiobjective.algorithms.IncrementalGuidedImprovementAlgorithm multiObjectiveSolveImpl
FINE: Found a solution. At time: 29, Improving on [837]
Feb 01, 2014 4:19:21 AM kodkod.multiobjective.MetricPoint parametrizedImprovementConstraints
FINE: Possible Improvements are conjunction of 
	(sum(this/Sqlite.totalFootprint) <= 837)
	(sum(this/Sqlite.totalFootprint) < 837)
Feb 01, 2014 4:19:23 AM kodkod.multiobjective.algorithms.IncrementalGuidedImprovementAlgorithm multiObjectiveSolveImpl
FINE: Found a solution. At time: 31, Improving on [836]
Feb 01, 2014 4:19:23 AM kodkod.multiobjective.MetricPoint parametrizedImprovementConstraints
FINE: Possible Improvements are conjunction of 
	(sum(this/Sqlite.totalFootprint) <= 836)
	(sum(this/Sqlite.totalFootprint) < 836)
Feb 01, 2014 4:19:24 AM kodkod.multiobjective.algorithms.IncrementalGuidedImprovementAlgorithm multiObjectiveSolveImpl
FINE: Found a solution. At time: 32, Improving on [834]
Feb 01, 2014 4:19:24 AM kodkod.multiobjective.MetricPoint parametrizedImprovementConstraints
FINE: Possible Improvements are conjunction of 
	(sum(this/Sqlite.totalFootprint) <= 834)
	(sum(this/Sqlite.totalFootprint) < 834)
Feb 01, 2014 4:19:26 AM kodkod.multiobjective.algorithms.IncrementalGuidedImprovementAlgorithm multiObjectiveSolveImpl
FINE: Found a solution. At time: 34, Improving on [832]
Feb 01, 2014 4:19:26 AM kodkod.multiobjective.MetricPoint parametrizedImprovementConstraints
FINE: Possible Improvements are conjunction of 
	(sum(this/Sqlite.totalFootprint) <= 832)
	(sum(this/Sqlite.totalFootprint) < 832)
Feb 01, 2014 4:19:27 AM kodkod.multiobjective.algorithms.IncrementalGuidedImprovementAlgorithm multiObjectiveSolveImpl
FINE: Found a solution. At time: 35, Improving on [831]
Feb 01, 2014 4:19:27 AM kodkod.multiobjective.MetricPoint parametrizedImprovementConstraints
FINE: Possible Improvements are conjunction of 
	(sum(this/Sqlite.totalFootprint) <= 831)
	(sum(this/Sqlite.totalFootprint) < 831)
Feb 01, 2014 4:19:29 AM kodkod.multiobjective.algorithms.IncrementalGuidedImprovementAlgorithm multiObjectiveSolveImpl
FINE: Found a solution. At time: 37, Improving on [824]
Feb 01, 2014 4:19:29 AM kodkod.multiobjective.MetricPoint parametrizedImprovementConstraints
FINE: Possible Improvements are conjunction of 
	(sum(this/Sqlite.totalFootprint) <= 824)
	(sum(this/Sqlite.totalFootprint) < 824)
Feb 01, 2014 4:19:30 AM kodkod.multiobjective.algorithms.IncrementalGuidedImprovementAlgorithm multiObjectiveSolveImpl
FINE: Found a solution. At time: 38, Improving on [818]
Feb 01, 2014 4:19:30 AM kodkod.multiobjective.MetricPoint parametrizedImprovementConstraints
FINE: Possible Improvements are conjunction of 
	(sum(this/Sqlite.totalFootprint) <= 818)
	(sum(this/Sqlite.totalFootprint) < 818)
Feb 01, 2014 4:19:31 AM kodkod.multiobjective.algorithms.IncrementalGuidedImprovementAlgorithm multiObjectiveSolveImpl
FINE: Found a solution. At time: 40, Improving on [817]
Feb 01, 2014 4:19:31 AM kodkod.multiobjective.MetricPoint parametrizedImprovementConstraints
FINE: Possible Improvements are conjunction of 
	(sum(this/Sqlite.totalFootprint) <= 817)
	(sum(this/Sqlite.totalFootprint) < 817)
Feb 01, 2014 4:19:33 AM kodkod.multiobjective.algorithms.IncrementalGuidedImprovementAlgorithm multiObjectiveSolveImpl
FINE: Found a solution. At time: 41, Improving on [816]
Feb 01, 2014 4:19:33 AM kodkod.multiobjective.MetricPoint parametrizedImprovementConstraints
FINE: Possible Improvements are conjunction of 
	(sum(this/Sqlite.totalFootprint) <= 816)
	(sum(this/Sqlite.totalFootprint) < 816)
Feb 01, 2014 4:19:34 AM kodkod.multiobjective.algorithms.IncrementalGuidedImprovementAlgorithm multiObjectiveSolveImpl
FINE: Found a solution. At time: 42, Improving on [815]
Feb 01, 2014 4:19:34 AM kodkod.multiobjective.MetricPoint parametrizedImprovementConstraints
FINE: Possible Improvements are conjunction of 
	(sum(this/Sqlite.totalFootprint) <= 815)
	(sum(this/Sqlite.totalFootprint) < 815)
Feb 01, 2014 4:19:36 AM kodkod.multiobjective.algorithms.IncrementalGuidedImprovementAlgorithm multiObjectiveSolveImpl
FINE: Found a solution. At time: 44, Improving on [814]
Feb 01, 2014 4:19:36 AM kodkod.multiobjective.MetricPoint parametrizedImprovementConstraints
FINE: Possible Improvements are conjunction of 
	(sum(this/Sqlite.totalFootprint) <= 814)
	(sum(this/Sqlite.totalFootprint) < 814)
Feb 01, 2014 4:19:37 AM kodkod.multiobjective.algorithms.IncrementalGuidedImprovementAlgorithm multiObjectiveSolveImpl
FINE: Found a solution. At time: 46, Improving on [812]
Feb 01, 2014 4:19:37 AM kodkod.multiobjective.MetricPoint parametrizedImprovementConstraints
FINE: Possible Improvements are conjunction of 
	(sum(this/Sqlite.totalFootprint) <= 812)
	(sum(this/Sqlite.totalFootprint) < 812)
Feb 01, 2014 4:19:39 AM kodkod.multiobjective.algorithms.IncrementalGuidedImprovementAlgorithm multiObjectiveSolveImpl
FINE: Found a solution. At time: 47, Improving on [811]
Feb 01, 2014 4:19:39 AM kodkod.multiobjective.MetricPoint parametrizedImprovementConstraints
FINE: Possible Improvements are conjunction of 
	(sum(this/Sqlite.totalFootprint) <= 811)
	(sum(this/Sqlite.totalFootprint) < 811)
Feb 01, 2014 4:19:41 AM kodkod.multiobjective.algorithms.IncrementalGuidedImprovementAlgorithm multiObjectiveSolveImpl
FINE: Found a solution. At time: 49, Improving on [810]
Feb 01, 2014 4:19:41 AM kodkod.multiobjective.MetricPoint parametrizedImprovementConstraints
FINE: Possible Improvements are conjunction of 
	(sum(this/Sqlite.totalFootprint) <= 810)
	(sum(this/Sqlite.totalFootprint) < 810)
Feb 01, 2014 4:19:42 AM kodkod.multiobjective.algorithms.MultiObjectiveAlgorithm foundParetoPoint
FINE: Found Pareto point with values: [810]
Feb 01, 2014 4:19:59 AM kodkod.multiobjective.algorithms.IncrementalGuidedImprovementAlgorithm multiObjectiveSolveImpl
FINE: All Pareto points found. At time: 67
Feb 01, 2014 4:19:59 AM kodkod.multiobjective.algorithms.MultiObjectiveAlgorithm debugWriteStatistics
FINE: Solver statistics:
	# Sat Call: 26
	# Unsat Call: 2
	# Total Time in Sat Calls: 46204
	# Total Time in Sat Calls Solving: 1080
	# Total Time in Sat Calls Translating: 45124
	# Total Time in Unsat Calls: 15302
	# Total Time in Unsat Calls Solving: 793
	# Total Time in Unsat Calls Translating: 14509
	# Magnifier Sat Call: 0
	# Magnifier Unsat Call: 0
	# Total Time in Magnifier: 0
