Feb 02, 2014 12:12:26 AM kodkod.multiobjective.algorithms.CheckpointedGuidedImprovementAlgorithm multiObjectiveSolveImpl
FINE: Found a solution. At time: 1, Improving on [128]
Feb 02, 2014 12:12:26 AM kodkod.multiobjective.MetricPoint parametrizedImprovementConstraints
FINE: Possible Improvements are conjunction of 
	(sum(this/Apache.totalPerformance) >= 128)
	(sum(this/Apache.totalPerformance) > 128)
Feb 02, 2014 12:12:26 AM kodkod.multiobjective.algorithms.CheckpointedGuidedImprovementAlgorithm multiObjectiveSolveImpl
FINE: Found a solution. At time: 1, Improving on [143]
Feb 02, 2014 12:12:26 AM kodkod.multiobjective.MetricPoint parametrizedImprovementConstraints
FINE: Possible Improvements are conjunction of 
	(sum(this/Apache.totalPerformance) >= 143)
	(sum(this/Apache.totalPerformance) > 143)
Feb 02, 2014 12:12:26 AM kodkod.multiobjective.algorithms.MultiObjectiveAlgorithm foundParetoPoint
FINE: Found Pareto point with values: [143]
Feb 02, 2014 12:12:26 AM kodkod.multiobjective.algorithms.CheckpointedGuidedImprovementAlgorithm multiObjectiveSolveImpl
FINE: Found Pareto point with values: [143]
Feb 02, 2014 12:12:27 AM kodkod.multiobjective.algorithms.MultiObjectiveAlgorithm debugWriteStatistics
FINE: Solver statistics:
	# Sat Call: 2
	# Unsat Call: 2
	# Total Time in Sat Calls: 1342
	# Total Time in Sat Calls Solving: 4
	# Total Time in Sat Calls Translating: 1338
	# Total Time in Unsat Calls: 384
	# Total Time in Unsat Calls Solving: 2
	# Total Time in Unsat Calls Translating: 382
	# Magnifier Sat Call: 0
	# Magnifier Unsat Call: 0
	# Total Time in Magnifier: 0
