Feb 01, 2014 9:11:33 PM kodkod.multiobjective.algorithms.CheckpointedGuidedImprovementAlgorithm multiObjectiveSolveImpl
FINE: Found a solution. At time: 1, Improving on [248]
Feb 01, 2014 9:11:33 PM kodkod.multiobjective.MetricPoint parametrizedImprovementConstraints
FINE: Possible Improvements are conjunction of 
	(sum(this/Apache.totalPerformance) >= 248)
	(sum(this/Apache.totalPerformance) > 248)
Feb 01, 2014 9:11:33 PM kodkod.multiobjective.algorithms.MultiObjectiveAlgorithm foundParetoPoint
FINE: Found Pareto point with values: [248]
Feb 01, 2014 9:11:33 PM kodkod.multiobjective.algorithms.CheckpointedGuidedImprovementAlgorithm multiObjectiveSolveImpl
FINE: Found Pareto point with values: [248]
Feb 01, 2014 9:11:33 PM kodkod.multiobjective.algorithms.MultiObjectiveAlgorithm debugWriteStatistics
FINE: Solver statistics:
	# Sat Call: 1
	# Unsat Call: 2
	# Total Time in Sat Calls: 1533
	# Total Time in Sat Calls Solving: 35
	# Total Time in Sat Calls Translating: 1498
	# Total Time in Unsat Calls: 111
	# Total Time in Unsat Calls Solving: 25
	# Total Time in Unsat Calls Translating: 86
	# Magnifier Sat Call: 0
	# Magnifier Unsat Call: 0
	# Total Time in Magnifier: 0
