Feb 01, 2014 4:16:58 AM kodkod.multiobjective.algorithms.IncrementalGuidedImprovementAlgorithm multiObjectiveSolveImpl
FINE: Found a solution. At time: 0, Improving on [962]
Feb 01, 2014 4:16:58 AM kodkod.multiobjective.MetricPoint parametrizedImprovementConstraints
FINE: Possible Improvements are conjunction of 
	(sum(this/BerkeleyDbC.totalFootprint) <= 962)
	(sum(this/BerkeleyDbC.totalFootprint) < 962)
Feb 01, 2014 4:16:58 AM kodkod.multiobjective.algorithms.MultiObjectiveAlgorithm foundParetoPoint
FINE: Found Pareto point with values: [962]
Feb 01, 2014 4:16:58 AM kodkod.multiobjective.algorithms.IncrementalGuidedImprovementAlgorithm multiObjectiveSolveImpl
FINE: All Pareto points found. At time: 1
Feb 01, 2014 4:16:58 AM kodkod.multiobjective.algorithms.MultiObjectiveAlgorithm debugWriteStatistics
FINE: Solver statistics:
	# Sat Call: 1
	# Unsat Call: 2
	# Total Time in Sat Calls: 337
	# Total Time in Sat Calls Solving: 1
	# Total Time in Sat Calls Translating: 336
	# Total Time in Unsat Calls: 503
	# Total Time in Unsat Calls Solving: 9
	# Total Time in Unsat Calls Translating: 494
	# Magnifier Sat Call: 0
	# Magnifier Unsat Call: 0
	# Total Time in Magnifier: 0
