Feb 01, 2014 9:35:18 PM kodkod.multiobjective.algorithms.CheckpointedGuidedImprovementAlgorithm multiObjectiveSolveImpl
FINE: Found a solution. At time: 3, Improving on [762]
Feb 01, 2014 9:35:18 PM kodkod.multiobjective.MetricPoint parametrizedImprovementConstraints
FINE: Possible Improvements are conjunction of 
	(sum(this/PKJab.totalFootprint) <= 762)
	(sum(this/PKJab.totalFootprint) < 762)
Feb 01, 2014 9:35:18 PM kodkod.multiobjective.algorithms.MultiObjectiveAlgorithm foundParetoPoint
FINE: Found Pareto point with values: [762]
Feb 01, 2014 9:35:18 PM kodkod.multiobjective.algorithms.CheckpointedGuidedImprovementAlgorithm multiObjectiveSolveImpl
FINE: Found Pareto point with values: [762]
Feb 01, 2014 9:35:19 PM kodkod.multiobjective.algorithms.MultiObjectiveAlgorithm debugWriteStatistics
FINE: Solver statistics:
	# Sat Call: 1
	# Unsat Call: 2
	# Total Time in Sat Calls: 3695
	# Total Time in Sat Calls Solving: 100
	# Total Time in Sat Calls Translating: 3595
	# Total Time in Unsat Calls: 199
	# Total Time in Unsat Calls Solving: 30
	# Total Time in Unsat Calls Translating: 169
	# Magnifier Sat Call: 0
	# Magnifier Unsat Call: 0
	# Total Time in Magnifier: 0
