Feb 01, 2014 8:36:15 PM kodkod.multiobjective.algorithms.IncrementalGuidedImprovementAlgorithm multiObjectiveSolveImpl
FINE: Found a solution. At time: 0, Improving on [1147]
Feb 01, 2014 8:36:15 PM kodkod.multiobjective.MetricPoint parametrizedImprovementConstraints
FINE: Possible Improvements are conjunction of 
	(sum(this/BerkeleyDbC.totalFootprint) <= 1147)
	(sum(this/BerkeleyDbC.totalFootprint) < 1147)
Feb 01, 2014 8:36:15 PM kodkod.multiobjective.algorithms.IncrementalGuidedImprovementAlgorithm multiObjectiveSolveImpl
FINE: Found a solution. At time: 0, Improving on [1112]
Feb 01, 2014 8:36:15 PM kodkod.multiobjective.MetricPoint parametrizedImprovementConstraints
FINE: Possible Improvements are conjunction of 
	(sum(this/BerkeleyDbC.totalFootprint) <= 1112)
	(sum(this/BerkeleyDbC.totalFootprint) < 1112)
Feb 01, 2014 8:36:15 PM kodkod.multiobjective.algorithms.IncrementalGuidedImprovementAlgorithm multiObjectiveSolveImpl
FINE: Found a solution. At time: 0, Improving on [1084]
Feb 01, 2014 8:36:15 PM kodkod.multiobjective.MetricPoint parametrizedImprovementConstraints
FINE: Possible Improvements are conjunction of 
	(sum(this/BerkeleyDbC.totalFootprint) <= 1084)
	(sum(this/BerkeleyDbC.totalFootprint) < 1084)
Feb 01, 2014 8:36:15 PM kodkod.multiobjective.algorithms.IncrementalGuidedImprovementAlgorithm multiObjectiveSolveImpl
FINE: Found a solution. At time: 0, Improving on [1030]
Feb 01, 2014 8:36:15 PM kodkod.multiobjective.MetricPoint parametrizedImprovementConstraints
FINE: Possible Improvements are conjunction of 
	(sum(this/BerkeleyDbC.totalFootprint) <= 1030)
	(sum(this/BerkeleyDbC.totalFootprint) < 1030)
Feb 01, 2014 8:36:16 PM kodkod.multiobjective.algorithms.MultiObjectiveAlgorithm foundParetoPoint
FINE: Found Pareto point with values: [1030]
Feb 01, 2014 8:36:16 PM kodkod.multiobjective.algorithms.IncrementalGuidedImprovementAlgorithm multiObjectiveSolveImpl
FINE: All Pareto points found. At time: 1
Feb 01, 2014 8:36:16 PM kodkod.multiobjective.algorithms.MultiObjectiveAlgorithm debugWriteStatistics
FINE: Solver statistics:
	# Sat Call: 4
	# Unsat Call: 2
	# Total Time in Sat Calls: 609
	# Total Time in Sat Calls Solving: 14
	# Total Time in Sat Calls Translating: 595
	# Total Time in Unsat Calls: 299
	# Total Time in Unsat Calls Solving: 47
	# Total Time in Unsat Calls Translating: 252
	# Magnifier Sat Call: 0
	# Magnifier Unsat Call: 0
	# Total Time in Magnifier: 0
