Feb 02, 2014 12:18:23 AM kodkod.multiobjective.algorithms.CheckpointedGuidedImprovementAlgorithm multiObjectiveSolveImpl
FINE: Found a solution. At time: 42, Improving on [1, 493, 575]
Feb 02, 2014 12:18:23 AM kodkod.multiobjective.MetricPoint parametrizedImprovementConstraints
FINE: Possible Improvements are conjunction of 
	(sum(this/BerkeleyDbC.totalReliability) >= 1)
	(sum(this/BerkeleyDbC.totalFootprint) <= 493)
	(sum(this/BerkeleyDbC.totalPrice) <= 575)
	((sum(this/BerkeleyDbC.totalReliability) > 1) || (sum(this/BerkeleyDbC.totalFootprint) < 493) || (sum(this/BerkeleyDbC.totalPrice) < 575))
Feb 02, 2014 12:18:44 AM kodkod.multiobjective.algorithms.MultiObjectiveAlgorithm foundParetoPoint
FINE: Found Pareto point with values: [1, 493, 575]
Feb 02, 2014 12:18:44 AM kodkod.multiobjective.algorithms.CheckpointedGuidedImprovementAlgorithm multiObjectiveSolveImpl
FINE: Found Pareto point with values: [1, 493, 575]
Feb 02, 2014 12:18:58 AM kodkod.multiobjective.algorithms.MultiObjectiveAlgorithm debugWriteStatistics
FINE: Solver statistics:
	# Sat Call: 1
	# Unsat Call: 2
	# Total Time in Sat Calls: 41840
	# Total Time in Sat Calls Solving: 81
	# Total Time in Sat Calls Translating: 41759
	# Total Time in Unsat Calls: 31854
	# Total Time in Unsat Calls Solving: 48
	# Total Time in Unsat Calls Translating: 31806
	# Magnifier Sat Call: 0
	# Magnifier Unsat Call: 0
	# Total Time in Magnifier: 0
