Feb 01, 2014 9:35:13 PM kodkod.multiobjective.algorithms.CheckpointedGuidedImprovementAlgorithm multiObjectiveSolveImpl
FINE: Found a solution. At time: 3, Improving on [741]
Feb 01, 2014 9:35:14 PM kodkod.multiobjective.MetricPoint parametrizedImprovementConstraints
FINE: Possible Improvements are conjunction of 
	(sum(this/PKJab.totalFootprint) <= 741)
	(sum(this/PKJab.totalFootprint) < 741)
Feb 01, 2014 9:35:14 PM kodkod.multiobjective.algorithms.MultiObjectiveAlgorithm foundParetoPoint
FINE: Found Pareto point with values: [741]
Feb 01, 2014 9:35:14 PM kodkod.multiobjective.algorithms.CheckpointedGuidedImprovementAlgorithm multiObjectiveSolveImpl
FINE: Found Pareto point with values: [741]
Feb 01, 2014 9:35:14 PM kodkod.multiobjective.algorithms.MultiObjectiveAlgorithm debugWriteStatistics
FINE: Solver statistics:
	# Sat Call: 1
	# Unsat Call: 2
	# Total Time in Sat Calls: 3603
	# Total Time in Sat Calls Solving: 96
	# Total Time in Sat Calls Translating: 3507
	# Total Time in Unsat Calls: 163
	# Total Time in Unsat Calls Solving: 6
	# Total Time in Unsat Calls Translating: 157
	# Magnifier Sat Call: 0
	# Magnifier Unsat Call: 0
	# Total Time in Magnifier: 0
