Feb 01, 2014 9:51:20 PM kodkod.multiobjective.algorithms.CheckpointedGuidedImprovementAlgorithm multiObjectiveSolveImpl
FINE: Found a solution. At time: 56, Improving on [843]
Feb 01, 2014 9:51:20 PM kodkod.multiobjective.MetricPoint parametrizedImprovementConstraints
FINE: Possible Improvements are conjunction of 
	(sum(this/Sqlite.totalFootprint) <= 843)
	(sum(this/Sqlite.totalFootprint) < 843)
Feb 01, 2014 9:51:21 PM kodkod.multiobjective.algorithms.CheckpointedGuidedImprovementAlgorithm multiObjectiveSolveImpl
FINE: Found a solution. At time: 57, Improving on [841]
Feb 01, 2014 9:51:21 PM kodkod.multiobjective.MetricPoint parametrizedImprovementConstraints
FINE: Possible Improvements are conjunction of 
	(sum(this/Sqlite.totalFootprint) <= 841)
	(sum(this/Sqlite.totalFootprint) < 841)
Feb 01, 2014 9:51:22 PM kodkod.multiobjective.algorithms.CheckpointedGuidedImprovementAlgorithm multiObjectiveSolveImpl
FINE: Found a solution. At time: 58, Improving on [835]
Feb 01, 2014 9:51:22 PM kodkod.multiobjective.MetricPoint parametrizedImprovementConstraints
FINE: Possible Improvements are conjunction of 
	(sum(this/Sqlite.totalFootprint) <= 835)
	(sum(this/Sqlite.totalFootprint) < 835)
Feb 01, 2014 9:51:23 PM kodkod.multiobjective.algorithms.CheckpointedGuidedImprovementAlgorithm multiObjectiveSolveImpl
FINE: Found a solution. At time: 59, Improving on [834]
Feb 01, 2014 9:51:23 PM kodkod.multiobjective.MetricPoint parametrizedImprovementConstraints
FINE: Possible Improvements are conjunction of 
	(sum(this/Sqlite.totalFootprint) <= 834)
	(sum(this/Sqlite.totalFootprint) < 834)
Feb 01, 2014 9:51:24 PM kodkod.multiobjective.algorithms.CheckpointedGuidedImprovementAlgorithm multiObjectiveSolveImpl
FINE: Found a solution. At time: 60, Improving on [832]
Feb 01, 2014 9:51:24 PM kodkod.multiobjective.MetricPoint parametrizedImprovementConstraints
FINE: Possible Improvements are conjunction of 
	(sum(this/Sqlite.totalFootprint) <= 832)
	(sum(this/Sqlite.totalFootprint) < 832)
Feb 01, 2014 9:51:25 PM kodkod.multiobjective.algorithms.CheckpointedGuidedImprovementAlgorithm multiObjectiveSolveImpl
FINE: Found a solution. At time: 61, Improving on [814]
Feb 01, 2014 9:51:25 PM kodkod.multiobjective.MetricPoint parametrizedImprovementConstraints
FINE: Possible Improvements are conjunction of 
	(sum(this/Sqlite.totalFootprint) <= 814)
	(sum(this/Sqlite.totalFootprint) < 814)
Feb 01, 2014 9:51:25 PM kodkod.multiobjective.algorithms.CheckpointedGuidedImprovementAlgorithm multiObjectiveSolveImpl
FINE: Found a solution. At time: 61, Improving on [812]
Feb 01, 2014 9:51:25 PM kodkod.multiobjective.MetricPoint parametrizedImprovementConstraints
FINE: Possible Improvements are conjunction of 
	(sum(this/Sqlite.totalFootprint) <= 812)
	(sum(this/Sqlite.totalFootprint) < 812)
Feb 01, 2014 9:51:26 PM kodkod.multiobjective.algorithms.CheckpointedGuidedImprovementAlgorithm multiObjectiveSolveImpl
FINE: Found a solution. At time: 62, Improving on [804]
Feb 01, 2014 9:51:26 PM kodkod.multiobjective.MetricPoint parametrizedImprovementConstraints
FINE: Possible Improvements are conjunction of 
	(sum(this/Sqlite.totalFootprint) <= 804)
	(sum(this/Sqlite.totalFootprint) < 804)
Feb 01, 2014 9:51:28 PM kodkod.multiobjective.algorithms.CheckpointedGuidedImprovementAlgorithm multiObjectiveSolveImpl
FINE: Found a solution. At time: 64, Improving on [800]
Feb 01, 2014 9:51:28 PM kodkod.multiobjective.MetricPoint parametrizedImprovementConstraints
FINE: Possible Improvements are conjunction of 
	(sum(this/Sqlite.totalFootprint) <= 800)
	(sum(this/Sqlite.totalFootprint) < 800)
Feb 01, 2014 9:51:29 PM kodkod.multiobjective.algorithms.CheckpointedGuidedImprovementAlgorithm multiObjectiveSolveImpl
FINE: Found a solution. At time: 65, Improving on [783]
Feb 01, 2014 9:51:29 PM kodkod.multiobjective.MetricPoint parametrizedImprovementConstraints
FINE: Possible Improvements are conjunction of 
	(sum(this/Sqlite.totalFootprint) <= 783)
	(sum(this/Sqlite.totalFootprint) < 783)
Feb 01, 2014 9:51:30 PM kodkod.multiobjective.algorithms.CheckpointedGuidedImprovementAlgorithm multiObjectiveSolveImpl
FINE: Found a solution. At time: 66, Improving on [782]
Feb 01, 2014 9:51:30 PM kodkod.multiobjective.MetricPoint parametrizedImprovementConstraints
FINE: Possible Improvements are conjunction of 
	(sum(this/Sqlite.totalFootprint) <= 782)
	(sum(this/Sqlite.totalFootprint) < 782)
Feb 01, 2014 9:51:38 PM kodkod.multiobjective.algorithms.CheckpointedGuidedImprovementAlgorithm multiObjectiveSolveImpl
FINE: Found a solution. At time: 74, Improving on [779]
Feb 01, 2014 9:51:38 PM kodkod.multiobjective.MetricPoint parametrizedImprovementConstraints
FINE: Possible Improvements are conjunction of 
	(sum(this/Sqlite.totalFootprint) <= 779)
	(sum(this/Sqlite.totalFootprint) < 779)
Feb 01, 2014 9:51:38 PM kodkod.multiobjective.algorithms.CheckpointedGuidedImprovementAlgorithm multiObjectiveSolveImpl
FINE: Found a solution. At time: 74, Improving on [777]
Feb 01, 2014 9:51:38 PM kodkod.multiobjective.MetricPoint parametrizedImprovementConstraints
FINE: Possible Improvements are conjunction of 
	(sum(this/Sqlite.totalFootprint) <= 777)
	(sum(this/Sqlite.totalFootprint) < 777)
Feb 01, 2014 9:51:40 PM kodkod.multiobjective.algorithms.CheckpointedGuidedImprovementAlgorithm multiObjectiveSolveImpl
FINE: Found a solution. At time: 76, Improving on [776]
Feb 01, 2014 9:51:40 PM kodkod.multiobjective.MetricPoint parametrizedImprovementConstraints
FINE: Possible Improvements are conjunction of 
	(sum(this/Sqlite.totalFootprint) <= 776)
	(sum(this/Sqlite.totalFootprint) < 776)
Feb 01, 2014 9:51:45 PM kodkod.multiobjective.algorithms.CheckpointedGuidedImprovementAlgorithm multiObjectiveSolveImpl
FINE: Found a solution. At time: 81, Improving on [775]
Feb 01, 2014 9:51:45 PM kodkod.multiobjective.MetricPoint parametrizedImprovementConstraints
FINE: Possible Improvements are conjunction of 
	(sum(this/Sqlite.totalFootprint) <= 775)
	(sum(this/Sqlite.totalFootprint) < 775)
Feb 01, 2014 9:51:48 PM kodkod.multiobjective.algorithms.MultiObjectiveAlgorithm foundParetoPoint
FINE: Found Pareto point with values: [775]
Feb 01, 2014 9:51:48 PM kodkod.multiobjective.algorithms.CheckpointedGuidedImprovementAlgorithm multiObjectiveSolveImpl
FINE: Found Pareto point with values: [775]
Feb 01, 2014 9:52:38 PM kodkod.multiobjective.algorithms.MultiObjectiveAlgorithm debugWriteStatistics
FINE: Solver statistics:
	# Sat Call: 15
	# Unsat Call: 2
	# Total Time in Sat Calls: 66489
	# Total Time in Sat Calls Solving: 12874
	# Total Time in Sat Calls Translating: 53615
	# Total Time in Unsat Calls: 8951
	# Total Time in Unsat Calls Solving: 8656
	# Total Time in Unsat Calls Translating: 295
	# Magnifier Sat Call: 0
	# Magnifier Unsat Call: 0
	# Total Time in Magnifier: 0
