Feb 02, 2014 12:39:23 AM kodkod.multiobjective.algorithms.CheckpointedGuidedImprovementAlgorithm multiObjectiveSolveImpl
FINE: Found a solution. At time: 5, Improving on [963]
Feb 02, 2014 12:39:23 AM kodkod.multiobjective.MetricPoint parametrizedImprovementConstraints
FINE: Possible Improvements are conjunction of 
	(sum(this/BerkeleyDbC.totalFootprint) <= 963)
	(sum(this/BerkeleyDbC.totalFootprint) < 963)
Feb 02, 2014 12:39:24 AM kodkod.multiobjective.algorithms.MultiObjectiveAlgorithm foundParetoPoint
FINE: Found Pareto point with values: [963]
Feb 02, 2014 12:39:24 AM kodkod.multiobjective.algorithms.CheckpointedGuidedImprovementAlgorithm multiObjectiveSolveImpl
FINE: Found Pareto point with values: [963]
Feb 02, 2014 12:39:26 AM kodkod.multiobjective.algorithms.MultiObjectiveAlgorithm debugWriteStatistics
FINE: Solver statistics:
	# Sat Call: 1
	# Unsat Call: 2
	# Total Time in Sat Calls: 5160
	# Total Time in Sat Calls Solving: 11
	# Total Time in Sat Calls Translating: 5149
	# Total Time in Unsat Calls: 2984
	# Total Time in Unsat Calls Solving: 6
	# Total Time in Unsat Calls Translating: 2978
	# Magnifier Sat Call: 0
	# Magnifier Unsat Call: 0
	# Total Time in Magnifier: 0
