Feb 01, 2014 10:37:22 PM kodkod.multiobjective.algorithms.CheckpointedGuidedImprovementAlgorithm multiObjectiveSolveImpl
FINE: Found a solution. At time: 7, Improving on [1043]
Feb 01, 2014 10:37:22 PM kodkod.multiobjective.MetricPoint parametrizedImprovementConstraints
FINE: Possible Improvements are conjunction of 
	(sum(this/LinkedList.totalFootprint) <= 1043)
	(sum(this/LinkedList.totalFootprint) < 1043)
Feb 01, 2014 10:37:26 PM kodkod.multiobjective.algorithms.CheckpointedGuidedImprovementAlgorithm multiObjectiveSolveImpl
FINE: Found a solution. At time: 11, Improving on [1021]
Feb 01, 2014 10:37:26 PM kodkod.multiobjective.MetricPoint parametrizedImprovementConstraints
FINE: Possible Improvements are conjunction of 
	(sum(this/LinkedList.totalFootprint) <= 1021)
	(sum(this/LinkedList.totalFootprint) < 1021)
Feb 01, 2014 10:37:27 PM kodkod.multiobjective.algorithms.MultiObjectiveAlgorithm foundParetoPoint
FINE: Found Pareto point with values: [1021]
Feb 01, 2014 10:37:27 PM kodkod.multiobjective.algorithms.CheckpointedGuidedImprovementAlgorithm multiObjectiveSolveImpl
FINE: Found Pareto point with values: [1021]
Feb 01, 2014 10:37:32 PM kodkod.multiobjective.algorithms.MultiObjectiveAlgorithm debugWriteStatistics
FINE: Solver statistics:
	# Sat Call: 2
	# Unsat Call: 2
	# Total Time in Sat Calls: 10983
	# Total Time in Sat Calls Solving: 41
	# Total Time in Sat Calls Translating: 10942
	# Total Time in Unsat Calls: 5107
	# Total Time in Unsat Calls Solving: 12
	# Total Time in Unsat Calls Translating: 5095
	# Magnifier Sat Call: 0
	# Magnifier Unsat Call: 0
	# Total Time in Magnifier: 0
