Feb 01, 2014 12:38:02 AM kodkod.multiobjective.algorithms.IncrementalGuidedImprovementAlgorithm multiObjectiveSolveImpl
FINE: Found a solution. At time: 0, Improving on [981]
Feb 01, 2014 12:38:02 AM kodkod.multiobjective.MetricPoint parametrizedImprovementConstraints
FINE: Possible Improvements are conjunction of 
	(sum(this/BerkeleyDbC.totalFootprint) <= 981)
	(sum(this/BerkeleyDbC.totalFootprint) < 981)
Feb 01, 2014 12:38:02 AM kodkod.multiobjective.algorithms.MultiObjectiveAlgorithm foundParetoPoint
FINE: Found Pareto point with values: [981]
Feb 01, 2014 12:38:10 AM kodkod.multiobjective.algorithms.IncrementalGuidedImprovementAlgorithm multiObjectiveSolveImpl
FINE: Magnifying glass found 1 solution(s). At time: 7
Feb 01, 2014 12:38:10 AM kodkod.multiobjective.algorithms.IncrementalGuidedImprovementAlgorithm multiObjectiveSolveImpl
FINE: All Pareto points found. At time: 8
Feb 01, 2014 12:38:10 AM kodkod.multiobjective.algorithms.MultiObjectiveAlgorithm debugWriteStatistics
FINE: Solver statistics:
	# Sat Call: 1
	# Unsat Call: 2
	# Total Time in Sat Calls: 43
	# Total Time in Sat Calls Solving: 0
	# Total Time in Sat Calls Translating: 43
	# Total Time in Unsat Calls: 38
	# Total Time in Unsat Calls Solving: 0
	# Total Time in Unsat Calls Translating: 38
	# Magnifier Sat Call: 1
	# Magnifier Unsat Call: 1
	# Total Time in Magnifier: 7493
