Feb 01, 2014 6:58:42 AM kodkod.multiobjective.algorithms.IncrementalGuidedImprovementAlgorithm multiObjectiveSolveImpl
FINE: Found a solution. At time: 51, Improving on [914]
Feb 01, 2014 6:58:42 AM kodkod.multiobjective.MetricPoint parametrizedImprovementConstraints
FINE: Possible Improvements are conjunction of 
	(sum(this/Sqlite.totalFootprint) <= 914)
	(sum(this/Sqlite.totalFootprint) < 914)
Feb 01, 2014 6:58:43 AM kodkod.multiobjective.algorithms.IncrementalGuidedImprovementAlgorithm multiObjectiveSolveImpl
FINE: Found a solution. At time: 51, Improving on [905]
Feb 01, 2014 6:58:43 AM kodkod.multiobjective.MetricPoint parametrizedImprovementConstraints
FINE: Possible Improvements are conjunction of 
	(sum(this/Sqlite.totalFootprint) <= 905)
	(sum(this/Sqlite.totalFootprint) < 905)
Feb 01, 2014 6:58:43 AM kodkod.multiobjective.algorithms.IncrementalGuidedImprovementAlgorithm multiObjectiveSolveImpl
FINE: Found a solution. At time: 51, Improving on [901]
Feb 01, 2014 6:58:43 AM kodkod.multiobjective.MetricPoint parametrizedImprovementConstraints
FINE: Possible Improvements are conjunction of 
	(sum(this/Sqlite.totalFootprint) <= 901)
	(sum(this/Sqlite.totalFootprint) < 901)
Feb 01, 2014 6:58:43 AM kodkod.multiobjective.algorithms.IncrementalGuidedImprovementAlgorithm multiObjectiveSolveImpl
FINE: Found a solution. At time: 52, Improving on [871]
Feb 01, 2014 6:58:43 AM kodkod.multiobjective.MetricPoint parametrizedImprovementConstraints
FINE: Possible Improvements are conjunction of 
	(sum(this/Sqlite.totalFootprint) <= 871)
	(sum(this/Sqlite.totalFootprint) < 871)
Feb 01, 2014 6:58:44 AM kodkod.multiobjective.algorithms.IncrementalGuidedImprovementAlgorithm multiObjectiveSolveImpl
FINE: Found a solution. At time: 52, Improving on [835]
Feb 01, 2014 6:58:44 AM kodkod.multiobjective.MetricPoint parametrizedImprovementConstraints
FINE: Possible Improvements are conjunction of 
	(sum(this/Sqlite.totalFootprint) <= 835)
	(sum(this/Sqlite.totalFootprint) < 835)
Feb 01, 2014 6:58:44 AM kodkod.multiobjective.algorithms.IncrementalGuidedImprovementAlgorithm multiObjectiveSolveImpl
FINE: Found a solution. At time: 52, Improving on [834]
Feb 01, 2014 6:58:44 AM kodkod.multiobjective.MetricPoint parametrizedImprovementConstraints
FINE: Possible Improvements are conjunction of 
	(sum(this/Sqlite.totalFootprint) <= 834)
	(sum(this/Sqlite.totalFootprint) < 834)
Feb 01, 2014 6:58:44 AM kodkod.multiobjective.algorithms.IncrementalGuidedImprovementAlgorithm multiObjectiveSolveImpl
FINE: Found a solution. At time: 52, Improving on [832]
Feb 01, 2014 6:58:44 AM kodkod.multiobjective.MetricPoint parametrizedImprovementConstraints
FINE: Possible Improvements are conjunction of 
	(sum(this/Sqlite.totalFootprint) <= 832)
	(sum(this/Sqlite.totalFootprint) < 832)
Feb 01, 2014 6:58:50 AM kodkod.multiobjective.algorithms.IncrementalGuidedImprovementAlgorithm multiObjectiveSolveImpl
FINE: Found a solution. At time: 59, Improving on [819]
Feb 01, 2014 6:58:50 AM kodkod.multiobjective.MetricPoint parametrizedImprovementConstraints
FINE: Possible Improvements are conjunction of 
	(sum(this/Sqlite.totalFootprint) <= 819)
	(sum(this/Sqlite.totalFootprint) < 819)
Feb 01, 2014 6:58:51 AM kodkod.multiobjective.algorithms.IncrementalGuidedImprovementAlgorithm multiObjectiveSolveImpl
FINE: Found a solution. At time: 60, Improving on [818]
Feb 01, 2014 6:58:51 AM kodkod.multiobjective.MetricPoint parametrizedImprovementConstraints
FINE: Possible Improvements are conjunction of 
	(sum(this/Sqlite.totalFootprint) <= 818)
	(sum(this/Sqlite.totalFootprint) < 818)
Feb 01, 2014 6:58:52 AM kodkod.multiobjective.algorithms.IncrementalGuidedImprovementAlgorithm multiObjectiveSolveImpl
FINE: Found a solution. At time: 60, Improving on [817]
Feb 01, 2014 6:58:52 AM kodkod.multiobjective.MetricPoint parametrizedImprovementConstraints
FINE: Possible Improvements are conjunction of 
	(sum(this/Sqlite.totalFootprint) <= 817)
	(sum(this/Sqlite.totalFootprint) < 817)
Feb 01, 2014 6:58:52 AM kodkod.multiobjective.algorithms.IncrementalGuidedImprovementAlgorithm multiObjectiveSolveImpl
FINE: Found a solution. At time: 60, Improving on [816]
Feb 01, 2014 6:58:52 AM kodkod.multiobjective.MetricPoint parametrizedImprovementConstraints
FINE: Possible Improvements are conjunction of 
	(sum(this/Sqlite.totalFootprint) <= 816)
	(sum(this/Sqlite.totalFootprint) < 816)
Feb 01, 2014 6:58:52 AM kodkod.multiobjective.algorithms.IncrementalGuidedImprovementAlgorithm multiObjectiveSolveImpl
FINE: Found a solution. At time: 60, Improving on [815]
Feb 01, 2014 6:58:52 AM kodkod.multiobjective.MetricPoint parametrizedImprovementConstraints
FINE: Possible Improvements are conjunction of 
	(sum(this/Sqlite.totalFootprint) <= 815)
	(sum(this/Sqlite.totalFootprint) < 815)
Feb 01, 2014 6:58:52 AM kodkod.multiobjective.algorithms.IncrementalGuidedImprovementAlgorithm multiObjectiveSolveImpl
FINE: Found a solution. At time: 60, Improving on [814]
Feb 01, 2014 6:58:52 AM kodkod.multiobjective.MetricPoint parametrizedImprovementConstraints
FINE: Possible Improvements are conjunction of 
	(sum(this/Sqlite.totalFootprint) <= 814)
	(sum(this/Sqlite.totalFootprint) < 814)
Feb 01, 2014 6:58:52 AM kodkod.multiobjective.algorithms.IncrementalGuidedImprovementAlgorithm multiObjectiveSolveImpl
FINE: Found a solution. At time: 60, Improving on [812]
Feb 01, 2014 6:58:52 AM kodkod.multiobjective.MetricPoint parametrizedImprovementConstraints
FINE: Possible Improvements are conjunction of 
	(sum(this/Sqlite.totalFootprint) <= 812)
	(sum(this/Sqlite.totalFootprint) < 812)
Feb 01, 2014 6:58:52 AM kodkod.multiobjective.algorithms.IncrementalGuidedImprovementAlgorithm multiObjectiveSolveImpl
FINE: Found a solution. At time: 61, Improving on [811]
Feb 01, 2014 6:58:52 AM kodkod.multiobjective.MetricPoint parametrizedImprovementConstraints
FINE: Possible Improvements are conjunction of 
	(sum(this/Sqlite.totalFootprint) <= 811)
	(sum(this/Sqlite.totalFootprint) < 811)
Feb 01, 2014 6:58:52 AM kodkod.multiobjective.algorithms.IncrementalGuidedImprovementAlgorithm multiObjectiveSolveImpl
FINE: Found a solution. At time: 61, Improving on [810]
Feb 01, 2014 6:58:52 AM kodkod.multiobjective.MetricPoint parametrizedImprovementConstraints
FINE: Possible Improvements are conjunction of 
	(sum(this/Sqlite.totalFootprint) <= 810)
	(sum(this/Sqlite.totalFootprint) < 810)
Feb 01, 2014 6:58:54 AM kodkod.multiobjective.algorithms.MultiObjectiveAlgorithm foundParetoPoint
FINE: Found Pareto point with values: [810]
Feb 01, 2014 6:59:53 AM kodkod.multiobjective.algorithms.IncrementalGuidedImprovementAlgorithm multiObjectiveSolveImpl
FINE: All Pareto points found. At time: 121
Feb 01, 2014 6:59:53 AM kodkod.multiobjective.algorithms.MultiObjectiveAlgorithm debugWriteStatistics
FINE: Solver statistics:
	# Sat Call: 16
	# Unsat Call: 2
	# Total Time in Sat Calls: 60693
	# Total Time in Sat Calls Solving: 10977
	# Total Time in Sat Calls Translating: 49716
	# Total Time in Unsat Calls: 57752
	# Total Time in Unsat Calls Solving: 11548
	# Total Time in Unsat Calls Translating: 46204
	# Magnifier Sat Call: 0
	# Magnifier Unsat Call: 0
	# Total Time in Magnifier: 0
