Feb 01, 2014 9:35:23 PM kodkod.multiobjective.algorithms.CheckpointedGuidedImprovementAlgorithm multiObjectiveSolveImpl
FINE: Found a solution. At time: 3, Improving on [797]
Feb 01, 2014 9:35:23 PM kodkod.multiobjective.MetricPoint parametrizedImprovementConstraints
FINE: Possible Improvements are conjunction of 
	(sum(this/PKJab.totalFootprint) <= 797)
	(sum(this/PKJab.totalFootprint) < 797)
Feb 01, 2014 9:35:23 PM kodkod.multiobjective.algorithms.MultiObjectiveAlgorithm foundParetoPoint
FINE: Found Pareto point with values: [797]
Feb 01, 2014 9:35:23 PM kodkod.multiobjective.algorithms.CheckpointedGuidedImprovementAlgorithm multiObjectiveSolveImpl
FINE: Found Pareto point with values: [797]
Feb 01, 2014 9:35:23 PM kodkod.multiobjective.algorithms.MultiObjectiveAlgorithm debugWriteStatistics
FINE: Solver statistics:
	# Sat Call: 1
	# Unsat Call: 2
	# Total Time in Sat Calls: 3579
	# Total Time in Sat Calls Solving: 102
	# Total Time in Sat Calls Translating: 3477
	# Total Time in Unsat Calls: 167
	# Total Time in Unsat Calls Solving: 3
	# Total Time in Unsat Calls Translating: 164
	# Magnifier Sat Call: 0
	# Magnifier Unsat Call: 0
	# Total Time in Magnifier: 0
