Feb 01, 2014 1:25:50 PM kodkod.multiobjective.algorithms.IncrementalGuidedImprovementAlgorithm multiObjectiveSolveImpl
FINE: Found a solution. At time: 0, Improving on [1631]
Feb 01, 2014 1:25:50 PM kodkod.multiobjective.MetricPoint parametrizedImprovementConstraints
FINE: Possible Improvements are conjunction of 
	(sum(this/Prevayler.totalFootprint) <= 1631)
	(sum(this/Prevayler.totalFootprint) < 1631)
Feb 01, 2014 1:25:50 PM kodkod.multiobjective.algorithms.MultiObjectiveAlgorithm foundParetoPoint
FINE: Found Pareto point with values: [1631]
Feb 01, 2014 1:25:50 PM kodkod.multiobjective.algorithms.IncrementalGuidedImprovementAlgorithm multiObjectiveSolveImpl
FINE: All Pareto points found. At time: 1
Feb 01, 2014 1:25:50 PM kodkod.multiobjective.algorithms.MultiObjectiveAlgorithm debugWriteStatistics
FINE: Solver statistics:
	# Sat Call: 1
	# Unsat Call: 2
	# Total Time in Sat Calls: 345
	# Total Time in Sat Calls Solving: 2
	# Total Time in Sat Calls Translating: 343
	# Total Time in Unsat Calls: 118
	# Total Time in Unsat Calls Solving: 0
	# Total Time in Unsat Calls Translating: 118
	# Magnifier Sat Call: 0
	# Magnifier Unsat Call: 0
	# Total Time in Magnifier: 0
