Feb 01, 2014 9:18:26 PM kodkod.multiobjective.algorithms.CheckpointedGuidedImprovementAlgorithm multiObjectiveSolveImpl
FINE: Found a solution. At time: 74, Improving on [2, 674, 425]
Feb 01, 2014 9:18:26 PM kodkod.multiobjective.MetricPoint parametrizedImprovementConstraints
FINE: Possible Improvements are conjunction of 
	(sum(this/BerkeleyDbC.totalReliability) >= 2)
	(sum(this/BerkeleyDbC.totalFootprint) <= 674)
	(sum(this/BerkeleyDbC.totalPrice) <= 425)
	((sum(this/BerkeleyDbC.totalReliability) > 2) || (sum(this/BerkeleyDbC.totalFootprint) < 674) || (sum(this/BerkeleyDbC.totalPrice) < 425))
Feb 01, 2014 9:18:27 PM kodkod.multiobjective.algorithms.MultiObjectiveAlgorithm foundParetoPoint
FINE: Found Pareto point with values: [2, 674, 425]
Feb 01, 2014 9:18:27 PM kodkod.multiobjective.algorithms.CheckpointedGuidedImprovementAlgorithm multiObjectiveSolveImpl
FINE: Found Pareto point with values: [2, 674, 425]
Feb 01, 2014 9:18:34 PM kodkod.multiobjective.algorithms.CheckpointedGuidedImprovementAlgorithm multiObjectiveSolveImpl
FINE: Found a solution. At time: 81, Improving on [2, 815, 325]
Feb 01, 2014 9:18:34 PM kodkod.multiobjective.MetricPoint parametrizedImprovementConstraints
FINE: Possible Improvements are conjunction of 
	(sum(this/BerkeleyDbC.totalReliability) >= 2)
	(sum(this/BerkeleyDbC.totalFootprint) <= 815)
	(sum(this/BerkeleyDbC.totalPrice) <= 325)
	((sum(this/BerkeleyDbC.totalReliability) > 2) || (sum(this/BerkeleyDbC.totalFootprint) < 815) || (sum(this/BerkeleyDbC.totalPrice) < 325))
Feb 01, 2014 9:18:34 PM kodkod.multiobjective.algorithms.MultiObjectiveAlgorithm foundParetoPoint
FINE: Found Pareto point with values: [2, 815, 325]
Feb 01, 2014 9:18:34 PM kodkod.multiobjective.algorithms.CheckpointedGuidedImprovementAlgorithm multiObjectiveSolveImpl
FINE: Found Pareto point with values: [2, 815, 325]
Feb 01, 2014 9:18:40 PM kodkod.multiobjective.algorithms.CheckpointedGuidedImprovementAlgorithm multiObjectiveSolveImpl
FINE: Found a solution. At time: 87, Improving on [1, 624, 325]
Feb 01, 2014 9:18:40 PM kodkod.multiobjective.MetricPoint parametrizedImprovementConstraints
FINE: Possible Improvements are conjunction of 
	(sum(this/BerkeleyDbC.totalReliability) >= 1)
	(sum(this/BerkeleyDbC.totalFootprint) <= 624)
	(sum(this/BerkeleyDbC.totalPrice) <= 325)
	((sum(this/BerkeleyDbC.totalReliability) > 1) || (sum(this/BerkeleyDbC.totalFootprint) < 624) || (sum(this/BerkeleyDbC.totalPrice) < 325))
Feb 01, 2014 9:18:40 PM kodkod.multiobjective.algorithms.MultiObjectiveAlgorithm foundParetoPoint
FINE: Found Pareto point with values: [1, 624, 325]
Feb 01, 2014 9:18:40 PM kodkod.multiobjective.algorithms.CheckpointedGuidedImprovementAlgorithm multiObjectiveSolveImpl
FINE: Found Pareto point with values: [1, 624, 325]
Feb 01, 2014 9:18:45 PM kodkod.multiobjective.algorithms.CheckpointedGuidedImprovementAlgorithm multiObjectiveSolveImpl
FINE: Found a solution. At time: 93, Improving on [3, 912, 775]
Feb 01, 2014 9:18:45 PM kodkod.multiobjective.MetricPoint parametrizedImprovementConstraints
FINE: Possible Improvements are conjunction of 
	(sum(this/BerkeleyDbC.totalReliability) >= 3)
	(sum(this/BerkeleyDbC.totalFootprint) <= 912)
	(sum(this/BerkeleyDbC.totalPrice) <= 775)
	((sum(this/BerkeleyDbC.totalReliability) > 3) || (sum(this/BerkeleyDbC.totalFootprint) < 912) || (sum(this/BerkeleyDbC.totalPrice) < 775))
Feb 01, 2014 9:18:46 PM kodkod.multiobjective.algorithms.CheckpointedGuidedImprovementAlgorithm multiObjectiveSolveImpl
FINE: Found a solution. At time: 94, Improving on [3, 884, 725]
Feb 01, 2014 9:18:46 PM kodkod.multiobjective.MetricPoint parametrizedImprovementConstraints
FINE: Possible Improvements are conjunction of 
	(sum(this/BerkeleyDbC.totalReliability) >= 3)
	(sum(this/BerkeleyDbC.totalFootprint) <= 884)
	(sum(this/BerkeleyDbC.totalPrice) <= 725)
	((sum(this/BerkeleyDbC.totalReliability) > 3) || (sum(this/BerkeleyDbC.totalFootprint) < 884) || (sum(this/BerkeleyDbC.totalPrice) < 725))
Feb 01, 2014 9:18:47 PM kodkod.multiobjective.algorithms.CheckpointedGuidedImprovementAlgorithm multiObjectiveSolveImpl
FINE: Found a solution. At time: 95, Improving on [3, 865, 425]
Feb 01, 2014 9:18:47 PM kodkod.multiobjective.MetricPoint parametrizedImprovementConstraints
FINE: Possible Improvements are conjunction of 
	(sum(this/BerkeleyDbC.totalReliability) >= 3)
	(sum(this/BerkeleyDbC.totalFootprint) <= 865)
	(sum(this/BerkeleyDbC.totalPrice) <= 425)
	((sum(this/BerkeleyDbC.totalReliability) > 3) || (sum(this/BerkeleyDbC.totalFootprint) < 865) || (sum(this/BerkeleyDbC.totalPrice) < 425))
Feb 01, 2014 9:18:48 PM kodkod.multiobjective.algorithms.MultiObjectiveAlgorithm foundParetoPoint
FINE: Found Pareto point with values: [3, 865, 425]
Feb 01, 2014 9:18:48 PM kodkod.multiobjective.algorithms.CheckpointedGuidedImprovementAlgorithm multiObjectiveSolveImpl
FINE: Found Pareto point with values: [3, 865, 425]
Feb 01, 2014 9:18:57 PM kodkod.multiobjective.algorithms.MultiObjectiveAlgorithm debugWriteStatistics
FINE: Solver statistics:
	# Sat Call: 6
	# Unsat Call: 5
	# Total Time in Sat Calls: 76056
	# Total Time in Sat Calls Solving: 2293
	# Total Time in Sat Calls Translating: 73763
	# Total Time in Unsat Calls: 2502
	# Total Time in Unsat Calls Solving: 632
	# Total Time in Unsat Calls Translating: 1870
	# Magnifier Sat Call: 0
	# Magnifier Unsat Call: 0
	# Total Time in Magnifier: 0
