Feb 02, 2014 12:14:40 AM kodkod.multiobjective.algorithms.CheckpointedGuidedImprovementAlgorithm multiObjectiveSolveImpl
FINE: Found a solution. At time: 42, Improving on [0, 1800, 0]
Feb 02, 2014 12:14:40 AM kodkod.multiobjective.MetricPoint parametrizedImprovementConstraints
FINE: Possible Improvements are conjunction of 
	(sum(this/BerkeleyDbC.totalReliability) >= 0)
	(sum(this/BerkeleyDbC.totalFootprint) <= 1800)
	(sum(this/BerkeleyDbC.totalPrice) <= 0)
	((sum(this/BerkeleyDbC.totalReliability) > 0) || (sum(this/BerkeleyDbC.totalFootprint) < 1800) || (sum(this/BerkeleyDbC.totalPrice) < 0))
Feb 02, 2014 12:15:01 AM kodkod.multiobjective.algorithms.CheckpointedGuidedImprovementAlgorithm multiObjectiveSolveImpl
FINE: Found a solution. At time: 63, Improving on [1, 531, 0]
Feb 02, 2014 12:15:01 AM kodkod.multiobjective.MetricPoint parametrizedImprovementConstraints
FINE: Possible Improvements are conjunction of 
	(sum(this/BerkeleyDbC.totalReliability) >= 1)
	(sum(this/BerkeleyDbC.totalFootprint) <= 531)
	(sum(this/BerkeleyDbC.totalPrice) <= 0)
	((sum(this/BerkeleyDbC.totalReliability) > 1) || (sum(this/BerkeleyDbC.totalFootprint) < 531) || (sum(this/BerkeleyDbC.totalPrice) < 0))
Feb 02, 2014 12:15:05 AM kodkod.multiobjective.algorithms.MultiObjectiveAlgorithm foundParetoPoint
FINE: Found Pareto point with values: [1, 531, 0]
Feb 02, 2014 12:15:05 AM kodkod.multiobjective.algorithms.CheckpointedGuidedImprovementAlgorithm multiObjectiveSolveImpl
FINE: Found Pareto point with values: [1, 531, 0]
Feb 02, 2014 12:15:22 AM kodkod.multiobjective.algorithms.CheckpointedGuidedImprovementAlgorithm multiObjectiveSolveImpl
FINE: Found a solution. At time: 83, Improving on [2, 2322, 675]
Feb 02, 2014 12:15:22 AM kodkod.multiobjective.MetricPoint parametrizedImprovementConstraints
FINE: Possible Improvements are conjunction of 
	(sum(this/BerkeleyDbC.totalReliability) >= 2)
	(sum(this/BerkeleyDbC.totalFootprint) <= 2322)
	(sum(this/BerkeleyDbC.totalPrice) <= 675)
	((sum(this/BerkeleyDbC.totalReliability) > 2) || (sum(this/BerkeleyDbC.totalFootprint) < 2322) || (sum(this/BerkeleyDbC.totalPrice) < 675))
Feb 02, 2014 12:15:26 AM kodkod.multiobjective.algorithms.CheckpointedGuidedImprovementAlgorithm multiObjectiveSolveImpl
FINE: Found a solution. At time: 87, Improving on [2, 2303, 625]
Feb 02, 2014 12:15:26 AM kodkod.multiobjective.MetricPoint parametrizedImprovementConstraints
FINE: Possible Improvements are conjunction of 
	(sum(this/BerkeleyDbC.totalReliability) >= 2)
	(sum(this/BerkeleyDbC.totalFootprint) <= 2303)
	(sum(this/BerkeleyDbC.totalPrice) <= 625)
	((sum(this/BerkeleyDbC.totalReliability) > 2) || (sum(this/BerkeleyDbC.totalFootprint) < 2303) || (sum(this/BerkeleyDbC.totalPrice) < 625))
Feb 02, 2014 12:15:30 AM kodkod.multiobjective.algorithms.CheckpointedGuidedImprovementAlgorithm multiObjectiveSolveImpl
FINE: Found a solution. At time: 92, Improving on [2, 2164, 625]
Feb 02, 2014 12:15:30 AM kodkod.multiobjective.MetricPoint parametrizedImprovementConstraints
FINE: Possible Improvements are conjunction of 
	(sum(this/BerkeleyDbC.totalReliability) >= 2)
	(sum(this/BerkeleyDbC.totalFootprint) <= 2164)
	(sum(this/BerkeleyDbC.totalPrice) <= 625)
	((sum(this/BerkeleyDbC.totalReliability) > 2) || (sum(this/BerkeleyDbC.totalFootprint) < 2164) || (sum(this/BerkeleyDbC.totalPrice) < 625))
Feb 02, 2014 12:15:34 AM kodkod.multiobjective.algorithms.CheckpointedGuidedImprovementAlgorithm multiObjectiveSolveImpl
FINE: Found a solution. At time: 96, Improving on [2, 2136, 575]
Feb 02, 2014 12:15:34 AM kodkod.multiobjective.MetricPoint parametrizedImprovementConstraints
FINE: Possible Improvements are conjunction of 
	(sum(this/BerkeleyDbC.totalReliability) >= 2)
	(sum(this/BerkeleyDbC.totalFootprint) <= 2136)
	(sum(this/BerkeleyDbC.totalPrice) <= 575)
	((sum(this/BerkeleyDbC.totalReliability) > 2) || (sum(this/BerkeleyDbC.totalFootprint) < 2136) || (sum(this/BerkeleyDbC.totalPrice) < 575))
Feb 02, 2014 12:15:38 AM kodkod.multiobjective.algorithms.CheckpointedGuidedImprovementAlgorithm multiObjectiveSolveImpl
FINE: Found a solution. At time: 100, Improving on [2, 2061, 150]
Feb 02, 2014 12:15:38 AM kodkod.multiobjective.MetricPoint parametrizedImprovementConstraints
FINE: Possible Improvements are conjunction of 
	(sum(this/BerkeleyDbC.totalReliability) >= 2)
	(sum(this/BerkeleyDbC.totalFootprint) <= 2061)
	(sum(this/BerkeleyDbC.totalPrice) <= 150)
	((sum(this/BerkeleyDbC.totalReliability) > 2) || (sum(this/BerkeleyDbC.totalFootprint) < 2061) || (sum(this/BerkeleyDbC.totalPrice) < 150))
Feb 02, 2014 12:15:42 AM kodkod.multiobjective.algorithms.CheckpointedGuidedImprovementAlgorithm multiObjectiveSolveImpl
FINE: Found a solution. At time: 104, Improving on [2, 740, 150]
Feb 02, 2014 12:15:42 AM kodkod.multiobjective.MetricPoint parametrizedImprovementConstraints
FINE: Possible Improvements are conjunction of 
	(sum(this/BerkeleyDbC.totalReliability) >= 2)
	(sum(this/BerkeleyDbC.totalFootprint) <= 740)
	(sum(this/BerkeleyDbC.totalPrice) <= 150)
	((sum(this/BerkeleyDbC.totalReliability) > 2) || (sum(this/BerkeleyDbC.totalFootprint) < 740) || (sum(this/BerkeleyDbC.totalPrice) < 150))
Feb 02, 2014 12:15:46 AM kodkod.multiobjective.algorithms.CheckpointedGuidedImprovementAlgorithm multiObjectiveSolveImpl
FINE: Found a solution. At time: 108, Improving on [2, 601, 150]
Feb 02, 2014 12:15:46 AM kodkod.multiobjective.MetricPoint parametrizedImprovementConstraints
FINE: Possible Improvements are conjunction of 
	(sum(this/BerkeleyDbC.totalReliability) >= 2)
	(sum(this/BerkeleyDbC.totalFootprint) <= 601)
	(sum(this/BerkeleyDbC.totalPrice) <= 150)
	((sum(this/BerkeleyDbC.totalReliability) > 2) || (sum(this/BerkeleyDbC.totalFootprint) < 601) || (sum(this/BerkeleyDbC.totalPrice) < 150))
Feb 02, 2014 12:15:50 AM kodkod.multiobjective.algorithms.CheckpointedGuidedImprovementAlgorithm multiObjectiveSolveImpl
FINE: Found a solution. At time: 112, Improving on [2, 581, 100]
Feb 02, 2014 12:15:50 AM kodkod.multiobjective.MetricPoint parametrizedImprovementConstraints
FINE: Possible Improvements are conjunction of 
	(sum(this/BerkeleyDbC.totalReliability) >= 2)
	(sum(this/BerkeleyDbC.totalFootprint) <= 581)
	(sum(this/BerkeleyDbC.totalPrice) <= 100)
	((sum(this/BerkeleyDbC.totalReliability) > 2) || (sum(this/BerkeleyDbC.totalFootprint) < 581) || (sum(this/BerkeleyDbC.totalPrice) < 100))
Feb 02, 2014 12:15:54 AM kodkod.multiobjective.algorithms.MultiObjectiveAlgorithm foundParetoPoint
FINE: Found Pareto point with values: [2, 581, 100]
Feb 02, 2014 12:15:54 AM kodkod.multiobjective.algorithms.CheckpointedGuidedImprovementAlgorithm multiObjectiveSolveImpl
FINE: Found Pareto point with values: [2, 581, 100]
Feb 02, 2014 12:16:17 AM kodkod.multiobjective.algorithms.CheckpointedGuidedImprovementAlgorithm multiObjectiveSolveImpl
FINE: Found a solution. At time: 138, Improving on [3, 2269, 300]
Feb 02, 2014 12:16:17 AM kodkod.multiobjective.MetricPoint parametrizedImprovementConstraints
FINE: Possible Improvements are conjunction of 
	(sum(this/BerkeleyDbC.totalReliability) >= 3)
	(sum(this/BerkeleyDbC.totalFootprint) <= 2269)
	(sum(this/BerkeleyDbC.totalPrice) <= 300)
	((sum(this/BerkeleyDbC.totalReliability) > 3) || (sum(this/BerkeleyDbC.totalFootprint) < 2269) || (sum(this/BerkeleyDbC.totalPrice) < 300))
Feb 02, 2014 12:16:21 AM kodkod.multiobjective.algorithms.CheckpointedGuidedImprovementAlgorithm multiObjectiveSolveImpl
FINE: Found a solution. At time: 142, Improving on [3, 2130, 300]
Feb 02, 2014 12:16:21 AM kodkod.multiobjective.MetricPoint parametrizedImprovementConstraints
FINE: Possible Improvements are conjunction of 
	(sum(this/BerkeleyDbC.totalReliability) >= 3)
	(sum(this/BerkeleyDbC.totalFootprint) <= 2130)
	(sum(this/BerkeleyDbC.totalPrice) <= 300)
	((sum(this/BerkeleyDbC.totalReliability) > 3) || (sum(this/BerkeleyDbC.totalFootprint) < 2130) || (sum(this/BerkeleyDbC.totalPrice) < 300))
Feb 02, 2014 12:16:25 AM kodkod.multiobjective.algorithms.CheckpointedGuidedImprovementAlgorithm multiObjectiveSolveImpl
FINE: Found a solution. At time: 146, Improving on [3, 670, 300]
Feb 02, 2014 12:16:25 AM kodkod.multiobjective.MetricPoint parametrizedImprovementConstraints
FINE: Possible Improvements are conjunction of 
	(sum(this/BerkeleyDbC.totalReliability) >= 3)
	(sum(this/BerkeleyDbC.totalFootprint) <= 670)
	(sum(this/BerkeleyDbC.totalPrice) <= 300)
	((sum(this/BerkeleyDbC.totalReliability) > 3) || (sum(this/BerkeleyDbC.totalFootprint) < 670) || (sum(this/BerkeleyDbC.totalPrice) < 300))
Feb 02, 2014 12:16:28 AM kodkod.multiobjective.algorithms.MultiObjectiveAlgorithm foundParetoPoint
FINE: Found Pareto point with values: [3, 670, 300]
Feb 02, 2014 12:16:28 AM kodkod.multiobjective.algorithms.CheckpointedGuidedImprovementAlgorithm multiObjectiveSolveImpl
FINE: Found Pareto point with values: [3, 670, 300]
Feb 02, 2014 12:16:41 AM kodkod.multiobjective.algorithms.CheckpointedGuidedImprovementAlgorithm multiObjectiveSolveImpl
FINE: Found a solution. At time: 162, Improving on [2, 498, 600]
Feb 02, 2014 12:16:41 AM kodkod.multiobjective.MetricPoint parametrizedImprovementConstraints
FINE: Possible Improvements are conjunction of 
	(sum(this/BerkeleyDbC.totalReliability) >= 2)
	(sum(this/BerkeleyDbC.totalFootprint) <= 498)
	(sum(this/BerkeleyDbC.totalPrice) <= 600)
	((sum(this/BerkeleyDbC.totalReliability) > 2) || (sum(this/BerkeleyDbC.totalFootprint) < 498) || (sum(this/BerkeleyDbC.totalPrice) < 600))
Feb 02, 2014 12:16:45 AM kodkod.multiobjective.algorithms.CheckpointedGuidedImprovementAlgorithm multiObjectiveSolveImpl
FINE: Found a solution. At time: 166, Improving on [2, 479, 300]
Feb 02, 2014 12:16:45 AM kodkod.multiobjective.MetricPoint parametrizedImprovementConstraints
FINE: Possible Improvements are conjunction of 
	(sum(this/BerkeleyDbC.totalReliability) >= 2)
	(sum(this/BerkeleyDbC.totalFootprint) <= 479)
	(sum(this/BerkeleyDbC.totalPrice) <= 300)
	((sum(this/BerkeleyDbC.totalReliability) > 2) || (sum(this/BerkeleyDbC.totalFootprint) < 479) || (sum(this/BerkeleyDbC.totalPrice) < 300))
Feb 02, 2014 12:16:48 AM kodkod.multiobjective.algorithms.MultiObjectiveAlgorithm foundParetoPoint
FINE: Found Pareto point with values: [2, 479, 300]
Feb 02, 2014 12:16:48 AM kodkod.multiobjective.algorithms.CheckpointedGuidedImprovementAlgorithm multiObjectiveSolveImpl
FINE: Found Pareto point with values: [2, 479, 300]
Feb 02, 2014 12:16:58 AM kodkod.multiobjective.algorithms.CheckpointedGuidedImprovementAlgorithm multiObjectiveSolveImpl
FINE: Found a solution. At time: 180, Improving on [0, 340, 0]
Feb 02, 2014 12:16:58 AM kodkod.multiobjective.MetricPoint parametrizedImprovementConstraints
FINE: Possible Improvements are conjunction of 
	(sum(this/BerkeleyDbC.totalReliability) >= 0)
	(sum(this/BerkeleyDbC.totalFootprint) <= 340)
	(sum(this/BerkeleyDbC.totalPrice) <= 0)
	((sum(this/BerkeleyDbC.totalReliability) > 0) || (sum(this/BerkeleyDbC.totalFootprint) < 340) || (sum(this/BerkeleyDbC.totalPrice) < 0))
Feb 02, 2014 12:17:02 AM kodkod.multiobjective.algorithms.MultiObjectiveAlgorithm foundParetoPoint
FINE: Found Pareto point with values: [0, 340, 0]
Feb 02, 2014 12:17:02 AM kodkod.multiobjective.algorithms.CheckpointedGuidedImprovementAlgorithm multiObjectiveSolveImpl
FINE: Found Pareto point with values: [0, 340, 0]
Feb 02, 2014 12:17:10 AM kodkod.multiobjective.algorithms.CheckpointedGuidedImprovementAlgorithm multiObjectiveSolveImpl
FINE: Found a solution. At time: 192, Improving on [1, 449, 250]
Feb 02, 2014 12:17:10 AM kodkod.multiobjective.MetricPoint parametrizedImprovementConstraints
FINE: Possible Improvements are conjunction of 
	(sum(this/BerkeleyDbC.totalReliability) >= 1)
	(sum(this/BerkeleyDbC.totalFootprint) <= 449)
	(sum(this/BerkeleyDbC.totalPrice) <= 250)
	((sum(this/BerkeleyDbC.totalReliability) > 1) || (sum(this/BerkeleyDbC.totalFootprint) < 449) || (sum(this/BerkeleyDbC.totalPrice) < 250))
Feb 02, 2014 12:17:14 AM kodkod.multiobjective.algorithms.CheckpointedGuidedImprovementAlgorithm multiObjectiveSolveImpl
FINE: Found a solution. At time: 196, Improving on [1, 429, 200]
Feb 02, 2014 12:17:14 AM kodkod.multiobjective.MetricPoint parametrizedImprovementConstraints
FINE: Possible Improvements are conjunction of 
	(sum(this/BerkeleyDbC.totalReliability) >= 1)
	(sum(this/BerkeleyDbC.totalFootprint) <= 429)
	(sum(this/BerkeleyDbC.totalPrice) <= 200)
	((sum(this/BerkeleyDbC.totalReliability) > 1) || (sum(this/BerkeleyDbC.totalFootprint) < 429) || (sum(this/BerkeleyDbC.totalPrice) < 200))
Feb 02, 2014 12:17:18 AM kodkod.multiobjective.algorithms.CheckpointedGuidedImprovementAlgorithm multiObjectiveSolveImpl
FINE: Found a solution. At time: 200, Improving on [1, 410, 150]
Feb 02, 2014 12:17:18 AM kodkod.multiobjective.MetricPoint parametrizedImprovementConstraints
FINE: Possible Improvements are conjunction of 
	(sum(this/BerkeleyDbC.totalReliability) >= 1)
	(sum(this/BerkeleyDbC.totalFootprint) <= 410)
	(sum(this/BerkeleyDbC.totalPrice) <= 150)
	((sum(this/BerkeleyDbC.totalReliability) > 1) || (sum(this/BerkeleyDbC.totalFootprint) < 410) || (sum(this/BerkeleyDbC.totalPrice) < 150))
Feb 02, 2014 12:17:22 AM kodkod.multiobjective.algorithms.CheckpointedGuidedImprovementAlgorithm multiObjectiveSolveImpl
FINE: Found a solution. At time: 204, Improving on [1, 390, 100]
Feb 02, 2014 12:17:22 AM kodkod.multiobjective.MetricPoint parametrizedImprovementConstraints
FINE: Possible Improvements are conjunction of 
	(sum(this/BerkeleyDbC.totalReliability) >= 1)
	(sum(this/BerkeleyDbC.totalFootprint) <= 390)
	(sum(this/BerkeleyDbC.totalPrice) <= 100)
	((sum(this/BerkeleyDbC.totalReliability) > 1) || (sum(this/BerkeleyDbC.totalFootprint) < 390) || (sum(this/BerkeleyDbC.totalPrice) < 100))
Feb 02, 2014 12:17:26 AM kodkod.multiobjective.algorithms.MultiObjectiveAlgorithm foundParetoPoint
FINE: Found Pareto point with values: [1, 390, 100]
Feb 02, 2014 12:17:26 AM kodkod.multiobjective.algorithms.CheckpointedGuidedImprovementAlgorithm multiObjectiveSolveImpl
FINE: Found Pareto point with values: [1, 390, 100]
Feb 02, 2014 12:17:40 AM kodkod.multiobjective.algorithms.MultiObjectiveAlgorithm debugWriteStatistics
FINE: Solver statistics:
	# Sat Call: 20
	# Unsat Call: 7
	# Total Time in Sat Calls: 132220
	# Total Time in Sat Calls Solving: 1410
	# Total Time in Sat Calls Translating: 130810
	# Total Time in Unsat Calls: 23613
	# Total Time in Unsat Calls Solving: 134
	# Total Time in Unsat Calls Translating: 23479
	# Magnifier Sat Call: 0
	# Magnifier Unsat Call: 0
	# Total Time in Magnifier: 0
