Feb 01, 2014 1:25:31 PM kodkod.multiobjective.algorithms.IncrementalGuidedImprovementAlgorithm multiObjectiveSolveImpl
FINE: Found a solution. At time: 0, Improving on [143]
Feb 01, 2014 1:25:31 PM kodkod.multiobjective.MetricPoint parametrizedImprovementConstraints
FINE: Possible Improvements are conjunction of 
	(sum(this/Apache.totalPerformance) >= 143)
	(sum(this/Apache.totalPerformance) > 143)
Feb 01, 2014 1:25:31 PM kodkod.multiobjective.algorithms.MultiObjectiveAlgorithm foundParetoPoint
FINE: Found Pareto point with values: [143]
Feb 01, 2014 1:25:32 PM kodkod.multiobjective.algorithms.IncrementalGuidedImprovementAlgorithm multiObjectiveSolveImpl
FINE: All Pareto points found. At time: 1
Feb 01, 2014 1:25:32 PM kodkod.multiobjective.algorithms.MultiObjectiveAlgorithm debugWriteStatistics
FINE: Solver statistics:
	# Sat Call: 1
	# Unsat Call: 2
	# Total Time in Sat Calls: 525
	# Total Time in Sat Calls Solving: 3
	# Total Time in Sat Calls Translating: 522
	# Total Time in Unsat Calls: 324
	# Total Time in Unsat Calls Solving: 5
	# Total Time in Unsat Calls Translating: 319
	# Magnifier Sat Call: 0
	# Magnifier Unsat Call: 0
	# Total Time in Magnifier: 0
