Feb 02, 2014 12:13:26 AM kodkod.multiobjective.algorithms.CheckpointedGuidedImprovementAlgorithm multiObjectiveSolveImpl
FINE: Found a solution. At time: 4, Improving on [1031]
Feb 02, 2014 12:13:26 AM kodkod.multiobjective.MetricPoint parametrizedImprovementConstraints
FINE: Possible Improvements are conjunction of 
	(sum(this/Prevayler.totalFootprint) <= 1031)
	(sum(this/Prevayler.totalFootprint) < 1031)
Feb 02, 2014 12:13:27 AM kodkod.multiobjective.algorithms.MultiObjectiveAlgorithm foundParetoPoint
FINE: Found Pareto point with values: [1031]
Feb 02, 2014 12:13:27 AM kodkod.multiobjective.algorithms.CheckpointedGuidedImprovementAlgorithm multiObjectiveSolveImpl
FINE: Found Pareto point with values: [1031]
Feb 02, 2014 12:13:28 AM kodkod.multiobjective.algorithms.MultiObjectiveAlgorithm debugWriteStatistics
FINE: Solver statistics:
	# Sat Call: 1
	# Unsat Call: 2
	# Total Time in Sat Calls: 4391
	# Total Time in Sat Calls Solving: 8
	# Total Time in Sat Calls Translating: 4383
	# Total Time in Unsat Calls: 2034
	# Total Time in Unsat Calls Solving: 0
	# Total Time in Unsat Calls Translating: 2034
	# Magnifier Sat Call: 0
	# Magnifier Unsat Call: 0
	# Total Time in Magnifier: 0
