Feb 01, 2014 3:59:13 AM kodkod.multiobjective.algorithms.IncrementalGuidedImprovementAlgorithm multiObjectiveSolveImpl
FINE: Found a solution. At time: 10, Improving on [0, 1800, 0]
Feb 01, 2014 3:59:13 AM kodkod.multiobjective.MetricPoint parametrizedImprovementConstraints
FINE: Possible Improvements are conjunction of 
	(sum(this/BerkeleyDbC.totalReliability) >= 0)
	(sum(this/BerkeleyDbC.totalFootprint) <= 1800)
	(sum(this/BerkeleyDbC.totalPrice) <= 0)
	((sum(this/BerkeleyDbC.totalReliability) > 0) || (sum(this/BerkeleyDbC.totalFootprint) < 1800) || (sum(this/BerkeleyDbC.totalPrice) < 0))
Feb 01, 2014 3:59:21 AM kodkod.multiobjective.algorithms.IncrementalGuidedImprovementAlgorithm multiObjectiveSolveImpl
FINE: Found a solution. At time: 18, Improving on [0, 340, 0]
Feb 01, 2014 3:59:21 AM kodkod.multiobjective.MetricPoint parametrizedImprovementConstraints
FINE: Possible Improvements are conjunction of 
	(sum(this/BerkeleyDbC.totalReliability) >= 0)
	(sum(this/BerkeleyDbC.totalFootprint) <= 340)
	(sum(this/BerkeleyDbC.totalPrice) <= 0)
	((sum(this/BerkeleyDbC.totalReliability) > 0) || (sum(this/BerkeleyDbC.totalFootprint) < 340) || (sum(this/BerkeleyDbC.totalPrice) < 0))
Feb 01, 2014 3:59:22 AM kodkod.multiobjective.algorithms.MultiObjectiveAlgorithm foundParetoPoint
FINE: Found Pareto point with values: [0, 340, 0]
Feb 01, 2014 3:59:47 AM kodkod.multiobjective.algorithms.IncrementalGuidedImprovementAlgorithm multiObjectiveSolveImpl
FINE: Found a solution. At time: 44, Improving on [1, 531, 0]
Feb 01, 2014 3:59:47 AM kodkod.multiobjective.MetricPoint parametrizedImprovementConstraints
FINE: Possible Improvements are conjunction of 
	(sum(this/BerkeleyDbC.totalReliability) >= 1)
	(sum(this/BerkeleyDbC.totalFootprint) <= 531)
	(sum(this/BerkeleyDbC.totalPrice) <= 0)
	((sum(this/BerkeleyDbC.totalReliability) > 1) || (sum(this/BerkeleyDbC.totalFootprint) < 531) || (sum(this/BerkeleyDbC.totalPrice) < 0))
Feb 01, 2014 3:59:49 AM kodkod.multiobjective.algorithms.MultiObjectiveAlgorithm foundParetoPoint
FINE: Found Pareto point with values: [1, 531, 0]
Feb 01, 2014 4:00:11 AM kodkod.multiobjective.algorithms.IncrementalGuidedImprovementAlgorithm multiObjectiveSolveImpl
FINE: Found a solution. At time: 68, Improving on [2, 862, 675]
Feb 01, 2014 4:00:11 AM kodkod.multiobjective.MetricPoint parametrizedImprovementConstraints
FINE: Possible Improvements are conjunction of 
	(sum(this/BerkeleyDbC.totalReliability) >= 2)
	(sum(this/BerkeleyDbC.totalFootprint) <= 862)
	(sum(this/BerkeleyDbC.totalPrice) <= 675)
	((sum(this/BerkeleyDbC.totalReliability) > 2) || (sum(this/BerkeleyDbC.totalFootprint) < 862) || (sum(this/BerkeleyDbC.totalPrice) < 675))
Feb 01, 2014 4:00:12 AM kodkod.multiobjective.algorithms.IncrementalGuidedImprovementAlgorithm multiObjectiveSolveImpl
FINE: Found a solution. At time: 69, Improving on [2, 843, 625]
Feb 01, 2014 4:00:12 AM kodkod.multiobjective.MetricPoint parametrizedImprovementConstraints
FINE: Possible Improvements are conjunction of 
	(sum(this/BerkeleyDbC.totalReliability) >= 2)
	(sum(this/BerkeleyDbC.totalFootprint) <= 843)
	(sum(this/BerkeleyDbC.totalPrice) <= 625)
	((sum(this/BerkeleyDbC.totalReliability) > 2) || (sum(this/BerkeleyDbC.totalFootprint) < 843) || (sum(this/BerkeleyDbC.totalPrice) < 625))
Feb 01, 2014 4:00:14 AM kodkod.multiobjective.algorithms.IncrementalGuidedImprovementAlgorithm multiObjectiveSolveImpl
FINE: Found a solution. At time: 71, Improving on [2, 824, 325]
Feb 01, 2014 4:00:14 AM kodkod.multiobjective.MetricPoint parametrizedImprovementConstraints
FINE: Possible Improvements are conjunction of 
	(sum(this/BerkeleyDbC.totalReliability) >= 2)
	(sum(this/BerkeleyDbC.totalFootprint) <= 824)
	(sum(this/BerkeleyDbC.totalPrice) <= 325)
	((sum(this/BerkeleyDbC.totalReliability) > 2) || (sum(this/BerkeleyDbC.totalFootprint) < 824) || (sum(this/BerkeleyDbC.totalPrice) < 325))
Feb 01, 2014 4:00:15 AM kodkod.multiobjective.algorithms.IncrementalGuidedImprovementAlgorithm multiObjectiveSolveImpl
FINE: Found a solution. At time: 72, Improving on [2, 629, 200]
Feb 01, 2014 4:00:15 AM kodkod.multiobjective.MetricPoint parametrizedImprovementConstraints
FINE: Possible Improvements are conjunction of 
	(sum(this/BerkeleyDbC.totalReliability) >= 2)
	(sum(this/BerkeleyDbC.totalFootprint) <= 629)
	(sum(this/BerkeleyDbC.totalPrice) <= 200)
	((sum(this/BerkeleyDbC.totalReliability) > 2) || (sum(this/BerkeleyDbC.totalFootprint) < 629) || (sum(this/BerkeleyDbC.totalPrice) < 200))
Feb 01, 2014 4:00:17 AM kodkod.multiobjective.algorithms.IncrementalGuidedImprovementAlgorithm multiObjectiveSolveImpl
FINE: Found a solution. At time: 74, Improving on [2, 609, 150]
Feb 01, 2014 4:00:17 AM kodkod.multiobjective.MetricPoint parametrizedImprovementConstraints
FINE: Possible Improvements are conjunction of 
	(sum(this/BerkeleyDbC.totalReliability) >= 2)
	(sum(this/BerkeleyDbC.totalFootprint) <= 609)
	(sum(this/BerkeleyDbC.totalPrice) <= 150)
	((sum(this/BerkeleyDbC.totalReliability) > 2) || (sum(this/BerkeleyDbC.totalFootprint) < 609) || (sum(this/BerkeleyDbC.totalPrice) < 150))
Feb 01, 2014 4:00:18 AM kodkod.multiobjective.algorithms.IncrementalGuidedImprovementAlgorithm multiObjectiveSolveImpl
FINE: Found a solution. At time: 75, Improving on [2, 601, 150]
Feb 01, 2014 4:00:18 AM kodkod.multiobjective.MetricPoint parametrizedImprovementConstraints
FINE: Possible Improvements are conjunction of 
	(sum(this/BerkeleyDbC.totalReliability) >= 2)
	(sum(this/BerkeleyDbC.totalFootprint) <= 601)
	(sum(this/BerkeleyDbC.totalPrice) <= 150)
	((sum(this/BerkeleyDbC.totalReliability) > 2) || (sum(this/BerkeleyDbC.totalFootprint) < 601) || (sum(this/BerkeleyDbC.totalPrice) < 150))
Feb 01, 2014 4:00:20 AM kodkod.multiobjective.algorithms.IncrementalGuidedImprovementAlgorithm multiObjectiveSolveImpl
FINE: Found a solution. At time: 77, Improving on [2, 581, 100]
Feb 01, 2014 4:00:20 AM kodkod.multiobjective.MetricPoint parametrizedImprovementConstraints
FINE: Possible Improvements are conjunction of 
	(sum(this/BerkeleyDbC.totalReliability) >= 2)
	(sum(this/BerkeleyDbC.totalFootprint) <= 581)
	(sum(this/BerkeleyDbC.totalPrice) <= 100)
	((sum(this/BerkeleyDbC.totalReliability) > 2) || (sum(this/BerkeleyDbC.totalFootprint) < 581) || (sum(this/BerkeleyDbC.totalPrice) < 100))
Feb 01, 2014 4:00:23 AM kodkod.multiobjective.algorithms.MultiObjectiveAlgorithm foundParetoPoint
FINE: Found Pareto point with values: [2, 581, 100]
Feb 01, 2014 4:00:45 AM kodkod.multiobjective.algorithms.IncrementalGuidedImprovementAlgorithm multiObjectiveSolveImpl
FINE: Found a solution. At time: 102, Improving on [1, 390, 100]
Feb 01, 2014 4:00:45 AM kodkod.multiobjective.MetricPoint parametrizedImprovementConstraints
FINE: Possible Improvements are conjunction of 
	(sum(this/BerkeleyDbC.totalReliability) >= 1)
	(sum(this/BerkeleyDbC.totalFootprint) <= 390)
	(sum(this/BerkeleyDbC.totalPrice) <= 100)
	((sum(this/BerkeleyDbC.totalReliability) > 1) || (sum(this/BerkeleyDbC.totalFootprint) < 390) || (sum(this/BerkeleyDbC.totalPrice) < 100))
Feb 01, 2014 4:00:47 AM kodkod.multiobjective.algorithms.MultiObjectiveAlgorithm foundParetoPoint
FINE: Found Pareto point with values: [1, 390, 100]
Feb 01, 2014 4:01:08 AM kodkod.multiobjective.algorithms.IncrementalGuidedImprovementAlgorithm multiObjectiveSolveImpl
FINE: Found a solution. At time: 125, Improving on [3, 717, 650]
Feb 01, 2014 4:01:08 AM kodkod.multiobjective.MetricPoint parametrizedImprovementConstraints
FINE: Possible Improvements are conjunction of 
	(sum(this/BerkeleyDbC.totalReliability) >= 3)
	(sum(this/BerkeleyDbC.totalFootprint) <= 717)
	(sum(this/BerkeleyDbC.totalPrice) <= 650)
	((sum(this/BerkeleyDbC.totalReliability) > 3) || (sum(this/BerkeleyDbC.totalFootprint) < 717) || (sum(this/BerkeleyDbC.totalPrice) < 650))
Feb 01, 2014 4:01:10 AM kodkod.multiobjective.algorithms.IncrementalGuidedImprovementAlgorithm multiObjectiveSolveImpl
FINE: Found a solution. At time: 127, Improving on [3, 670, 300]
Feb 01, 2014 4:01:10 AM kodkod.multiobjective.MetricPoint parametrizedImprovementConstraints
FINE: Possible Improvements are conjunction of 
	(sum(this/BerkeleyDbC.totalReliability) >= 3)
	(sum(this/BerkeleyDbC.totalFootprint) <= 670)
	(sum(this/BerkeleyDbC.totalPrice) <= 300)
	((sum(this/BerkeleyDbC.totalReliability) > 3) || (sum(this/BerkeleyDbC.totalFootprint) < 670) || (sum(this/BerkeleyDbC.totalPrice) < 300))
Feb 01, 2014 4:01:12 AM kodkod.multiobjective.algorithms.MultiObjectiveAlgorithm foundParetoPoint
FINE: Found Pareto point with values: [3, 670, 300]
Feb 01, 2014 4:01:33 AM kodkod.multiobjective.algorithms.IncrementalGuidedImprovementAlgorithm multiObjectiveSolveImpl
FINE: Found a solution. At time: 150, Improving on [2, 507, 350]
Feb 01, 2014 4:01:33 AM kodkod.multiobjective.MetricPoint parametrizedImprovementConstraints
FINE: Possible Improvements are conjunction of 
	(sum(this/BerkeleyDbC.totalReliability) >= 2)
	(sum(this/BerkeleyDbC.totalFootprint) <= 507)
	(sum(this/BerkeleyDbC.totalPrice) <= 350)
	((sum(this/BerkeleyDbC.totalReliability) > 2) || (sum(this/BerkeleyDbC.totalFootprint) < 507) || (sum(this/BerkeleyDbC.totalPrice) < 350))
Feb 01, 2014 4:01:34 AM kodkod.multiobjective.algorithms.IncrementalGuidedImprovementAlgorithm multiObjectiveSolveImpl
FINE: Found a solution. At time: 151, Improving on [2, 479, 300]
Feb 01, 2014 4:01:34 AM kodkod.multiobjective.MetricPoint parametrizedImprovementConstraints
FINE: Possible Improvements are conjunction of 
	(sum(this/BerkeleyDbC.totalReliability) >= 2)
	(sum(this/BerkeleyDbC.totalFootprint) <= 479)
	(sum(this/BerkeleyDbC.totalPrice) <= 300)
	((sum(this/BerkeleyDbC.totalReliability) > 2) || (sum(this/BerkeleyDbC.totalFootprint) < 479) || (sum(this/BerkeleyDbC.totalPrice) < 300))
Feb 01, 2014 4:01:36 AM kodkod.multiobjective.algorithms.MultiObjectiveAlgorithm foundParetoPoint
FINE: Found Pareto point with values: [2, 479, 300]
Feb 01, 2014 4:01:59 AM kodkod.multiobjective.algorithms.IncrementalGuidedImprovementAlgorithm multiObjectiveSolveImpl
FINE: All Pareto points found. At time: 177
Feb 01, 2014 4:01:59 AM kodkod.multiobjective.algorithms.MultiObjectiveAlgorithm debugWriteStatistics
FINE: Solver statistics:
	# Sat Call: 15
	# Unsat Call: 7
	# Total Time in Sat Calls: 123098
	# Total Time in Sat Calls Solving: 3248
	# Total Time in Sat Calls Translating: 119850
	# Total Time in Unsat Calls: 28793
	# Total Time in Unsat Calls Solving: 562
	# Total Time in Unsat Calls Translating: 28231
	# Magnifier Sat Call: 0
	# Magnifier Unsat Call: 0
	# Total Time in Magnifier: 0
