Feb 01, 2014 4:22:56 AM kodkod.multiobjective.algorithms.IncrementalGuidedImprovementAlgorithm multiObjectiveSolveImpl
FINE: Found a solution. At time: 5, Improving on [839]
Feb 01, 2014 4:22:56 AM kodkod.multiobjective.MetricPoint parametrizedImprovementConstraints
FINE: Possible Improvements are conjunction of 
	(sum(this/Sqlite.totalFootprint) <= 839)
	(sum(this/Sqlite.totalFootprint) < 839)
Feb 01, 2014 4:23:04 AM kodkod.multiobjective.algorithms.IncrementalGuidedImprovementAlgorithm multiObjectiveSolveImpl
FINE: Found a solution. At time: 12, Improving on [750]
Feb 01, 2014 4:23:04 AM kodkod.multiobjective.MetricPoint parametrizedImprovementConstraints
FINE: Possible Improvements are conjunction of 
	(sum(this/Sqlite.totalFootprint) <= 750)
	(sum(this/Sqlite.totalFootprint) < 750)
Feb 01, 2014 4:23:06 AM kodkod.multiobjective.algorithms.IncrementalGuidedImprovementAlgorithm multiObjectiveSolveImpl
FINE: Found a solution. At time: 14, Improving on [749]
Feb 01, 2014 4:23:06 AM kodkod.multiobjective.MetricPoint parametrizedImprovementConstraints
FINE: Possible Improvements are conjunction of 
	(sum(this/Sqlite.totalFootprint) <= 749)
	(sum(this/Sqlite.totalFootprint) < 749)
Feb 01, 2014 4:23:07 AM kodkod.multiobjective.algorithms.IncrementalGuidedImprovementAlgorithm multiObjectiveSolveImpl
FINE: Found a solution. At time: 16, Improving on [748]
Feb 01, 2014 4:23:07 AM kodkod.multiobjective.MetricPoint parametrizedImprovementConstraints
FINE: Possible Improvements are conjunction of 
	(sum(this/Sqlite.totalFootprint) <= 748)
	(sum(this/Sqlite.totalFootprint) < 748)
Feb 01, 2014 4:23:09 AM kodkod.multiobjective.algorithms.IncrementalGuidedImprovementAlgorithm multiObjectiveSolveImpl
FINE: Found a solution. At time: 17, Improving on [745]
Feb 01, 2014 4:23:09 AM kodkod.multiobjective.MetricPoint parametrizedImprovementConstraints
FINE: Possible Improvements are conjunction of 
	(sum(this/Sqlite.totalFootprint) <= 745)
	(sum(this/Sqlite.totalFootprint) < 745)
Feb 01, 2014 4:23:10 AM kodkod.multiobjective.algorithms.IncrementalGuidedImprovementAlgorithm multiObjectiveSolveImpl
FINE: Found a solution. At time: 19, Improving on [742]
Feb 01, 2014 4:23:10 AM kodkod.multiobjective.MetricPoint parametrizedImprovementConstraints
FINE: Possible Improvements are conjunction of 
	(sum(this/Sqlite.totalFootprint) <= 742)
	(sum(this/Sqlite.totalFootprint) < 742)
Feb 01, 2014 4:23:12 AM kodkod.multiobjective.algorithms.IncrementalGuidedImprovementAlgorithm multiObjectiveSolveImpl
FINE: Found a solution. At time: 20, Improving on [741]
Feb 01, 2014 4:23:12 AM kodkod.multiobjective.MetricPoint parametrizedImprovementConstraints
FINE: Possible Improvements are conjunction of 
	(sum(this/Sqlite.totalFootprint) <= 741)
	(sum(this/Sqlite.totalFootprint) < 741)
Feb 01, 2014 4:23:14 AM kodkod.multiobjective.algorithms.MultiObjectiveAlgorithm foundParetoPoint
FINE: Found Pareto point with values: [741]
Feb 01, 2014 4:23:29 AM kodkod.multiobjective.algorithms.IncrementalGuidedImprovementAlgorithm multiObjectiveSolveImpl
FINE: All Pareto points found. At time: 38
Feb 01, 2014 4:23:29 AM kodkod.multiobjective.algorithms.MultiObjectiveAlgorithm debugWriteStatistics
FINE: Solver statistics:
	# Sat Call: 7
	# Unsat Call: 2
	# Total Time in Sat Calls: 18632
	# Total Time in Sat Calls Solving: 408
	# Total Time in Sat Calls Translating: 18224
	# Total Time in Unsat Calls: 15190
	# Total Time in Unsat Calls Solving: 761
	# Total Time in Unsat Calls Translating: 14429
	# Magnifier Sat Call: 0
	# Magnifier Unsat Call: 0
	# Total Time in Magnifier: 0
