Feb 01, 2014 1:48:50 PM kodkod.multiobjective.algorithms.IncrementalGuidedImprovementAlgorithm multiObjectiveSolveImpl
FINE: Found a solution. At time: 15, Improving on [-123]
Feb 01, 2014 1:48:50 PM kodkod.multiobjective.MetricPoint parametrizedImprovementConstraints
FINE: Possible Improvements are conjunction of 
	(sum(this/Sqlite.totalFootprint) <= -123)
	(sum(this/Sqlite.totalFootprint) < -123)
Feb 01, 2014 1:48:50 PM kodkod.multiobjective.algorithms.IncrementalGuidedImprovementAlgorithm multiObjectiveSolveImpl
FINE: Found a solution. At time: 16, Improving on [-124]
Feb 01, 2014 1:48:50 PM kodkod.multiobjective.MetricPoint parametrizedImprovementConstraints
FINE: Possible Improvements are conjunction of 
	(sum(this/Sqlite.totalFootprint) <= -124)
	(sum(this/Sqlite.totalFootprint) < -124)
Feb 01, 2014 1:48:50 PM kodkod.multiobjective.algorithms.IncrementalGuidedImprovementAlgorithm multiObjectiveSolveImpl
FINE: Found a solution. At time: 16, Improving on [-137]
Feb 01, 2014 1:48:50 PM kodkod.multiobjective.MetricPoint parametrizedImprovementConstraints
FINE: Possible Improvements are conjunction of 
	(sum(this/Sqlite.totalFootprint) <= -137)
	(sum(this/Sqlite.totalFootprint) < -137)
Feb 01, 2014 1:48:51 PM kodkod.multiobjective.algorithms.IncrementalGuidedImprovementAlgorithm multiObjectiveSolveImpl
FINE: Found a solution. At time: 16, Improving on [-153]
Feb 01, 2014 1:48:51 PM kodkod.multiobjective.MetricPoint parametrizedImprovementConstraints
FINE: Possible Improvements are conjunction of 
	(sum(this/Sqlite.totalFootprint) <= -153)
	(sum(this/Sqlite.totalFootprint) < -153)
Feb 01, 2014 1:48:51 PM kodkod.multiobjective.algorithms.IncrementalGuidedImprovementAlgorithm multiObjectiveSolveImpl
FINE: Found a solution. At time: 16, Improving on [-157]
Feb 01, 2014 1:48:51 PM kodkod.multiobjective.MetricPoint parametrizedImprovementConstraints
FINE: Possible Improvements are conjunction of 
	(sum(this/Sqlite.totalFootprint) <= -157)
	(sum(this/Sqlite.totalFootprint) < -157)
Feb 01, 2014 1:48:52 PM kodkod.multiobjective.algorithms.IncrementalGuidedImprovementAlgorithm multiObjectiveSolveImpl
FINE: Found a solution. At time: 18, Improving on [-169]
Feb 01, 2014 1:48:52 PM kodkod.multiobjective.MetricPoint parametrizedImprovementConstraints
FINE: Possible Improvements are conjunction of 
	(sum(this/Sqlite.totalFootprint) <= -169)
	(sum(this/Sqlite.totalFootprint) < -169)
Feb 01, 2014 1:48:53 PM kodkod.multiobjective.algorithms.IncrementalGuidedImprovementAlgorithm multiObjectiveSolveImpl
FINE: Found a solution. At time: 18, Improving on [-170]
Feb 01, 2014 1:48:53 PM kodkod.multiobjective.MetricPoint parametrizedImprovementConstraints
FINE: Possible Improvements are conjunction of 
	(sum(this/Sqlite.totalFootprint) <= -170)
	(sum(this/Sqlite.totalFootprint) < -170)
Feb 01, 2014 1:48:53 PM kodkod.multiobjective.algorithms.IncrementalGuidedImprovementAlgorithm multiObjectiveSolveImpl
FINE: Found a solution. At time: 18, Improving on [-171]
Feb 01, 2014 1:48:53 PM kodkod.multiobjective.MetricPoint parametrizedImprovementConstraints
FINE: Possible Improvements are conjunction of 
	(sum(this/Sqlite.totalFootprint) <= -171)
	(sum(this/Sqlite.totalFootprint) < -171)
Feb 01, 2014 1:48:53 PM kodkod.multiobjective.algorithms.IncrementalGuidedImprovementAlgorithm multiObjectiveSolveImpl
FINE: Found a solution. At time: 18, Improving on [-177]
Feb 01, 2014 1:48:53 PM kodkod.multiobjective.MetricPoint parametrizedImprovementConstraints
FINE: Possible Improvements are conjunction of 
	(sum(this/Sqlite.totalFootprint) <= -177)
	(sum(this/Sqlite.totalFootprint) < -177)
Feb 01, 2014 1:48:53 PM kodkod.multiobjective.algorithms.MultiObjectiveAlgorithm foundParetoPoint
FINE: Found Pareto point with values: [-177]
Feb 01, 2014 1:49:08 PM kodkod.multiobjective.algorithms.IncrementalGuidedImprovementAlgorithm multiObjectiveSolveImpl
FINE: All Pareto points found. At time: 34
Feb 01, 2014 1:49:08 PM kodkod.multiobjective.algorithms.MultiObjectiveAlgorithm debugWriteStatistics
FINE: Solver statistics:
	# Sat Call: 9
	# Unsat Call: 2
	# Total Time in Sat Calls: 16598
	# Total Time in Sat Calls Solving: 2889
	# Total Time in Sat Calls Translating: 13709
	# Total Time in Unsat Calls: 12921
	# Total Time in Unsat Calls Solving: 2148
	# Total Time in Unsat Calls Translating: 10773
	# Magnifier Sat Call: 0
	# Magnifier Unsat Call: 0
	# Total Time in Magnifier: 0
