Feb 01, 2014 4:35:33 AM kodkod.multiobjective.algorithms.IncrementalGuidedImprovementAlgorithm multiObjectiveSolveImpl
FINE: Found a solution. At time: 7, Improving on [1127]
Feb 01, 2014 4:35:33 AM kodkod.multiobjective.MetricPoint parametrizedImprovementConstraints
FINE: Possible Improvements are conjunction of 
	(sum(this/BerkeleyDbC.totalFootprint) <= 1127)
	(sum(this/BerkeleyDbC.totalFootprint) < 1127)
Feb 01, 2014 4:35:33 AM kodkod.multiobjective.algorithms.IncrementalGuidedImprovementAlgorithm multiObjectiveSolveImpl
FINE: Found a solution. At time: 7, Improving on [1083]
Feb 01, 2014 4:35:33 AM kodkod.multiobjective.MetricPoint parametrizedImprovementConstraints
FINE: Possible Improvements are conjunction of 
	(sum(this/BerkeleyDbC.totalFootprint) <= 1083)
	(sum(this/BerkeleyDbC.totalFootprint) < 1083)
Feb 01, 2014 4:35:33 AM kodkod.multiobjective.algorithms.IncrementalGuidedImprovementAlgorithm multiObjectiveSolveImpl
FINE: Found a solution. At time: 7, Improving on [1073]
Feb 01, 2014 4:35:33 AM kodkod.multiobjective.MetricPoint parametrizedImprovementConstraints
FINE: Possible Improvements are conjunction of 
	(sum(this/BerkeleyDbC.totalFootprint) <= 1073)
	(sum(this/BerkeleyDbC.totalFootprint) < 1073)
Feb 01, 2014 4:35:34 AM kodkod.multiobjective.algorithms.MultiObjectiveAlgorithm foundParetoPoint
FINE: Found Pareto point with values: [1073]
Feb 01, 2014 4:35:42 AM kodkod.multiobjective.algorithms.IncrementalGuidedImprovementAlgorithm multiObjectiveSolveImpl
FINE: All Pareto points found. At time: 16
Feb 01, 2014 4:35:42 AM kodkod.multiobjective.algorithms.MultiObjectiveAlgorithm debugWriteStatistics
FINE: Solver statistics:
	# Sat Call: 3
	# Unsat Call: 2
	# Total Time in Sat Calls: 7689
	# Total Time in Sat Calls Solving: 213
	# Total Time in Sat Calls Translating: 7476
	# Total Time in Unsat Calls: 8111
	# Total Time in Unsat Calls Solving: 250
	# Total Time in Unsat Calls Translating: 7861
	# Magnifier Sat Call: 0
	# Magnifier Unsat Call: 0
	# Total Time in Magnifier: 0
