Feb 02, 2014 1:20:16 PM kodkod.multiobjective.algorithms.CheckpointedGuidedImprovementAlgorithm multiObjectiveSolveImpl
FINE: Found a solution. At time: 0, Improving on [696]
Feb 02, 2014 1:20:16 PM kodkod.multiobjective.MetricPoint parametrizedImprovementConstraints
FINE: Possible Improvements are conjunction of 
	(sum(this/PKJab.totalFootprint) <= 696)
	(sum(this/PKJab.totalFootprint) < 696)
Feb 02, 2014 1:20:16 PM kodkod.multiobjective.algorithms.MultiObjectiveAlgorithm foundParetoPoint
FINE: Found Pareto point with values: [696]
Feb 02, 2014 1:20:16 PM kodkod.multiobjective.algorithms.CheckpointedGuidedImprovementAlgorithm multiObjectiveSolveImpl
FINE: Found Pareto point with values: [696]
Feb 02, 2014 1:20:17 PM kodkod.multiobjective.algorithms.MultiObjectiveAlgorithm debugWriteStatistics
FINE: Solver statistics:
	# Sat Call: 1
	# Unsat Call: 2
	# Total Time in Sat Calls: 345
	# Total Time in Sat Calls Solving: 3
	# Total Time in Sat Calls Translating: 342
	# Total Time in Unsat Calls: 34
	# Total Time in Unsat Calls Solving: 20
	# Total Time in Unsat Calls Translating: 14
	# Magnifier Sat Call: 0
	# Magnifier Unsat Call: 0
	# Total Time in Magnifier: 0
