Feb 01, 2014 1:32:41 PM kodkod.multiobjective.algorithms.IncrementalGuidedImprovementAlgorithm multiObjectiveSolveImpl
FINE: Found a solution. At time: 21, Improving on [2, 665, 650]
Feb 01, 2014 1:32:41 PM kodkod.multiobjective.MetricPoint parametrizedImprovementConstraints
FINE: Possible Improvements are conjunction of 
	(sum(this/BerkeleyDbC.totalReliability) >= 2)
	(sum(this/BerkeleyDbC.totalFootprint) <= 665)
	(sum(this/BerkeleyDbC.totalPrice) <= 650)
	((sum(this/BerkeleyDbC.totalReliability) > 2) || (sum(this/BerkeleyDbC.totalFootprint) < 665) || (sum(this/BerkeleyDbC.totalPrice) < 650))
Feb 01, 2014 1:32:41 PM kodkod.multiobjective.algorithms.IncrementalGuidedImprovementAlgorithm multiObjectiveSolveImpl
FINE: Found a solution. At time: 21, Improving on [2, 646, 350]
Feb 01, 2014 1:32:41 PM kodkod.multiobjective.MetricPoint parametrizedImprovementConstraints
FINE: Possible Improvements are conjunction of 
	(sum(this/BerkeleyDbC.totalReliability) >= 2)
	(sum(this/BerkeleyDbC.totalFootprint) <= 646)
	(sum(this/BerkeleyDbC.totalPrice) <= 350)
	((sum(this/BerkeleyDbC.totalReliability) > 2) || (sum(this/BerkeleyDbC.totalFootprint) < 646) || (sum(this/BerkeleyDbC.totalPrice) < 350))
Feb 01, 2014 1:32:42 PM kodkod.multiobjective.algorithms.IncrementalGuidedImprovementAlgorithm multiObjectiveSolveImpl
FINE: Found a solution. At time: 22, Improving on [2, 507, 350]
Feb 01, 2014 1:32:42 PM kodkod.multiobjective.MetricPoint parametrizedImprovementConstraints
FINE: Possible Improvements are conjunction of 
	(sum(this/BerkeleyDbC.totalReliability) >= 2)
	(sum(this/BerkeleyDbC.totalFootprint) <= 507)
	(sum(this/BerkeleyDbC.totalPrice) <= 350)
	((sum(this/BerkeleyDbC.totalReliability) > 2) || (sum(this/BerkeleyDbC.totalFootprint) < 507) || (sum(this/BerkeleyDbC.totalPrice) < 350))
Feb 01, 2014 1:32:42 PM kodkod.multiobjective.algorithms.MultiObjectiveAlgorithm foundParetoPoint
FINE: Found Pareto point with values: [2, 507, 350]
Feb 01, 2014 1:33:03 PM kodkod.multiobjective.algorithms.IncrementalGuidedImprovementAlgorithm multiObjectiveSolveImpl
FINE: Found a solution. At time: 43, Improving on [3, 856, 650]
Feb 01, 2014 1:33:03 PM kodkod.multiobjective.MetricPoint parametrizedImprovementConstraints
FINE: Possible Improvements are conjunction of 
	(sum(this/BerkeleyDbC.totalReliability) >= 3)
	(sum(this/BerkeleyDbC.totalFootprint) <= 856)
	(sum(this/BerkeleyDbC.totalPrice) <= 650)
	((sum(this/BerkeleyDbC.totalReliability) > 3) || (sum(this/BerkeleyDbC.totalFootprint) < 856) || (sum(this/BerkeleyDbC.totalPrice) < 650))
Feb 01, 2014 1:33:03 PM kodkod.multiobjective.algorithms.IncrementalGuidedImprovementAlgorithm multiObjectiveSolveImpl
FINE: Found a solution. At time: 43, Improving on [3, 698, 350]
Feb 01, 2014 1:33:03 PM kodkod.multiobjective.MetricPoint parametrizedImprovementConstraints
FINE: Possible Improvements are conjunction of 
	(sum(this/BerkeleyDbC.totalReliability) >= 3)
	(sum(this/BerkeleyDbC.totalFootprint) <= 698)
	(sum(this/BerkeleyDbC.totalPrice) <= 350)
	((sum(this/BerkeleyDbC.totalReliability) > 3) || (sum(this/BerkeleyDbC.totalFootprint) < 698) || (sum(this/BerkeleyDbC.totalPrice) < 350))
Feb 01, 2014 1:33:03 PM kodkod.multiobjective.algorithms.MultiObjectiveAlgorithm foundParetoPoint
FINE: Found Pareto point with values: [3, 698, 350]
Feb 01, 2014 1:33:22 PM kodkod.multiobjective.algorithms.IncrementalGuidedImprovementAlgorithm multiObjectiveSolveImpl
FINE: All Pareto points found. At time: 62
Feb 01, 2014 1:33:22 PM kodkod.multiobjective.algorithms.MultiObjectiveAlgorithm debugWriteStatistics
FINE: Solver statistics:
	# Sat Call: 5
	# Unsat Call: 3
	# Total Time in Sat Calls: 36351
	# Total Time in Sat Calls Solving: 1218
	# Total Time in Sat Calls Translating: 35133
	# Total Time in Unsat Calls: 15246
	# Total Time in Unsat Calls Solving: 773
	# Total Time in Unsat Calls Translating: 14473
	# Magnifier Sat Call: 0
	# Magnifier Unsat Call: 0
	# Total Time in Magnifier: 0
