Feb 01, 2014 4:26:24 AM kodkod.multiobjective.algorithms.IncrementalGuidedImprovementAlgorithm multiObjectiveSolveImpl
FINE: Found a solution. At time: 5, Improving on [898]
Feb 01, 2014 4:26:24 AM kodkod.multiobjective.MetricPoint parametrizedImprovementConstraints
FINE: Possible Improvements are conjunction of 
	(sum(this/Sqlite.totalFootprint) <= 898)
	(sum(this/Sqlite.totalFootprint) < 898)
Feb 01, 2014 4:26:32 AM kodkod.multiobjective.algorithms.IncrementalGuidedImprovementAlgorithm multiObjectiveSolveImpl
FINE: Found a solution. At time: 12, Improving on [857]
Feb 01, 2014 4:26:32 AM kodkod.multiobjective.MetricPoint parametrizedImprovementConstraints
FINE: Possible Improvements are conjunction of 
	(sum(this/Sqlite.totalFootprint) <= 857)
	(sum(this/Sqlite.totalFootprint) < 857)
Feb 01, 2014 4:26:33 AM kodkod.multiobjective.algorithms.IncrementalGuidedImprovementAlgorithm multiObjectiveSolveImpl
FINE: Found a solution. At time: 14, Improving on [841]
Feb 01, 2014 4:26:33 AM kodkod.multiobjective.MetricPoint parametrizedImprovementConstraints
FINE: Possible Improvements are conjunction of 
	(sum(this/Sqlite.totalFootprint) <= 841)
	(sum(this/Sqlite.totalFootprint) < 841)
Feb 01, 2014 4:26:35 AM kodkod.multiobjective.algorithms.IncrementalGuidedImprovementAlgorithm multiObjectiveSolveImpl
FINE: Found a solution. At time: 15, Improving on [833]
Feb 01, 2014 4:26:35 AM kodkod.multiobjective.MetricPoint parametrizedImprovementConstraints
FINE: Possible Improvements are conjunction of 
	(sum(this/Sqlite.totalFootprint) <= 833)
	(sum(this/Sqlite.totalFootprint) < 833)
Feb 01, 2014 4:26:36 AM kodkod.multiobjective.algorithms.IncrementalGuidedImprovementAlgorithm multiObjectiveSolveImpl
FINE: Found a solution. At time: 17, Improving on [832]
Feb 01, 2014 4:26:36 AM kodkod.multiobjective.MetricPoint parametrizedImprovementConstraints
FINE: Possible Improvements are conjunction of 
	(sum(this/Sqlite.totalFootprint) <= 832)
	(sum(this/Sqlite.totalFootprint) < 832)
Feb 01, 2014 4:26:38 AM kodkod.multiobjective.algorithms.IncrementalGuidedImprovementAlgorithm multiObjectiveSolveImpl
FINE: Found a solution. At time: 18, Improving on [816]
Feb 01, 2014 4:26:38 AM kodkod.multiobjective.MetricPoint parametrizedImprovementConstraints
FINE: Possible Improvements are conjunction of 
	(sum(this/Sqlite.totalFootprint) <= 816)
	(sum(this/Sqlite.totalFootprint) < 816)
Feb 01, 2014 4:26:39 AM kodkod.multiobjective.algorithms.IncrementalGuidedImprovementAlgorithm multiObjectiveSolveImpl
FINE: Found a solution. At time: 20, Improving on [-45]
Feb 01, 2014 4:26:39 AM kodkod.multiobjective.MetricPoint parametrizedImprovementConstraints
FINE: Possible Improvements are conjunction of 
	(sum(this/Sqlite.totalFootprint) <= -45)
	(sum(this/Sqlite.totalFootprint) < -45)
Feb 01, 2014 4:26:41 AM kodkod.multiobjective.algorithms.IncrementalGuidedImprovementAlgorithm multiObjectiveSolveImpl
FINE: Found a solution. At time: 21, Improving on [-55]
Feb 01, 2014 4:26:41 AM kodkod.multiobjective.MetricPoint parametrizedImprovementConstraints
FINE: Possible Improvements are conjunction of 
	(sum(this/Sqlite.totalFootprint) <= -55)
	(sum(this/Sqlite.totalFootprint) < -55)
Feb 01, 2014 4:26:42 AM kodkod.multiobjective.algorithms.IncrementalGuidedImprovementAlgorithm multiObjectiveSolveImpl
FINE: Found a solution. At time: 23, Improving on [-64]
Feb 01, 2014 4:26:42 AM kodkod.multiobjective.MetricPoint parametrizedImprovementConstraints
FINE: Possible Improvements are conjunction of 
	(sum(this/Sqlite.totalFootprint) <= -64)
	(sum(this/Sqlite.totalFootprint) < -64)
Feb 01, 2014 4:26:44 AM kodkod.multiobjective.algorithms.IncrementalGuidedImprovementAlgorithm multiObjectiveSolveImpl
FINE: Found a solution. At time: 24, Improving on [-72]
Feb 01, 2014 4:26:44 AM kodkod.multiobjective.MetricPoint parametrizedImprovementConstraints
FINE: Possible Improvements are conjunction of 
	(sum(this/Sqlite.totalFootprint) <= -72)
	(sum(this/Sqlite.totalFootprint) < -72)
Feb 01, 2014 4:26:46 AM kodkod.multiobjective.algorithms.IncrementalGuidedImprovementAlgorithm multiObjectiveSolveImpl
FINE: Found a solution. At time: 26, Improving on [-86]
Feb 01, 2014 4:26:46 AM kodkod.multiobjective.MetricPoint parametrizedImprovementConstraints
FINE: Possible Improvements are conjunction of 
	(sum(this/Sqlite.totalFootprint) <= -86)
	(sum(this/Sqlite.totalFootprint) < -86)
Feb 01, 2014 4:26:48 AM kodkod.multiobjective.algorithms.IncrementalGuidedImprovementAlgorithm multiObjectiveSolveImpl
FINE: Found a solution. At time: 29, Improving on [-87]
Feb 01, 2014 4:26:48 AM kodkod.multiobjective.MetricPoint parametrizedImprovementConstraints
FINE: Possible Improvements are conjunction of 
	(sum(this/Sqlite.totalFootprint) <= -87)
	(sum(this/Sqlite.totalFootprint) < -87)
Feb 01, 2014 4:26:49 AM kodkod.multiobjective.algorithms.IncrementalGuidedImprovementAlgorithm multiObjectiveSolveImpl
FINE: Found a solution. At time: 30, Improving on [-88]
Feb 01, 2014 4:26:49 AM kodkod.multiobjective.MetricPoint parametrizedImprovementConstraints
FINE: Possible Improvements are conjunction of 
	(sum(this/Sqlite.totalFootprint) <= -88)
	(sum(this/Sqlite.totalFootprint) < -88)
Feb 01, 2014 4:26:51 AM kodkod.multiobjective.algorithms.IncrementalGuidedImprovementAlgorithm multiObjectiveSolveImpl
FINE: Found a solution. At time: 32, Improving on [-89]
Feb 01, 2014 4:26:51 AM kodkod.multiobjective.MetricPoint parametrizedImprovementConstraints
FINE: Possible Improvements are conjunction of 
	(sum(this/Sqlite.totalFootprint) <= -89)
	(sum(this/Sqlite.totalFootprint) < -89)
Feb 01, 2014 4:26:52 AM kodkod.multiobjective.algorithms.IncrementalGuidedImprovementAlgorithm multiObjectiveSolveImpl
FINE: Found a solution. At time: 33, Improving on [-90]
Feb 01, 2014 4:26:52 AM kodkod.multiobjective.MetricPoint parametrizedImprovementConstraints
FINE: Possible Improvements are conjunction of 
	(sum(this/Sqlite.totalFootprint) <= -90)
	(sum(this/Sqlite.totalFootprint) < -90)
Feb 01, 2014 4:26:54 AM kodkod.multiobjective.algorithms.IncrementalGuidedImprovementAlgorithm multiObjectiveSolveImpl
FINE: Found a solution. At time: 34, Improving on [-92]
Feb 01, 2014 4:26:54 AM kodkod.multiobjective.MetricPoint parametrizedImprovementConstraints
FINE: Possible Improvements are conjunction of 
	(sum(this/Sqlite.totalFootprint) <= -92)
	(sum(this/Sqlite.totalFootprint) < -92)
Feb 01, 2014 4:26:55 AM kodkod.multiobjective.algorithms.IncrementalGuidedImprovementAlgorithm multiObjectiveSolveImpl
FINE: Found a solution. At time: 36, Improving on [-93]
Feb 01, 2014 4:26:55 AM kodkod.multiobjective.MetricPoint parametrizedImprovementConstraints
FINE: Possible Improvements are conjunction of 
	(sum(this/Sqlite.totalFootprint) <= -93)
	(sum(this/Sqlite.totalFootprint) < -93)
Feb 01, 2014 4:26:57 AM kodkod.multiobjective.algorithms.IncrementalGuidedImprovementAlgorithm multiObjectiveSolveImpl
FINE: Found a solution. At time: 37, Improving on [-96]
Feb 01, 2014 4:26:57 AM kodkod.multiobjective.MetricPoint parametrizedImprovementConstraints
FINE: Possible Improvements are conjunction of 
	(sum(this/Sqlite.totalFootprint) <= -96)
	(sum(this/Sqlite.totalFootprint) < -96)
Feb 01, 2014 4:26:58 AM kodkod.multiobjective.algorithms.IncrementalGuidedImprovementAlgorithm multiObjectiveSolveImpl
FINE: Found a solution. At time: 39, Improving on [-97]
Feb 01, 2014 4:26:58 AM kodkod.multiobjective.MetricPoint parametrizedImprovementConstraints
FINE: Possible Improvements are conjunction of 
	(sum(this/Sqlite.totalFootprint) <= -97)
	(sum(this/Sqlite.totalFootprint) < -97)
Feb 01, 2014 4:26:59 AM kodkod.multiobjective.algorithms.IncrementalGuidedImprovementAlgorithm multiObjectiveSolveImpl
FINE: Found a solution. At time: 40, Improving on [-98]
Feb 01, 2014 4:26:59 AM kodkod.multiobjective.MetricPoint parametrizedImprovementConstraints
FINE: Possible Improvements are conjunction of 
	(sum(this/Sqlite.totalFootprint) <= -98)
	(sum(this/Sqlite.totalFootprint) < -98)
Feb 01, 2014 4:27:01 AM kodkod.multiobjective.algorithms.IncrementalGuidedImprovementAlgorithm multiObjectiveSolveImpl
FINE: Found a solution. At time: 42, Improving on [-99]
Feb 01, 2014 4:27:01 AM kodkod.multiobjective.MetricPoint parametrizedImprovementConstraints
FINE: Possible Improvements are conjunction of 
	(sum(this/Sqlite.totalFootprint) <= -99)
	(sum(this/Sqlite.totalFootprint) < -99)
Feb 01, 2014 4:27:02 AM kodkod.multiobjective.algorithms.MultiObjectiveAlgorithm foundParetoPoint
FINE: Found Pareto point with values: [-99]
Feb 01, 2014 4:27:19 AM kodkod.multiobjective.algorithms.IncrementalGuidedImprovementAlgorithm multiObjectiveSolveImpl
FINE: All Pareto points found. At time: 59
Feb 01, 2014 4:27:19 AM kodkod.multiobjective.algorithms.MultiObjectiveAlgorithm debugWriteStatistics
FINE: Solver statistics:
	# Sat Call: 21
	# Unsat Call: 2
	# Total Time in Sat Calls: 39566
	# Total Time in Sat Calls Solving: 1019
	# Total Time in Sat Calls Translating: 38547
	# Total Time in Unsat Calls: 15627
	# Total Time in Unsat Calls Solving: 931
	# Total Time in Unsat Calls Translating: 14696
	# Magnifier Sat Call: 0
	# Magnifier Unsat Call: 0
	# Total Time in Magnifier: 0
