Feb 01, 2014 4:16:42 AM kodkod.multiobjective.algorithms.IncrementalGuidedImprovementAlgorithm multiObjectiveSolveImpl
FINE: Found a solution. At time: 1, Improving on [487]
Feb 01, 2014 4:16:42 AM kodkod.multiobjective.MetricPoint parametrizedImprovementConstraints
FINE: Possible Improvements are conjunction of 
	(sum(this/LinkedList.totalFootprint) <= 487)
	(sum(this/LinkedList.totalFootprint) < 487)
Feb 01, 2014 4:16:43 AM kodkod.multiobjective.algorithms.MultiObjectiveAlgorithm foundParetoPoint
FINE: Found Pareto point with values: [487]
Feb 01, 2014 4:16:44 AM kodkod.multiobjective.algorithms.IncrementalGuidedImprovementAlgorithm multiObjectiveSolveImpl
FINE: All Pareto points found. At time: 3
Feb 01, 2014 4:16:44 AM kodkod.multiobjective.algorithms.MultiObjectiveAlgorithm debugWriteStatistics
FINE: Solver statistics:
	# Sat Call: 1
	# Unsat Call: 2
	# Total Time in Sat Calls: 790
	# Total Time in Sat Calls Solving: 4
	# Total Time in Sat Calls Translating: 786
	# Total Time in Unsat Calls: 1916
	# Total Time in Unsat Calls Solving: 47
	# Total Time in Unsat Calls Translating: 1869
	# Magnifier Sat Call: 0
	# Magnifier Unsat Call: 0
	# Total Time in Magnifier: 0
