Feb 02, 2014 12:13:11 AM kodkod.multiobjective.algorithms.CheckpointedGuidedImprovementAlgorithm multiObjectiveSolveImpl
FINE: Found a solution. At time: 4, Improving on [1631]
Feb 02, 2014 12:13:11 AM kodkod.multiobjective.MetricPoint parametrizedImprovementConstraints
FINE: Possible Improvements are conjunction of 
	(sum(this/Prevayler.totalFootprint) <= 1631)
	(sum(this/Prevayler.totalFootprint) < 1631)
Feb 02, 2014 12:13:12 AM kodkod.multiobjective.algorithms.MultiObjectiveAlgorithm foundParetoPoint
FINE: Found Pareto point with values: [1631]
Feb 02, 2014 12:13:12 AM kodkod.multiobjective.algorithms.CheckpointedGuidedImprovementAlgorithm multiObjectiveSolveImpl
FINE: Found Pareto point with values: [1631]
Feb 02, 2014 12:13:13 AM kodkod.multiobjective.algorithms.MultiObjectiveAlgorithm debugWriteStatistics
FINE: Solver statistics:
	# Sat Call: 1
	# Unsat Call: 2
	# Total Time in Sat Calls: 4405
	# Total Time in Sat Calls Solving: 8
	# Total Time in Sat Calls Translating: 4397
	# Total Time in Unsat Calls: 2044
	# Total Time in Unsat Calls Solving: 0
	# Total Time in Unsat Calls Translating: 2044
	# Magnifier Sat Call: 0
	# Magnifier Unsat Call: 0
	# Total Time in Magnifier: 0
