Feb 01, 2014 9:17:12 PM kodkod.multiobjective.algorithms.CheckpointedGuidedImprovementAlgorithm multiObjectiveSolveImpl
FINE: Found a solution. At time: 6, Improving on [927]
Feb 01, 2014 9:17:12 PM kodkod.multiobjective.MetricPoint parametrizedImprovementConstraints
FINE: Possible Improvements are conjunction of 
	(sum(this/Prevayler.totalFootprint) <= 927)
	(sum(this/Prevayler.totalFootprint) < 927)
Feb 01, 2014 9:17:13 PM kodkod.multiobjective.algorithms.MultiObjectiveAlgorithm foundParetoPoint
FINE: Found Pareto point with values: [927]
Feb 01, 2014 9:17:13 PM kodkod.multiobjective.algorithms.CheckpointedGuidedImprovementAlgorithm multiObjectiveSolveImpl
FINE: Found Pareto point with values: [927]
Feb 01, 2014 9:17:13 PM kodkod.multiobjective.algorithms.MultiObjectiveAlgorithm debugWriteStatistics
FINE: Solver statistics:
	# Sat Call: 1
	# Unsat Call: 2
	# Total Time in Sat Calls: 6308
	# Total Time in Sat Calls Solving: 118
	# Total Time in Sat Calls Translating: 6190
	# Total Time in Unsat Calls: 357
	# Total Time in Unsat Calls Solving: 6
	# Total Time in Unsat Calls Translating: 351
	# Magnifier Sat Call: 0
	# Magnifier Unsat Call: 0
	# Total Time in Magnifier: 0
