Feb 01, 2014 9:33:38 PM kodkod.multiobjective.algorithms.CheckpointedGuidedImprovementAlgorithm multiObjectiveSolveImpl
FINE: Found a solution. At time: 15, Improving on [1021]
Feb 01, 2014 9:33:38 PM kodkod.multiobjective.MetricPoint parametrizedImprovementConstraints
FINE: Possible Improvements are conjunction of 
	(sum(this/LinkedList.totalFootprint) <= 1021)
	(sum(this/LinkedList.totalFootprint) < 1021)
Feb 01, 2014 9:33:38 PM kodkod.multiobjective.algorithms.MultiObjectiveAlgorithm foundParetoPoint
FINE: Found Pareto point with values: [1021]
Feb 01, 2014 9:33:38 PM kodkod.multiobjective.algorithms.CheckpointedGuidedImprovementAlgorithm multiObjectiveSolveImpl
FINE: Found Pareto point with values: [1021]
Feb 01, 2014 9:33:39 PM kodkod.multiobjective.algorithms.MultiObjectiveAlgorithm debugWriteStatistics
FINE: Solver statistics:
	# Sat Call: 1
	# Unsat Call: 2
	# Total Time in Sat Calls: 14868
	# Total Time in Sat Calls Solving: 376
	# Total Time in Sat Calls Translating: 14492
	# Total Time in Unsat Calls: 357
	# Total Time in Unsat Calls Solving: 0
	# Total Time in Unsat Calls Translating: 357
	# Magnifier Sat Call: 0
	# Magnifier Unsat Call: 0
	# Total Time in Magnifier: 0
