Feb 01, 2014 9:37:33 PM kodkod.multiobjective.algorithms.CheckpointedGuidedImprovementAlgorithm multiObjectiveSolveImpl
FINE: Found a solution. At time: 7, Improving on [1016]
Feb 01, 2014 9:37:33 PM kodkod.multiobjective.MetricPoint parametrizedImprovementConstraints
FINE: Possible Improvements are conjunction of 
	(sum(this/BerkeleyDbC.totalFootprint) <= 1016)
	(sum(this/BerkeleyDbC.totalFootprint) < 1016)
Feb 01, 2014 9:37:33 PM kodkod.multiobjective.algorithms.MultiObjectiveAlgorithm foundParetoPoint
FINE: Found Pareto point with values: [1016]
Feb 01, 2014 9:37:33 PM kodkod.multiobjective.algorithms.CheckpointedGuidedImprovementAlgorithm multiObjectiveSolveImpl
FINE: Found Pareto point with values: [1016]
Feb 01, 2014 9:37:34 PM kodkod.multiobjective.algorithms.MultiObjectiveAlgorithm debugWriteStatistics
FINE: Solver statistics:
	# Sat Call: 1
	# Unsat Call: 2
	# Total Time in Sat Calls: 7708
	# Total Time in Sat Calls Solving: 179
	# Total Time in Sat Calls Translating: 7529
	# Total Time in Unsat Calls: 494
	# Total Time in Unsat Calls Solving: 67
	# Total Time in Unsat Calls Translating: 427
	# Magnifier Sat Call: 0
	# Magnifier Unsat Call: 0
	# Total Time in Magnifier: 0
