Feb 01, 2014 1:44:44 PM kodkod.multiobjective.algorithms.IncrementalGuidedImprovementAlgorithm multiObjectiveSolveImpl
FINE: Found a solution. At time: 15, Improving on [892]
Feb 01, 2014 1:44:44 PM kodkod.multiobjective.MetricPoint parametrizedImprovementConstraints
FINE: Possible Improvements are conjunction of 
	(sum(this/Sqlite.totalFootprint) <= 892)
	(sum(this/Sqlite.totalFootprint) < 892)
Feb 01, 2014 1:44:44 PM kodkod.multiobjective.algorithms.IncrementalGuidedImprovementAlgorithm multiObjectiveSolveImpl
FINE: Found a solution. At time: 15, Improving on [883]
Feb 01, 2014 1:44:44 PM kodkod.multiobjective.MetricPoint parametrizedImprovementConstraints
FINE: Possible Improvements are conjunction of 
	(sum(this/Sqlite.totalFootprint) <= 883)
	(sum(this/Sqlite.totalFootprint) < 883)
Feb 01, 2014 1:44:44 PM kodkod.multiobjective.algorithms.IncrementalGuidedImprovementAlgorithm multiObjectiveSolveImpl
FINE: Found a solution. At time: 16, Improving on [875]
Feb 01, 2014 1:44:44 PM kodkod.multiobjective.MetricPoint parametrizedImprovementConstraints
FINE: Possible Improvements are conjunction of 
	(sum(this/Sqlite.totalFootprint) <= 875)
	(sum(this/Sqlite.totalFootprint) < 875)
Feb 01, 2014 1:44:44 PM kodkod.multiobjective.algorithms.IncrementalGuidedImprovementAlgorithm multiObjectiveSolveImpl
FINE: Found a solution. At time: 16, Improving on [835]
Feb 01, 2014 1:44:44 PM kodkod.multiobjective.MetricPoint parametrizedImprovementConstraints
FINE: Possible Improvements are conjunction of 
	(sum(this/Sqlite.totalFootprint) <= 835)
	(sum(this/Sqlite.totalFootprint) < 835)
Feb 01, 2014 1:44:45 PM kodkod.multiobjective.algorithms.IncrementalGuidedImprovementAlgorithm multiObjectiveSolveImpl
FINE: Found a solution. At time: 16, Improving on [-151]
Feb 01, 2014 1:44:45 PM kodkod.multiobjective.MetricPoint parametrizedImprovementConstraints
FINE: Possible Improvements are conjunction of 
	(sum(this/Sqlite.totalFootprint) <= -151)
	(sum(this/Sqlite.totalFootprint) < -151)
Feb 01, 2014 1:44:45 PM kodkod.multiobjective.algorithms.IncrementalGuidedImprovementAlgorithm multiObjectiveSolveImpl
FINE: Found a solution. At time: 16, Improving on [-152]
Feb 01, 2014 1:44:45 PM kodkod.multiobjective.MetricPoint parametrizedImprovementConstraints
FINE: Possible Improvements are conjunction of 
	(sum(this/Sqlite.totalFootprint) <= -152)
	(sum(this/Sqlite.totalFootprint) < -152)
Feb 01, 2014 1:44:45 PM kodkod.multiobjective.algorithms.IncrementalGuidedImprovementAlgorithm multiObjectiveSolveImpl
FINE: Found a solution. At time: 16, Improving on [-155]
Feb 01, 2014 1:44:45 PM kodkod.multiobjective.MetricPoint parametrizedImprovementConstraints
FINE: Possible Improvements are conjunction of 
	(sum(this/Sqlite.totalFootprint) <= -155)
	(sum(this/Sqlite.totalFootprint) < -155)
Feb 01, 2014 1:44:45 PM kodkod.multiobjective.algorithms.IncrementalGuidedImprovementAlgorithm multiObjectiveSolveImpl
FINE: Found a solution. At time: 16, Improving on [-156]
Feb 01, 2014 1:44:45 PM kodkod.multiobjective.MetricPoint parametrizedImprovementConstraints
FINE: Possible Improvements are conjunction of 
	(sum(this/Sqlite.totalFootprint) <= -156)
	(sum(this/Sqlite.totalFootprint) < -156)
Feb 01, 2014 1:44:47 PM kodkod.multiobjective.algorithms.IncrementalGuidedImprovementAlgorithm multiObjectiveSolveImpl
FINE: Found a solution. At time: 18, Improving on [-158]
Feb 01, 2014 1:44:47 PM kodkod.multiobjective.MetricPoint parametrizedImprovementConstraints
FINE: Possible Improvements are conjunction of 
	(sum(this/Sqlite.totalFootprint) <= -158)
	(sum(this/Sqlite.totalFootprint) < -158)
Feb 01, 2014 1:44:47 PM kodkod.multiobjective.algorithms.IncrementalGuidedImprovementAlgorithm multiObjectiveSolveImpl
FINE: Found a solution. At time: 18, Improving on [-159]
Feb 01, 2014 1:44:47 PM kodkod.multiobjective.MetricPoint parametrizedImprovementConstraints
FINE: Possible Improvements are conjunction of 
	(sum(this/Sqlite.totalFootprint) <= -159)
	(sum(this/Sqlite.totalFootprint) < -159)
Feb 01, 2014 1:44:47 PM kodkod.multiobjective.algorithms.IncrementalGuidedImprovementAlgorithm multiObjectiveSolveImpl
FINE: Found a solution. At time: 18, Improving on [-160]
Feb 01, 2014 1:44:47 PM kodkod.multiobjective.MetricPoint parametrizedImprovementConstraints
FINE: Possible Improvements are conjunction of 
	(sum(this/Sqlite.totalFootprint) <= -160)
	(sum(this/Sqlite.totalFootprint) < -160)
Feb 01, 2014 1:44:47 PM kodkod.multiobjective.algorithms.IncrementalGuidedImprovementAlgorithm multiObjectiveSolveImpl
FINE: Found a solution. At time: 19, Improving on [-162]
Feb 01, 2014 1:44:47 PM kodkod.multiobjective.MetricPoint parametrizedImprovementConstraints
FINE: Possible Improvements are conjunction of 
	(sum(this/Sqlite.totalFootprint) <= -162)
	(sum(this/Sqlite.totalFootprint) < -162)
Feb 01, 2014 1:44:47 PM kodkod.multiobjective.algorithms.IncrementalGuidedImprovementAlgorithm multiObjectiveSolveImpl
FINE: Found a solution. At time: 19, Improving on [-163]
Feb 01, 2014 1:44:47 PM kodkod.multiobjective.MetricPoint parametrizedImprovementConstraints
FINE: Possible Improvements are conjunction of 
	(sum(this/Sqlite.totalFootprint) <= -163)
	(sum(this/Sqlite.totalFootprint) < -163)
Feb 01, 2014 1:44:47 PM kodkod.multiobjective.algorithms.IncrementalGuidedImprovementAlgorithm multiObjectiveSolveImpl
FINE: Found a solution. At time: 19, Improving on [-164]
Feb 01, 2014 1:44:47 PM kodkod.multiobjective.MetricPoint parametrizedImprovementConstraints
FINE: Possible Improvements are conjunction of 
	(sum(this/Sqlite.totalFootprint) <= -164)
	(sum(this/Sqlite.totalFootprint) < -164)
Feb 01, 2014 1:44:48 PM kodkod.multiobjective.algorithms.IncrementalGuidedImprovementAlgorithm multiObjectiveSolveImpl
FINE: Found a solution. At time: 19, Improving on [-166]
Feb 01, 2014 1:44:48 PM kodkod.multiobjective.MetricPoint parametrizedImprovementConstraints
FINE: Possible Improvements are conjunction of 
	(sum(this/Sqlite.totalFootprint) <= -166)
	(sum(this/Sqlite.totalFootprint) < -166)
Feb 01, 2014 1:44:48 PM kodkod.multiobjective.algorithms.IncrementalGuidedImprovementAlgorithm multiObjectiveSolveImpl
FINE: Found a solution. At time: 19, Improving on [-168]
Feb 01, 2014 1:44:48 PM kodkod.multiobjective.MetricPoint parametrizedImprovementConstraints
FINE: Possible Improvements are conjunction of 
	(sum(this/Sqlite.totalFootprint) <= -168)
	(sum(this/Sqlite.totalFootprint) < -168)
Feb 01, 2014 1:44:48 PM kodkod.multiobjective.algorithms.IncrementalGuidedImprovementAlgorithm multiObjectiveSolveImpl
FINE: Found a solution. At time: 19, Improving on [-169]
Feb 01, 2014 1:44:48 PM kodkod.multiobjective.MetricPoint parametrizedImprovementConstraints
FINE: Possible Improvements are conjunction of 
	(sum(this/Sqlite.totalFootprint) <= -169)
	(sum(this/Sqlite.totalFootprint) < -169)
Feb 01, 2014 1:44:48 PM kodkod.multiobjective.algorithms.MultiObjectiveAlgorithm foundParetoPoint
FINE: Found Pareto point with values: [-169]
Feb 01, 2014 1:45:06 PM kodkod.multiobjective.algorithms.IncrementalGuidedImprovementAlgorithm multiObjectiveSolveImpl
FINE: All Pareto points found. At time: 37
Feb 01, 2014 1:45:06 PM kodkod.multiobjective.algorithms.MultiObjectiveAlgorithm debugWriteStatistics
FINE: Solver statistics:
	# Sat Call: 17
	# Unsat Call: 2
	# Total Time in Sat Calls: 17145
	# Total Time in Sat Calls Solving: 3397
	# Total Time in Sat Calls Translating: 13748
	# Total Time in Unsat Calls: 15493
	# Total Time in Unsat Calls Solving: 2985
	# Total Time in Unsat Calls Translating: 12508
	# Magnifier Sat Call: 0
	# Magnifier Unsat Call: 0
	# Total Time in Magnifier: 0
