Feb 01, 2014 10:55:07 PM kodkod.multiobjective.algorithms.CheckpointedGuidedImprovementAlgorithm multiObjectiveSolveImpl
FINE: Found a solution. At time: 23, Improving on [900]
Feb 01, 2014 10:55:07 PM kodkod.multiobjective.MetricPoint parametrizedImprovementConstraints
FINE: Possible Improvements are conjunction of 
	(sum(this/Sqlite.totalFootprint) <= 900)
	(sum(this/Sqlite.totalFootprint) < 900)
Feb 01, 2014 10:55:29 PM kodkod.multiobjective.algorithms.CheckpointedGuidedImprovementAlgorithm multiObjectiveSolveImpl
FINE: Found a solution. At time: 45, Improving on [897]
Feb 01, 2014 10:55:29 PM kodkod.multiobjective.MetricPoint parametrizedImprovementConstraints
FINE: Possible Improvements are conjunction of 
	(sum(this/Sqlite.totalFootprint) <= 897)
	(sum(this/Sqlite.totalFootprint) < 897)
Feb 01, 2014 10:55:34 PM kodkod.multiobjective.algorithms.CheckpointedGuidedImprovementAlgorithm multiObjectiveSolveImpl
FINE: Found a solution. At time: 50, Improving on [895]
Feb 01, 2014 10:55:34 PM kodkod.multiobjective.MetricPoint parametrizedImprovementConstraints
FINE: Possible Improvements are conjunction of 
	(sum(this/Sqlite.totalFootprint) <= 895)
	(sum(this/Sqlite.totalFootprint) < 895)
Feb 01, 2014 10:55:38 PM kodkod.multiobjective.algorithms.CheckpointedGuidedImprovementAlgorithm multiObjectiveSolveImpl
FINE: Found a solution. At time: 54, Improving on [871]
Feb 01, 2014 10:55:38 PM kodkod.multiobjective.MetricPoint parametrizedImprovementConstraints
FINE: Possible Improvements are conjunction of 
	(sum(this/Sqlite.totalFootprint) <= 871)
	(sum(this/Sqlite.totalFootprint) < 871)
Feb 01, 2014 10:55:43 PM kodkod.multiobjective.algorithms.CheckpointedGuidedImprovementAlgorithm multiObjectiveSolveImpl
FINE: Found a solution. At time: 59, Improving on [868]
Feb 01, 2014 10:55:43 PM kodkod.multiobjective.MetricPoint parametrizedImprovementConstraints
FINE: Possible Improvements are conjunction of 
	(sum(this/Sqlite.totalFootprint) <= 868)
	(sum(this/Sqlite.totalFootprint) < 868)
Feb 01, 2014 10:55:47 PM kodkod.multiobjective.algorithms.CheckpointedGuidedImprovementAlgorithm multiObjectiveSolveImpl
FINE: Found a solution. At time: 63, Improving on [866]
Feb 01, 2014 10:55:47 PM kodkod.multiobjective.MetricPoint parametrizedImprovementConstraints
FINE: Possible Improvements are conjunction of 
	(sum(this/Sqlite.totalFootprint) <= 866)
	(sum(this/Sqlite.totalFootprint) < 866)
Feb 01, 2014 10:55:52 PM kodkod.multiobjective.algorithms.CheckpointedGuidedImprovementAlgorithm multiObjectiveSolveImpl
FINE: Found a solution. At time: 68, Improving on [864]
Feb 01, 2014 10:55:52 PM kodkod.multiobjective.MetricPoint parametrizedImprovementConstraints
FINE: Possible Improvements are conjunction of 
	(sum(this/Sqlite.totalFootprint) <= 864)
	(sum(this/Sqlite.totalFootprint) < 864)
Feb 01, 2014 10:55:56 PM kodkod.multiobjective.algorithms.CheckpointedGuidedImprovementAlgorithm multiObjectiveSolveImpl
FINE: Found a solution. At time: 72, Improving on [857]
Feb 01, 2014 10:55:56 PM kodkod.multiobjective.MetricPoint parametrizedImprovementConstraints
FINE: Possible Improvements are conjunction of 
	(sum(this/Sqlite.totalFootprint) <= 857)
	(sum(this/Sqlite.totalFootprint) < 857)
Feb 01, 2014 10:56:01 PM kodkod.multiobjective.algorithms.CheckpointedGuidedImprovementAlgorithm multiObjectiveSolveImpl
FINE: Found a solution. At time: 77, Improving on [856]
Feb 01, 2014 10:56:01 PM kodkod.multiobjective.MetricPoint parametrizedImprovementConstraints
FINE: Possible Improvements are conjunction of 
	(sum(this/Sqlite.totalFootprint) <= 856)
	(sum(this/Sqlite.totalFootprint) < 856)
Feb 01, 2014 10:56:05 PM kodkod.multiobjective.algorithms.CheckpointedGuidedImprovementAlgorithm multiObjectiveSolveImpl
FINE: Found a solution. At time: 81, Improving on [850]
Feb 01, 2014 10:56:05 PM kodkod.multiobjective.MetricPoint parametrizedImprovementConstraints
FINE: Possible Improvements are conjunction of 
	(sum(this/Sqlite.totalFootprint) <= 850)
	(sum(this/Sqlite.totalFootprint) < 850)
Feb 01, 2014 10:56:10 PM kodkod.multiobjective.algorithms.CheckpointedGuidedImprovementAlgorithm multiObjectiveSolveImpl
FINE: Found a solution. At time: 86, Improving on [849]
Feb 01, 2014 10:56:10 PM kodkod.multiobjective.MetricPoint parametrizedImprovementConstraints
FINE: Possible Improvements are conjunction of 
	(sum(this/Sqlite.totalFootprint) <= 849)
	(sum(this/Sqlite.totalFootprint) < 849)
Feb 01, 2014 10:56:15 PM kodkod.multiobjective.algorithms.CheckpointedGuidedImprovementAlgorithm multiObjectiveSolveImpl
FINE: Found a solution. At time: 91, Improving on [848]
Feb 01, 2014 10:56:15 PM kodkod.multiobjective.MetricPoint parametrizedImprovementConstraints
FINE: Possible Improvements are conjunction of 
	(sum(this/Sqlite.totalFootprint) <= 848)
	(sum(this/Sqlite.totalFootprint) < 848)
Feb 01, 2014 10:56:19 PM kodkod.multiobjective.algorithms.CheckpointedGuidedImprovementAlgorithm multiObjectiveSolveImpl
FINE: Found a solution. At time: 95, Improving on [847]
Feb 01, 2014 10:56:19 PM kodkod.multiobjective.MetricPoint parametrizedImprovementConstraints
FINE: Possible Improvements are conjunction of 
	(sum(this/Sqlite.totalFootprint) <= 847)
	(sum(this/Sqlite.totalFootprint) < 847)
Feb 01, 2014 10:56:24 PM kodkod.multiobjective.algorithms.CheckpointedGuidedImprovementAlgorithm multiObjectiveSolveImpl
FINE: Found a solution. At time: 100, Improving on [846]
Feb 01, 2014 10:56:24 PM kodkod.multiobjective.MetricPoint parametrizedImprovementConstraints
FINE: Possible Improvements are conjunction of 
	(sum(this/Sqlite.totalFootprint) <= 846)
	(sum(this/Sqlite.totalFootprint) < 846)
Feb 01, 2014 10:56:28 PM kodkod.multiobjective.algorithms.CheckpointedGuidedImprovementAlgorithm multiObjectiveSolveImpl
FINE: Found a solution. At time: 104, Improving on [845]
Feb 01, 2014 10:56:28 PM kodkod.multiobjective.MetricPoint parametrizedImprovementConstraints
FINE: Possible Improvements are conjunction of 
	(sum(this/Sqlite.totalFootprint) <= 845)
	(sum(this/Sqlite.totalFootprint) < 845)
Feb 01, 2014 10:56:33 PM kodkod.multiobjective.algorithms.CheckpointedGuidedImprovementAlgorithm multiObjectiveSolveImpl
FINE: Found a solution. At time: 108, Improving on [844]
Feb 01, 2014 10:56:33 PM kodkod.multiobjective.MetricPoint parametrizedImprovementConstraints
FINE: Possible Improvements are conjunction of 
	(sum(this/Sqlite.totalFootprint) <= 844)
	(sum(this/Sqlite.totalFootprint) < 844)
Feb 01, 2014 10:56:37 PM kodkod.multiobjective.algorithms.MultiObjectiveAlgorithm foundParetoPoint
FINE: Found Pareto point with values: [844]
Feb 01, 2014 10:56:37 PM kodkod.multiobjective.algorithms.CheckpointedGuidedImprovementAlgorithm multiObjectiveSolveImpl
FINE: Found Pareto point with values: [844]
Feb 01, 2014 10:57:32 PM kodkod.multiobjective.algorithms.MultiObjectiveAlgorithm debugWriteStatistics
FINE: Solver statistics:
	# Sat Call: 16
	# Unsat Call: 2
	# Total Time in Sat Calls: 98804
	# Total Time in Sat Calls Solving: 1573
	# Total Time in Sat Calls Translating: 97231
	# Total Time in Unsat Calls: 18199
	# Total Time in Unsat Calls Solving: 465
	# Total Time in Unsat Calls Translating: 17734
	# Magnifier Sat Call: 0
	# Magnifier Unsat Call: 0
	# Total Time in Magnifier: 0
