Feb 02, 2014 12:12:33 AM kodkod.multiobjective.algorithms.CheckpointedGuidedImprovementAlgorithm multiObjectiveSolveImpl
FINE: Found a solution. At time: 1, Improving on [176]
Feb 02, 2014 12:12:33 AM kodkod.multiobjective.MetricPoint parametrizedImprovementConstraints
FINE: Possible Improvements are conjunction of 
	(sum(this/Apache.totalPerformance) >= 176)
	(sum(this/Apache.totalPerformance) > 176)
Feb 02, 2014 12:12:33 AM kodkod.multiobjective.algorithms.MultiObjectiveAlgorithm foundParetoPoint
FINE: Found Pareto point with values: [176]
Feb 02, 2014 12:12:33 AM kodkod.multiobjective.algorithms.CheckpointedGuidedImprovementAlgorithm multiObjectiveSolveImpl
FINE: Found Pareto point with values: [176]
Feb 02, 2014 12:12:34 AM kodkod.multiobjective.algorithms.MultiObjectiveAlgorithm debugWriteStatistics
FINE: Solver statistics:
	# Sat Call: 1
	# Unsat Call: 2
	# Total Time in Sat Calls: 883
	# Total Time in Sat Calls Solving: 3
	# Total Time in Sat Calls Translating: 880
	# Total Time in Unsat Calls: 763
	# Total Time in Unsat Calls Solving: 2
	# Total Time in Unsat Calls Translating: 761
	# Magnifier Sat Call: 0
	# Magnifier Unsat Call: 0
	# Total Time in Magnifier: 0
