Feb 01, 2014 4:16:52 AM kodkod.multiobjective.algorithms.IncrementalGuidedImprovementAlgorithm multiObjectiveSolveImpl
FINE: Found a solution. At time: 0, Improving on [699]
Feb 01, 2014 4:16:52 AM kodkod.multiobjective.MetricPoint parametrizedImprovementConstraints
FINE: Possible Improvements are conjunction of 
	(sum(this/PKJab.totalFootprint) <= 699)
	(sum(this/PKJab.totalFootprint) < 699)
Feb 01, 2014 4:16:52 AM kodkod.multiobjective.algorithms.MultiObjectiveAlgorithm foundParetoPoint
FINE: Found Pareto point with values: [699]
Feb 01, 2014 4:16:52 AM kodkod.multiobjective.algorithms.IncrementalGuidedImprovementAlgorithm multiObjectiveSolveImpl
FINE: All Pareto points found. At time: 0
Feb 01, 2014 4:16:52 AM kodkod.multiobjective.algorithms.MultiObjectiveAlgorithm debugWriteStatistics
FINE: Solver statistics:
	# Sat Call: 1
	# Unsat Call: 2
	# Total Time in Sat Calls: 168
	# Total Time in Sat Calls Solving: 0
	# Total Time in Sat Calls Translating: 168
	# Total Time in Unsat Calls: 291
	# Total Time in Unsat Calls Solving: 3
	# Total Time in Unsat Calls Translating: 288
	# Magnifier Sat Call: 0
	# Magnifier Unsat Call: 0
	# Total Time in Magnifier: 0
