Feb 01, 2014 9:42:17 PM kodkod.multiobjective.algorithms.CheckpointedGuidedImprovementAlgorithm multiObjectiveSolveImpl
FINE: Found a solution. At time: 3, Improving on [789]
Feb 01, 2014 9:42:17 PM kodkod.multiobjective.MetricPoint parametrizedImprovementConstraints
FINE: Possible Improvements are conjunction of 
	(sum(this/PKJab.totalFootprint) <= 789)
	(sum(this/PKJab.totalFootprint) < 789)
Feb 01, 2014 9:42:17 PM kodkod.multiobjective.algorithms.MultiObjectiveAlgorithm foundParetoPoint
FINE: Found Pareto point with values: [789]
Feb 01, 2014 9:42:17 PM kodkod.multiobjective.algorithms.CheckpointedGuidedImprovementAlgorithm multiObjectiveSolveImpl
FINE: Found Pareto point with values: [789]
Feb 01, 2014 9:42:17 PM kodkod.multiobjective.algorithms.MultiObjectiveAlgorithm debugWriteStatistics
FINE: Solver statistics:
	# Sat Call: 1
	# Unsat Call: 2
	# Total Time in Sat Calls: 3704
	# Total Time in Sat Calls Solving: 102
	# Total Time in Sat Calls Translating: 3602
	# Total Time in Unsat Calls: 181
	# Total Time in Unsat Calls Solving: 11
	# Total Time in Unsat Calls Translating: 170
	# Magnifier Sat Call: 0
	# Magnifier Unsat Call: 0
	# Total Time in Magnifier: 0
