Feb 01, 2014 3:34:44 AM kodkod.multiobjective.algorithms.IncrementalGuidedImprovementAlgorithm multiObjectiveSolveImpl
FINE: Found a solution. At time: 6, Improving on [873]
Feb 01, 2014 3:34:45 AM kodkod.multiobjective.MetricPoint parametrizedImprovementConstraints
FINE: Possible Improvements are conjunction of 
	(sum(this/Prevayler.totalFootprint) <= 873)
	(sum(this/Prevayler.totalFootprint) < 873)
Feb 01, 2014 3:34:45 AM kodkod.multiobjective.algorithms.MultiObjectiveAlgorithm foundParetoPoint
FINE: Found Pareto point with values: [873]
Feb 01, 2014 3:34:51 AM kodkod.multiobjective.algorithms.IncrementalGuidedImprovementAlgorithm multiObjectiveSolveImpl
FINE: All Pareto points found. At time: 13
Feb 01, 2014 3:34:51 AM kodkod.multiobjective.algorithms.MultiObjectiveAlgorithm debugWriteStatistics
FINE: Solver statistics:
	# Sat Call: 1
	# Unsat Call: 2
	# Total Time in Sat Calls: 6245
	# Total Time in Sat Calls Solving: 119
	# Total Time in Sat Calls Translating: 6126
	# Total Time in Unsat Calls: 6561
	# Total Time in Unsat Calls Solving: 319
	# Total Time in Unsat Calls Translating: 6242
	# Magnifier Sat Call: 0
	# Magnifier Unsat Call: 0
	# Total Time in Magnifier: 0
