Feb 01, 2014 1:43:39 PM kodkod.multiobjective.algorithms.IncrementalGuidedImprovementAlgorithm multiObjectiveSolveImpl
FINE: Found a solution. At time: 0, Improving on [989]
Feb 01, 2014 1:43:39 PM kodkod.multiobjective.MetricPoint parametrizedImprovementConstraints
FINE: Possible Improvements are conjunction of 
	(sum(this/BerkeleyDbC.totalFootprint) <= 989)
	(sum(this/BerkeleyDbC.totalFootprint) < 989)
Feb 01, 2014 1:43:39 PM kodkod.multiobjective.algorithms.IncrementalGuidedImprovementAlgorithm multiObjectiveSolveImpl
FINE: Found a solution. At time: 0, Improving on [945]
Feb 01, 2014 1:43:39 PM kodkod.multiobjective.MetricPoint parametrizedImprovementConstraints
FINE: Possible Improvements are conjunction of 
	(sum(this/BerkeleyDbC.totalFootprint) <= 945)
	(sum(this/BerkeleyDbC.totalFootprint) < 945)
Feb 01, 2014 1:43:39 PM kodkod.multiobjective.algorithms.MultiObjectiveAlgorithm foundParetoPoint
FINE: Found Pareto point with values: [945]
Feb 01, 2014 1:43:39 PM kodkod.multiobjective.algorithms.IncrementalGuidedImprovementAlgorithm multiObjectiveSolveImpl
FINE: All Pareto points found. At time: 1
Feb 01, 2014 1:43:39 PM kodkod.multiobjective.algorithms.MultiObjectiveAlgorithm debugWriteStatistics
FINE: Solver statistics:
	# Sat Call: 2
	# Unsat Call: 2
	# Total Time in Sat Calls: 600
	# Total Time in Sat Calls Solving: 12
	# Total Time in Sat Calls Translating: 588
	# Total Time in Unsat Calls: 297
	# Total Time in Unsat Calls Solving: 30
	# Total Time in Unsat Calls Translating: 267
	# Magnifier Sat Call: 0
	# Magnifier Unsat Call: 0
	# Total Time in Magnifier: 0
