Feb 01, 2014 4:16:14 AM kodkod.multiobjective.algorithms.IncrementalGuidedImprovementAlgorithm multiObjectiveSolveImpl
FINE: Found a solution. At time: 1, Improving on [1089]
Feb 01, 2014 4:16:14 AM kodkod.multiobjective.MetricPoint parametrizedImprovementConstraints
FINE: Possible Improvements are conjunction of 
	(sum(this/LinkedList.totalFootprint) <= 1089)
	(sum(this/LinkedList.totalFootprint) < 1089)
Feb 01, 2014 4:16:15 AM kodkod.multiobjective.algorithms.MultiObjectiveAlgorithm foundParetoPoint
FINE: Found Pareto point with values: [1089]
Feb 01, 2014 4:16:16 AM kodkod.multiobjective.algorithms.IncrementalGuidedImprovementAlgorithm multiObjectiveSolveImpl
FINE: All Pareto points found. At time: 3
Feb 01, 2014 4:16:16 AM kodkod.multiobjective.algorithms.MultiObjectiveAlgorithm debugWriteStatistics
FINE: Solver statistics:
	# Sat Call: 1
	# Unsat Call: 2
	# Total Time in Sat Calls: 773
	# Total Time in Sat Calls Solving: 4
	# Total Time in Sat Calls Translating: 769
	# Total Time in Unsat Calls: 1959
	# Total Time in Unsat Calls Solving: 0
	# Total Time in Unsat Calls Translating: 1959
	# Magnifier Sat Call: 0
	# Magnifier Unsat Call: 0
	# Total Time in Magnifier: 0
