Feb 01, 2014 4:23:35 AM kodkod.multiobjective.algorithms.IncrementalGuidedImprovementAlgorithm multiObjectiveSolveImpl
FINE: Found a solution. At time: 5, Improving on [-84]
Feb 01, 2014 4:23:35 AM kodkod.multiobjective.MetricPoint parametrizedImprovementConstraints
FINE: Possible Improvements are conjunction of 
	(sum(this/Sqlite.totalFootprint) <= -84)
	(sum(this/Sqlite.totalFootprint) < -84)
Feb 01, 2014 4:23:43 AM kodkod.multiobjective.algorithms.IncrementalGuidedImprovementAlgorithm multiObjectiveSolveImpl
FINE: Found a solution. At time: 12, Improving on [-127]
Feb 01, 2014 4:23:43 AM kodkod.multiobjective.MetricPoint parametrizedImprovementConstraints
FINE: Possible Improvements are conjunction of 
	(sum(this/Sqlite.totalFootprint) <= -127)
	(sum(this/Sqlite.totalFootprint) < -127)
Feb 01, 2014 4:23:44 AM kodkod.multiobjective.algorithms.IncrementalGuidedImprovementAlgorithm multiObjectiveSolveImpl
FINE: Found a solution. At time: 14, Improving on [-157]
Feb 01, 2014 4:23:44 AM kodkod.multiobjective.MetricPoint parametrizedImprovementConstraints
FINE: Possible Improvements are conjunction of 
	(sum(this/Sqlite.totalFootprint) <= -157)
	(sum(this/Sqlite.totalFootprint) < -157)
Feb 01, 2014 4:23:46 AM kodkod.multiobjective.algorithms.IncrementalGuidedImprovementAlgorithm multiObjectiveSolveImpl
FINE: Found a solution. At time: 16, Improving on [-159]
Feb 01, 2014 4:23:46 AM kodkod.multiobjective.MetricPoint parametrizedImprovementConstraints
FINE: Possible Improvements are conjunction of 
	(sum(this/Sqlite.totalFootprint) <= -159)
	(sum(this/Sqlite.totalFootprint) < -159)
Feb 01, 2014 4:23:47 AM kodkod.multiobjective.algorithms.IncrementalGuidedImprovementAlgorithm multiObjectiveSolveImpl
FINE: Found a solution. At time: 17, Improving on [-163]
Feb 01, 2014 4:23:47 AM kodkod.multiobjective.MetricPoint parametrizedImprovementConstraints
FINE: Possible Improvements are conjunction of 
	(sum(this/Sqlite.totalFootprint) <= -163)
	(sum(this/Sqlite.totalFootprint) < -163)
Feb 01, 2014 4:23:49 AM kodkod.multiobjective.algorithms.IncrementalGuidedImprovementAlgorithm multiObjectiveSolveImpl
FINE: Found a solution. At time: 19, Improving on [-164]
Feb 01, 2014 4:23:49 AM kodkod.multiobjective.MetricPoint parametrizedImprovementConstraints
FINE: Possible Improvements are conjunction of 
	(sum(this/Sqlite.totalFootprint) <= -164)
	(sum(this/Sqlite.totalFootprint) < -164)
Feb 01, 2014 4:23:50 AM kodkod.multiobjective.algorithms.IncrementalGuidedImprovementAlgorithm multiObjectiveSolveImpl
FINE: Found a solution. At time: 20, Improving on [-165]
Feb 01, 2014 4:23:50 AM kodkod.multiobjective.MetricPoint parametrizedImprovementConstraints
FINE: Possible Improvements are conjunction of 
	(sum(this/Sqlite.totalFootprint) <= -165)
	(sum(this/Sqlite.totalFootprint) < -165)
Feb 01, 2014 4:23:52 AM kodkod.multiobjective.algorithms.IncrementalGuidedImprovementAlgorithm multiObjectiveSolveImpl
FINE: Found a solution. At time: 22, Improving on [-166]
Feb 01, 2014 4:23:52 AM kodkod.multiobjective.MetricPoint parametrizedImprovementConstraints
FINE: Possible Improvements are conjunction of 
	(sum(this/Sqlite.totalFootprint) <= -166)
	(sum(this/Sqlite.totalFootprint) < -166)
Feb 01, 2014 4:23:53 AM kodkod.multiobjective.algorithms.IncrementalGuidedImprovementAlgorithm multiObjectiveSolveImpl
FINE: Found a solution. At time: 23, Improving on [-168]
Feb 01, 2014 4:23:53 AM kodkod.multiobjective.MetricPoint parametrizedImprovementConstraints
FINE: Possible Improvements are conjunction of 
	(sum(this/Sqlite.totalFootprint) <= -168)
	(sum(this/Sqlite.totalFootprint) < -168)
Feb 01, 2014 4:23:55 AM kodkod.multiobjective.algorithms.IncrementalGuidedImprovementAlgorithm multiObjectiveSolveImpl
FINE: Found a solution. At time: 25, Improving on [-169]
Feb 01, 2014 4:23:55 AM kodkod.multiobjective.MetricPoint parametrizedImprovementConstraints
FINE: Possible Improvements are conjunction of 
	(sum(this/Sqlite.totalFootprint) <= -169)
	(sum(this/Sqlite.totalFootprint) < -169)
Feb 01, 2014 4:23:56 AM kodkod.multiobjective.algorithms.IncrementalGuidedImprovementAlgorithm multiObjectiveSolveImpl
FINE: Found a solution. At time: 26, Improving on [-172]
Feb 01, 2014 4:23:56 AM kodkod.multiobjective.MetricPoint parametrizedImprovementConstraints
FINE: Possible Improvements are conjunction of 
	(sum(this/Sqlite.totalFootprint) <= -172)
	(sum(this/Sqlite.totalFootprint) < -172)
Feb 01, 2014 4:23:58 AM kodkod.multiobjective.algorithms.IncrementalGuidedImprovementAlgorithm multiObjectiveSolveImpl
FINE: Found a solution. At time: 27, Improving on [-173]
Feb 01, 2014 4:23:58 AM kodkod.multiobjective.MetricPoint parametrizedImprovementConstraints
FINE: Possible Improvements are conjunction of 
	(sum(this/Sqlite.totalFootprint) <= -173)
	(sum(this/Sqlite.totalFootprint) < -173)
Feb 01, 2014 4:23:59 AM kodkod.multiobjective.algorithms.IncrementalGuidedImprovementAlgorithm multiObjectiveSolveImpl
FINE: Found a solution. At time: 29, Improving on [-176]
Feb 01, 2014 4:23:59 AM kodkod.multiobjective.MetricPoint parametrizedImprovementConstraints
FINE: Possible Improvements are conjunction of 
	(sum(this/Sqlite.totalFootprint) <= -176)
	(sum(this/Sqlite.totalFootprint) < -176)
Feb 01, 2014 4:24:01 AM kodkod.multiobjective.algorithms.IncrementalGuidedImprovementAlgorithm multiObjectiveSolveImpl
FINE: Found a solution. At time: 31, Improving on [-177]
Feb 01, 2014 4:24:01 AM kodkod.multiobjective.MetricPoint parametrizedImprovementConstraints
FINE: Possible Improvements are conjunction of 
	(sum(this/Sqlite.totalFootprint) <= -177)
	(sum(this/Sqlite.totalFootprint) < -177)
Feb 01, 2014 4:24:02 AM kodkod.multiobjective.algorithms.MultiObjectiveAlgorithm foundParetoPoint
FINE: Found Pareto point with values: [-177]
Feb 01, 2014 4:24:20 AM kodkod.multiobjective.algorithms.IncrementalGuidedImprovementAlgorithm multiObjectiveSolveImpl
FINE: All Pareto points found. At time: 49
Feb 01, 2014 4:24:20 AM kodkod.multiobjective.algorithms.MultiObjectiveAlgorithm debugWriteStatistics
FINE: Solver statistics:
	# Sat Call: 14
	# Unsat Call: 2
	# Total Time in Sat Calls: 28739
	# Total Time in Sat Calls Solving: 538
	# Total Time in Sat Calls Translating: 28201
	# Total Time in Unsat Calls: 16790
	# Total Time in Unsat Calls Solving: 707
	# Total Time in Unsat Calls Translating: 16083
	# Magnifier Sat Call: 0
	# Magnifier Unsat Call: 0
	# Total Time in Magnifier: 0
