Feb 01, 2014 4:35:16 AM kodkod.multiobjective.algorithms.IncrementalGuidedImprovementAlgorithm multiObjectiveSolveImpl
FINE: Found a solution. At time: 7, Improving on [1006]
Feb 01, 2014 4:35:16 AM kodkod.multiobjective.MetricPoint parametrizedImprovementConstraints
FINE: Possible Improvements are conjunction of 
	(sum(this/BerkeleyDbC.totalFootprint) <= 1006)
	(sum(this/BerkeleyDbC.totalFootprint) < 1006)
Feb 01, 2014 4:35:17 AM kodkod.multiobjective.algorithms.IncrementalGuidedImprovementAlgorithm multiObjectiveSolveImpl
FINE: Found a solution. At time: 7, Improving on [981]
Feb 01, 2014 4:35:17 AM kodkod.multiobjective.MetricPoint parametrizedImprovementConstraints
FINE: Possible Improvements are conjunction of 
	(sum(this/BerkeleyDbC.totalFootprint) <= 981)
	(sum(this/BerkeleyDbC.totalFootprint) < 981)
Feb 01, 2014 4:35:17 AM kodkod.multiobjective.algorithms.MultiObjectiveAlgorithm foundParetoPoint
FINE: Found Pareto point with values: [981]
Feb 01, 2014 4:35:25 AM kodkod.multiobjective.algorithms.IncrementalGuidedImprovementAlgorithm multiObjectiveSolveImpl
FINE: All Pareto points found. At time: 16
Feb 01, 2014 4:35:25 AM kodkod.multiobjective.algorithms.MultiObjectiveAlgorithm debugWriteStatistics
FINE: Solver statistics:
	# Sat Call: 2
	# Unsat Call: 2
	# Total Time in Sat Calls: 7683
	# Total Time in Sat Calls Solving: 200
	# Total Time in Sat Calls Translating: 7483
	# Total Time in Unsat Calls: 8186
	# Total Time in Unsat Calls Solving: 307
	# Total Time in Unsat Calls Translating: 7879
	# Magnifier Sat Call: 0
	# Magnifier Unsat Call: 0
	# Total Time in Magnifier: 0
