Feb 01, 2014 3:53:32 AM kodkod.multiobjective.algorithms.IncrementalGuidedImprovementAlgorithm multiObjectiveSolveImpl
FINE: Found a solution. At time: 72, Improving on [0, 479, 0]
Feb 01, 2014 3:53:32 AM kodkod.multiobjective.MetricPoint parametrizedImprovementConstraints
FINE: Possible Improvements are conjunction of 
	(sum(this/BerkeleyDbC.totalReliability) >= 0)
	(sum(this/BerkeleyDbC.totalFootprint) <= 479)
	(sum(this/BerkeleyDbC.totalPrice) <= 0)
	((sum(this/BerkeleyDbC.totalReliability) > 0) || (sum(this/BerkeleyDbC.totalFootprint) < 479) || (sum(this/BerkeleyDbC.totalPrice) < 0))
Feb 01, 2014 3:53:35 AM kodkod.multiobjective.algorithms.MultiObjectiveAlgorithm foundParetoPoint
FINE: Found Pareto point with values: [0, 479, 0]
Feb 01, 2014 3:55:04 AM kodkod.multiobjective.algorithms.IncrementalGuidedImprovementAlgorithm multiObjectiveSolveImpl
FINE: Found a solution. At time: 163, Improving on [1, 670, 0]
Feb 01, 2014 3:55:04 AM kodkod.multiobjective.MetricPoint parametrizedImprovementConstraints
FINE: Possible Improvements are conjunction of 
	(sum(this/BerkeleyDbC.totalReliability) >= 1)
	(sum(this/BerkeleyDbC.totalFootprint) <= 670)
	(sum(this/BerkeleyDbC.totalPrice) <= 0)
	((sum(this/BerkeleyDbC.totalReliability) > 1) || (sum(this/BerkeleyDbC.totalFootprint) < 670) || (sum(this/BerkeleyDbC.totalPrice) < 0))
Feb 01, 2014 3:55:05 AM kodkod.multiobjective.algorithms.MultiObjectiveAlgorithm foundParetoPoint
FINE: Found Pareto point with values: [1, 670, 0]
Feb 01, 2014 3:56:26 AM kodkod.multiobjective.algorithms.IncrementalGuidedImprovementAlgorithm multiObjectiveSolveImpl
FINE: Found a solution. At time: 245, Improving on [2, 720, 100]
Feb 01, 2014 3:56:26 AM kodkod.multiobjective.MetricPoint parametrizedImprovementConstraints
FINE: Possible Improvements are conjunction of 
	(sum(this/BerkeleyDbC.totalReliability) >= 2)
	(sum(this/BerkeleyDbC.totalFootprint) <= 720)
	(sum(this/BerkeleyDbC.totalPrice) <= 100)
	((sum(this/BerkeleyDbC.totalReliability) > 2) || (sum(this/BerkeleyDbC.totalFootprint) < 720) || (sum(this/BerkeleyDbC.totalPrice) < 100))
Feb 01, 2014 3:56:27 AM kodkod.multiobjective.algorithms.MultiObjectiveAlgorithm foundParetoPoint
FINE: Found Pareto point with values: [2, 720, 100]
Feb 01, 2014 3:57:49 AM kodkod.multiobjective.algorithms.IncrementalGuidedImprovementAlgorithm multiObjectiveSolveImpl
FINE: Found a solution. At time: 329, Improving on [1, 529, 100]
Feb 01, 2014 3:57:49 AM kodkod.multiobjective.MetricPoint parametrizedImprovementConstraints
FINE: Possible Improvements are conjunction of 
	(sum(this/BerkeleyDbC.totalReliability) >= 1)
	(sum(this/BerkeleyDbC.totalFootprint) <= 529)
	(sum(this/BerkeleyDbC.totalPrice) <= 100)
	((sum(this/BerkeleyDbC.totalReliability) > 1) || (sum(this/BerkeleyDbC.totalFootprint) < 529) || (sum(this/BerkeleyDbC.totalPrice) < 100))
Feb 01, 2014 3:57:51 AM kodkod.multiobjective.algorithms.MultiObjectiveAlgorithm foundParetoPoint
FINE: Found Pareto point with values: [1, 529, 100]
Feb 01, 2014 3:59:12 AM kodkod.multiobjective.algorithms.IncrementalGuidedImprovementAlgorithm multiObjectiveSolveImpl
FINE: All Pareto points found. At time: 411
Feb 01, 2014 3:59:12 AM kodkod.multiobjective.algorithms.MultiObjectiveAlgorithm debugWriteStatistics
FINE: Solver statistics:
	# Sat Call: 4
	# Unsat Call: 5
	# Total Time in Sat Calls: 322874
	# Total Time in Sat Calls Solving: 6578
	# Total Time in Sat Calls Translating: 316296
	# Total Time in Unsat Calls: 82021
	# Total Time in Unsat Calls Solving: 2059
	# Total Time in Unsat Calls Translating: 79962
	# Magnifier Sat Call: 0
	# Magnifier Unsat Call: 0
	# Total Time in Magnifier: 0
