Feb 01, 2014 9:35:32 PM kodkod.multiobjective.algorithms.CheckpointedGuidedImprovementAlgorithm multiObjectiveSolveImpl
FINE: Found a solution. At time: 3, Improving on [789]
Feb 01, 2014 9:35:32 PM kodkod.multiobjective.MetricPoint parametrizedImprovementConstraints
FINE: Possible Improvements are conjunction of 
	(sum(this/PKJab.totalFootprint) <= 789)
	(sum(this/PKJab.totalFootprint) < 789)
Feb 01, 2014 9:35:32 PM kodkod.multiobjective.algorithms.MultiObjectiveAlgorithm foundParetoPoint
FINE: Found Pareto point with values: [789]
Feb 01, 2014 9:35:32 PM kodkod.multiobjective.algorithms.CheckpointedGuidedImprovementAlgorithm multiObjectiveSolveImpl
FINE: Found Pareto point with values: [789]
Feb 01, 2014 9:35:33 PM kodkod.multiobjective.algorithms.MultiObjectiveAlgorithm debugWriteStatistics
FINE: Solver statistics:
	# Sat Call: 1
	# Unsat Call: 2
	# Total Time in Sat Calls: 3555
	# Total Time in Sat Calls Solving: 100
	# Total Time in Sat Calls Translating: 3455
	# Total Time in Unsat Calls: 175
	# Total Time in Unsat Calls Solving: 10
	# Total Time in Unsat Calls Translating: 165
	# Magnifier Sat Call: 0
	# Magnifier Unsat Call: 0
	# Total Time in Magnifier: 0
