Feb 01, 2014 4:25:28 PM kodkod.multiobjective.algorithms.IncrementalGuidedImprovementAlgorithm multiObjectiveSolveImpl
FINE: Found a solution. At time: 0, Improving on [139]
Feb 01, 2014 4:25:28 PM kodkod.multiobjective.MetricPoint parametrizedImprovementConstraints
FINE: Possible Improvements are conjunction of 
	(sum(this/Apache.totalPerformance) >= 139)
	(sum(this/Apache.totalPerformance) > 139)
Feb 01, 2014 4:25:28 PM kodkod.multiobjective.algorithms.IncrementalGuidedImprovementAlgorithm multiObjectiveSolveImpl
FINE: Found a solution. At time: 0, Improving on [154]
Feb 01, 2014 4:25:28 PM kodkod.multiobjective.MetricPoint parametrizedImprovementConstraints
FINE: Possible Improvements are conjunction of 
	(sum(this/Apache.totalPerformance) >= 154)
	(sum(this/Apache.totalPerformance) > 154)
Feb 01, 2014 4:25:28 PM kodkod.multiobjective.algorithms.IncrementalGuidedImprovementAlgorithm multiObjectiveSolveImpl
FINE: Found a solution. At time: 0, Improving on [158]
Feb 01, 2014 4:25:28 PM kodkod.multiobjective.MetricPoint parametrizedImprovementConstraints
FINE: Possible Improvements are conjunction of 
	(sum(this/Apache.totalPerformance) >= 158)
	(sum(this/Apache.totalPerformance) > 158)
Feb 01, 2014 4:25:28 PM kodkod.multiobjective.algorithms.IncrementalGuidedImprovementAlgorithm multiObjectiveSolveImpl
FINE: Found a solution. At time: 0, Improving on [274]
Feb 01, 2014 4:25:28 PM kodkod.multiobjective.MetricPoint parametrizedImprovementConstraints
FINE: Possible Improvements are conjunction of 
	(sum(this/Apache.totalPerformance) >= 274)
	(sum(this/Apache.totalPerformance) > 274)
Feb 01, 2014 4:25:28 PM kodkod.multiobjective.algorithms.IncrementalGuidedImprovementAlgorithm multiObjectiveSolveImpl
FINE: Found a solution. At time: 0, Improving on [281]
Feb 01, 2014 4:25:28 PM kodkod.multiobjective.MetricPoint parametrizedImprovementConstraints
FINE: Possible Improvements are conjunction of 
	(sum(this/Apache.totalPerformance) >= 281)
	(sum(this/Apache.totalPerformance) > 281)
Feb 01, 2014 4:25:28 PM kodkod.multiobjective.algorithms.IncrementalGuidedImprovementAlgorithm multiObjectiveSolveImpl
FINE: Found a solution. At time: 0, Improving on [296]
Feb 01, 2014 4:25:28 PM kodkod.multiobjective.MetricPoint parametrizedImprovementConstraints
FINE: Possible Improvements are conjunction of 
	(sum(this/Apache.totalPerformance) >= 296)
	(sum(this/Apache.totalPerformance) > 296)
Feb 01, 2014 4:25:28 PM kodkod.multiobjective.algorithms.MultiObjectiveAlgorithm foundParetoPoint
FINE: Found Pareto point with values: [296]
Feb 01, 2014 4:25:29 PM kodkod.multiobjective.algorithms.IncrementalGuidedImprovementAlgorithm multiObjectiveSolveImpl
FINE: All Pareto points found. At time: 0
Feb 01, 2014 4:25:29 PM kodkod.multiobjective.algorithms.MultiObjectiveAlgorithm debugWriteStatistics
FINE: Solver statistics:
	# Sat Call: 6
	# Unsat Call: 2
	# Total Time in Sat Calls: 330
	# Total Time in Sat Calls Solving: 21
	# Total Time in Sat Calls Translating: 309
	# Total Time in Unsat Calls: 151
	# Total Time in Unsat Calls Solving: 34
	# Total Time in Unsat Calls Translating: 117
	# Magnifier Sat Call: 0
	# Magnifier Unsat Call: 0
	# Total Time in Magnifier: 0
