Feb 01, 2014 1:43:12 PM kodkod.multiobjective.algorithms.IncrementalGuidedImprovementAlgorithm multiObjectiveSolveImpl
FINE: Found a solution. At time: 2, Improving on [1053]
Feb 01, 2014 1:43:12 PM kodkod.multiobjective.MetricPoint parametrizedImprovementConstraints
FINE: Possible Improvements are conjunction of 
	(sum(this/LinkedList.totalFootprint) <= 1053)
	(sum(this/LinkedList.totalFootprint) < 1053)
Feb 01, 2014 1:43:12 PM kodkod.multiobjective.algorithms.MultiObjectiveAlgorithm foundParetoPoint
FINE: Found Pareto point with values: [1053]
Feb 01, 2014 1:43:13 PM kodkod.multiobjective.algorithms.IncrementalGuidedImprovementAlgorithm multiObjectiveSolveImpl
FINE: All Pareto points found. At time: 3
Feb 01, 2014 1:43:13 PM kodkod.multiobjective.algorithms.MultiObjectiveAlgorithm debugWriteStatistics
FINE: Solver statistics:
	# Sat Call: 1
	# Unsat Call: 2
	# Total Time in Sat Calls: 1800
	# Total Time in Sat Calls Solving: 63
	# Total Time in Sat Calls Translating: 1737
	# Total Time in Unsat Calls: 1170
	# Total Time in Unsat Calls Solving: 0
	# Total Time in Unsat Calls Translating: 1170
	# Magnifier Sat Call: 0
	# Magnifier Unsat Call: 0
	# Total Time in Magnifier: 0
