Feb 01, 2014 10:39:03 PM kodkod.multiobjective.algorithms.CheckpointedGuidedImprovementAlgorithm multiObjectiveSolveImpl
FINE: Found a solution. At time: 7, Improving on [487]
Feb 01, 2014 10:39:03 PM kodkod.multiobjective.MetricPoint parametrizedImprovementConstraints
FINE: Possible Improvements are conjunction of 
	(sum(this/LinkedList.totalFootprint) <= 487)
	(sum(this/LinkedList.totalFootprint) < 487)
Feb 01, 2014 10:39:07 PM kodkod.multiobjective.algorithms.MultiObjectiveAlgorithm foundParetoPoint
FINE: Found Pareto point with values: [487]
Feb 01, 2014 10:39:07 PM kodkod.multiobjective.algorithms.CheckpointedGuidedImprovementAlgorithm multiObjectiveSolveImpl
FINE: Found Pareto point with values: [487]
Feb 01, 2014 10:39:11 PM kodkod.multiobjective.algorithms.MultiObjectiveAlgorithm debugWriteStatistics
FINE: Solver statistics:
	# Sat Call: 1
	# Unsat Call: 2
	# Total Time in Sat Calls: 7334
	# Total Time in Sat Calls Solving: 23
	# Total Time in Sat Calls Translating: 7311
	# Total Time in Unsat Calls: 6919
	# Total Time in Unsat Calls Solving: 12
	# Total Time in Unsat Calls Translating: 6907
	# Magnifier Sat Call: 0
	# Magnifier Unsat Call: 0
	# Total Time in Magnifier: 0
