Feb 01, 2014 4:17:23 AM kodkod.multiobjective.algorithms.IncrementalGuidedImprovementAlgorithm multiObjectiveSolveImpl
FINE: Found a solution. At time: 0, Improving on [876]
Feb 01, 2014 4:17:23 AM kodkod.multiobjective.MetricPoint parametrizedImprovementConstraints
FINE: Possible Improvements are conjunction of 
	(sum(this/ZipMeSPL.totalFootprint) <= 876)
	(sum(this/ZipMeSPL.totalFootprint) < 876)
Feb 01, 2014 4:17:23 AM kodkod.multiobjective.algorithms.MultiObjectiveAlgorithm foundParetoPoint
FINE: Found Pareto point with values: [876]
Feb 01, 2014 4:17:23 AM kodkod.multiobjective.algorithms.IncrementalGuidedImprovementAlgorithm multiObjectiveSolveImpl
FINE: All Pareto points found. At time: 0
Feb 01, 2014 4:17:23 AM kodkod.multiobjective.algorithms.MultiObjectiveAlgorithm debugWriteStatistics
FINE: Solver statistics:
	# Sat Call: 1
	# Unsat Call: 2
	# Total Time in Sat Calls: 106
	# Total Time in Sat Calls Solving: 0
	# Total Time in Sat Calls Translating: 106
	# Total Time in Unsat Calls: 199
	# Total Time in Unsat Calls Solving: 0
	# Total Time in Unsat Calls Translating: 199
	# Magnifier Sat Call: 0
	# Magnifier Unsat Call: 0
	# Total Time in Magnifier: 0
