Feb 01, 2014 9:32:12 PM kodkod.multiobjective.algorithms.CheckpointedGuidedImprovementAlgorithm multiObjectiveSolveImpl
FINE: Found a solution. At time: 14, Improving on [501]
Feb 01, 2014 9:32:12 PM kodkod.multiobjective.MetricPoint parametrizedImprovementConstraints
FINE: Possible Improvements are conjunction of 
	(sum(this/LinkedList.totalFootprint) <= 501)
	(sum(this/LinkedList.totalFootprint) < 501)
Feb 01, 2014 9:32:13 PM kodkod.multiobjective.algorithms.MultiObjectiveAlgorithm foundParetoPoint
FINE: Found Pareto point with values: [501]
Feb 01, 2014 9:32:13 PM kodkod.multiobjective.algorithms.CheckpointedGuidedImprovementAlgorithm multiObjectiveSolveImpl
FINE: Found Pareto point with values: [501]
Feb 01, 2014 9:32:14 PM kodkod.multiobjective.algorithms.MultiObjectiveAlgorithm debugWriteStatistics
FINE: Solver statistics:
	# Sat Call: 1
	# Unsat Call: 2
	# Total Time in Sat Calls: 14048
	# Total Time in Sat Calls Solving: 379
	# Total Time in Sat Calls Translating: 13669
	# Total Time in Unsat Calls: 671
	# Total Time in Unsat Calls Solving: 284
	# Total Time in Unsat Calls Translating: 387
	# Magnifier Sat Call: 0
	# Magnifier Unsat Call: 0
	# Total Time in Magnifier: 0
