Feb 01, 2014 3:34:31 AM kodkod.multiobjective.algorithms.IncrementalGuidedImprovementAlgorithm multiObjectiveSolveImpl
FINE: Found a solution. At time: 6, Improving on [1031]
Feb 01, 2014 3:34:31 AM kodkod.multiobjective.MetricPoint parametrizedImprovementConstraints
FINE: Possible Improvements are conjunction of 
	(sum(this/Prevayler.totalFootprint) <= 1031)
	(sum(this/Prevayler.totalFootprint) < 1031)
Feb 01, 2014 3:34:31 AM kodkod.multiobjective.algorithms.MultiObjectiveAlgorithm foundParetoPoint
FINE: Found Pareto point with values: [1031]
Feb 01, 2014 3:34:38 AM kodkod.multiobjective.algorithms.IncrementalGuidedImprovementAlgorithm multiObjectiveSolveImpl
FINE: All Pareto points found. At time: 12
Feb 01, 2014 3:34:38 AM kodkod.multiobjective.algorithms.MultiObjectiveAlgorithm debugWriteStatistics
FINE: Solver statistics:
	# Sat Call: 1
	# Unsat Call: 2
	# Total Time in Sat Calls: 6288
	# Total Time in Sat Calls Solving: 114
	# Total Time in Sat Calls Translating: 6174
	# Total Time in Unsat Calls: 6252
	# Total Time in Unsat Calls Solving: 0
	# Total Time in Unsat Calls Translating: 6252
	# Magnifier Sat Call: 0
	# Magnifier Unsat Call: 0
	# Total Time in Magnifier: 0
