Feb 01, 2014 1:43:57 PM kodkod.multiobjective.algorithms.IncrementalGuidedImprovementAlgorithm multiObjectiveSolveImpl
FINE: Found a solution. At time: 0, Improving on [865]
Feb 01, 2014 1:43:57 PM kodkod.multiobjective.MetricPoint parametrizedImprovementConstraints
FINE: Possible Improvements are conjunction of 
	(sum(this/ZipMeSPL.totalFootprint) <= 865)
	(sum(this/ZipMeSPL.totalFootprint) < 865)
Feb 01, 2014 1:43:57 PM kodkod.multiobjective.algorithms.MultiObjectiveAlgorithm foundParetoPoint
FINE: Found Pareto point with values: [865]
Feb 01, 2014 1:43:57 PM kodkod.multiobjective.algorithms.IncrementalGuidedImprovementAlgorithm multiObjectiveSolveImpl
FINE: All Pareto points found. At time: 0
Feb 01, 2014 1:43:57 PM kodkod.multiobjective.algorithms.MultiObjectiveAlgorithm debugWriteStatistics
FINE: Solver statistics:
	# Sat Call: 1
	# Unsat Call: 2
	# Total Time in Sat Calls: 231
	# Total Time in Sat Calls Solving: 2
	# Total Time in Sat Calls Translating: 229
	# Total Time in Unsat Calls: 90
	# Total Time in Unsat Calls Solving: 3
	# Total Time in Unsat Calls Translating: 87
	# Magnifier Sat Call: 0
	# Magnifier Unsat Call: 0
	# Total Time in Magnifier: 0
