Feb 01, 2014 1:43:46 PM kodkod.multiobjective.algorithms.IncrementalGuidedImprovementAlgorithm multiObjectiveSolveImpl
FINE: Found a solution. At time: 0, Improving on [963]
Feb 01, 2014 1:43:46 PM kodkod.multiobjective.MetricPoint parametrizedImprovementConstraints
FINE: Possible Improvements are conjunction of 
	(sum(this/BerkeleyDbC.totalFootprint) <= 963)
	(sum(this/BerkeleyDbC.totalFootprint) < 963)
Feb 01, 2014 1:43:46 PM kodkod.multiobjective.algorithms.MultiObjectiveAlgorithm foundParetoPoint
FINE: Found Pareto point with values: [963]
Feb 01, 2014 1:43:46 PM kodkod.multiobjective.algorithms.IncrementalGuidedImprovementAlgorithm multiObjectiveSolveImpl
FINE: All Pareto points found. At time: 1
Feb 01, 2014 1:43:46 PM kodkod.multiobjective.algorithms.MultiObjectiveAlgorithm debugWriteStatistics
FINE: Solver statistics:
	# Sat Call: 1
	# Unsat Call: 2
	# Total Time in Sat Calls: 586
	# Total Time in Sat Calls Solving: 11
	# Total Time in Sat Calls Translating: 575
	# Total Time in Unsat Calls: 329
	# Total Time in Unsat Calls Solving: 17
	# Total Time in Unsat Calls Translating: 312
	# Magnifier Sat Call: 0
	# Magnifier Unsat Call: 0
	# Total Time in Magnifier: 0
