Feb 01, 2014 4:16:13 AM kodkod.multiobjective.algorithms.IncrementalGuidedImprovementAlgorithm multiObjectiveSolveImpl
FINE: Found a solution. At time: 73, Improving on [1, 793, 525]
Feb 01, 2014 4:16:13 AM kodkod.multiobjective.MetricPoint parametrizedImprovementConstraints
FINE: Possible Improvements are conjunction of 
	(sum(this/BerkeleyDbC.totalReliability) >= 1)
	(sum(this/BerkeleyDbC.totalFootprint) <= 793)
	(sum(this/BerkeleyDbC.totalPrice) <= 525)
	((sum(this/BerkeleyDbC.totalReliability) > 1) || (sum(this/BerkeleyDbC.totalFootprint) < 793) || (sum(this/BerkeleyDbC.totalPrice) < 525))
Feb 01, 2014 4:16:15 AM kodkod.multiobjective.algorithms.IncrementalGuidedImprovementAlgorithm multiObjectiveSolveImpl
FINE: Found a solution. At time: 74, Improving on [2, 787, 500]
Feb 01, 2014 4:16:15 AM kodkod.multiobjective.MetricPoint parametrizedImprovementConstraints
FINE: Possible Improvements are conjunction of 
	(sum(this/BerkeleyDbC.totalReliability) >= 2)
	(sum(this/BerkeleyDbC.totalFootprint) <= 787)
	(sum(this/BerkeleyDbC.totalPrice) <= 500)
	((sum(this/BerkeleyDbC.totalReliability) > 2) || (sum(this/BerkeleyDbC.totalFootprint) < 787) || (sum(this/BerkeleyDbC.totalPrice) < 500))
Feb 01, 2014 4:16:16 AM kodkod.multiobjective.algorithms.MultiObjectiveAlgorithm foundParetoPoint
FINE: Found Pareto point with values: [2, 787, 500]
Feb 01, 2014 4:17:44 AM kodkod.multiobjective.algorithms.IncrementalGuidedImprovementAlgorithm multiObjectiveSolveImpl
FINE: Found a solution. At time: 164, Improving on [1, 737, 400]
Feb 01, 2014 4:17:44 AM kodkod.multiobjective.MetricPoint parametrizedImprovementConstraints
FINE: Possible Improvements are conjunction of 
	(sum(this/BerkeleyDbC.totalReliability) >= 1)
	(sum(this/BerkeleyDbC.totalFootprint) <= 737)
	(sum(this/BerkeleyDbC.totalPrice) <= 400)
	((sum(this/BerkeleyDbC.totalReliability) > 1) || (sum(this/BerkeleyDbC.totalFootprint) < 737) || (sum(this/BerkeleyDbC.totalPrice) < 400))
Feb 01, 2014 4:17:46 AM kodkod.multiobjective.algorithms.MultiObjectiveAlgorithm foundParetoPoint
FINE: Found Pareto point with values: [1, 737, 400]
Feb 01, 2014 4:19:09 AM kodkod.multiobjective.algorithms.IncrementalGuidedImprovementAlgorithm multiObjectiveSolveImpl
FINE: All Pareto points found. At time: 249
Feb 01, 2014 4:19:09 AM kodkod.multiobjective.algorithms.MultiObjectiveAlgorithm debugWriteStatistics
FINE: Solver statistics:
	# Sat Call: 3
	# Unsat Call: 3
	# Total Time in Sat Calls: 162234
	# Total Time in Sat Calls Solving: 3467
	# Total Time in Sat Calls Translating: 158767
	# Total Time in Unsat Calls: 82775
	# Total Time in Unsat Calls Solving: 1978
	# Total Time in Unsat Calls Translating: 80797
	# Magnifier Sat Call: 0
	# Magnifier Unsat Call: 0
	# Total Time in Magnifier: 0
