Feb 01, 2014 9:36:09 PM kodkod.multiobjective.algorithms.CheckpointedGuidedImprovementAlgorithm multiObjectiveSolveImpl
FINE: Found a solution. At time: 7, Improving on [982]
Feb 01, 2014 9:36:09 PM kodkod.multiobjective.MetricPoint parametrizedImprovementConstraints
FINE: Possible Improvements are conjunction of 
	(sum(this/BerkeleyDbC.totalFootprint) <= 982)
	(sum(this/BerkeleyDbC.totalFootprint) < 982)
Feb 01, 2014 9:36:10 PM kodkod.multiobjective.algorithms.CheckpointedGuidedImprovementAlgorithm multiObjectiveSolveImpl
FINE: Found a solution. At time: 8, Improving on [972]
Feb 01, 2014 9:36:10 PM kodkod.multiobjective.MetricPoint parametrizedImprovementConstraints
FINE: Possible Improvements are conjunction of 
	(sum(this/BerkeleyDbC.totalFootprint) <= 972)
	(sum(this/BerkeleyDbC.totalFootprint) < 972)
Feb 01, 2014 9:36:10 PM kodkod.multiobjective.algorithms.CheckpointedGuidedImprovementAlgorithm multiObjectiveSolveImpl
FINE: Found a solution. At time: 8, Improving on [962]
Feb 01, 2014 9:36:10 PM kodkod.multiobjective.MetricPoint parametrizedImprovementConstraints
FINE: Possible Improvements are conjunction of 
	(sum(this/BerkeleyDbC.totalFootprint) <= 962)
	(sum(this/BerkeleyDbC.totalFootprint) < 962)
Feb 01, 2014 9:36:10 PM kodkod.multiobjective.algorithms.MultiObjectiveAlgorithm foundParetoPoint
FINE: Found Pareto point with values: [962]
Feb 01, 2014 9:36:10 PM kodkod.multiobjective.algorithms.CheckpointedGuidedImprovementAlgorithm multiObjectiveSolveImpl
FINE: Found Pareto point with values: [962]
Feb 01, 2014 9:36:11 PM kodkod.multiobjective.algorithms.MultiObjectiveAlgorithm debugWriteStatistics
FINE: Solver statistics:
	# Sat Call: 3
	# Unsat Call: 2
	# Total Time in Sat Calls: 8053
	# Total Time in Sat Calls Solving: 217
	# Total Time in Sat Calls Translating: 7836
	# Total Time in Unsat Calls: 383
	# Total Time in Unsat Calls Solving: 159
	# Total Time in Unsat Calls Translating: 224
	# Magnifier Sat Call: 0
	# Magnifier Unsat Call: 0
	# Total Time in Magnifier: 0
