Feb 01, 2014 4:32:23 AM kodkod.multiobjective.algorithms.IncrementalGuidedImprovementAlgorithm multiObjectiveSolveImpl
FINE: Found a solution. At time: 13, Improving on [487]
Feb 01, 2014 4:32:23 AM kodkod.multiobjective.MetricPoint parametrizedImprovementConstraints
FINE: Possible Improvements are conjunction of 
	(sum(this/LinkedList.totalFootprint) <= 487)
	(sum(this/LinkedList.totalFootprint) < 487)
Feb 01, 2014 4:32:24 AM kodkod.multiobjective.algorithms.MultiObjectiveAlgorithm foundParetoPoint
FINE: Found Pareto point with values: [487]
Feb 01, 2014 4:32:39 AM kodkod.multiobjective.algorithms.IncrementalGuidedImprovementAlgorithm multiObjectiveSolveImpl
FINE: All Pareto points found. At time: 28
Feb 01, 2014 4:32:39 AM kodkod.multiobjective.algorithms.MultiObjectiveAlgorithm debugWriteStatistics
FINE: Solver statistics:
	# Sat Call: 1
	# Unsat Call: 2
	# Total Time in Sat Calls: 13559
	# Total Time in Sat Calls Solving: 367
	# Total Time in Sat Calls Translating: 13192
	# Total Time in Unsat Calls: 14662
	# Total Time in Unsat Calls Solving: 428
	# Total Time in Unsat Calls Translating: 14234
	# Magnifier Sat Call: 0
	# Magnifier Unsat Call: 0
	# Total Time in Magnifier: 0
