Feb 02, 2014 1:09:35 PM kodkod.multiobjective.algorithms.CheckpointedGuidedImprovementAlgorithm multiObjectiveSolveImpl
FINE: Found a solution. At time: 1, Improving on [-84]
Feb 02, 2014 1:09:35 PM kodkod.multiobjective.MetricPoint parametrizedImprovementConstraints
FINE: Possible Improvements are conjunction of 
	(sum(this/Sqlite.totalFootprint) <= -84)
	(sum(this/Sqlite.totalFootprint) < -84)
Feb 02, 2014 1:09:35 PM kodkod.multiobjective.algorithms.CheckpointedGuidedImprovementAlgorithm multiObjectiveSolveImpl
FINE: Found a solution. At time: 1, Improving on [-91]
Feb 02, 2014 1:09:35 PM kodkod.multiobjective.MetricPoint parametrizedImprovementConstraints
FINE: Possible Improvements are conjunction of 
	(sum(this/Sqlite.totalFootprint) <= -91)
	(sum(this/Sqlite.totalFootprint) < -91)
Feb 02, 2014 1:09:35 PM kodkod.multiobjective.algorithms.CheckpointedGuidedImprovementAlgorithm multiObjectiveSolveImpl
FINE: Found a solution. At time: 1, Improving on [-147]
Feb 02, 2014 1:09:35 PM kodkod.multiobjective.MetricPoint parametrizedImprovementConstraints
FINE: Possible Improvements are conjunction of 
	(sum(this/Sqlite.totalFootprint) <= -147)
	(sum(this/Sqlite.totalFootprint) < -147)
Feb 02, 2014 1:09:35 PM kodkod.multiobjective.algorithms.CheckpointedGuidedImprovementAlgorithm multiObjectiveSolveImpl
FINE: Found a solution. At time: 1, Improving on [-148]
Feb 02, 2014 1:09:35 PM kodkod.multiobjective.MetricPoint parametrizedImprovementConstraints
FINE: Possible Improvements are conjunction of 
	(sum(this/Sqlite.totalFootprint) <= -148)
	(sum(this/Sqlite.totalFootprint) < -148)
Feb 02, 2014 1:09:35 PM kodkod.multiobjective.algorithms.CheckpointedGuidedImprovementAlgorithm multiObjectiveSolveImpl
FINE: Found a solution. At time: 1, Improving on [-149]
Feb 02, 2014 1:09:35 PM kodkod.multiobjective.MetricPoint parametrizedImprovementConstraints
FINE: Possible Improvements are conjunction of 
	(sum(this/Sqlite.totalFootprint) <= -149)
	(sum(this/Sqlite.totalFootprint) < -149)
Feb 02, 2014 1:09:35 PM kodkod.multiobjective.algorithms.CheckpointedGuidedImprovementAlgorithm multiObjectiveSolveImpl
FINE: Found a solution. At time: 1, Improving on [-153]
Feb 02, 2014 1:09:35 PM kodkod.multiobjective.MetricPoint parametrizedImprovementConstraints
FINE: Possible Improvements are conjunction of 
	(sum(this/Sqlite.totalFootprint) <= -153)
	(sum(this/Sqlite.totalFootprint) < -153)
Feb 02, 2014 1:09:35 PM kodkod.multiobjective.algorithms.CheckpointedGuidedImprovementAlgorithm multiObjectiveSolveImpl
FINE: Found a solution. At time: 1, Improving on [-158]
Feb 02, 2014 1:09:35 PM kodkod.multiobjective.MetricPoint parametrizedImprovementConstraints
FINE: Possible Improvements are conjunction of 
	(sum(this/Sqlite.totalFootprint) <= -158)
	(sum(this/Sqlite.totalFootprint) < -158)
Feb 02, 2014 1:09:35 PM kodkod.multiobjective.algorithms.CheckpointedGuidedImprovementAlgorithm multiObjectiveSolveImpl
FINE: Found a solution. At time: 1, Improving on [-159]
Feb 02, 2014 1:09:35 PM kodkod.multiobjective.MetricPoint parametrizedImprovementConstraints
FINE: Possible Improvements are conjunction of 
	(sum(this/Sqlite.totalFootprint) <= -159)
	(sum(this/Sqlite.totalFootprint) < -159)
Feb 02, 2014 1:09:35 PM kodkod.multiobjective.algorithms.CheckpointedGuidedImprovementAlgorithm multiObjectiveSolveImpl
FINE: Found a solution. At time: 1, Improving on [-160]
Feb 02, 2014 1:09:35 PM kodkod.multiobjective.MetricPoint parametrizedImprovementConstraints
FINE: Possible Improvements are conjunction of 
	(sum(this/Sqlite.totalFootprint) <= -160)
	(sum(this/Sqlite.totalFootprint) < -160)
Feb 02, 2014 1:09:35 PM kodkod.multiobjective.algorithms.CheckpointedGuidedImprovementAlgorithm multiObjectiveSolveImpl
FINE: Found a solution. At time: 1, Improving on [-161]
Feb 02, 2014 1:09:35 PM kodkod.multiobjective.MetricPoint parametrizedImprovementConstraints
FINE: Possible Improvements are conjunction of 
	(sum(this/Sqlite.totalFootprint) <= -161)
	(sum(this/Sqlite.totalFootprint) < -161)
Feb 02, 2014 1:09:35 PM kodkod.multiobjective.algorithms.CheckpointedGuidedImprovementAlgorithm multiObjectiveSolveImpl
FINE: Found a solution. At time: 1, Improving on [-172]
Feb 02, 2014 1:09:35 PM kodkod.multiobjective.MetricPoint parametrizedImprovementConstraints
FINE: Possible Improvements are conjunction of 
	(sum(this/Sqlite.totalFootprint) <= -172)
	(sum(this/Sqlite.totalFootprint) < -172)
Feb 02, 2014 1:09:35 PM kodkod.multiobjective.algorithms.CheckpointedGuidedImprovementAlgorithm multiObjectiveSolveImpl
FINE: Found a solution. At time: 1, Improving on [-176]
Feb 02, 2014 1:09:35 PM kodkod.multiobjective.MetricPoint parametrizedImprovementConstraints
FINE: Possible Improvements are conjunction of 
	(sum(this/Sqlite.totalFootprint) <= -176)
	(sum(this/Sqlite.totalFootprint) < -176)
Feb 02, 2014 1:09:35 PM kodkod.multiobjective.algorithms.CheckpointedGuidedImprovementAlgorithm multiObjectiveSolveImpl
FINE: Found a solution. At time: 1, Improving on [-177]
Feb 02, 2014 1:09:35 PM kodkod.multiobjective.MetricPoint parametrizedImprovementConstraints
FINE: Possible Improvements are conjunction of 
	(sum(this/Sqlite.totalFootprint) <= -177)
	(sum(this/Sqlite.totalFootprint) < -177)
Feb 02, 2014 1:09:35 PM kodkod.multiobjective.algorithms.MultiObjectiveAlgorithm foundParetoPoint
FINE: Found Pareto point with values: [-177]
Feb 02, 2014 1:09:35 PM kodkod.multiobjective.algorithms.CheckpointedGuidedImprovementAlgorithm multiObjectiveSolveImpl
FINE: Found Pareto point with values: [-177]
Feb 02, 2014 1:09:36 PM kodkod.multiobjective.algorithms.MultiObjectiveAlgorithm debugWriteStatistics
FINE: Solver statistics:
	# Sat Call: 13
	# Unsat Call: 2
	# Total Time in Sat Calls: 885
	# Total Time in Sat Calls Solving: 57
	# Total Time in Sat Calls Translating: 828
	# Total Time in Unsat Calls: 165
	# Total Time in Unsat Calls Solving: 76
	# Total Time in Unsat Calls Translating: 89
	# Magnifier Sat Call: 0
	# Magnifier Unsat Call: 0
	# Total Time in Magnifier: 0
