Feb 01, 2014 9:33:55 PM kodkod.multiobjective.algorithms.CheckpointedGuidedImprovementAlgorithm multiObjectiveSolveImpl
FINE: Found a solution. At time: 14, Improving on [444]
Feb 01, 2014 9:33:55 PM kodkod.multiobjective.MetricPoint parametrizedImprovementConstraints
FINE: Possible Improvements are conjunction of 
	(sum(this/LinkedList.totalFootprint) <= 444)
	(sum(this/LinkedList.totalFootprint) < 444)
Feb 01, 2014 9:33:56 PM kodkod.multiobjective.algorithms.CheckpointedGuidedImprovementAlgorithm multiObjectiveSolveImpl
FINE: Found a solution. At time: 15, Improving on [443]
Feb 01, 2014 9:33:56 PM kodkod.multiobjective.MetricPoint parametrizedImprovementConstraints
FINE: Possible Improvements are conjunction of 
	(sum(this/LinkedList.totalFootprint) <= 443)
	(sum(this/LinkedList.totalFootprint) < 443)
Feb 01, 2014 9:33:57 PM kodkod.multiobjective.algorithms.MultiObjectiveAlgorithm foundParetoPoint
FINE: Found Pareto point with values: [443]
Feb 01, 2014 9:33:57 PM kodkod.multiobjective.algorithms.CheckpointedGuidedImprovementAlgorithm multiObjectiveSolveImpl
FINE: Found Pareto point with values: [443]
Feb 01, 2014 9:34:03 PM kodkod.multiobjective.algorithms.MultiObjectiveAlgorithm debugWriteStatistics
FINE: Solver statistics:
	# Sat Call: 2
	# Unsat Call: 2
	# Total Time in Sat Calls: 15227
	# Total Time in Sat Calls Solving: 1039
	# Total Time in Sat Calls Translating: 14188
	# Total Time in Unsat Calls: 5557
	# Total Time in Unsat Calls Solving: 5304
	# Total Time in Unsat Calls Translating: 253
	# Magnifier Sat Call: 0
	# Magnifier Unsat Call: 0
	# Total Time in Magnifier: 0
