Feb 02, 2014 12:36:55 AM kodkod.multiobjective.algorithms.CheckpointedGuidedImprovementAlgorithm multiObjectiveSolveImpl
FINE: Found a solution. At time: 7, Improving on [1053]
Feb 02, 2014 12:36:55 AM kodkod.multiobjective.MetricPoint parametrizedImprovementConstraints
FINE: Possible Improvements are conjunction of 
	(sum(this/LinkedList.totalFootprint) <= 1053)
	(sum(this/LinkedList.totalFootprint) < 1053)
Feb 02, 2014 12:36:58 AM kodkod.multiobjective.algorithms.MultiObjectiveAlgorithm foundParetoPoint
FINE: Found Pareto point with values: [1053]
Feb 02, 2014 12:36:58 AM kodkod.multiobjective.algorithms.CheckpointedGuidedImprovementAlgorithm multiObjectiveSolveImpl
FINE: Found Pareto point with values: [1053]
Feb 02, 2014 12:37:02 AM kodkod.multiobjective.algorithms.MultiObjectiveAlgorithm debugWriteStatistics
FINE: Solver statistics:
	# Sat Call: 1
	# Unsat Call: 2
	# Total Time in Sat Calls: 7042
	# Total Time in Sat Calls Solving: 21
	# Total Time in Sat Calls Translating: 7021
	# Total Time in Unsat Calls: 6366
	# Total Time in Unsat Calls Solving: 0
	# Total Time in Unsat Calls Translating: 6366
	# Magnifier Sat Call: 0
	# Magnifier Unsat Call: 0
	# Total Time in Magnifier: 0
