Feb 01, 2014 9:37:13 PM kodkod.multiobjective.algorithms.CheckpointedGuidedImprovementAlgorithm multiObjectiveSolveImpl
FINE: Found a solution. At time: 7, Improving on [973]
Feb 01, 2014 9:37:13 PM kodkod.multiobjective.MetricPoint parametrizedImprovementConstraints
FINE: Possible Improvements are conjunction of 
	(sum(this/BerkeleyDbC.totalFootprint) <= 973)
	(sum(this/BerkeleyDbC.totalFootprint) < 973)
Feb 01, 2014 9:37:14 PM kodkod.multiobjective.algorithms.CheckpointedGuidedImprovementAlgorithm multiObjectiveSolveImpl
FINE: Found a solution. At time: 8, Improving on [963]
Feb 01, 2014 9:37:14 PM kodkod.multiobjective.MetricPoint parametrizedImprovementConstraints
FINE: Possible Improvements are conjunction of 
	(sum(this/BerkeleyDbC.totalFootprint) <= 963)
	(sum(this/BerkeleyDbC.totalFootprint) < 963)
Feb 01, 2014 9:37:14 PM kodkod.multiobjective.algorithms.MultiObjectiveAlgorithm foundParetoPoint
FINE: Found Pareto point with values: [963]
Feb 01, 2014 9:37:14 PM kodkod.multiobjective.algorithms.CheckpointedGuidedImprovementAlgorithm multiObjectiveSolveImpl
FINE: Found Pareto point with values: [963]
Feb 01, 2014 9:37:15 PM kodkod.multiobjective.algorithms.MultiObjectiveAlgorithm debugWriteStatistics
FINE: Solver statistics:
	# Sat Call: 2
	# Unsat Call: 2
	# Total Time in Sat Calls: 8101
	# Total Time in Sat Calls Solving: 233
	# Total Time in Sat Calls Translating: 7868
	# Total Time in Unsat Calls: 259
	# Total Time in Unsat Calls Solving: 56
	# Total Time in Unsat Calls Translating: 203
	# Magnifier Sat Call: 0
	# Magnifier Unsat Call: 0
	# Total Time in Magnifier: 0
