Feb 02, 2014 5:47:32 AM kodkod.multiobjective.algorithms.CheckpointedGuidedImprovementAlgorithm multiObjectiveSolveImpl
FINE: Found a solution. At time: 22, Improving on [792]
Feb 02, 2014 5:47:32 AM kodkod.multiobjective.MetricPoint parametrizedImprovementConstraints
FINE: Possible Improvements are conjunction of 
	(sum(this/Sqlite.totalFootprint) <= 792)
	(sum(this/Sqlite.totalFootprint) < 792)
Feb 02, 2014 5:47:55 AM kodkod.multiobjective.algorithms.CheckpointedGuidedImprovementAlgorithm multiObjectiveSolveImpl
FINE: Found a solution. At time: 45, Improving on [742]
Feb 02, 2014 5:47:55 AM kodkod.multiobjective.MetricPoint parametrizedImprovementConstraints
FINE: Possible Improvements are conjunction of 
	(sum(this/Sqlite.totalFootprint) <= 742)
	(sum(this/Sqlite.totalFootprint) < 742)
Feb 02, 2014 5:48:00 AM kodkod.multiobjective.algorithms.CheckpointedGuidedImprovementAlgorithm multiObjectiveSolveImpl
FINE: Found a solution. At time: 49, Improving on [35]
Feb 02, 2014 5:48:00 AM kodkod.multiobjective.MetricPoint parametrizedImprovementConstraints
FINE: Possible Improvements are conjunction of 
	(sum(this/Sqlite.totalFootprint) <= 35)
	(sum(this/Sqlite.totalFootprint) < 35)
Feb 02, 2014 5:48:04 AM kodkod.multiobjective.algorithms.CheckpointedGuidedImprovementAlgorithm multiObjectiveSolveImpl
FINE: Found a solution. At time: 54, Improving on [31]
Feb 02, 2014 5:48:04 AM kodkod.multiobjective.MetricPoint parametrizedImprovementConstraints
FINE: Possible Improvements are conjunction of 
	(sum(this/Sqlite.totalFootprint) <= 31)
	(sum(this/Sqlite.totalFootprint) < 31)
Feb 02, 2014 5:48:09 AM kodkod.multiobjective.algorithms.CheckpointedGuidedImprovementAlgorithm multiObjectiveSolveImpl
FINE: Found a solution. At time: 58, Improving on [-33]
Feb 02, 2014 5:48:09 AM kodkod.multiobjective.MetricPoint parametrizedImprovementConstraints
FINE: Possible Improvements are conjunction of 
	(sum(this/Sqlite.totalFootprint) <= -33)
	(sum(this/Sqlite.totalFootprint) < -33)
Feb 02, 2014 5:48:13 AM kodkod.multiobjective.algorithms.CheckpointedGuidedImprovementAlgorithm multiObjectiveSolveImpl
FINE: Found a solution. At time: 63, Improving on [-38]
Feb 02, 2014 5:48:13 AM kodkod.multiobjective.MetricPoint parametrizedImprovementConstraints
FINE: Possible Improvements are conjunction of 
	(sum(this/Sqlite.totalFootprint) <= -38)
	(sum(this/Sqlite.totalFootprint) < -38)
Feb 02, 2014 5:48:18 AM kodkod.multiobjective.algorithms.CheckpointedGuidedImprovementAlgorithm multiObjectiveSolveImpl
FINE: Found a solution. At time: 67, Improving on [-72]
Feb 02, 2014 5:48:18 AM kodkod.multiobjective.MetricPoint parametrizedImprovementConstraints
FINE: Possible Improvements are conjunction of 
	(sum(this/Sqlite.totalFootprint) <= -72)
	(sum(this/Sqlite.totalFootprint) < -72)
Feb 02, 2014 5:48:22 AM kodkod.multiobjective.algorithms.CheckpointedGuidedImprovementAlgorithm multiObjectiveSolveImpl
FINE: Found a solution. At time: 72, Improving on [-145]
Feb 02, 2014 5:48:22 AM kodkod.multiobjective.MetricPoint parametrizedImprovementConstraints
FINE: Possible Improvements are conjunction of 
	(sum(this/Sqlite.totalFootprint) <= -145)
	(sum(this/Sqlite.totalFootprint) < -145)
Feb 02, 2014 5:48:27 AM kodkod.multiobjective.algorithms.CheckpointedGuidedImprovementAlgorithm multiObjectiveSolveImpl
FINE: Found a solution. At time: 76, Improving on [-149]
Feb 02, 2014 5:48:27 AM kodkod.multiobjective.MetricPoint parametrizedImprovementConstraints
FINE: Possible Improvements are conjunction of 
	(sum(this/Sqlite.totalFootprint) <= -149)
	(sum(this/Sqlite.totalFootprint) < -149)
Feb 02, 2014 5:48:31 AM kodkod.multiobjective.algorithms.CheckpointedGuidedImprovementAlgorithm multiObjectiveSolveImpl
FINE: Found a solution. At time: 81, Improving on [-154]
Feb 02, 2014 5:48:31 AM kodkod.multiobjective.MetricPoint parametrizedImprovementConstraints
FINE: Possible Improvements are conjunction of 
	(sum(this/Sqlite.totalFootprint) <= -154)
	(sum(this/Sqlite.totalFootprint) < -154)
Feb 02, 2014 5:48:36 AM kodkod.multiobjective.algorithms.CheckpointedGuidedImprovementAlgorithm multiObjectiveSolveImpl
FINE: Found a solution. At time: 85, Improving on [-155]
Feb 02, 2014 5:48:36 AM kodkod.multiobjective.MetricPoint parametrizedImprovementConstraints
FINE: Possible Improvements are conjunction of 
	(sum(this/Sqlite.totalFootprint) <= -155)
	(sum(this/Sqlite.totalFootprint) < -155)
Feb 02, 2014 5:48:40 AM kodkod.multiobjective.algorithms.CheckpointedGuidedImprovementAlgorithm multiObjectiveSolveImpl
FINE: Found a solution. At time: 89, Improving on [-156]
Feb 02, 2014 5:48:40 AM kodkod.multiobjective.MetricPoint parametrizedImprovementConstraints
FINE: Possible Improvements are conjunction of 
	(sum(this/Sqlite.totalFootprint) <= -156)
	(sum(this/Sqlite.totalFootprint) < -156)
Feb 02, 2014 5:48:45 AM kodkod.multiobjective.algorithms.CheckpointedGuidedImprovementAlgorithm multiObjectiveSolveImpl
FINE: Found a solution. At time: 94, Improving on [-158]
Feb 02, 2014 5:48:45 AM kodkod.multiobjective.MetricPoint parametrizedImprovementConstraints
FINE: Possible Improvements are conjunction of 
	(sum(this/Sqlite.totalFootprint) <= -158)
	(sum(this/Sqlite.totalFootprint) < -158)
Feb 02, 2014 5:48:49 AM kodkod.multiobjective.algorithms.CheckpointedGuidedImprovementAlgorithm multiObjectiveSolveImpl
FINE: Found a solution. At time: 98, Improving on [-160]
Feb 02, 2014 5:48:49 AM kodkod.multiobjective.MetricPoint parametrizedImprovementConstraints
FINE: Possible Improvements are conjunction of 
	(sum(this/Sqlite.totalFootprint) <= -160)
	(sum(this/Sqlite.totalFootprint) < -160)
Feb 02, 2014 5:48:54 AM kodkod.multiobjective.algorithms.CheckpointedGuidedImprovementAlgorithm multiObjectiveSolveImpl
FINE: Found a solution. At time: 103, Improving on [-161]
Feb 02, 2014 5:48:54 AM kodkod.multiobjective.MetricPoint parametrizedImprovementConstraints
FINE: Possible Improvements are conjunction of 
	(sum(this/Sqlite.totalFootprint) <= -161)
	(sum(this/Sqlite.totalFootprint) < -161)
Feb 02, 2014 5:48:58 AM kodkod.multiobjective.algorithms.CheckpointedGuidedImprovementAlgorithm multiObjectiveSolveImpl
FINE: Found a solution. At time: 107, Improving on [-165]
Feb 02, 2014 5:48:58 AM kodkod.multiobjective.MetricPoint parametrizedImprovementConstraints
FINE: Possible Improvements are conjunction of 
	(sum(this/Sqlite.totalFootprint) <= -165)
	(sum(this/Sqlite.totalFootprint) < -165)
Feb 02, 2014 5:49:02 AM kodkod.multiobjective.algorithms.CheckpointedGuidedImprovementAlgorithm multiObjectiveSolveImpl
FINE: Found a solution. At time: 112, Improving on [-168]
Feb 02, 2014 5:49:02 AM kodkod.multiobjective.MetricPoint parametrizedImprovementConstraints
FINE: Possible Improvements are conjunction of 
	(sum(this/Sqlite.totalFootprint) <= -168)
	(sum(this/Sqlite.totalFootprint) < -168)
Feb 02, 2014 5:49:07 AM kodkod.multiobjective.algorithms.CheckpointedGuidedImprovementAlgorithm multiObjectiveSolveImpl
FINE: Found a solution. At time: 116, Improving on [-172]
Feb 02, 2014 5:49:07 AM kodkod.multiobjective.MetricPoint parametrizedImprovementConstraints
FINE: Possible Improvements are conjunction of 
	(sum(this/Sqlite.totalFootprint) <= -172)
	(sum(this/Sqlite.totalFootprint) < -172)
Feb 02, 2014 5:49:11 AM kodkod.multiobjective.algorithms.CheckpointedGuidedImprovementAlgorithm multiObjectiveSolveImpl
FINE: Found a solution. At time: 121, Improving on [-173]
Feb 02, 2014 5:49:11 AM kodkod.multiobjective.MetricPoint parametrizedImprovementConstraints
FINE: Possible Improvements are conjunction of 
	(sum(this/Sqlite.totalFootprint) <= -173)
	(sum(this/Sqlite.totalFootprint) < -173)
Feb 02, 2014 5:49:16 AM kodkod.multiobjective.algorithms.CheckpointedGuidedImprovementAlgorithm multiObjectiveSolveImpl
FINE: Found a solution. At time: 125, Improving on [-175]
Feb 02, 2014 5:49:16 AM kodkod.multiobjective.MetricPoint parametrizedImprovementConstraints
FINE: Possible Improvements are conjunction of 
	(sum(this/Sqlite.totalFootprint) <= -175)
	(sum(this/Sqlite.totalFootprint) < -175)
Feb 02, 2014 5:49:21 AM kodkod.multiobjective.algorithms.CheckpointedGuidedImprovementAlgorithm multiObjectiveSolveImpl
FINE: Found a solution. At time: 130, Improving on [-178]
Feb 02, 2014 5:49:21 AM kodkod.multiobjective.MetricPoint parametrizedImprovementConstraints
FINE: Possible Improvements are conjunction of 
	(sum(this/Sqlite.totalFootprint) <= -178)
	(sum(this/Sqlite.totalFootprint) < -178)
Feb 02, 2014 5:49:25 AM kodkod.multiobjective.algorithms.CheckpointedGuidedImprovementAlgorithm multiObjectiveSolveImpl
FINE: Found a solution. At time: 135, Improving on [-179]
Feb 02, 2014 5:49:25 AM kodkod.multiobjective.MetricPoint parametrizedImprovementConstraints
FINE: Possible Improvements are conjunction of 
	(sum(this/Sqlite.totalFootprint) <= -179)
	(sum(this/Sqlite.totalFootprint) < -179)
Feb 02, 2014 5:49:32 AM kodkod.multiobjective.algorithms.CheckpointedGuidedImprovementAlgorithm multiObjectiveSolveImpl
FINE: Found a solution. At time: 142, Improving on [-183]
Feb 02, 2014 5:49:32 AM kodkod.multiobjective.MetricPoint parametrizedImprovementConstraints
FINE: Possible Improvements are conjunction of 
	(sum(this/Sqlite.totalFootprint) <= -183)
	(sum(this/Sqlite.totalFootprint) < -183)
Feb 02, 2014 5:49:43 AM kodkod.multiobjective.algorithms.CheckpointedGuidedImprovementAlgorithm multiObjectiveSolveImpl
FINE: Found a solution. At time: 152, Improving on [-184]
Feb 02, 2014 5:49:43 AM kodkod.multiobjective.MetricPoint parametrizedImprovementConstraints
FINE: Possible Improvements are conjunction of 
	(sum(this/Sqlite.totalFootprint) <= -184)
	(sum(this/Sqlite.totalFootprint) < -184)
Feb 02, 2014 5:49:49 AM kodkod.multiobjective.algorithms.CheckpointedGuidedImprovementAlgorithm multiObjectiveSolveImpl
FINE: Found a solution. At time: 158, Improving on [-186]
Feb 02, 2014 5:49:49 AM kodkod.multiobjective.MetricPoint parametrizedImprovementConstraints
FINE: Possible Improvements are conjunction of 
	(sum(this/Sqlite.totalFootprint) <= -186)
	(sum(this/Sqlite.totalFootprint) < -186)
Feb 02, 2014 5:49:55 AM kodkod.multiobjective.algorithms.CheckpointedGuidedImprovementAlgorithm multiObjectiveSolveImpl
FINE: Found a solution. At time: 165, Improving on [-193]
Feb 02, 2014 5:49:55 AM kodkod.multiobjective.MetricPoint parametrizedImprovementConstraints
FINE: Possible Improvements are conjunction of 
	(sum(this/Sqlite.totalFootprint) <= -193)
	(sum(this/Sqlite.totalFootprint) < -193)
Feb 02, 2014 5:50:02 AM kodkod.multiobjective.algorithms.CheckpointedGuidedImprovementAlgorithm multiObjectiveSolveImpl
FINE: Found a solution. At time: 171, Improving on [-194]
Feb 02, 2014 5:50:02 AM kodkod.multiobjective.MetricPoint parametrizedImprovementConstraints
FINE: Possible Improvements are conjunction of 
	(sum(this/Sqlite.totalFootprint) <= -194)
	(sum(this/Sqlite.totalFootprint) < -194)
Feb 02, 2014 5:50:08 AM kodkod.multiobjective.algorithms.CheckpointedGuidedImprovementAlgorithm multiObjectiveSolveImpl
FINE: Found a solution. At time: 177, Improving on [-195]
Feb 02, 2014 5:50:08 AM kodkod.multiobjective.MetricPoint parametrizedImprovementConstraints
FINE: Possible Improvements are conjunction of 
	(sum(this/Sqlite.totalFootprint) <= -195)
	(sum(this/Sqlite.totalFootprint) < -195)
Feb 02, 2014 5:50:15 AM kodkod.multiobjective.algorithms.CheckpointedGuidedImprovementAlgorithm multiObjectiveSolveImpl
FINE: Found a solution. At time: 184, Improving on [-196]
Feb 02, 2014 5:50:15 AM kodkod.multiobjective.MetricPoint parametrizedImprovementConstraints
FINE: Possible Improvements are conjunction of 
	(sum(this/Sqlite.totalFootprint) <= -196)
	(sum(this/Sqlite.totalFootprint) < -196)
Feb 02, 2014 5:50:21 AM kodkod.multiobjective.algorithms.CheckpointedGuidedImprovementAlgorithm multiObjectiveSolveImpl
FINE: Found a solution. At time: 190, Improving on [-197]
Feb 02, 2014 5:50:21 AM kodkod.multiobjective.MetricPoint parametrizedImprovementConstraints
FINE: Possible Improvements are conjunction of 
	(sum(this/Sqlite.totalFootprint) <= -197)
	(sum(this/Sqlite.totalFootprint) < -197)
Feb 02, 2014 5:50:27 AM kodkod.multiobjective.algorithms.CheckpointedGuidedImprovementAlgorithm multiObjectiveSolveImpl
FINE: Found a solution. At time: 196, Improving on [-199]
Feb 02, 2014 5:50:27 AM kodkod.multiobjective.MetricPoint parametrizedImprovementConstraints
FINE: Possible Improvements are conjunction of 
	(sum(this/Sqlite.totalFootprint) <= -199)
	(sum(this/Sqlite.totalFootprint) < -199)
Feb 02, 2014 5:50:34 AM kodkod.multiobjective.algorithms.MultiObjectiveAlgorithm foundParetoPoint
FINE: Found Pareto point with values: [-199]
Feb 02, 2014 5:50:34 AM kodkod.multiobjective.algorithms.CheckpointedGuidedImprovementAlgorithm multiObjectiveSolveImpl
FINE: Found Pareto point with values: [-199]
Feb 02, 2014 5:52:19 AM kodkod.multiobjective.algorithms.MultiObjectiveAlgorithm debugWriteStatistics
FINE: Solver statistics:
	# Sat Call: 31
	# Unsat Call: 2
	# Total Time in Sat Calls: 165608
	# Total Time in Sat Calls Solving: 2942
	# Total Time in Sat Calls Translating: 162666
	# Total Time in Unsat Calls: 19564
	# Total Time in Unsat Calls Solving: 565
	# Total Time in Unsat Calls Translating: 18999
	# Magnifier Sat Call: 0
	# Magnifier Unsat Call: 0
	# Total Time in Magnifier: 0
