Feb 01, 2014 4:33:55 AM kodkod.multiobjective.algorithms.IncrementalGuidedImprovementAlgorithm multiObjectiveSolveImpl
FINE: Found a solution. At time: 3, Improving on [736]
Feb 01, 2014 4:33:55 AM kodkod.multiobjective.MetricPoint parametrizedImprovementConstraints
FINE: Possible Improvements are conjunction of 
	(sum(this/PKJab.totalFootprint) <= 736)
	(sum(this/PKJab.totalFootprint) < 736)
Feb 01, 2014 4:33:56 AM kodkod.multiobjective.algorithms.MultiObjectiveAlgorithm foundParetoPoint
FINE: Found Pareto point with values: [736]
Feb 01, 2014 4:33:59 AM kodkod.multiobjective.algorithms.IncrementalGuidedImprovementAlgorithm multiObjectiveSolveImpl
FINE: All Pareto points found. At time: 6
Feb 01, 2014 4:33:59 AM kodkod.multiobjective.algorithms.MultiObjectiveAlgorithm debugWriteStatistics
FINE: Solver statistics:
	# Sat Call: 1
	# Unsat Call: 2
	# Total Time in Sat Calls: 3408
	# Total Time in Sat Calls Solving: 94
	# Total Time in Sat Calls Translating: 3314
	# Total Time in Unsat Calls: 3117
	# Total Time in Unsat Calls Solving: 103
	# Total Time in Unsat Calls Translating: 3014
	# Magnifier Sat Call: 0
	# Magnifier Unsat Call: 0
	# Total Time in Magnifier: 0
