Feb 01, 2014 10:11:33 PM kodkod.multiobjective.algorithms.CheckpointedGuidedImprovementAlgorithm multiObjectiveSolveImpl
FINE: Found a solution. At time: 1, Improving on [281]
Feb 01, 2014 10:11:33 PM kodkod.multiobjective.MetricPoint parametrizedImprovementConstraints
FINE: Possible Improvements are conjunction of 
	(sum(this/Apache.totalPerformance) >= 281)
	(sum(this/Apache.totalPerformance) > 281)
Feb 01, 2014 10:11:33 PM kodkod.multiobjective.algorithms.CheckpointedGuidedImprovementAlgorithm multiObjectiveSolveImpl
FINE: Found a solution. At time: 1, Improving on [296]
Feb 01, 2014 10:11:33 PM kodkod.multiobjective.MetricPoint parametrizedImprovementConstraints
FINE: Possible Improvements are conjunction of 
	(sum(this/Apache.totalPerformance) >= 296)
	(sum(this/Apache.totalPerformance) > 296)
Feb 01, 2014 10:11:33 PM kodkod.multiobjective.algorithms.MultiObjectiveAlgorithm foundParetoPoint
FINE: Found Pareto point with values: [296]
Feb 01, 2014 10:11:33 PM kodkod.multiobjective.algorithms.CheckpointedGuidedImprovementAlgorithm multiObjectiveSolveImpl
FINE: Found Pareto point with values: [296]
Feb 01, 2014 10:11:34 PM kodkod.multiobjective.algorithms.MultiObjectiveAlgorithm debugWriteStatistics
FINE: Solver statistics:
	# Sat Call: 2
	# Unsat Call: 2
	# Total Time in Sat Calls: 1423
	# Total Time in Sat Calls Solving: 6
	# Total Time in Sat Calls Translating: 1417
	# Total Time in Unsat Calls: 440
	# Total Time in Unsat Calls Solving: 1
	# Total Time in Unsat Calls Translating: 439
	# Magnifier Sat Call: 0
	# Magnifier Unsat Call: 0
	# Total Time in Magnifier: 0
