Feb 02, 2014 12:37:57 AM kodkod.multiobjective.algorithms.CheckpointedGuidedImprovementAlgorithm multiObjectiveSolveImpl
FINE: Found a solution. At time: 2, Improving on [696]
Feb 02, 2014 12:37:57 AM kodkod.multiobjective.MetricPoint parametrizedImprovementConstraints
FINE: Possible Improvements are conjunction of 
	(sum(this/PKJab.totalFootprint) <= 696)
	(sum(this/PKJab.totalFootprint) < 696)
Feb 02, 2014 12:37:58 AM kodkod.multiobjective.algorithms.MultiObjectiveAlgorithm foundParetoPoint
FINE: Found Pareto point with values: [696]
Feb 02, 2014 12:37:58 AM kodkod.multiobjective.algorithms.CheckpointedGuidedImprovementAlgorithm multiObjectiveSolveImpl
FINE: Found Pareto point with values: [696]
Feb 02, 2014 12:37:59 AM kodkod.multiobjective.algorithms.MultiObjectiveAlgorithm debugWriteStatistics
FINE: Solver statistics:
	# Sat Call: 1
	# Unsat Call: 2
	# Total Time in Sat Calls: 1841
	# Total Time in Sat Calls Solving: 7
	# Total Time in Sat Calls Translating: 1834
	# Total Time in Unsat Calls: 1803
	# Total Time in Unsat Calls Solving: 3
	# Total Time in Unsat Calls Translating: 1800
	# Magnifier Sat Call: 0
	# Magnifier Unsat Call: 0
	# Total Time in Magnifier: 0
