Feb 02, 2014 1:15:00 PM kodkod.multiobjective.algorithms.CheckpointedGuidedImprovementAlgorithm multiObjectiveSolveImpl
FINE: Found a solution. At time: 0, Improving on [746]
Feb 02, 2014 1:15:00 PM kodkod.multiobjective.MetricPoint parametrizedImprovementConstraints
FINE: Possible Improvements are conjunction of 
	(sum(this/PKJab.totalFootprint) <= 746)
	(sum(this/PKJab.totalFootprint) < 746)
Feb 02, 2014 1:15:00 PM kodkod.multiobjective.algorithms.MultiObjectiveAlgorithm foundParetoPoint
FINE: Found Pareto point with values: [746]
Feb 02, 2014 1:15:00 PM kodkod.multiobjective.algorithms.CheckpointedGuidedImprovementAlgorithm multiObjectiveSolveImpl
FINE: Found Pareto point with values: [746]
Feb 02, 2014 1:15:00 PM kodkod.multiobjective.algorithms.MultiObjectiveAlgorithm debugWriteStatistics
FINE: Solver statistics:
	# Sat Call: 1
	# Unsat Call: 2
	# Total Time in Sat Calls: 172
	# Total Time in Sat Calls Solving: 0
	# Total Time in Sat Calls Translating: 172
	# Total Time in Unsat Calls: 281
	# Total Time in Unsat Calls Solving: 0
	# Total Time in Unsat Calls Translating: 281
	# Magnifier Sat Call: 0
	# Magnifier Unsat Call: 0
	# Total Time in Magnifier: 0
