Feb 01, 2014 1:30:04 PM kodkod.multiobjective.algorithms.IncrementalGuidedImprovementAlgorithm multiObjectiveSolveImpl
FINE: Found a solution. At time: 22, Improving on [1, 493, 575]
Feb 01, 2014 1:30:04 PM kodkod.multiobjective.MetricPoint parametrizedImprovementConstraints
FINE: Possible Improvements are conjunction of 
	(sum(this/BerkeleyDbC.totalReliability) >= 1)
	(sum(this/BerkeleyDbC.totalFootprint) <= 493)
	(sum(this/BerkeleyDbC.totalPrice) <= 575)
	((sum(this/BerkeleyDbC.totalReliability) > 1) || (sum(this/BerkeleyDbC.totalFootprint) < 493) || (sum(this/BerkeleyDbC.totalPrice) < 575))
Feb 01, 2014 1:30:05 PM kodkod.multiobjective.algorithms.MultiObjectiveAlgorithm foundParetoPoint
FINE: Found Pareto point with values: [1, 493, 575]
Feb 01, 2014 1:30:26 PM kodkod.multiobjective.algorithms.IncrementalGuidedImprovementAlgorithm multiObjectiveSolveImpl
FINE: All Pareto points found. At time: 45
Feb 01, 2014 1:30:26 PM kodkod.multiobjective.algorithms.MultiObjectiveAlgorithm debugWriteStatistics
FINE: Solver statistics:
	# Sat Call: 1
	# Unsat Call: 2
	# Total Time in Sat Calls: 19402
	# Total Time in Sat Calls Solving: 486
	# Total Time in Sat Calls Translating: 18916
	# Total Time in Unsat Calls: 19106
	# Total Time in Unsat Calls Solving: 893
	# Total Time in Unsat Calls Translating: 18213
	# Magnifier Sat Call: 0
	# Magnifier Unsat Call: 0
	# Total Time in Magnifier: 0
