Feb 01, 2014 10:38:47 PM kodkod.multiobjective.algorithms.CheckpointedGuidedImprovementAlgorithm multiObjectiveSolveImpl
FINE: Found a solution. At time: 7, Improving on [1098]
Feb 01, 2014 10:38:47 PM kodkod.multiobjective.MetricPoint parametrizedImprovementConstraints
FINE: Possible Improvements are conjunction of 
	(sum(this/LinkedList.totalFootprint) <= 1098)
	(sum(this/LinkedList.totalFootprint) < 1098)
Feb 01, 2014 10:38:51 PM kodkod.multiobjective.algorithms.MultiObjectiveAlgorithm foundParetoPoint
FINE: Found Pareto point with values: [1098]
Feb 01, 2014 10:38:51 PM kodkod.multiobjective.algorithms.CheckpointedGuidedImprovementAlgorithm multiObjectiveSolveImpl
FINE: Found Pareto point with values: [1098]
Feb 01, 2014 10:38:55 PM kodkod.multiobjective.algorithms.MultiObjectiveAlgorithm debugWriteStatistics
FINE: Solver statistics:
	# Sat Call: 1
	# Unsat Call: 2
	# Total Time in Sat Calls: 7336
	# Total Time in Sat Calls Solving: 22
	# Total Time in Sat Calls Translating: 7314
	# Total Time in Unsat Calls: 6484
	# Total Time in Unsat Calls Solving: 0
	# Total Time in Unsat Calls Translating: 6484
	# Magnifier Sat Call: 0
	# Magnifier Unsat Call: 0
	# Total Time in Magnifier: 0
