Feb 02, 2014 12:40:09 AM kodkod.multiobjective.algorithms.CheckpointedGuidedImprovementAlgorithm multiObjectiveSolveImpl
FINE: Found a solution. At time: 2, Improving on [926]
Feb 02, 2014 12:40:09 AM kodkod.multiobjective.MetricPoint parametrizedImprovementConstraints
FINE: Possible Improvements are conjunction of 
	(sum(this/ZipMeSPL.totalFootprint) <= 926)
	(sum(this/ZipMeSPL.totalFootprint) < 926)
Feb 02, 2014 12:40:10 AM kodkod.multiobjective.algorithms.MultiObjectiveAlgorithm foundParetoPoint
FINE: Found Pareto point with values: [926]
Feb 02, 2014 12:40:10 AM kodkod.multiobjective.algorithms.CheckpointedGuidedImprovementAlgorithm multiObjectiveSolveImpl
FINE: Found Pareto point with values: [926]
Feb 02, 2014 12:40:11 AM kodkod.multiobjective.algorithms.MultiObjectiveAlgorithm debugWriteStatistics
FINE: Solver statistics:
	# Sat Call: 1
	# Unsat Call: 2
	# Total Time in Sat Calls: 1744
	# Total Time in Sat Calls Solving: 6
	# Total Time in Sat Calls Translating: 1738
	# Total Time in Unsat Calls: 1470
	# Total Time in Unsat Calls Solving: 3
	# Total Time in Unsat Calls Translating: 1467
	# Magnifier Sat Call: 0
	# Magnifier Unsat Call: 0
	# Total Time in Magnifier: 0
