Feb 01, 2014 1:44:01 PM kodkod.multiobjective.algorithms.IncrementalGuidedImprovementAlgorithm multiObjectiveSolveImpl
FINE: Found a solution. At time: 0, Improving on [818]
Feb 01, 2014 1:44:01 PM kodkod.multiobjective.MetricPoint parametrizedImprovementConstraints
FINE: Possible Improvements are conjunction of 
	(sum(this/ZipMeSPL.totalFootprint) <= 818)
	(sum(this/ZipMeSPL.totalFootprint) < 818)
Feb 01, 2014 1:44:01 PM kodkod.multiobjective.algorithms.IncrementalGuidedImprovementAlgorithm multiObjectiveSolveImpl
FINE: Found a solution. At time: 0, Improving on [802]
Feb 01, 2014 1:44:01 PM kodkod.multiobjective.MetricPoint parametrizedImprovementConstraints
FINE: Possible Improvements are conjunction of 
	(sum(this/ZipMeSPL.totalFootprint) <= 802)
	(sum(this/ZipMeSPL.totalFootprint) < 802)
Feb 01, 2014 1:44:01 PM kodkod.multiobjective.algorithms.IncrementalGuidedImprovementAlgorithm multiObjectiveSolveImpl
FINE: Found a solution. At time: 0, Improving on [799]
Feb 01, 2014 1:44:01 PM kodkod.multiobjective.MetricPoint parametrizedImprovementConstraints
FINE: Possible Improvements are conjunction of 
	(sum(this/ZipMeSPL.totalFootprint) <= 799)
	(sum(this/ZipMeSPL.totalFootprint) < 799)
Feb 01, 2014 1:44:01 PM kodkod.multiobjective.algorithms.MultiObjectiveAlgorithm foundParetoPoint
FINE: Found Pareto point with values: [799]
Feb 01, 2014 1:44:01 PM kodkod.multiobjective.algorithms.IncrementalGuidedImprovementAlgorithm multiObjectiveSolveImpl
FINE: All Pareto points found. At time: 0
Feb 01, 2014 1:44:01 PM kodkod.multiobjective.algorithms.MultiObjectiveAlgorithm debugWriteStatistics
FINE: Solver statistics:
	# Sat Call: 3
	# Unsat Call: 2
	# Total Time in Sat Calls: 236
	# Total Time in Sat Calls Solving: 2
	# Total Time in Sat Calls Translating: 234
	# Total Time in Unsat Calls: 76
	# Total Time in Unsat Calls Solving: 3
	# Total Time in Unsat Calls Translating: 73
	# Magnifier Sat Call: 0
	# Magnifier Unsat Call: 0
	# Total Time in Magnifier: 0
