Feb 02, 2014 12:40:45 AM kodkod.multiobjective.algorithms.CheckpointedGuidedImprovementAlgorithm multiObjectiveSolveImpl
FINE: Found a solution. At time: 1, Improving on [796]
Feb 02, 2014 12:40:45 AM kodkod.multiobjective.MetricPoint parametrizedImprovementConstraints
FINE: Possible Improvements are conjunction of 
	(sum(this/ZipMeSPL.totalFootprint) <= 796)
	(sum(this/ZipMeSPL.totalFootprint) < 796)
Feb 02, 2014 12:40:46 AM kodkod.multiobjective.algorithms.MultiObjectiveAlgorithm foundParetoPoint
FINE: Found Pareto point with values: [796]
Feb 02, 2014 12:40:46 AM kodkod.multiobjective.algorithms.CheckpointedGuidedImprovementAlgorithm multiObjectiveSolveImpl
FINE: Found Pareto point with values: [796]
Feb 02, 2014 12:40:47 AM kodkod.multiobjective.algorithms.MultiObjectiveAlgorithm debugWriteStatistics
FINE: Solver statistics:
	# Sat Call: 1
	# Unsat Call: 2
	# Total Time in Sat Calls: 1704
	# Total Time in Sat Calls Solving: 5
	# Total Time in Sat Calls Translating: 1699
	# Total Time in Unsat Calls: 1454
	# Total Time in Unsat Calls Solving: 0
	# Total Time in Unsat Calls Translating: 1454
	# Magnifier Sat Call: 0
	# Magnifier Unsat Call: 0
	# Total Time in Magnifier: 0
