Feb 01, 2014 1:32:33 AM kodkod.multiobjective.algorithms.IncrementalGuidedImprovementAlgorithm multiObjectiveSolveImpl
FINE: Found a solution. At time: 0, Improving on [1098]
Feb 01, 2014 1:32:33 AM kodkod.multiobjective.MetricPoint parametrizedImprovementConstraints
FINE: Possible Improvements are conjunction of 
	(sum(this/LinkedList.totalFootprint) <= 1098)
	(sum(this/LinkedList.totalFootprint) < 1098)
Feb 01, 2014 1:32:33 AM kodkod.multiobjective.algorithms.MultiObjectiveAlgorithm foundParetoPoint
FINE: Found Pareto point with values: [1098]
Feb 01, 2014 1:32:33 AM kodkod.multiobjective.algorithms.IncrementalGuidedImprovementAlgorithm multiObjectiveSolveImpl
FINE: All Pareto points found. At time: 0
Feb 01, 2014 1:32:33 AM kodkod.multiobjective.algorithms.MultiObjectiveAlgorithm debugWriteStatistics
FINE: Solver statistics:
	# Sat Call: 1
	# Unsat Call: 2
	# Total Time in Sat Calls: 75
	# Total Time in Sat Calls Solving: 1
	# Total Time in Sat Calls Translating: 74
	# Total Time in Unsat Calls: 150
	# Total Time in Unsat Calls Solving: 0
	# Total Time in Unsat Calls Translating: 150
	# Magnifier Sat Call: 0
	# Magnifier Unsat Call: 0
	# Total Time in Magnifier: 0
