Feb 01, 2014 1:25:37 PM kodkod.multiobjective.algorithms.IncrementalGuidedImprovementAlgorithm multiObjectiveSolveImpl
FINE: Found a solution. At time: 1, Improving on [176]
Feb 01, 2014 1:25:38 PM kodkod.multiobjective.MetricPoint parametrizedImprovementConstraints
FINE: Possible Improvements are conjunction of 
	(sum(this/Apache.totalPerformance) >= 176)
	(sum(this/Apache.totalPerformance) > 176)
Feb 01, 2014 1:25:38 PM kodkod.multiobjective.algorithms.MultiObjectiveAlgorithm foundParetoPoint
FINE: Found Pareto point with values: [176]
Feb 01, 2014 1:25:38 PM kodkod.multiobjective.algorithms.IncrementalGuidedImprovementAlgorithm multiObjectiveSolveImpl
FINE: All Pareto points found. At time: 1
Feb 01, 2014 1:25:38 PM kodkod.multiobjective.algorithms.MultiObjectiveAlgorithm debugWriteStatistics
FINE: Solver statistics:
	# Sat Call: 1
	# Unsat Call: 2
	# Total Time in Sat Calls: 626
	# Total Time in Sat Calls Solving: 4
	# Total Time in Sat Calls Translating: 622
	# Total Time in Unsat Calls: 357
	# Total Time in Unsat Calls Solving: 5
	# Total Time in Unsat Calls Translating: 352
	# Magnifier Sat Call: 0
	# Magnifier Unsat Call: 0
	# Total Time in Magnifier: 0
