Feb 02, 2014 1:12:44 PM kodkod.multiobjective.algorithms.CheckpointedGuidedImprovementAlgorithm multiObjectiveSolveImpl
FINE: Found a solution. At time: 0, Improving on [229]
Feb 02, 2014 1:12:44 PM kodkod.multiobjective.MetricPoint parametrizedImprovementConstraints
FINE: Possible Improvements are conjunction of 
	(sum(this/Apache.totalPerformance) >= 229)
	(sum(this/Apache.totalPerformance) > 229)
Feb 02, 2014 1:12:44 PM kodkod.multiobjective.algorithms.CheckpointedGuidedImprovementAlgorithm multiObjectiveSolveImpl
FINE: Found a solution. At time: 0, Improving on [244]
Feb 02, 2014 1:12:44 PM kodkod.multiobjective.MetricPoint parametrizedImprovementConstraints
FINE: Possible Improvements are conjunction of 
	(sum(this/Apache.totalPerformance) >= 244)
	(sum(this/Apache.totalPerformance) > 244)
Feb 02, 2014 1:12:44 PM kodkod.multiobjective.algorithms.CheckpointedGuidedImprovementAlgorithm multiObjectiveSolveImpl
FINE: Found a solution. At time: 0, Improving on [255]
Feb 02, 2014 1:12:44 PM kodkod.multiobjective.MetricPoint parametrizedImprovementConstraints
FINE: Possible Improvements are conjunction of 
	(sum(this/Apache.totalPerformance) >= 255)
	(sum(this/Apache.totalPerformance) > 255)
Feb 02, 2014 1:12:44 PM kodkod.multiobjective.algorithms.MultiObjectiveAlgorithm foundParetoPoint
FINE: Found Pareto point with values: [255]
Feb 02, 2014 1:12:44 PM kodkod.multiobjective.algorithms.CheckpointedGuidedImprovementAlgorithm multiObjectiveSolveImpl
FINE: Found Pareto point with values: [255]
Feb 02, 2014 1:12:44 PM kodkod.multiobjective.algorithms.MultiObjectiveAlgorithm debugWriteStatistics
FINE: Solver statistics:
	# Sat Call: 3
	# Unsat Call: 2
	# Total Time in Sat Calls: 308
	# Total Time in Sat Calls Solving: 3
	# Total Time in Sat Calls Translating: 305
	# Total Time in Unsat Calls: 13
	# Total Time in Unsat Calls Solving: 3
	# Total Time in Unsat Calls Translating: 10
	# Magnifier Sat Call: 0
	# Magnifier Unsat Call: 0
	# Total Time in Magnifier: 0
