Feb 01, 2014 9:45:07 PM kodkod.multiobjective.algorithms.CheckpointedGuidedImprovementAlgorithm multiObjectiveSolveImpl
FINE: Found a solution. At time: 3, Improving on [857]
Feb 01, 2014 9:45:07 PM kodkod.multiobjective.MetricPoint parametrizedImprovementConstraints
FINE: Possible Improvements are conjunction of 
	(sum(this/ZipMeSPL.totalFootprint) <= 857)
	(sum(this/ZipMeSPL.totalFootprint) < 857)
Feb 01, 2014 9:45:07 PM kodkod.multiobjective.algorithms.MultiObjectiveAlgorithm foundParetoPoint
FINE: Found Pareto point with values: [857]
Feb 01, 2014 9:45:07 PM kodkod.multiobjective.algorithms.CheckpointedGuidedImprovementAlgorithm multiObjectiveSolveImpl
FINE: Found Pareto point with values: [857]
Feb 01, 2014 9:45:08 PM kodkod.multiobjective.algorithms.MultiObjectiveAlgorithm debugWriteStatistics
FINE: Solver statistics:
	# Sat Call: 1
	# Unsat Call: 2
	# Total Time in Sat Calls: 3185
	# Total Time in Sat Calls Solving: 79
	# Total Time in Sat Calls Translating: 3106
	# Total Time in Unsat Calls: 195
	# Total Time in Unsat Calls Solving: 0
	# Total Time in Unsat Calls Translating: 195
	# Magnifier Sat Call: 0
	# Magnifier Unsat Call: 0
	# Total Time in Magnifier: 0
