Feb 01, 2014 9:16:55 PM kodkod.multiobjective.algorithms.CheckpointedGuidedImprovementAlgorithm multiObjectiveSolveImpl
FINE: Found a solution. At time: 1, Improving on [176]
Feb 01, 2014 9:16:55 PM kodkod.multiobjective.MetricPoint parametrizedImprovementConstraints
FINE: Possible Improvements are conjunction of 
	(sum(this/Apache.totalPerformance) >= 176)
	(sum(this/Apache.totalPerformance) > 176)
Feb 01, 2014 9:16:55 PM kodkod.multiobjective.algorithms.MultiObjectiveAlgorithm foundParetoPoint
FINE: Found Pareto point with values: [176]
Feb 01, 2014 9:16:55 PM kodkod.multiobjective.algorithms.CheckpointedGuidedImprovementAlgorithm multiObjectiveSolveImpl
FINE: Found Pareto point with values: [176]
Feb 01, 2014 9:16:55 PM kodkod.multiobjective.algorithms.MultiObjectiveAlgorithm debugWriteStatistics
FINE: Solver statistics:
	# Sat Call: 1
	# Unsat Call: 2
	# Total Time in Sat Calls: 1630
	# Total Time in Sat Calls Solving: 35
	# Total Time in Sat Calls Translating: 1595
	# Total Time in Unsat Calls: 85
	# Total Time in Unsat Calls Solving: 4
	# Total Time in Unsat Calls Translating: 81
	# Magnifier Sat Call: 0
	# Magnifier Unsat Call: 0
	# Total Time in Magnifier: 0
