Feb 01, 2014 4:16:05 AM kodkod.multiobjective.algorithms.IncrementalGuidedImprovementAlgorithm multiObjectiveSolveImpl
FINE: Found a solution. At time: 1, Improving on [535]
Feb 01, 2014 4:16:05 AM kodkod.multiobjective.MetricPoint parametrizedImprovementConstraints
FINE: Possible Improvements are conjunction of 
	(sum(this/LinkedList.totalFootprint) <= 535)
	(sum(this/LinkedList.totalFootprint) < 535)
Feb 01, 2014 4:16:06 AM kodkod.multiobjective.algorithms.IncrementalGuidedImprovementAlgorithm multiObjectiveSolveImpl
FINE: Found a solution. At time: 2, Improving on [534]
Feb 01, 2014 4:16:06 AM kodkod.multiobjective.MetricPoint parametrizedImprovementConstraints
FINE: Possible Improvements are conjunction of 
	(sum(this/LinkedList.totalFootprint) <= 534)
	(sum(this/LinkedList.totalFootprint) < 534)
Feb 01, 2014 4:16:06 AM kodkod.multiobjective.algorithms.MultiObjectiveAlgorithm foundParetoPoint
FINE: Found Pareto point with values: [534]
Feb 01, 2014 4:16:08 AM kodkod.multiobjective.algorithms.IncrementalGuidedImprovementAlgorithm multiObjectiveSolveImpl
FINE: All Pareto points found. At time: 4
Feb 01, 2014 4:16:08 AM kodkod.multiobjective.algorithms.MultiObjectiveAlgorithm debugWriteStatistics
FINE: Solver statistics:
	# Sat Call: 2
	# Unsat Call: 2
	# Total Time in Sat Calls: 1677
	# Total Time in Sat Calls Solving: 6
	# Total Time in Sat Calls Translating: 1671
	# Total Time in Unsat Calls: 1978
	# Total Time in Unsat Calls Solving: 77
	# Total Time in Unsat Calls Translating: 1901
	# Magnifier Sat Call: 0
	# Magnifier Unsat Call: 0
	# Total Time in Magnifier: 0
