Feb 01, 2014 10:40:41 PM kodkod.multiobjective.algorithms.CheckpointedGuidedImprovementAlgorithm multiObjectiveSolveImpl
FINE: Found a solution. At time: 5, Improving on [881]
Feb 01, 2014 10:40:41 PM kodkod.multiobjective.MetricPoint parametrizedImprovementConstraints
FINE: Possible Improvements are conjunction of 
	(sum(this/BerkeleyDbC.totalFootprint) <= 881)
	(sum(this/BerkeleyDbC.totalFootprint) < 881)
Feb 01, 2014 10:40:43 PM kodkod.multiobjective.algorithms.MultiObjectiveAlgorithm foundParetoPoint
FINE: Found Pareto point with values: [881]
Feb 01, 2014 10:40:43 PM kodkod.multiobjective.algorithms.CheckpointedGuidedImprovementAlgorithm multiObjectiveSolveImpl
FINE: Found Pareto point with values: [881]
Feb 01, 2014 10:40:44 PM kodkod.multiobjective.algorithms.MultiObjectiveAlgorithm debugWriteStatistics
FINE: Solver statistics:
	# Sat Call: 1
	# Unsat Call: 2
	# Total Time in Sat Calls: 5386
	# Total Time in Sat Calls Solving: 12
	# Total Time in Sat Calls Translating: 5374
	# Total Time in Unsat Calls: 3064
	# Total Time in Unsat Calls Solving: 6
	# Total Time in Unsat Calls Translating: 3058
	# Magnifier Sat Call: 0
	# Magnifier Unsat Call: 0
	# Total Time in Magnifier: 0
