Feb 01, 2014 4:34:24 AM kodkod.multiobjective.algorithms.IncrementalGuidedImprovementAlgorithm multiObjectiveSolveImpl
FINE: Found a solution. At time: 7, Improving on [970]
Feb 01, 2014 4:34:24 AM kodkod.multiobjective.MetricPoint parametrizedImprovementConstraints
FINE: Possible Improvements are conjunction of 
	(sum(this/BerkeleyDbC.totalFootprint) <= 970)
	(sum(this/BerkeleyDbC.totalFootprint) < 970)
Feb 01, 2014 4:34:24 AM kodkod.multiobjective.algorithms.IncrementalGuidedImprovementAlgorithm multiObjectiveSolveImpl
FINE: Found a solution. At time: 7, Improving on [916]
Feb 01, 2014 4:34:24 AM kodkod.multiobjective.MetricPoint parametrizedImprovementConstraints
FINE: Possible Improvements are conjunction of 
	(sum(this/BerkeleyDbC.totalFootprint) <= 916)
	(sum(this/BerkeleyDbC.totalFootprint) < 916)
Feb 01, 2014 4:34:24 AM kodkod.multiobjective.algorithms.IncrementalGuidedImprovementAlgorithm multiObjectiveSolveImpl
FINE: Found a solution. At time: 7, Improving on [906]
Feb 01, 2014 4:34:24 AM kodkod.multiobjective.MetricPoint parametrizedImprovementConstraints
FINE: Possible Improvements are conjunction of 
	(sum(this/BerkeleyDbC.totalFootprint) <= 906)
	(sum(this/BerkeleyDbC.totalFootprint) < 906)
Feb 01, 2014 4:34:24 AM kodkod.multiobjective.algorithms.IncrementalGuidedImprovementAlgorithm multiObjectiveSolveImpl
FINE: Found a solution. At time: 8, Improving on [901]
Feb 01, 2014 4:34:24 AM kodkod.multiobjective.MetricPoint parametrizedImprovementConstraints
FINE: Possible Improvements are conjunction of 
	(sum(this/BerkeleyDbC.totalFootprint) <= 901)
	(sum(this/BerkeleyDbC.totalFootprint) < 901)
Feb 01, 2014 4:34:24 AM kodkod.multiobjective.algorithms.IncrementalGuidedImprovementAlgorithm multiObjectiveSolveImpl
FINE: Found a solution. At time: 8, Improving on [881]
Feb 01, 2014 4:34:24 AM kodkod.multiobjective.MetricPoint parametrizedImprovementConstraints
FINE: Possible Improvements are conjunction of 
	(sum(this/BerkeleyDbC.totalFootprint) <= 881)
	(sum(this/BerkeleyDbC.totalFootprint) < 881)
Feb 01, 2014 4:34:25 AM kodkod.multiobjective.algorithms.MultiObjectiveAlgorithm foundParetoPoint
FINE: Found Pareto point with values: [881]
Feb 01, 2014 4:34:33 AM kodkod.multiobjective.algorithms.IncrementalGuidedImprovementAlgorithm multiObjectiveSolveImpl
FINE: All Pareto points found. At time: 17
Feb 01, 2014 4:34:33 AM kodkod.multiobjective.algorithms.MultiObjectiveAlgorithm debugWriteStatistics
FINE: Solver statistics:
	# Sat Call: 5
	# Unsat Call: 2
	# Total Time in Sat Calls: 7949
	# Total Time in Sat Calls Solving: 290
	# Total Time in Sat Calls Translating: 7659
	# Total Time in Unsat Calls: 8714
	# Total Time in Unsat Calls Solving: 809
	# Total Time in Unsat Calls Translating: 7905
	# Magnifier Sat Call: 0
	# Magnifier Unsat Call: 0
	# Total Time in Magnifier: 0
