Feb 01, 2014 9:36:19 PM kodkod.multiobjective.algorithms.CheckpointedGuidedImprovementAlgorithm multiObjectiveSolveImpl
FINE: Found a solution. At time: 7, Improving on [970]
Feb 01, 2014 9:36:19 PM kodkod.multiobjective.MetricPoint parametrizedImprovementConstraints
FINE: Possible Improvements are conjunction of 
	(sum(this/BerkeleyDbC.totalFootprint) <= 970)
	(sum(this/BerkeleyDbC.totalFootprint) < 970)
Feb 01, 2014 9:36:20 PM kodkod.multiobjective.algorithms.CheckpointedGuidedImprovementAlgorithm multiObjectiveSolveImpl
FINE: Found a solution. At time: 8, Improving on [916]
Feb 01, 2014 9:36:20 PM kodkod.multiobjective.MetricPoint parametrizedImprovementConstraints
FINE: Possible Improvements are conjunction of 
	(sum(this/BerkeleyDbC.totalFootprint) <= 916)
	(sum(this/BerkeleyDbC.totalFootprint) < 916)
Feb 01, 2014 9:36:20 PM kodkod.multiobjective.algorithms.CheckpointedGuidedImprovementAlgorithm multiObjectiveSolveImpl
FINE: Found a solution. At time: 8, Improving on [906]
Feb 01, 2014 9:36:20 PM kodkod.multiobjective.MetricPoint parametrizedImprovementConstraints
FINE: Possible Improvements are conjunction of 
	(sum(this/BerkeleyDbC.totalFootprint) <= 906)
	(sum(this/BerkeleyDbC.totalFootprint) < 906)
Feb 01, 2014 9:36:20 PM kodkod.multiobjective.algorithms.CheckpointedGuidedImprovementAlgorithm multiObjectiveSolveImpl
FINE: Found a solution. At time: 8, Improving on [901]
Feb 01, 2014 9:36:20 PM kodkod.multiobjective.MetricPoint parametrizedImprovementConstraints
FINE: Possible Improvements are conjunction of 
	(sum(this/BerkeleyDbC.totalFootprint) <= 901)
	(sum(this/BerkeleyDbC.totalFootprint) < 901)
Feb 01, 2014 9:36:20 PM kodkod.multiobjective.algorithms.CheckpointedGuidedImprovementAlgorithm multiObjectiveSolveImpl
FINE: Found a solution. At time: 8, Improving on [881]
Feb 01, 2014 9:36:20 PM kodkod.multiobjective.MetricPoint parametrizedImprovementConstraints
FINE: Possible Improvements are conjunction of 
	(sum(this/BerkeleyDbC.totalFootprint) <= 881)
	(sum(this/BerkeleyDbC.totalFootprint) < 881)
Feb 01, 2014 9:36:21 PM kodkod.multiobjective.algorithms.MultiObjectiveAlgorithm foundParetoPoint
FINE: Found Pareto point with values: [881]
Feb 01, 2014 9:36:21 PM kodkod.multiobjective.algorithms.CheckpointedGuidedImprovementAlgorithm multiObjectiveSolveImpl
FINE: Found Pareto point with values: [881]
Feb 01, 2014 9:36:22 PM kodkod.multiobjective.algorithms.MultiObjectiveAlgorithm debugWriteStatistics
FINE: Solver statistics:
	# Sat Call: 5
	# Unsat Call: 2
	# Total Time in Sat Calls: 8159
	# Total Time in Sat Calls Solving: 299
	# Total Time in Sat Calls Translating: 7860
	# Total Time in Unsat Calls: 750
	# Total Time in Unsat Calls Solving: 545
	# Total Time in Unsat Calls Translating: 205
	# Magnifier Sat Call: 0
	# Magnifier Unsat Call: 0
	# Total Time in Magnifier: 0
