Feb 01, 2014 10:36:50 PM kodkod.multiobjective.algorithms.CheckpointedGuidedImprovementAlgorithm multiObjectiveSolveImpl
FINE: Found a solution. At time: 7, Improving on [1021]
Feb 01, 2014 10:36:50 PM kodkod.multiobjective.MetricPoint parametrizedImprovementConstraints
FINE: Possible Improvements are conjunction of 
	(sum(this/LinkedList.totalFootprint) <= 1021)
	(sum(this/LinkedList.totalFootprint) < 1021)
Feb 01, 2014 10:36:54 PM kodkod.multiobjective.algorithms.MultiObjectiveAlgorithm foundParetoPoint
FINE: Found Pareto point with values: [1021]
Feb 01, 2014 10:36:54 PM kodkod.multiobjective.algorithms.CheckpointedGuidedImprovementAlgorithm multiObjectiveSolveImpl
FINE: Found Pareto point with values: [1021]
Feb 01, 2014 10:36:57 PM kodkod.multiobjective.algorithms.MultiObjectiveAlgorithm debugWriteStatistics
FINE: Solver statistics:
	# Sat Call: 1
	# Unsat Call: 2
	# Total Time in Sat Calls: 7243
	# Total Time in Sat Calls Solving: 22
	# Total Time in Sat Calls Translating: 7221
	# Total Time in Unsat Calls: 6537
	# Total Time in Unsat Calls Solving: 0
	# Total Time in Unsat Calls Translating: 6537
	# Magnifier Sat Call: 0
	# Magnifier Unsat Call: 0
	# Total Time in Magnifier: 0
