Feb 01, 2014 4:35:53 PM kodkod.multiobjective.algorithms.IncrementalGuidedImprovementAlgorithm multiObjectiveSolveImpl
FINE: Found a solution. At time: 20, Improving on [0, 435, 475]
Feb 01, 2014 4:35:53 PM kodkod.multiobjective.MetricPoint parametrizedImprovementConstraints
FINE: Possible Improvements are conjunction of 
	(sum(this/BerkeleyDbC.totalReliability) >= 0)
	(sum(this/BerkeleyDbC.totalFootprint) <= 435)
	(sum(this/BerkeleyDbC.totalPrice) <= 475)
	((sum(this/BerkeleyDbC.totalReliability) > 0) || (sum(this/BerkeleyDbC.totalFootprint) < 435) || (sum(this/BerkeleyDbC.totalPrice) < 475))
Feb 01, 2014 4:35:54 PM kodkod.multiobjective.algorithms.MultiObjectiveAlgorithm foundParetoPoint
FINE: Found Pareto point with values: [0, 435, 475]
Feb 01, 2014 4:36:14 PM kodkod.multiobjective.algorithms.IncrementalGuidedImprovementAlgorithm multiObjectiveSolveImpl
FINE: Found a solution. At time: 41, Improving on [1, 513, 625]
Feb 01, 2014 4:36:14 PM kodkod.multiobjective.MetricPoint parametrizedImprovementConstraints
FINE: Possible Improvements are conjunction of 
	(sum(this/BerkeleyDbC.totalReliability) >= 1)
	(sum(this/BerkeleyDbC.totalFootprint) <= 513)
	(sum(this/BerkeleyDbC.totalPrice) <= 625)
	((sum(this/BerkeleyDbC.totalReliability) > 1) || (sum(this/BerkeleyDbC.totalFootprint) < 513) || (sum(this/BerkeleyDbC.totalPrice) < 625))
Feb 01, 2014 4:36:15 PM kodkod.multiobjective.algorithms.IncrementalGuidedImprovementAlgorithm multiObjectiveSolveImpl
FINE: Found a solution. At time: 42, Improving on [1, 485, 575]
Feb 01, 2014 4:36:15 PM kodkod.multiobjective.MetricPoint parametrizedImprovementConstraints
FINE: Possible Improvements are conjunction of 
	(sum(this/BerkeleyDbC.totalReliability) >= 1)
	(sum(this/BerkeleyDbC.totalFootprint) <= 485)
	(sum(this/BerkeleyDbC.totalPrice) <= 575)
	((sum(this/BerkeleyDbC.totalReliability) > 1) || (sum(this/BerkeleyDbC.totalFootprint) < 485) || (sum(this/BerkeleyDbC.totalPrice) < 575))
Feb 01, 2014 4:36:15 PM kodkod.multiobjective.algorithms.MultiObjectiveAlgorithm foundParetoPoint
FINE: Found Pareto point with values: [1, 485, 575]
Feb 01, 2014 4:36:34 PM kodkod.multiobjective.algorithms.IncrementalGuidedImprovementAlgorithm multiObjectiveSolveImpl
FINE: Found a solution. At time: 61, Improving on [1, 626, 475]
Feb 01, 2014 4:36:34 PM kodkod.multiobjective.MetricPoint parametrizedImprovementConstraints
FINE: Possible Improvements are conjunction of 
	(sum(this/BerkeleyDbC.totalReliability) >= 1)
	(sum(this/BerkeleyDbC.totalFootprint) <= 626)
	(sum(this/BerkeleyDbC.totalPrice) <= 475)
	((sum(this/BerkeleyDbC.totalReliability) > 1) || (sum(this/BerkeleyDbC.totalFootprint) < 626) || (sum(this/BerkeleyDbC.totalPrice) < 475))
Feb 01, 2014 4:36:35 PM kodkod.multiobjective.algorithms.MultiObjectiveAlgorithm foundParetoPoint
FINE: Found Pareto point with values: [1, 626, 475]
Feb 01, 2014 4:36:55 PM kodkod.multiobjective.algorithms.IncrementalGuidedImprovementAlgorithm multiObjectiveSolveImpl
FINE: Found a solution. At time: 82, Improving on [2, 676, 575]
Feb 01, 2014 4:36:55 PM kodkod.multiobjective.MetricPoint parametrizedImprovementConstraints
FINE: Possible Improvements are conjunction of 
	(sum(this/BerkeleyDbC.totalReliability) >= 2)
	(sum(this/BerkeleyDbC.totalFootprint) <= 676)
	(sum(this/BerkeleyDbC.totalPrice) <= 575)
	((sum(this/BerkeleyDbC.totalReliability) > 2) || (sum(this/BerkeleyDbC.totalFootprint) < 676) || (sum(this/BerkeleyDbC.totalPrice) < 575))
Feb 01, 2014 4:36:55 PM kodkod.multiobjective.algorithms.MultiObjectiveAlgorithm foundParetoPoint
FINE: Found Pareto point with values: [2, 676, 575]
Feb 01, 2014 4:37:14 PM kodkod.multiobjective.algorithms.IncrementalGuidedImprovementAlgorithm multiObjectiveSolveImpl
FINE: All Pareto points found. At time: 101
Feb 01, 2014 4:37:14 PM kodkod.multiobjective.algorithms.MultiObjectiveAlgorithm debugWriteStatistics
FINE: Solver statistics:
	# Sat Call: 5
	# Unsat Call: 5
	# Total Time in Sat Calls: 67863
	# Total Time in Sat Calls Solving: 2267
	# Total Time in Sat Calls Translating: 65596
	# Total Time in Unsat Calls: 16204
	# Total Time in Unsat Calls Solving: 902
	# Total Time in Unsat Calls Translating: 15302
	# Magnifier Sat Call: 0
	# Magnifier Unsat Call: 0
	# Total Time in Magnifier: 0
