Feb 02, 2014 5:36:21 AM kodkod.multiobjective.algorithms.CheckpointedGuidedImprovementAlgorithm multiObjectiveSolveImpl
FINE: Found a solution. At time: 22, Improving on [900]
Feb 02, 2014 5:36:22 AM kodkod.multiobjective.MetricPoint parametrizedImprovementConstraints
FINE: Possible Improvements are conjunction of 
	(sum(this/Sqlite.totalFootprint) <= 900)
	(sum(this/Sqlite.totalFootprint) < 900)
Feb 02, 2014 5:36:43 AM kodkod.multiobjective.algorithms.CheckpointedGuidedImprovementAlgorithm multiObjectiveSolveImpl
FINE: Found a solution. At time: 43, Improving on [897]
Feb 02, 2014 5:36:43 AM kodkod.multiobjective.MetricPoint parametrizedImprovementConstraints
FINE: Possible Improvements are conjunction of 
	(sum(this/Sqlite.totalFootprint) <= 897)
	(sum(this/Sqlite.totalFootprint) < 897)
Feb 02, 2014 5:36:47 AM kodkod.multiobjective.algorithms.CheckpointedGuidedImprovementAlgorithm multiObjectiveSolveImpl
FINE: Found a solution. At time: 48, Improving on [895]
Feb 02, 2014 5:36:47 AM kodkod.multiobjective.MetricPoint parametrizedImprovementConstraints
FINE: Possible Improvements are conjunction of 
	(sum(this/Sqlite.totalFootprint) <= 895)
	(sum(this/Sqlite.totalFootprint) < 895)
Feb 02, 2014 5:36:52 AM kodkod.multiobjective.algorithms.CheckpointedGuidedImprovementAlgorithm multiObjectiveSolveImpl
FINE: Found a solution. At time: 52, Improving on [871]
Feb 02, 2014 5:36:52 AM kodkod.multiobjective.MetricPoint parametrizedImprovementConstraints
FINE: Possible Improvements are conjunction of 
	(sum(this/Sqlite.totalFootprint) <= 871)
	(sum(this/Sqlite.totalFootprint) < 871)
Feb 02, 2014 5:36:56 AM kodkod.multiobjective.algorithms.CheckpointedGuidedImprovementAlgorithm multiObjectiveSolveImpl
FINE: Found a solution. At time: 57, Improving on [868]
Feb 02, 2014 5:36:56 AM kodkod.multiobjective.MetricPoint parametrizedImprovementConstraints
FINE: Possible Improvements are conjunction of 
	(sum(this/Sqlite.totalFootprint) <= 868)
	(sum(this/Sqlite.totalFootprint) < 868)
Feb 02, 2014 5:37:00 AM kodkod.multiobjective.algorithms.CheckpointedGuidedImprovementAlgorithm multiObjectiveSolveImpl
FINE: Found a solution. At time: 61, Improving on [866]
Feb 02, 2014 5:37:00 AM kodkod.multiobjective.MetricPoint parametrizedImprovementConstraints
FINE: Possible Improvements are conjunction of 
	(sum(this/Sqlite.totalFootprint) <= 866)
	(sum(this/Sqlite.totalFootprint) < 866)
Feb 02, 2014 5:37:05 AM kodkod.multiobjective.algorithms.CheckpointedGuidedImprovementAlgorithm multiObjectiveSolveImpl
FINE: Found a solution. At time: 65, Improving on [864]
Feb 02, 2014 5:37:05 AM kodkod.multiobjective.MetricPoint parametrizedImprovementConstraints
FINE: Possible Improvements are conjunction of 
	(sum(this/Sqlite.totalFootprint) <= 864)
	(sum(this/Sqlite.totalFootprint) < 864)
Feb 02, 2014 5:37:09 AM kodkod.multiobjective.algorithms.CheckpointedGuidedImprovementAlgorithm multiObjectiveSolveImpl
FINE: Found a solution. At time: 70, Improving on [857]
Feb 02, 2014 5:37:09 AM kodkod.multiobjective.MetricPoint parametrizedImprovementConstraints
FINE: Possible Improvements are conjunction of 
	(sum(this/Sqlite.totalFootprint) <= 857)
	(sum(this/Sqlite.totalFootprint) < 857)
Feb 02, 2014 5:37:14 AM kodkod.multiobjective.algorithms.CheckpointedGuidedImprovementAlgorithm multiObjectiveSolveImpl
FINE: Found a solution. At time: 74, Improving on [856]
Feb 02, 2014 5:37:14 AM kodkod.multiobjective.MetricPoint parametrizedImprovementConstraints
FINE: Possible Improvements are conjunction of 
	(sum(this/Sqlite.totalFootprint) <= 856)
	(sum(this/Sqlite.totalFootprint) < 856)
Feb 02, 2014 5:37:18 AM kodkod.multiobjective.algorithms.CheckpointedGuidedImprovementAlgorithm multiObjectiveSolveImpl
FINE: Found a solution. At time: 78, Improving on [850]
Feb 02, 2014 5:37:18 AM kodkod.multiobjective.MetricPoint parametrizedImprovementConstraints
FINE: Possible Improvements are conjunction of 
	(sum(this/Sqlite.totalFootprint) <= 850)
	(sum(this/Sqlite.totalFootprint) < 850)
Feb 02, 2014 5:37:23 AM kodkod.multiobjective.algorithms.CheckpointedGuidedImprovementAlgorithm multiObjectiveSolveImpl
FINE: Found a solution. At time: 83, Improving on [849]
Feb 02, 2014 5:37:23 AM kodkod.multiobjective.MetricPoint parametrizedImprovementConstraints
FINE: Possible Improvements are conjunction of 
	(sum(this/Sqlite.totalFootprint) <= 849)
	(sum(this/Sqlite.totalFootprint) < 849)
Feb 02, 2014 5:37:27 AM kodkod.multiobjective.algorithms.CheckpointedGuidedImprovementAlgorithm multiObjectiveSolveImpl
FINE: Found a solution. At time: 88, Improving on [848]
Feb 02, 2014 5:37:27 AM kodkod.multiobjective.MetricPoint parametrizedImprovementConstraints
FINE: Possible Improvements are conjunction of 
	(sum(this/Sqlite.totalFootprint) <= 848)
	(sum(this/Sqlite.totalFootprint) < 848)
Feb 02, 2014 5:37:31 AM kodkod.multiobjective.algorithms.CheckpointedGuidedImprovementAlgorithm multiObjectiveSolveImpl
FINE: Found a solution. At time: 92, Improving on [847]
Feb 02, 2014 5:37:31 AM kodkod.multiobjective.MetricPoint parametrizedImprovementConstraints
FINE: Possible Improvements are conjunction of 
	(sum(this/Sqlite.totalFootprint) <= 847)
	(sum(this/Sqlite.totalFootprint) < 847)
Feb 02, 2014 5:37:36 AM kodkod.multiobjective.algorithms.CheckpointedGuidedImprovementAlgorithm multiObjectiveSolveImpl
FINE: Found a solution. At time: 96, Improving on [846]
Feb 02, 2014 5:37:36 AM kodkod.multiobjective.MetricPoint parametrizedImprovementConstraints
FINE: Possible Improvements are conjunction of 
	(sum(this/Sqlite.totalFootprint) <= 846)
	(sum(this/Sqlite.totalFootprint) < 846)
Feb 02, 2014 5:37:40 AM kodkod.multiobjective.algorithms.CheckpointedGuidedImprovementAlgorithm multiObjectiveSolveImpl
FINE: Found a solution. At time: 101, Improving on [845]
Feb 02, 2014 5:37:40 AM kodkod.multiobjective.MetricPoint parametrizedImprovementConstraints
FINE: Possible Improvements are conjunction of 
	(sum(this/Sqlite.totalFootprint) <= 845)
	(sum(this/Sqlite.totalFootprint) < 845)
Feb 02, 2014 5:37:45 AM kodkod.multiobjective.algorithms.CheckpointedGuidedImprovementAlgorithm multiObjectiveSolveImpl
FINE: Found a solution. At time: 105, Improving on [844]
Feb 02, 2014 5:37:45 AM kodkod.multiobjective.MetricPoint parametrizedImprovementConstraints
FINE: Possible Improvements are conjunction of 
	(sum(this/Sqlite.totalFootprint) <= 844)
	(sum(this/Sqlite.totalFootprint) < 844)
Feb 02, 2014 5:37:49 AM kodkod.multiobjective.algorithms.MultiObjectiveAlgorithm foundParetoPoint
FINE: Found Pareto point with values: [844]
Feb 02, 2014 5:37:49 AM kodkod.multiobjective.algorithms.CheckpointedGuidedImprovementAlgorithm multiObjectiveSolveImpl
FINE: Found Pareto point with values: [844]
Feb 02, 2014 5:38:39 AM kodkod.multiobjective.algorithms.MultiObjectiveAlgorithm debugWriteStatistics
FINE: Solver statistics:
	# Sat Call: 16
	# Unsat Call: 2
	# Total Time in Sat Calls: 96607
	# Total Time in Sat Calls Solving: 1577
	# Total Time in Sat Calls Translating: 95030
	# Total Time in Unsat Calls: 17631
	# Total Time in Unsat Calls Solving: 464
	# Total Time in Unsat Calls Translating: 17167
	# Magnifier Sat Call: 0
	# Magnifier Unsat Call: 0
	# Total Time in Magnifier: 0
