Feb 01, 2014 8:19:07 PM kodkod.multiobjective.algorithms.IncrementalGuidedImprovementAlgorithm multiObjectiveSolveImpl
FINE: Found a solution. At time: 0, Improving on [229]
Feb 01, 2014 8:19:07 PM kodkod.multiobjective.MetricPoint parametrizedImprovementConstraints
FINE: Possible Improvements are conjunction of 
	(sum(this/Apache.totalPerformance) >= 229)
	(sum(this/Apache.totalPerformance) > 229)
Feb 01, 2014 8:19:07 PM kodkod.multiobjective.algorithms.IncrementalGuidedImprovementAlgorithm multiObjectiveSolveImpl
FINE: Found a solution. At time: 0, Improving on [244]
Feb 01, 2014 8:19:07 PM kodkod.multiobjective.MetricPoint parametrizedImprovementConstraints
FINE: Possible Improvements are conjunction of 
	(sum(this/Apache.totalPerformance) >= 244)
	(sum(this/Apache.totalPerformance) > 244)
Feb 01, 2014 8:19:07 PM kodkod.multiobjective.algorithms.IncrementalGuidedImprovementAlgorithm multiObjectiveSolveImpl
FINE: Found a solution. At time: 0, Improving on [255]
Feb 01, 2014 8:19:07 PM kodkod.multiobjective.MetricPoint parametrizedImprovementConstraints
FINE: Possible Improvements are conjunction of 
	(sum(this/Apache.totalPerformance) >= 255)
	(sum(this/Apache.totalPerformance) > 255)
Feb 01, 2014 8:19:07 PM kodkod.multiobjective.algorithms.MultiObjectiveAlgorithm foundParetoPoint
FINE: Found Pareto point with values: [255]
Feb 01, 2014 8:19:07 PM kodkod.multiobjective.algorithms.IncrementalGuidedImprovementAlgorithm multiObjectiveSolveImpl
FINE: All Pareto points found. At time: 0
Feb 01, 2014 8:19:07 PM kodkod.multiobjective.algorithms.MultiObjectiveAlgorithm debugWriteStatistics
FINE: Solver statistics:
	# Sat Call: 3
	# Unsat Call: 2
	# Total Time in Sat Calls: 291
	# Total Time in Sat Calls Solving: 2
	# Total Time in Sat Calls Translating: 289
	# Total Time in Unsat Calls: 131
	# Total Time in Unsat Calls Solving: 4
	# Total Time in Unsat Calls Translating: 127
	# Magnifier Sat Call: 0
	# Magnifier Unsat Call: 0
	# Total Time in Magnifier: 0
