Feb 02, 2014 12:38:01 AM kodkod.multiobjective.algorithms.CheckpointedGuidedImprovementAlgorithm multiObjectiveSolveImpl
FINE: Found a solution. At time: 2, Improving on [699]
Feb 02, 2014 12:38:01 AM kodkod.multiobjective.MetricPoint parametrizedImprovementConstraints
FINE: Possible Improvements are conjunction of 
	(sum(this/PKJab.totalFootprint) <= 699)
	(sum(this/PKJab.totalFootprint) < 699)
Feb 02, 2014 12:38:03 AM kodkod.multiobjective.algorithms.MultiObjectiveAlgorithm foundParetoPoint
FINE: Found Pareto point with values: [699]
Feb 02, 2014 12:38:03 AM kodkod.multiobjective.algorithms.CheckpointedGuidedImprovementAlgorithm multiObjectiveSolveImpl
FINE: Found Pareto point with values: [699]
Feb 02, 2014 12:38:03 AM kodkod.multiobjective.algorithms.MultiObjectiveAlgorithm debugWriteStatistics
FINE: Solver statistics:
	# Sat Call: 1
	# Unsat Call: 2
	# Total Time in Sat Calls: 1837
	# Total Time in Sat Calls Solving: 6
	# Total Time in Sat Calls Translating: 1831
	# Total Time in Unsat Calls: 1790
	# Total Time in Unsat Calls Solving: 3
	# Total Time in Unsat Calls Translating: 1787
	# Magnifier Sat Call: 0
	# Magnifier Unsat Call: 0
	# Total Time in Magnifier: 0
