Feb 01, 2014 10:41:57 PM kodkod.multiobjective.algorithms.CheckpointedGuidedImprovementAlgorithm multiObjectiveSolveImpl
FINE: Found a solution. At time: 2, Improving on [926]
Feb 01, 2014 10:41:57 PM kodkod.multiobjective.MetricPoint parametrizedImprovementConstraints
FINE: Possible Improvements are conjunction of 
	(sum(this/ZipMeSPL.totalFootprint) <= 926)
	(sum(this/ZipMeSPL.totalFootprint) < 926)
Feb 01, 2014 10:41:57 PM kodkod.multiobjective.algorithms.MultiObjectiveAlgorithm foundParetoPoint
FINE: Found Pareto point with values: [926]
Feb 01, 2014 10:41:57 PM kodkod.multiobjective.algorithms.CheckpointedGuidedImprovementAlgorithm multiObjectiveSolveImpl
FINE: Found Pareto point with values: [926]
Feb 01, 2014 10:41:58 PM kodkod.multiobjective.algorithms.MultiObjectiveAlgorithm debugWriteStatistics
FINE: Solver statistics:
	# Sat Call: 1
	# Unsat Call: 2
	# Total Time in Sat Calls: 1727
	# Total Time in Sat Calls Solving: 5
	# Total Time in Sat Calls Translating: 1722
	# Total Time in Unsat Calls: 1474
	# Total Time in Unsat Calls Solving: 3
	# Total Time in Unsat Calls Translating: 1471
	# Magnifier Sat Call: 0
	# Magnifier Unsat Call: 0
	# Total Time in Magnifier: 0
