Feb 01, 2014 9:41:51 PM kodkod.multiobjective.algorithms.CheckpointedGuidedImprovementAlgorithm multiObjectiveSolveImpl
FINE: Found a solution. At time: 15, Improving on [487]
Feb 01, 2014 9:41:51 PM kodkod.multiobjective.MetricPoint parametrizedImprovementConstraints
FINE: Possible Improvements are conjunction of 
	(sum(this/LinkedList.totalFootprint) <= 487)
	(sum(this/LinkedList.totalFootprint) < 487)
Feb 01, 2014 9:41:52 PM kodkod.multiobjective.algorithms.MultiObjectiveAlgorithm foundParetoPoint
FINE: Found Pareto point with values: [487]
Feb 01, 2014 9:41:52 PM kodkod.multiobjective.algorithms.CheckpointedGuidedImprovementAlgorithm multiObjectiveSolveImpl
FINE: Found Pareto point with values: [487]
Feb 01, 2014 9:41:53 PM kodkod.multiobjective.algorithms.MultiObjectiveAlgorithm debugWriteStatistics
FINE: Solver statistics:
	# Sat Call: 1
	# Unsat Call: 2
	# Total Time in Sat Calls: 14533
	# Total Time in Sat Calls Solving: 395
	# Total Time in Sat Calls Translating: 14138
	# Total Time in Unsat Calls: 481
	# Total Time in Unsat Calls Solving: 69
	# Total Time in Unsat Calls Translating: 412
	# Magnifier Sat Call: 0
	# Magnifier Unsat Call: 0
	# Total Time in Magnifier: 0
