Feb 01, 2014 4:37:16 AM kodkod.multiobjective.algorithms.IncrementalGuidedImprovementAlgorithm multiObjectiveSolveImpl
FINE: Found a solution. At time: 3, Improving on [926]
Feb 01, 2014 4:37:16 AM kodkod.multiobjective.MetricPoint parametrizedImprovementConstraints
FINE: Possible Improvements are conjunction of 
	(sum(this/ZipMeSPL.totalFootprint) <= 926)
	(sum(this/ZipMeSPL.totalFootprint) < 926)
Feb 01, 2014 4:37:16 AM kodkod.multiobjective.algorithms.MultiObjectiveAlgorithm foundParetoPoint
FINE: Found Pareto point with values: [926]
Feb 01, 2014 4:37:19 AM kodkod.multiobjective.algorithms.IncrementalGuidedImprovementAlgorithm multiObjectiveSolveImpl
FINE: All Pareto points found. At time: 5
Feb 01, 2014 4:37:19 AM kodkod.multiobjective.algorithms.MultiObjectiveAlgorithm debugWriteStatistics
FINE: Solver statistics:
	# Sat Call: 1
	# Unsat Call: 2
	# Total Time in Sat Calls: 3027
	# Total Time in Sat Calls Solving: 77
	# Total Time in Sat Calls Translating: 2950
	# Total Time in Unsat Calls: 2700
	# Total Time in Unsat Calls Solving: 79
	# Total Time in Unsat Calls Translating: 2621
	# Magnifier Sat Call: 0
	# Magnifier Unsat Call: 0
	# Total Time in Magnifier: 0
