Feb 02, 2014 12:13:33 AM kodkod.multiobjective.algorithms.CheckpointedGuidedImprovementAlgorithm multiObjectiveSolveImpl
FINE: Found a solution. At time: 4, Improving on [873]
Feb 02, 2014 12:13:33 AM kodkod.multiobjective.MetricPoint parametrizedImprovementConstraints
FINE: Possible Improvements are conjunction of 
	(sum(this/Prevayler.totalFootprint) <= 873)
	(sum(this/Prevayler.totalFootprint) < 873)
Feb 02, 2014 12:13:34 AM kodkod.multiobjective.algorithms.MultiObjectiveAlgorithm foundParetoPoint
FINE: Found Pareto point with values: [873]
Feb 02, 2014 12:13:34 AM kodkod.multiobjective.algorithms.CheckpointedGuidedImprovementAlgorithm multiObjectiveSolveImpl
FINE: Found Pareto point with values: [873]
Feb 02, 2014 12:13:35 AM kodkod.multiobjective.algorithms.MultiObjectiveAlgorithm debugWriteStatistics
FINE: Solver statistics:
	# Sat Call: 1
	# Unsat Call: 2
	# Total Time in Sat Calls: 4410
	# Total Time in Sat Calls Solving: 8
	# Total Time in Sat Calls Translating: 4402
	# Total Time in Unsat Calls: 2043
	# Total Time in Unsat Calls Solving: 4
	# Total Time in Unsat Calls Translating: 2039
	# Magnifier Sat Call: 0
	# Magnifier Unsat Call: 0
	# Total Time in Magnifier: 0
