Feb 01, 2014 10:43:23 PM kodkod.multiobjective.algorithms.CheckpointedGuidedImprovementAlgorithm multiObjectiveSolveImpl
FINE: Found a solution. At time: 23, Improving on [801]
Feb 01, 2014 10:43:23 PM kodkod.multiobjective.MetricPoint parametrizedImprovementConstraints
FINE: Possible Improvements are conjunction of 
	(sum(this/Sqlite.totalFootprint) <= 801)
	(sum(this/Sqlite.totalFootprint) < 801)
Feb 01, 2014 10:43:46 PM kodkod.multiobjective.algorithms.CheckpointedGuidedImprovementAlgorithm multiObjectiveSolveImpl
FINE: Found a solution. At time: 46, Improving on [-128]
Feb 01, 2014 10:43:46 PM kodkod.multiobjective.MetricPoint parametrizedImprovementConstraints
FINE: Possible Improvements are conjunction of 
	(sum(this/Sqlite.totalFootprint) <= -128)
	(sum(this/Sqlite.totalFootprint) < -128)
Feb 01, 2014 10:43:51 PM kodkod.multiobjective.algorithms.CheckpointedGuidedImprovementAlgorithm multiObjectiveSolveImpl
FINE: Found a solution. At time: 51, Improving on [-136]
Feb 01, 2014 10:43:51 PM kodkod.multiobjective.MetricPoint parametrizedImprovementConstraints
FINE: Possible Improvements are conjunction of 
	(sum(this/Sqlite.totalFootprint) <= -136)
	(sum(this/Sqlite.totalFootprint) < -136)
Feb 01, 2014 10:43:55 PM kodkod.multiobjective.algorithms.CheckpointedGuidedImprovementAlgorithm multiObjectiveSolveImpl
FINE: Found a solution. At time: 55, Improving on [-143]
Feb 01, 2014 10:43:55 PM kodkod.multiobjective.MetricPoint parametrizedImprovementConstraints
FINE: Possible Improvements are conjunction of 
	(sum(this/Sqlite.totalFootprint) <= -143)
	(sum(this/Sqlite.totalFootprint) < -143)
Feb 01, 2014 10:44:00 PM kodkod.multiobjective.algorithms.CheckpointedGuidedImprovementAlgorithm multiObjectiveSolveImpl
FINE: Found a solution. At time: 60, Improving on [-146]
Feb 01, 2014 10:44:00 PM kodkod.multiobjective.MetricPoint parametrizedImprovementConstraints
FINE: Possible Improvements are conjunction of 
	(sum(this/Sqlite.totalFootprint) <= -146)
	(sum(this/Sqlite.totalFootprint) < -146)
Feb 01, 2014 10:44:04 PM kodkod.multiobjective.algorithms.CheckpointedGuidedImprovementAlgorithm multiObjectiveSolveImpl
FINE: Found a solution. At time: 64, Improving on [-148]
Feb 01, 2014 10:44:04 PM kodkod.multiobjective.MetricPoint parametrizedImprovementConstraints
FINE: Possible Improvements are conjunction of 
	(sum(this/Sqlite.totalFootprint) <= -148)
	(sum(this/Sqlite.totalFootprint) < -148)
Feb 01, 2014 10:44:08 PM kodkod.multiobjective.algorithms.CheckpointedGuidedImprovementAlgorithm multiObjectiveSolveImpl
FINE: Found a solution. At time: 69, Improving on [-149]
Feb 01, 2014 10:44:08 PM kodkod.multiobjective.MetricPoint parametrizedImprovementConstraints
FINE: Possible Improvements are conjunction of 
	(sum(this/Sqlite.totalFootprint) <= -149)
	(sum(this/Sqlite.totalFootprint) < -149)
Feb 01, 2014 10:44:13 PM kodkod.multiobjective.algorithms.CheckpointedGuidedImprovementAlgorithm multiObjectiveSolveImpl
FINE: Found a solution. At time: 73, Improving on [-157]
Feb 01, 2014 10:44:13 PM kodkod.multiobjective.MetricPoint parametrizedImprovementConstraints
FINE: Possible Improvements are conjunction of 
	(sum(this/Sqlite.totalFootprint) <= -157)
	(sum(this/Sqlite.totalFootprint) < -157)
Feb 01, 2014 10:44:17 PM kodkod.multiobjective.algorithms.CheckpointedGuidedImprovementAlgorithm multiObjectiveSolveImpl
FINE: Found a solution. At time: 77, Improving on [-158]
Feb 01, 2014 10:44:17 PM kodkod.multiobjective.MetricPoint parametrizedImprovementConstraints
FINE: Possible Improvements are conjunction of 
	(sum(this/Sqlite.totalFootprint) <= -158)
	(sum(this/Sqlite.totalFootprint) < -158)
Feb 01, 2014 10:44:22 PM kodkod.multiobjective.algorithms.CheckpointedGuidedImprovementAlgorithm multiObjectiveSolveImpl
FINE: Found a solution. At time: 82, Improving on [-159]
Feb 01, 2014 10:44:22 PM kodkod.multiobjective.MetricPoint parametrizedImprovementConstraints
FINE: Possible Improvements are conjunction of 
	(sum(this/Sqlite.totalFootprint) <= -159)
	(sum(this/Sqlite.totalFootprint) < -159)
Feb 01, 2014 10:44:26 PM kodkod.multiobjective.algorithms.CheckpointedGuidedImprovementAlgorithm multiObjectiveSolveImpl
FINE: Found a solution. At time: 86, Improving on [-160]
Feb 01, 2014 10:44:26 PM kodkod.multiobjective.MetricPoint parametrizedImprovementConstraints
FINE: Possible Improvements are conjunction of 
	(sum(this/Sqlite.totalFootprint) <= -160)
	(sum(this/Sqlite.totalFootprint) < -160)
Feb 01, 2014 10:44:31 PM kodkod.multiobjective.algorithms.CheckpointedGuidedImprovementAlgorithm multiObjectiveSolveImpl
FINE: Found a solution. At time: 91, Improving on [-163]
Feb 01, 2014 10:44:31 PM kodkod.multiobjective.MetricPoint parametrizedImprovementConstraints
FINE: Possible Improvements are conjunction of 
	(sum(this/Sqlite.totalFootprint) <= -163)
	(sum(this/Sqlite.totalFootprint) < -163)
Feb 01, 2014 10:44:35 PM kodkod.multiobjective.algorithms.CheckpointedGuidedImprovementAlgorithm multiObjectiveSolveImpl
FINE: Found a solution. At time: 95, Improving on [-169]
Feb 01, 2014 10:44:35 PM kodkod.multiobjective.MetricPoint parametrizedImprovementConstraints
FINE: Possible Improvements are conjunction of 
	(sum(this/Sqlite.totalFootprint) <= -169)
	(sum(this/Sqlite.totalFootprint) < -169)
Feb 01, 2014 10:44:39 PM kodkod.multiobjective.algorithms.MultiObjectiveAlgorithm foundParetoPoint
FINE: Found Pareto point with values: [-169]
Feb 01, 2014 10:44:39 PM kodkod.multiobjective.algorithms.CheckpointedGuidedImprovementAlgorithm multiObjectiveSolveImpl
FINE: Found Pareto point with values: [-169]
Feb 01, 2014 10:45:26 PM kodkod.multiobjective.algorithms.MultiObjectiveAlgorithm debugWriteStatistics
FINE: Solver statistics:
	# Sat Call: 13
	# Unsat Call: 2
	# Total Time in Sat Calls: 87644
	# Total Time in Sat Calls Solving: 1635
	# Total Time in Sat Calls Translating: 86009
	# Total Time in Unsat Calls: 17913
	# Total Time in Unsat Calls Solving: 543
	# Total Time in Unsat Calls Translating: 17370
	# Magnifier Sat Call: 0
	# Magnifier Unsat Call: 0
	# Total Time in Magnifier: 0
