Feb 01, 2014 12:39:14 AM kodkod.multiobjective.algorithms.IncrementalGuidedImprovementAlgorithm multiObjectiveSolveImpl
FINE: Found a solution. At time: 0, Improving on [884]
Feb 01, 2014 12:39:14 AM kodkod.multiobjective.MetricPoint parametrizedImprovementConstraints
FINE: Possible Improvements are conjunction of 
	(sum(this/ZipMeSPL.totalFootprint) <= 884)
	(sum(this/ZipMeSPL.totalFootprint) < 884)
Feb 01, 2014 12:39:14 AM kodkod.multiobjective.algorithms.MultiObjectiveAlgorithm foundParetoPoint
FINE: Found Pareto point with values: [884]
Feb 01, 2014 12:39:17 AM kodkod.multiobjective.algorithms.IncrementalGuidedImprovementAlgorithm multiObjectiveSolveImpl
FINE: Magnifying glass found 1 solution(s). At time: 3
Feb 01, 2014 12:39:18 AM kodkod.multiobjective.algorithms.IncrementalGuidedImprovementAlgorithm multiObjectiveSolveImpl
FINE: All Pareto points found. At time: 3
Feb 01, 2014 12:39:18 AM kodkod.multiobjective.algorithms.MultiObjectiveAlgorithm debugWriteStatistics
FINE: Solver statistics:
	# Sat Call: 1
	# Unsat Call: 2
	# Total Time in Sat Calls: 29
	# Total Time in Sat Calls Solving: 0
	# Total Time in Sat Calls Translating: 29
	# Total Time in Unsat Calls: 29
	# Total Time in Unsat Calls Solving: 0
	# Total Time in Unsat Calls Translating: 29
	# Magnifier Sat Call: 1
	# Magnifier Unsat Call: 1
	# Total Time in Magnifier: 2966
