Feb 01, 2014 9:40:35 PM kodkod.multiobjective.algorithms.CheckpointedGuidedImprovementAlgorithm multiObjectiveSolveImpl
FINE: Found a solution. At time: 15, Improving on [444]
Feb 01, 2014 9:40:35 PM kodkod.multiobjective.MetricPoint parametrizedImprovementConstraints
FINE: Possible Improvements are conjunction of 
	(sum(this/LinkedList.totalFootprint) <= 444)
	(sum(this/LinkedList.totalFootprint) < 444)
Feb 01, 2014 9:40:36 PM kodkod.multiobjective.algorithms.CheckpointedGuidedImprovementAlgorithm multiObjectiveSolveImpl
FINE: Found a solution. At time: 16, Improving on [443]
Feb 01, 2014 9:40:36 PM kodkod.multiobjective.MetricPoint parametrizedImprovementConstraints
FINE: Possible Improvements are conjunction of 
	(sum(this/LinkedList.totalFootprint) <= 443)
	(sum(this/LinkedList.totalFootprint) < 443)
Feb 01, 2014 9:40:37 PM kodkod.multiobjective.algorithms.MultiObjectiveAlgorithm foundParetoPoint
FINE: Found Pareto point with values: [443]
Feb 01, 2014 9:40:37 PM kodkod.multiobjective.algorithms.CheckpointedGuidedImprovementAlgorithm multiObjectiveSolveImpl
FINE: Found Pareto point with values: [443]
Feb 01, 2014 9:40:43 PM kodkod.multiobjective.algorithms.MultiObjectiveAlgorithm debugWriteStatistics
FINE: Solver statistics:
	# Sat Call: 2
	# Unsat Call: 2
	# Total Time in Sat Calls: 15738
	# Total Time in Sat Calls Solving: 1196
	# Total Time in Sat Calls Translating: 14542
	# Total Time in Unsat Calls: 5368
	# Total Time in Unsat Calls Solving: 5107
	# Total Time in Unsat Calls Translating: 261
	# Magnifier Sat Call: 0
	# Magnifier Unsat Call: 0
	# Total Time in Magnifier: 0
