Feb 01, 2014 9:35:42 PM kodkod.multiobjective.algorithms.CheckpointedGuidedImprovementAlgorithm multiObjectiveSolveImpl
FINE: Found a solution. At time: 3, Improving on [757]
Feb 01, 2014 9:35:42 PM kodkod.multiobjective.MetricPoint parametrizedImprovementConstraints
FINE: Possible Improvements are conjunction of 
	(sum(this/PKJab.totalFootprint) <= 757)
	(sum(this/PKJab.totalFootprint) < 757)
Feb 01, 2014 9:35:42 PM kodkod.multiobjective.algorithms.CheckpointedGuidedImprovementAlgorithm multiObjectiveSolveImpl
FINE: Found a solution. At time: 3, Improving on [699]
Feb 01, 2014 9:35:42 PM kodkod.multiobjective.MetricPoint parametrizedImprovementConstraints
FINE: Possible Improvements are conjunction of 
	(sum(this/PKJab.totalFootprint) <= 699)
	(sum(this/PKJab.totalFootprint) < 699)
Feb 01, 2014 9:35:42 PM kodkod.multiobjective.algorithms.MultiObjectiveAlgorithm foundParetoPoint
FINE: Found Pareto point with values: [699]
Feb 01, 2014 9:35:42 PM kodkod.multiobjective.algorithms.CheckpointedGuidedImprovementAlgorithm multiObjectiveSolveImpl
FINE: Found Pareto point with values: [699]
Feb 01, 2014 9:35:42 PM kodkod.multiobjective.algorithms.MultiObjectiveAlgorithm debugWriteStatistics
FINE: Solver statistics:
	# Sat Call: 2
	# Unsat Call: 2
	# Total Time in Sat Calls: 3639
	# Total Time in Sat Calls Solving: 109
	# Total Time in Sat Calls Translating: 3530
	# Total Time in Unsat Calls: 103
	# Total Time in Unsat Calls Solving: 7
	# Total Time in Unsat Calls Translating: 96
	# Magnifier Sat Call: 0
	# Magnifier Unsat Call: 0
	# Total Time in Magnifier: 0
