Feb 01, 2014 3:33:01 AM kodkod.multiobjective.algorithms.IncrementalGuidedImprovementAlgorithm multiObjectiveSolveImpl
FINE: Found a solution. At time: 1, Improving on [296]
Feb 01, 2014 3:33:01 AM kodkod.multiobjective.MetricPoint parametrizedImprovementConstraints
FINE: Possible Improvements are conjunction of 
	(sum(this/Apache.totalPerformance) >= 296)
	(sum(this/Apache.totalPerformance) > 296)
Feb 01, 2014 3:33:01 AM kodkod.multiobjective.algorithms.MultiObjectiveAlgorithm foundParetoPoint
FINE: Found Pareto point with values: [296]
Feb 01, 2014 3:33:02 AM kodkod.multiobjective.algorithms.IncrementalGuidedImprovementAlgorithm multiObjectiveSolveImpl
FINE: All Pareto points found. At time: 2
Feb 01, 2014 3:33:02 AM kodkod.multiobjective.algorithms.MultiObjectiveAlgorithm debugWriteStatistics
FINE: Solver statistics:
	# Sat Call: 1
	# Unsat Call: 2
	# Total Time in Sat Calls: 1558
	# Total Time in Sat Calls Solving: 37
	# Total Time in Sat Calls Translating: 1521
	# Total Time in Unsat Calls: 999
	# Total Time in Unsat Calls Solving: 56
	# Total Time in Unsat Calls Translating: 943
	# Magnifier Sat Call: 0
	# Magnifier Unsat Call: 0
	# Total Time in Magnifier: 0
