Feb 01, 2014 9:12:18 PM kodkod.multiobjective.algorithms.CheckpointedGuidedImprovementAlgorithm multiObjectiveSolveImpl
FINE: Found a solution. At time: 6, Improving on [1396]
Feb 01, 2014 9:12:18 PM kodkod.multiobjective.MetricPoint parametrizedImprovementConstraints
FINE: Possible Improvements are conjunction of 
	(sum(this/Prevayler.totalFootprint) <= 1396)
	(sum(this/Prevayler.totalFootprint) < 1396)
Feb 01, 2014 9:12:18 PM kodkod.multiobjective.algorithms.MultiObjectiveAlgorithm foundParetoPoint
FINE: Found Pareto point with values: [1396]
Feb 01, 2014 9:12:18 PM kodkod.multiobjective.algorithms.CheckpointedGuidedImprovementAlgorithm multiObjectiveSolveImpl
FINE: Found Pareto point with values: [1396]
Feb 01, 2014 9:12:18 PM kodkod.multiobjective.algorithms.MultiObjectiveAlgorithm debugWriteStatistics
FINE: Solver statistics:
	# Sat Call: 1
	# Unsat Call: 2
	# Total Time in Sat Calls: 6105
	# Total Time in Sat Calls Solving: 111
	# Total Time in Sat Calls Translating: 5994
	# Total Time in Unsat Calls: 343
	# Total Time in Unsat Calls Solving: 0
	# Total Time in Unsat Calls Translating: 343
	# Magnifier Sat Call: 0
	# Magnifier Unsat Call: 0
	# Total Time in Magnifier: 0
