Feb 01, 2014 4:37:29 AM kodkod.multiobjective.algorithms.IncrementalGuidedImprovementAlgorithm multiObjectiveSolveImpl
FINE: Found a solution. At time: 3, Improving on [865]
Feb 01, 2014 4:37:29 AM kodkod.multiobjective.MetricPoint parametrizedImprovementConstraints
FINE: Possible Improvements are conjunction of 
	(sum(this/ZipMeSPL.totalFootprint) <= 865)
	(sum(this/ZipMeSPL.totalFootprint) < 865)
Feb 01, 2014 4:37:29 AM kodkod.multiobjective.algorithms.MultiObjectiveAlgorithm foundParetoPoint
FINE: Found Pareto point with values: [865]
Feb 01, 2014 4:37:32 AM kodkod.multiobjective.algorithms.IncrementalGuidedImprovementAlgorithm multiObjectiveSolveImpl
FINE: All Pareto points found. At time: 6
Feb 01, 2014 4:37:32 AM kodkod.multiobjective.algorithms.MultiObjectiveAlgorithm debugWriteStatistics
FINE: Solver statistics:
	# Sat Call: 1
	# Unsat Call: 2
	# Total Time in Sat Calls: 3048
	# Total Time in Sat Calls Solving: 78
	# Total Time in Sat Calls Translating: 2970
	# Total Time in Unsat Calls: 2720
	# Total Time in Unsat Calls Solving: 88
	# Total Time in Unsat Calls Translating: 2632
	# Magnifier Sat Call: 0
	# Magnifier Unsat Call: 0
	# Total Time in Magnifier: 0
