Feb 02, 2014 12:12:35 AM kodkod.multiobjective.algorithms.CheckpointedGuidedImprovementAlgorithm multiObjectiveSolveImpl
FINE: Found a solution. At time: 1, Improving on [281]
Feb 02, 2014 12:12:35 AM kodkod.multiobjective.MetricPoint parametrizedImprovementConstraints
FINE: Possible Improvements are conjunction of 
	(sum(this/Apache.totalPerformance) >= 281)
	(sum(this/Apache.totalPerformance) > 281)
Feb 02, 2014 12:12:36 AM kodkod.multiobjective.algorithms.CheckpointedGuidedImprovementAlgorithm multiObjectiveSolveImpl
FINE: Found a solution. At time: 1, Improving on [296]
Feb 02, 2014 12:12:36 AM kodkod.multiobjective.MetricPoint parametrizedImprovementConstraints
FINE: Possible Improvements are conjunction of 
	(sum(this/Apache.totalPerformance) >= 296)
	(sum(this/Apache.totalPerformance) > 296)
Feb 02, 2014 12:12:36 AM kodkod.multiobjective.algorithms.MultiObjectiveAlgorithm foundParetoPoint
FINE: Found Pareto point with values: [296]
Feb 02, 2014 12:12:36 AM kodkod.multiobjective.algorithms.CheckpointedGuidedImprovementAlgorithm multiObjectiveSolveImpl
FINE: Found Pareto point with values: [296]
Feb 02, 2014 12:12:36 AM kodkod.multiobjective.algorithms.MultiObjectiveAlgorithm debugWriteStatistics
FINE: Solver statistics:
	# Sat Call: 2
	# Unsat Call: 2
	# Total Time in Sat Calls: 1376
	# Total Time in Sat Calls Solving: 5
	# Total Time in Sat Calls Translating: 1371
	# Total Time in Unsat Calls: 370
	# Total Time in Unsat Calls Solving: 1
	# Total Time in Unsat Calls Translating: 369
	# Magnifier Sat Call: 0
	# Magnifier Unsat Call: 0
	# Total Time in Magnifier: 0
