Feb 01, 2014 10:35:15 PM kodkod.multiobjective.algorithms.CheckpointedGuidedImprovementAlgorithm multiObjectiveSolveImpl
FINE: Found a solution. At time: 56, Improving on [839]
Feb 01, 2014 10:35:15 PM kodkod.multiobjective.MetricPoint parametrizedImprovementConstraints
FINE: Possible Improvements are conjunction of 
	(sum(this/Sqlite.totalFootprint) <= 839)
	(sum(this/Sqlite.totalFootprint) < 839)
Feb 01, 2014 10:35:16 PM kodkod.multiobjective.algorithms.CheckpointedGuidedImprovementAlgorithm multiObjectiveSolveImpl
FINE: Found a solution. At time: 57, Improving on [-53]
Feb 01, 2014 10:35:16 PM kodkod.multiobjective.MetricPoint parametrizedImprovementConstraints
FINE: Possible Improvements are conjunction of 
	(sum(this/Sqlite.totalFootprint) <= -53)
	(sum(this/Sqlite.totalFootprint) < -53)
Feb 01, 2014 10:35:17 PM kodkod.multiobjective.algorithms.CheckpointedGuidedImprovementAlgorithm multiObjectiveSolveImpl
FINE: Found a solution. At time: 58, Improving on [-57]
Feb 01, 2014 10:35:17 PM kodkod.multiobjective.MetricPoint parametrizedImprovementConstraints
FINE: Possible Improvements are conjunction of 
	(sum(this/Sqlite.totalFootprint) <= -57)
	(sum(this/Sqlite.totalFootprint) < -57)
Feb 01, 2014 10:35:18 PM kodkod.multiobjective.algorithms.CheckpointedGuidedImprovementAlgorithm multiObjectiveSolveImpl
FINE: Found a solution. At time: 58, Improving on [-60]
Feb 01, 2014 10:35:18 PM kodkod.multiobjective.MetricPoint parametrizedImprovementConstraints
FINE: Possible Improvements are conjunction of 
	(sum(this/Sqlite.totalFootprint) <= -60)
	(sum(this/Sqlite.totalFootprint) < -60)
Feb 01, 2014 10:35:18 PM kodkod.multiobjective.algorithms.CheckpointedGuidedImprovementAlgorithm multiObjectiveSolveImpl
FINE: Found a solution. At time: 59, Improving on [-84]
Feb 01, 2014 10:35:18 PM kodkod.multiobjective.MetricPoint parametrizedImprovementConstraints
FINE: Possible Improvements are conjunction of 
	(sum(this/Sqlite.totalFootprint) <= -84)
	(sum(this/Sqlite.totalFootprint) < -84)
Feb 01, 2014 10:35:20 PM kodkod.multiobjective.algorithms.CheckpointedGuidedImprovementAlgorithm multiObjectiveSolveImpl
FINE: Found a solution. At time: 61, Improving on [-89]
Feb 01, 2014 10:35:20 PM kodkod.multiobjective.MetricPoint parametrizedImprovementConstraints
FINE: Possible Improvements are conjunction of 
	(sum(this/Sqlite.totalFootprint) <= -89)
	(sum(this/Sqlite.totalFootprint) < -89)
Feb 01, 2014 10:35:21 PM kodkod.multiobjective.algorithms.CheckpointedGuidedImprovementAlgorithm multiObjectiveSolveImpl
FINE: Found a solution. At time: 62, Improving on [-91]
Feb 01, 2014 10:35:21 PM kodkod.multiobjective.MetricPoint parametrizedImprovementConstraints
FINE: Possible Improvements are conjunction of 
	(sum(this/Sqlite.totalFootprint) <= -91)
	(sum(this/Sqlite.totalFootprint) < -91)
Feb 01, 2014 10:35:22 PM kodkod.multiobjective.algorithms.CheckpointedGuidedImprovementAlgorithm multiObjectiveSolveImpl
FINE: Found a solution. At time: 63, Improving on [-92]
Feb 01, 2014 10:35:22 PM kodkod.multiobjective.MetricPoint parametrizedImprovementConstraints
FINE: Possible Improvements are conjunction of 
	(sum(this/Sqlite.totalFootprint) <= -92)
	(sum(this/Sqlite.totalFootprint) < -92)
Feb 01, 2014 10:35:23 PM kodkod.multiobjective.algorithms.CheckpointedGuidedImprovementAlgorithm multiObjectiveSolveImpl
FINE: Found a solution. At time: 64, Improving on [-113]
Feb 01, 2014 10:35:23 PM kodkod.multiobjective.MetricPoint parametrizedImprovementConstraints
FINE: Possible Improvements are conjunction of 
	(sum(this/Sqlite.totalFootprint) <= -113)
	(sum(this/Sqlite.totalFootprint) < -113)
Feb 01, 2014 10:35:24 PM kodkod.multiobjective.algorithms.CheckpointedGuidedImprovementAlgorithm multiObjectiveSolveImpl
FINE: Found a solution. At time: 65, Improving on [-117]
Feb 01, 2014 10:35:24 PM kodkod.multiobjective.MetricPoint parametrizedImprovementConstraints
FINE: Possible Improvements are conjunction of 
	(sum(this/Sqlite.totalFootprint) <= -117)
	(sum(this/Sqlite.totalFootprint) < -117)
Feb 01, 2014 10:35:25 PM kodkod.multiobjective.algorithms.CheckpointedGuidedImprovementAlgorithm multiObjectiveSolveImpl
FINE: Found a solution. At time: 66, Improving on [-124]
Feb 01, 2014 10:35:25 PM kodkod.multiobjective.MetricPoint parametrizedImprovementConstraints
FINE: Possible Improvements are conjunction of 
	(sum(this/Sqlite.totalFootprint) <= -124)
	(sum(this/Sqlite.totalFootprint) < -124)
Feb 01, 2014 10:35:26 PM kodkod.multiobjective.algorithms.CheckpointedGuidedImprovementAlgorithm multiObjectiveSolveImpl
FINE: Found a solution. At time: 66, Improving on [-174]
Feb 01, 2014 10:35:26 PM kodkod.multiobjective.MetricPoint parametrizedImprovementConstraints
FINE: Possible Improvements are conjunction of 
	(sum(this/Sqlite.totalFootprint) <= -174)
	(sum(this/Sqlite.totalFootprint) < -174)
Feb 01, 2014 10:35:27 PM kodkod.multiobjective.algorithms.CheckpointedGuidedImprovementAlgorithm multiObjectiveSolveImpl
FINE: Found a solution. At time: 67, Improving on [-176]
Feb 01, 2014 10:35:27 PM kodkod.multiobjective.MetricPoint parametrizedImprovementConstraints
FINE: Possible Improvements are conjunction of 
	(sum(this/Sqlite.totalFootprint) <= -176)
	(sum(this/Sqlite.totalFootprint) < -176)
Feb 01, 2014 10:35:33 PM kodkod.multiobjective.algorithms.CheckpointedGuidedImprovementAlgorithm multiObjectiveSolveImpl
FINE: Found a solution. At time: 73, Improving on [-178]
Feb 01, 2014 10:35:33 PM kodkod.multiobjective.MetricPoint parametrizedImprovementConstraints
FINE: Possible Improvements are conjunction of 
	(sum(this/Sqlite.totalFootprint) <= -178)
	(sum(this/Sqlite.totalFootprint) < -178)
Feb 01, 2014 10:35:34 PM kodkod.multiobjective.algorithms.CheckpointedGuidedImprovementAlgorithm multiObjectiveSolveImpl
FINE: Found a solution. At time: 74, Improving on [-180]
Feb 01, 2014 10:35:34 PM kodkod.multiobjective.MetricPoint parametrizedImprovementConstraints
FINE: Possible Improvements are conjunction of 
	(sum(this/Sqlite.totalFootprint) <= -180)
	(sum(this/Sqlite.totalFootprint) < -180)
Feb 01, 2014 10:35:36 PM kodkod.multiobjective.algorithms.CheckpointedGuidedImprovementAlgorithm multiObjectiveSolveImpl
FINE: Found a solution. At time: 77, Improving on [-186]
Feb 01, 2014 10:35:36 PM kodkod.multiobjective.MetricPoint parametrizedImprovementConstraints
FINE: Possible Improvements are conjunction of 
	(sum(this/Sqlite.totalFootprint) <= -186)
	(sum(this/Sqlite.totalFootprint) < -186)
Feb 01, 2014 10:35:39 PM kodkod.multiobjective.algorithms.CheckpointedGuidedImprovementAlgorithm multiObjectiveSolveImpl
FINE: Found a solution. At time: 79, Improving on [-187]
Feb 01, 2014 10:35:39 PM kodkod.multiobjective.MetricPoint parametrizedImprovementConstraints
FINE: Possible Improvements are conjunction of 
	(sum(this/Sqlite.totalFootprint) <= -187)
	(sum(this/Sqlite.totalFootprint) < -187)
Feb 01, 2014 10:35:42 PM kodkod.multiobjective.algorithms.CheckpointedGuidedImprovementAlgorithm multiObjectiveSolveImpl
FINE: Found a solution. At time: 82, Improving on [-191]
Feb 01, 2014 10:35:42 PM kodkod.multiobjective.MetricPoint parametrizedImprovementConstraints
FINE: Possible Improvements are conjunction of 
	(sum(this/Sqlite.totalFootprint) <= -191)
	(sum(this/Sqlite.totalFootprint) < -191)
Feb 01, 2014 10:35:45 PM kodkod.multiobjective.algorithms.CheckpointedGuidedImprovementAlgorithm multiObjectiveSolveImpl
FINE: Found a solution. At time: 86, Improving on [-193]
Feb 01, 2014 10:35:45 PM kodkod.multiobjective.MetricPoint parametrizedImprovementConstraints
FINE: Possible Improvements are conjunction of 
	(sum(this/Sqlite.totalFootprint) <= -193)
	(sum(this/Sqlite.totalFootprint) < -193)
Feb 01, 2014 10:35:48 PM kodkod.multiobjective.algorithms.CheckpointedGuidedImprovementAlgorithm multiObjectiveSolveImpl
FINE: Found a solution. At time: 89, Improving on [-194]
Feb 01, 2014 10:35:48 PM kodkod.multiobjective.MetricPoint parametrizedImprovementConstraints
FINE: Possible Improvements are conjunction of 
	(sum(this/Sqlite.totalFootprint) <= -194)
	(sum(this/Sqlite.totalFootprint) < -194)
Feb 01, 2014 10:35:51 PM kodkod.multiobjective.algorithms.CheckpointedGuidedImprovementAlgorithm multiObjectiveSolveImpl
FINE: Found a solution. At time: 92, Improving on [-195]
Feb 01, 2014 10:35:51 PM kodkod.multiobjective.MetricPoint parametrizedImprovementConstraints
FINE: Possible Improvements are conjunction of 
	(sum(this/Sqlite.totalFootprint) <= -195)
	(sum(this/Sqlite.totalFootprint) < -195)
Feb 01, 2014 10:35:55 PM kodkod.multiobjective.algorithms.CheckpointedGuidedImprovementAlgorithm multiObjectiveSolveImpl
FINE: Found a solution. At time: 96, Improving on [-196]
Feb 01, 2014 10:35:55 PM kodkod.multiobjective.MetricPoint parametrizedImprovementConstraints
FINE: Possible Improvements are conjunction of 
	(sum(this/Sqlite.totalFootprint) <= -196)
	(sum(this/Sqlite.totalFootprint) < -196)
Feb 01, 2014 10:35:59 PM kodkod.multiobjective.algorithms.CheckpointedGuidedImprovementAlgorithm multiObjectiveSolveImpl
FINE: Found a solution. At time: 100, Improving on [-198]
Feb 01, 2014 10:35:59 PM kodkod.multiobjective.MetricPoint parametrizedImprovementConstraints
FINE: Possible Improvements are conjunction of 
	(sum(this/Sqlite.totalFootprint) <= -198)
	(sum(this/Sqlite.totalFootprint) < -198)
Feb 01, 2014 10:36:03 PM kodkod.multiobjective.algorithms.CheckpointedGuidedImprovementAlgorithm multiObjectiveSolveImpl
FINE: Found a solution. At time: 104, Improving on [-199]
Feb 01, 2014 10:36:03 PM kodkod.multiobjective.MetricPoint parametrizedImprovementConstraints
FINE: Possible Improvements are conjunction of 
	(sum(this/Sqlite.totalFootprint) <= -199)
	(sum(this/Sqlite.totalFootprint) < -199)
Feb 01, 2014 10:36:05 PM kodkod.multiobjective.algorithms.MultiObjectiveAlgorithm foundParetoPoint
FINE: Found Pareto point with values: [-199]
Feb 01, 2014 10:36:05 PM kodkod.multiobjective.algorithms.CheckpointedGuidedImprovementAlgorithm multiObjectiveSolveImpl
FINE: Found Pareto point with values: [-199]
Feb 01, 2014 10:37:33 PM kodkod.multiobjective.algorithms.MultiObjectiveAlgorithm debugWriteStatistics
FINE: Solver statistics:
	# Sat Call: 24
	# Unsat Call: 2
	# Total Time in Sat Calls: 70350
	# Total Time in Sat Calls Solving: 14991
	# Total Time in Sat Calls Translating: 55359
	# Total Time in Unsat Calls: 11400
	# Total Time in Unsat Calls Solving: 10677
	# Total Time in Unsat Calls Translating: 723
	# Magnifier Sat Call: 0
	# Magnifier Unsat Call: 0
	# Total Time in Magnifier: 0
