Feb 02, 2014 12:36:09 AM kodkod.multiobjective.algorithms.CheckpointedGuidedImprovementAlgorithm multiObjectiveSolveImpl
FINE: Found a solution. At time: 7, Improving on [1021]
Feb 02, 2014 12:36:09 AM kodkod.multiobjective.MetricPoint parametrizedImprovementConstraints
FINE: Possible Improvements are conjunction of 
	(sum(this/LinkedList.totalFootprint) <= 1021)
	(sum(this/LinkedList.totalFootprint) < 1021)
Feb 02, 2014 12:36:13 AM kodkod.multiobjective.algorithms.MultiObjectiveAlgorithm foundParetoPoint
FINE: Found Pareto point with values: [1021]
Feb 02, 2014 12:36:13 AM kodkod.multiobjective.algorithms.CheckpointedGuidedImprovementAlgorithm multiObjectiveSolveImpl
FINE: Found Pareto point with values: [1021]
Feb 02, 2014 12:36:16 AM kodkod.multiobjective.algorithms.MultiObjectiveAlgorithm debugWriteStatistics
FINE: Solver statistics:
	# Sat Call: 1
	# Unsat Call: 2
	# Total Time in Sat Calls: 7063
	# Total Time in Sat Calls Solving: 21
	# Total Time in Sat Calls Translating: 7042
	# Total Time in Unsat Calls: 6332
	# Total Time in Unsat Calls Solving: 0
	# Total Time in Unsat Calls Translating: 6332
	# Magnifier Sat Call: 0
	# Magnifier Unsat Call: 0
	# Total Time in Magnifier: 0
