Feb 01, 2014 10:39:18 PM kodkod.multiobjective.algorithms.CheckpointedGuidedImprovementAlgorithm multiObjectiveSolveImpl
FINE: Found a solution. At time: 2, Improving on [762]
Feb 01, 2014 10:39:18 PM kodkod.multiobjective.MetricPoint parametrizedImprovementConstraints
FINE: Possible Improvements are conjunction of 
	(sum(this/PKJab.totalFootprint) <= 762)
	(sum(this/PKJab.totalFootprint) < 762)
Feb 01, 2014 10:39:19 PM kodkod.multiobjective.algorithms.MultiObjectiveAlgorithm foundParetoPoint
FINE: Found Pareto point with values: [762]
Feb 01, 2014 10:39:19 PM kodkod.multiobjective.algorithms.CheckpointedGuidedImprovementAlgorithm multiObjectiveSolveImpl
FINE: Found Pareto point with values: [762]
Feb 01, 2014 10:39:20 PM kodkod.multiobjective.algorithms.MultiObjectiveAlgorithm debugWriteStatistics
FINE: Solver statistics:
	# Sat Call: 1
	# Unsat Call: 2
	# Total Time in Sat Calls: 1880
	# Total Time in Sat Calls Solving: 6
	# Total Time in Sat Calls Translating: 1874
	# Total Time in Unsat Calls: 1860
	# Total Time in Unsat Calls Solving: 3
	# Total Time in Unsat Calls Translating: 1857
	# Magnifier Sat Call: 0
	# Magnifier Unsat Call: 0
	# Total Time in Magnifier: 0
