Feb 02, 2014 5:52:42 AM kodkod.multiobjective.algorithms.CheckpointedGuidedImprovementAlgorithm multiObjectiveSolveImpl
FINE: Found a solution. At time: 22, Improving on [818]
Feb 02, 2014 5:52:42 AM kodkod.multiobjective.MetricPoint parametrizedImprovementConstraints
FINE: Possible Improvements are conjunction of 
	(sum(this/Sqlite.totalFootprint) <= 818)
	(sum(this/Sqlite.totalFootprint) < 818)
Feb 02, 2014 5:53:04 AM kodkod.multiobjective.algorithms.CheckpointedGuidedImprovementAlgorithm multiObjectiveSolveImpl
FINE: Found a solution. At time: 44, Improving on [767]
Feb 02, 2014 5:53:04 AM kodkod.multiobjective.MetricPoint parametrizedImprovementConstraints
FINE: Possible Improvements are conjunction of 
	(sum(this/Sqlite.totalFootprint) <= 767)
	(sum(this/Sqlite.totalFootprint) < 767)
Feb 02, 2014 5:53:08 AM kodkod.multiobjective.algorithms.CheckpointedGuidedImprovementAlgorithm multiObjectiveSolveImpl
FINE: Found a solution. At time: 48, Improving on [765]
Feb 02, 2014 5:53:08 AM kodkod.multiobjective.MetricPoint parametrizedImprovementConstraints
FINE: Possible Improvements are conjunction of 
	(sum(this/Sqlite.totalFootprint) <= 765)
	(sum(this/Sqlite.totalFootprint) < 765)
Feb 02, 2014 5:53:13 AM kodkod.multiobjective.algorithms.CheckpointedGuidedImprovementAlgorithm multiObjectiveSolveImpl
FINE: Found a solution. At time: 53, Improving on [761]
Feb 02, 2014 5:53:13 AM kodkod.multiobjective.MetricPoint parametrizedImprovementConstraints
FINE: Possible Improvements are conjunction of 
	(sum(this/Sqlite.totalFootprint) <= 761)
	(sum(this/Sqlite.totalFootprint) < 761)
Feb 02, 2014 5:53:17 AM kodkod.multiobjective.algorithms.CheckpointedGuidedImprovementAlgorithm multiObjectiveSolveImpl
FINE: Found a solution. At time: 57, Improving on [759]
Feb 02, 2014 5:53:17 AM kodkod.multiobjective.MetricPoint parametrizedImprovementConstraints
FINE: Possible Improvements are conjunction of 
	(sum(this/Sqlite.totalFootprint) <= 759)
	(sum(this/Sqlite.totalFootprint) < 759)
Feb 02, 2014 5:53:22 AM kodkod.multiobjective.algorithms.CheckpointedGuidedImprovementAlgorithm multiObjectiveSolveImpl
FINE: Found a solution. At time: 62, Improving on [757]
Feb 02, 2014 5:53:22 AM kodkod.multiobjective.MetricPoint parametrizedImprovementConstraints
FINE: Possible Improvements are conjunction of 
	(sum(this/Sqlite.totalFootprint) <= 757)
	(sum(this/Sqlite.totalFootprint) < 757)
Feb 02, 2014 5:53:26 AM kodkod.multiobjective.algorithms.CheckpointedGuidedImprovementAlgorithm multiObjectiveSolveImpl
FINE: Found a solution. At time: 66, Improving on [756]
Feb 02, 2014 5:53:26 AM kodkod.multiobjective.MetricPoint parametrizedImprovementConstraints
FINE: Possible Improvements are conjunction of 
	(sum(this/Sqlite.totalFootprint) <= 756)
	(sum(this/Sqlite.totalFootprint) < 756)
Feb 02, 2014 5:53:31 AM kodkod.multiobjective.algorithms.CheckpointedGuidedImprovementAlgorithm multiObjectiveSolveImpl
FINE: Found a solution. At time: 71, Improving on [755]
Feb 02, 2014 5:53:31 AM kodkod.multiobjective.MetricPoint parametrizedImprovementConstraints
FINE: Possible Improvements are conjunction of 
	(sum(this/Sqlite.totalFootprint) <= 755)
	(sum(this/Sqlite.totalFootprint) < 755)
Feb 02, 2014 5:53:35 AM kodkod.multiobjective.algorithms.MultiObjectiveAlgorithm foundParetoPoint
FINE: Found Pareto point with values: [755]
Feb 02, 2014 5:53:35 AM kodkod.multiobjective.algorithms.CheckpointedGuidedImprovementAlgorithm multiObjectiveSolveImpl
FINE: Found Pareto point with values: [755]
Feb 02, 2014 5:54:09 AM kodkod.multiobjective.algorithms.MultiObjectiveAlgorithm debugWriteStatistics
FINE: Solver statistics:
	# Sat Call: 8
	# Unsat Call: 2
	# Total Time in Sat Calls: 66101
	# Total Time in Sat Calls Solving: 892
	# Total Time in Sat Calls Translating: 65209
	# Total Time in Unsat Calls: 17788
	# Total Time in Unsat Calls Solving: 376
	# Total Time in Unsat Calls Translating: 17412
	# Magnifier Sat Call: 0
	# Magnifier Unsat Call: 0
	# Total Time in Magnifier: 0
