Feb 01, 2014 10:11:30 PM kodkod.multiobjective.algorithms.CheckpointedGuidedImprovementAlgorithm multiObjectiveSolveImpl
FINE: Found a solution. At time: 1, Improving on [176]
Feb 01, 2014 10:11:30 PM kodkod.multiobjective.MetricPoint parametrizedImprovementConstraints
FINE: Possible Improvements are conjunction of 
	(sum(this/Apache.totalPerformance) >= 176)
	(sum(this/Apache.totalPerformance) > 176)
Feb 01, 2014 10:11:31 PM kodkod.multiobjective.algorithms.MultiObjectiveAlgorithm foundParetoPoint
FINE: Found Pareto point with values: [176]
Feb 01, 2014 10:11:31 PM kodkod.multiobjective.algorithms.CheckpointedGuidedImprovementAlgorithm multiObjectiveSolveImpl
FINE: Found Pareto point with values: [176]
Feb 01, 2014 10:11:31 PM kodkod.multiobjective.algorithms.MultiObjectiveAlgorithm debugWriteStatistics
FINE: Solver statistics:
	# Sat Call: 1
	# Unsat Call: 2
	# Total Time in Sat Calls: 858
	# Total Time in Sat Calls Solving: 3
	# Total Time in Sat Calls Translating: 855
	# Total Time in Unsat Calls: 800
	# Total Time in Unsat Calls Solving: 1
	# Total Time in Unsat Calls Translating: 799
	# Magnifier Sat Call: 0
	# Magnifier Unsat Call: 0
	# Total Time in Magnifier: 0
