Feb 02, 2014 1:05:30 PM kodkod.multiobjective.algorithms.CheckpointedGuidedImprovementAlgorithm multiObjectiveSolveImpl
FINE: Found a solution. At time: 0, Improving on [741]
Feb 02, 2014 1:05:30 PM kodkod.multiobjective.MetricPoint parametrizedImprovementConstraints
FINE: Possible Improvements are conjunction of 
	(sum(this/PKJab.totalFootprint) <= 741)
	(sum(this/PKJab.totalFootprint) < 741)
Feb 02, 2014 1:05:30 PM kodkod.multiobjective.algorithms.MultiObjectiveAlgorithm foundParetoPoint
FINE: Found Pareto point with values: [741]
Feb 02, 2014 1:05:30 PM kodkod.multiobjective.algorithms.CheckpointedGuidedImprovementAlgorithm multiObjectiveSolveImpl
FINE: Found Pareto point with values: [741]
Feb 02, 2014 1:05:30 PM kodkod.multiobjective.algorithms.MultiObjectiveAlgorithm debugWriteStatistics
FINE: Solver statistics:
	# Sat Call: 1
	# Unsat Call: 2
	# Total Time in Sat Calls: 39
	# Total Time in Sat Calls Solving: 0
	# Total Time in Sat Calls Translating: 39
	# Total Time in Unsat Calls: 45
	# Total Time in Unsat Calls Solving: 0
	# Total Time in Unsat Calls Translating: 45
	# Magnifier Sat Call: 0
	# Magnifier Unsat Call: 0
	# Total Time in Magnifier: 0
