Feb 01, 2014 10:41:28 PM kodkod.multiobjective.algorithms.CheckpointedGuidedImprovementAlgorithm multiObjectiveSolveImpl
FINE: Found a solution. At time: 5, Improving on [1016]
Feb 01, 2014 10:41:28 PM kodkod.multiobjective.MetricPoint parametrizedImprovementConstraints
FINE: Possible Improvements are conjunction of 
	(sum(this/BerkeleyDbC.totalFootprint) <= 1016)
	(sum(this/BerkeleyDbC.totalFootprint) < 1016)
Feb 01, 2014 10:41:30 PM kodkod.multiobjective.algorithms.MultiObjectiveAlgorithm foundParetoPoint
FINE: Found Pareto point with values: [1016]
Feb 01, 2014 10:41:30 PM kodkod.multiobjective.algorithms.CheckpointedGuidedImprovementAlgorithm multiObjectiveSolveImpl
FINE: Found Pareto point with values: [1016]
Feb 01, 2014 10:41:31 PM kodkod.multiobjective.algorithms.MultiObjectiveAlgorithm debugWriteStatistics
FINE: Solver statistics:
	# Sat Call: 1
	# Unsat Call: 2
	# Total Time in Sat Calls: 5216
	# Total Time in Sat Calls Solving: 13
	# Total Time in Sat Calls Translating: 5203
	# Total Time in Unsat Calls: 2960
	# Total Time in Unsat Calls Solving: 6
	# Total Time in Unsat Calls Translating: 2954
	# Magnifier Sat Call: 0
	# Magnifier Unsat Call: 0
	# Total Time in Magnifier: 0
