Feb 02, 2014 1:15:04 PM kodkod.multiobjective.algorithms.CheckpointedGuidedImprovementAlgorithm multiObjectiveSolveImpl
FINE: Found a solution. At time: 0, Improving on [881]
Feb 02, 2014 1:15:04 PM kodkod.multiobjective.MetricPoint parametrizedImprovementConstraints
FINE: Possible Improvements are conjunction of 
	(sum(this/BerkeleyDbC.totalFootprint) <= 881)
	(sum(this/BerkeleyDbC.totalFootprint) < 881)
Feb 02, 2014 1:15:04 PM kodkod.multiobjective.algorithms.MultiObjectiveAlgorithm foundParetoPoint
FINE: Found Pareto point with values: [881]
Feb 02, 2014 1:15:04 PM kodkod.multiobjective.algorithms.CheckpointedGuidedImprovementAlgorithm multiObjectiveSolveImpl
FINE: Found Pareto point with values: [881]
Feb 02, 2014 1:15:04 PM kodkod.multiobjective.algorithms.MultiObjectiveAlgorithm debugWriteStatistics
FINE: Solver statistics:
	# Sat Call: 1
	# Unsat Call: 2
	# Total Time in Sat Calls: 333
	# Total Time in Sat Calls Solving: 1
	# Total Time in Sat Calls Translating: 332
	# Total Time in Unsat Calls: 346
	# Total Time in Unsat Calls Solving: 1
	# Total Time in Unsat Calls Translating: 345
	# Magnifier Sat Call: 0
	# Magnifier Unsat Call: 0
	# Total Time in Magnifier: 0
