Feb 01, 2014 5:43:43 AM kodkod.multiobjective.algorithms.IncrementalGuidedImprovementAlgorithm multiObjectiveSolveImpl
FINE: Found a solution. At time: 30, Improving on [32, 88, 47, 595]
Feb 01, 2014 5:43:43 AM kodkod.multiobjective.MetricPoint parametrizedImprovementConstraints
FINE: Possible Improvements are conjunction of 
	(sum(this/SearchAndRescueFM.total_DeploymentTime) <= 32)
	(sum(this/SearchAndRescueFM.total_DevelopmentTime) <= 88)
	(sum(this/SearchAndRescueFM.total_RampUpTime) <= 47)
	(sum(this/SearchAndRescueFM.total_cost) <= 595)
	((sum(this/SearchAndRescueFM.total_DeploymentTime) < 32) || (sum(this/SearchAndRescueFM.total_DevelopmentTime) < 88) || (sum(this/SearchAndRescueFM.total_RampUpTime) < 47) || (sum(this/SearchAndRescueFM.total_cost) < 595))
Feb 01, 2014 5:43:44 AM kodkod.multiobjective.algorithms.IncrementalGuidedImprovementAlgorithm multiObjectiveSolveImpl
FINE: Found a solution. At time: 30, Improving on [32, 88, 47, 590]
Feb 01, 2014 5:43:44 AM kodkod.multiobjective.MetricPoint parametrizedImprovementConstraints
FINE: Possible Improvements are conjunction of 
	(sum(this/SearchAndRescueFM.total_DeploymentTime) <= 32)
	(sum(this/SearchAndRescueFM.total_DevelopmentTime) <= 88)
	(sum(this/SearchAndRescueFM.total_RampUpTime) <= 47)
	(sum(this/SearchAndRescueFM.total_cost) <= 590)
	((sum(this/SearchAndRescueFM.total_DeploymentTime) < 32) || (sum(this/SearchAndRescueFM.total_DevelopmentTime) < 88) || (sum(this/SearchAndRescueFM.total_RampUpTime) < 47) || (sum(this/SearchAndRescueFM.total_cost) < 590))
Feb 01, 2014 5:43:44 AM kodkod.multiobjective.algorithms.IncrementalGuidedImprovementAlgorithm multiObjectiveSolveImpl
FINE: Found a solution. At time: 31, Improving on [32, 85, 47, 590]
Feb 01, 2014 5:43:44 AM kodkod.multiobjective.MetricPoint parametrizedImprovementConstraints
FINE: Possible Improvements are conjunction of 
	(sum(this/SearchAndRescueFM.total_DeploymentTime) <= 32)
	(sum(this/SearchAndRescueFM.total_DevelopmentTime) <= 85)
	(sum(this/SearchAndRescueFM.total_RampUpTime) <= 47)
	(sum(this/SearchAndRescueFM.total_cost) <= 590)
	((sum(this/SearchAndRescueFM.total_DeploymentTime) < 32) || (sum(this/SearchAndRescueFM.total_DevelopmentTime) < 85) || (sum(this/SearchAndRescueFM.total_RampUpTime) < 47) || (sum(this/SearchAndRescueFM.total_cost) < 590))
Feb 01, 2014 5:43:44 AM kodkod.multiobjective.algorithms.IncrementalGuidedImprovementAlgorithm multiObjectiveSolveImpl
FINE: Found a solution. At time: 31, Improving on [32, 85, 46, 590]
Feb 01, 2014 5:43:44 AM kodkod.multiobjective.MetricPoint parametrizedImprovementConstraints
FINE: Possible Improvements are conjunction of 
	(sum(this/SearchAndRescueFM.total_DeploymentTime) <= 32)
	(sum(this/SearchAndRescueFM.total_DevelopmentTime) <= 85)
	(sum(this/SearchAndRescueFM.total_RampUpTime) <= 46)
	(sum(this/SearchAndRescueFM.total_cost) <= 590)
	((sum(this/SearchAndRescueFM.total_DeploymentTime) < 32) || (sum(this/SearchAndRescueFM.total_DevelopmentTime) < 85) || (sum(this/SearchAndRescueFM.total_RampUpTime) < 46) || (sum(this/SearchAndRescueFM.total_cost) < 590))
Feb 01, 2014 5:43:46 AM kodkod.multiobjective.algorithms.MultiObjectiveAlgorithm foundParetoPoint
FINE: Found Pareto point with values: [32, 85, 46, 590]
Feb 01, 2014 5:44:15 AM kodkod.multiobjective.algorithms.IncrementalGuidedImprovementAlgorithm multiObjectiveSolveImpl
FINE: Found a solution. At time: 62, Improving on [35, 77, 45, 675]
Feb 01, 2014 5:44:15 AM kodkod.multiobjective.MetricPoint parametrizedImprovementConstraints
FINE: Possible Improvements are conjunction of 
	(sum(this/SearchAndRescueFM.total_DeploymentTime) <= 35)
	(sum(this/SearchAndRescueFM.total_DevelopmentTime) <= 77)
	(sum(this/SearchAndRescueFM.total_RampUpTime) <= 45)
	(sum(this/SearchAndRescueFM.total_cost) <= 675)
	((sum(this/SearchAndRescueFM.total_DeploymentTime) < 35) || (sum(this/SearchAndRescueFM.total_DevelopmentTime) < 77) || (sum(this/SearchAndRescueFM.total_RampUpTime) < 45) || (sum(this/SearchAndRescueFM.total_cost) < 675))
Feb 01, 2014 5:44:16 AM kodkod.multiobjective.algorithms.IncrementalGuidedImprovementAlgorithm multiObjectiveSolveImpl
FINE: Found a solution. At time: 62, Improving on [35, 77, 45, 670]
Feb 01, 2014 5:44:16 AM kodkod.multiobjective.MetricPoint parametrizedImprovementConstraints
FINE: Possible Improvements are conjunction of 
	(sum(this/SearchAndRescueFM.total_DeploymentTime) <= 35)
	(sum(this/SearchAndRescueFM.total_DevelopmentTime) <= 77)
	(sum(this/SearchAndRescueFM.total_RampUpTime) <= 45)
	(sum(this/SearchAndRescueFM.total_cost) <= 670)
	((sum(this/SearchAndRescueFM.total_DeploymentTime) < 35) || (sum(this/SearchAndRescueFM.total_DevelopmentTime) < 77) || (sum(this/SearchAndRescueFM.total_RampUpTime) < 45) || (sum(this/SearchAndRescueFM.total_cost) < 670))
Feb 01, 2014 5:44:16 AM kodkod.multiobjective.algorithms.IncrementalGuidedImprovementAlgorithm multiObjectiveSolveImpl
FINE: Found a solution. At time: 63, Improving on [35, 77, 44, 670]
Feb 01, 2014 5:44:16 AM kodkod.multiobjective.MetricPoint parametrizedImprovementConstraints
FINE: Possible Improvements are conjunction of 
	(sum(this/SearchAndRescueFM.total_DeploymentTime) <= 35)
	(sum(this/SearchAndRescueFM.total_DevelopmentTime) <= 77)
	(sum(this/SearchAndRescueFM.total_RampUpTime) <= 44)
	(sum(this/SearchAndRescueFM.total_cost) <= 670)
	((sum(this/SearchAndRescueFM.total_DeploymentTime) < 35) || (sum(this/SearchAndRescueFM.total_DevelopmentTime) < 77) || (sum(this/SearchAndRescueFM.total_RampUpTime) < 44) || (sum(this/SearchAndRescueFM.total_cost) < 670))
Feb 01, 2014 5:44:16 AM kodkod.multiobjective.algorithms.IncrementalGuidedImprovementAlgorithm multiObjectiveSolveImpl
FINE: Found a solution. At time: 63, Improving on [34, 75, 44, 670]
Feb 01, 2014 5:44:16 AM kodkod.multiobjective.MetricPoint parametrizedImprovementConstraints
FINE: Possible Improvements are conjunction of 
	(sum(this/SearchAndRescueFM.total_DeploymentTime) <= 34)
	(sum(this/SearchAndRescueFM.total_DevelopmentTime) <= 75)
	(sum(this/SearchAndRescueFM.total_RampUpTime) <= 44)
	(sum(this/SearchAndRescueFM.total_cost) <= 670)
	((sum(this/SearchAndRescueFM.total_DeploymentTime) < 34) || (sum(this/SearchAndRescueFM.total_DevelopmentTime) < 75) || (sum(this/SearchAndRescueFM.total_RampUpTime) < 44) || (sum(this/SearchAndRescueFM.total_cost) < 670))
Feb 01, 2014 5:44:17 AM kodkod.multiobjective.algorithms.MultiObjectiveAlgorithm foundParetoPoint
FINE: Found Pareto point with values: [34, 75, 44, 670]
Feb 01, 2014 5:44:47 AM kodkod.multiobjective.algorithms.IncrementalGuidedImprovementAlgorithm multiObjectiveSolveImpl
FINE: Found a solution. At time: 94, Improving on [32, 75, 45, 1005]
Feb 01, 2014 5:44:47 AM kodkod.multiobjective.MetricPoint parametrizedImprovementConstraints
FINE: Possible Improvements are conjunction of 
	(sum(this/SearchAndRescueFM.total_DeploymentTime) <= 32)
	(sum(this/SearchAndRescueFM.total_DevelopmentTime) <= 75)
	(sum(this/SearchAndRescueFM.total_RampUpTime) <= 45)
	(sum(this/SearchAndRescueFM.total_cost) <= 1005)
	((sum(this/SearchAndRescueFM.total_DeploymentTime) < 32) || (sum(this/SearchAndRescueFM.total_DevelopmentTime) < 75) || (sum(this/SearchAndRescueFM.total_RampUpTime) < 45) || (sum(this/SearchAndRescueFM.total_cost) < 1005))
Feb 01, 2014 5:44:47 AM kodkod.multiobjective.algorithms.IncrementalGuidedImprovementAlgorithm multiObjectiveSolveImpl
FINE: Found a solution. At time: 94, Improving on [32, 75, 45, 1000]
Feb 01, 2014 5:44:47 AM kodkod.multiobjective.MetricPoint parametrizedImprovementConstraints
FINE: Possible Improvements are conjunction of 
	(sum(this/SearchAndRescueFM.total_DeploymentTime) <= 32)
	(sum(this/SearchAndRescueFM.total_DevelopmentTime) <= 75)
	(sum(this/SearchAndRescueFM.total_RampUpTime) <= 45)
	(sum(this/SearchAndRescueFM.total_cost) <= 1000)
	((sum(this/SearchAndRescueFM.total_DeploymentTime) < 32) || (sum(this/SearchAndRescueFM.total_DevelopmentTime) < 75) || (sum(this/SearchAndRescueFM.total_RampUpTime) < 45) || (sum(this/SearchAndRescueFM.total_cost) < 1000))
Feb 01, 2014 5:44:48 AM kodkod.multiobjective.algorithms.IncrementalGuidedImprovementAlgorithm multiObjectiveSolveImpl
FINE: Found a solution. At time: 94, Improving on [32, 75, 44, 1000]
Feb 01, 2014 5:44:48 AM kodkod.multiobjective.MetricPoint parametrizedImprovementConstraints
FINE: Possible Improvements are conjunction of 
	(sum(this/SearchAndRescueFM.total_DeploymentTime) <= 32)
	(sum(this/SearchAndRescueFM.total_DevelopmentTime) <= 75)
	(sum(this/SearchAndRescueFM.total_RampUpTime) <= 44)
	(sum(this/SearchAndRescueFM.total_cost) <= 1000)
	((sum(this/SearchAndRescueFM.total_DeploymentTime) < 32) || (sum(this/SearchAndRescueFM.total_DevelopmentTime) < 75) || (sum(this/SearchAndRescueFM.total_RampUpTime) < 44) || (sum(this/SearchAndRescueFM.total_cost) < 1000))
Feb 01, 2014 5:44:49 AM kodkod.multiobjective.algorithms.MultiObjectiveAlgorithm foundParetoPoint
FINE: Found Pareto point with values: [32, 75, 44, 1000]
Feb 01, 2014 5:45:18 AM kodkod.multiobjective.algorithms.IncrementalGuidedImprovementAlgorithm multiObjectiveSolveImpl
FINE: Found a solution. At time: 124, Improving on [32, 84, 49, 605]
Feb 01, 2014 5:45:18 AM kodkod.multiobjective.MetricPoint parametrizedImprovementConstraints
FINE: Possible Improvements are conjunction of 
	(sum(this/SearchAndRescueFM.total_DeploymentTime) <= 32)
	(sum(this/SearchAndRescueFM.total_DevelopmentTime) <= 84)
	(sum(this/SearchAndRescueFM.total_RampUpTime) <= 49)
	(sum(this/SearchAndRescueFM.total_cost) <= 605)
	((sum(this/SearchAndRescueFM.total_DeploymentTime) < 32) || (sum(this/SearchAndRescueFM.total_DevelopmentTime) < 84) || (sum(this/SearchAndRescueFM.total_RampUpTime) < 49) || (sum(this/SearchAndRescueFM.total_cost) < 605))
Feb 01, 2014 5:45:18 AM kodkod.multiobjective.algorithms.IncrementalGuidedImprovementAlgorithm multiObjectiveSolveImpl
FINE: Found a solution. At time: 124, Improving on [32, 84, 49, 600]
Feb 01, 2014 5:45:18 AM kodkod.multiobjective.MetricPoint parametrizedImprovementConstraints
FINE: Possible Improvements are conjunction of 
	(sum(this/SearchAndRescueFM.total_DeploymentTime) <= 32)
	(sum(this/SearchAndRescueFM.total_DevelopmentTime) <= 84)
	(sum(this/SearchAndRescueFM.total_RampUpTime) <= 49)
	(sum(this/SearchAndRescueFM.total_cost) <= 600)
	((sum(this/SearchAndRescueFM.total_DeploymentTime) < 32) || (sum(this/SearchAndRescueFM.total_DevelopmentTime) < 84) || (sum(this/SearchAndRescueFM.total_RampUpTime) < 49) || (sum(this/SearchAndRescueFM.total_cost) < 600))
Feb 01, 2014 5:45:18 AM kodkod.multiobjective.algorithms.IncrementalGuidedImprovementAlgorithm multiObjectiveSolveImpl
FINE: Found a solution. At time: 125, Improving on [31, 84, 48, 590]
Feb 01, 2014 5:45:18 AM kodkod.multiobjective.MetricPoint parametrizedImprovementConstraints
FINE: Possible Improvements are conjunction of 
	(sum(this/SearchAndRescueFM.total_DeploymentTime) <= 31)
	(sum(this/SearchAndRescueFM.total_DevelopmentTime) <= 84)
	(sum(this/SearchAndRescueFM.total_RampUpTime) <= 48)
	(sum(this/SearchAndRescueFM.total_cost) <= 590)
	((sum(this/SearchAndRescueFM.total_DeploymentTime) < 31) || (sum(this/SearchAndRescueFM.total_DevelopmentTime) < 84) || (sum(this/SearchAndRescueFM.total_RampUpTime) < 48) || (sum(this/SearchAndRescueFM.total_cost) < 590))
Feb 01, 2014 5:45:20 AM kodkod.multiobjective.algorithms.MultiObjectiveAlgorithm foundParetoPoint
FINE: Found Pareto point with values: [31, 84, 48, 590]
Feb 01, 2014 5:45:50 AM kodkod.multiobjective.algorithms.IncrementalGuidedImprovementAlgorithm multiObjectiveSolveImpl
FINE: Found a solution. At time: 156, Improving on [33, 73, 46, 1005]
Feb 01, 2014 5:45:50 AM kodkod.multiobjective.MetricPoint parametrizedImprovementConstraints
FINE: Possible Improvements are conjunction of 
	(sum(this/SearchAndRescueFM.total_DeploymentTime) <= 33)
	(sum(this/SearchAndRescueFM.total_DevelopmentTime) <= 73)
	(sum(this/SearchAndRescueFM.total_RampUpTime) <= 46)
	(sum(this/SearchAndRescueFM.total_cost) <= 1005)
	((sum(this/SearchAndRescueFM.total_DeploymentTime) < 33) || (sum(this/SearchAndRescueFM.total_DevelopmentTime) < 73) || (sum(this/SearchAndRescueFM.total_RampUpTime) < 46) || (sum(this/SearchAndRescueFM.total_cost) < 1005))
Feb 01, 2014 5:45:50 AM kodkod.multiobjective.algorithms.IncrementalGuidedImprovementAlgorithm multiObjectiveSolveImpl
FINE: Found a solution. At time: 157, Improving on [33, 73, 46, 1000]
Feb 01, 2014 5:45:50 AM kodkod.multiobjective.MetricPoint parametrizedImprovementConstraints
FINE: Possible Improvements are conjunction of 
	(sum(this/SearchAndRescueFM.total_DeploymentTime) <= 33)
	(sum(this/SearchAndRescueFM.total_DevelopmentTime) <= 73)
	(sum(this/SearchAndRescueFM.total_RampUpTime) <= 46)
	(sum(this/SearchAndRescueFM.total_cost) <= 1000)
	((sum(this/SearchAndRescueFM.total_DeploymentTime) < 33) || (sum(this/SearchAndRescueFM.total_DevelopmentTime) < 73) || (sum(this/SearchAndRescueFM.total_RampUpTime) < 46) || (sum(this/SearchAndRescueFM.total_cost) < 1000))
Feb 01, 2014 5:45:51 AM kodkod.multiobjective.algorithms.MultiObjectiveAlgorithm foundParetoPoint
FINE: Found Pareto point with values: [33, 73, 46, 1000]
Feb 01, 2014 5:46:22 AM kodkod.multiobjective.algorithms.IncrementalGuidedImprovementAlgorithm multiObjectiveSolveImpl
FINE: Found a solution. At time: 188, Improving on [33, 83, 48, 595]
Feb 01, 2014 5:46:22 AM kodkod.multiobjective.MetricPoint parametrizedImprovementConstraints
FINE: Possible Improvements are conjunction of 
	(sum(this/SearchAndRescueFM.total_DeploymentTime) <= 33)
	(sum(this/SearchAndRescueFM.total_DevelopmentTime) <= 83)
	(sum(this/SearchAndRescueFM.total_RampUpTime) <= 48)
	(sum(this/SearchAndRescueFM.total_cost) <= 595)
	((sum(this/SearchAndRescueFM.total_DeploymentTime) < 33) || (sum(this/SearchAndRescueFM.total_DevelopmentTime) < 83) || (sum(this/SearchAndRescueFM.total_RampUpTime) < 48) || (sum(this/SearchAndRescueFM.total_cost) < 595))
Feb 01, 2014 5:46:22 AM kodkod.multiobjective.algorithms.IncrementalGuidedImprovementAlgorithm multiObjectiveSolveImpl
FINE: Found a solution. At time: 189, Improving on [33, 83, 48, 590]
Feb 01, 2014 5:46:22 AM kodkod.multiobjective.MetricPoint parametrizedImprovementConstraints
FINE: Possible Improvements are conjunction of 
	(sum(this/SearchAndRescueFM.total_DeploymentTime) <= 33)
	(sum(this/SearchAndRescueFM.total_DevelopmentTime) <= 83)
	(sum(this/SearchAndRescueFM.total_RampUpTime) <= 48)
	(sum(this/SearchAndRescueFM.total_cost) <= 590)
	((sum(this/SearchAndRescueFM.total_DeploymentTime) < 33) || (sum(this/SearchAndRescueFM.total_DevelopmentTime) < 83) || (sum(this/SearchAndRescueFM.total_RampUpTime) < 48) || (sum(this/SearchAndRescueFM.total_cost) < 590))
Feb 01, 2014 5:46:23 AM kodkod.multiobjective.algorithms.MultiObjectiveAlgorithm foundParetoPoint
FINE: Found Pareto point with values: [33, 83, 48, 590]
Feb 01, 2014 5:46:50 AM kodkod.multiobjective.algorithms.IncrementalGuidedImprovementAlgorithm multiObjectiveSolveImpl
FINE: Found a solution. At time: 217, Improving on [31, 80, 44, 1000]
Feb 01, 2014 5:46:50 AM kodkod.multiobjective.MetricPoint parametrizedImprovementConstraints
FINE: Possible Improvements are conjunction of 
	(sum(this/SearchAndRescueFM.total_DeploymentTime) <= 31)
	(sum(this/SearchAndRescueFM.total_DevelopmentTime) <= 80)
	(sum(this/SearchAndRescueFM.total_RampUpTime) <= 44)
	(sum(this/SearchAndRescueFM.total_cost) <= 1000)
	((sum(this/SearchAndRescueFM.total_DeploymentTime) < 31) || (sum(this/SearchAndRescueFM.total_DevelopmentTime) < 80) || (sum(this/SearchAndRescueFM.total_RampUpTime) < 44) || (sum(this/SearchAndRescueFM.total_cost) < 1000))
Feb 01, 2014 5:46:50 AM kodkod.multiobjective.algorithms.IncrementalGuidedImprovementAlgorithm multiObjectiveSolveImpl
FINE: Found a solution. At time: 217, Improving on [31, 77, 43, 1000]
Feb 01, 2014 5:46:50 AM kodkod.multiobjective.MetricPoint parametrizedImprovementConstraints
FINE: Possible Improvements are conjunction of 
	(sum(this/SearchAndRescueFM.total_DeploymentTime) <= 31)
	(sum(this/SearchAndRescueFM.total_DevelopmentTime) <= 77)
	(sum(this/SearchAndRescueFM.total_RampUpTime) <= 43)
	(sum(this/SearchAndRescueFM.total_cost) <= 1000)
	((sum(this/SearchAndRescueFM.total_DeploymentTime) < 31) || (sum(this/SearchAndRescueFM.total_DevelopmentTime) < 77) || (sum(this/SearchAndRescueFM.total_RampUpTime) < 43) || (sum(this/SearchAndRescueFM.total_cost) < 1000))
Feb 01, 2014 5:46:51 AM kodkod.multiobjective.algorithms.MultiObjectiveAlgorithm foundParetoPoint
FINE: Found Pareto point with values: [31, 77, 43, 1000]
Feb 01, 2014 5:47:20 AM kodkod.multiobjective.algorithms.IncrementalGuidedImprovementAlgorithm multiObjectiveSolveImpl
FINE: Found a solution. At time: 247, Improving on [30, 85, 51, 925]
Feb 01, 2014 5:47:20 AM kodkod.multiobjective.MetricPoint parametrizedImprovementConstraints
FINE: Possible Improvements are conjunction of 
	(sum(this/SearchAndRescueFM.total_DeploymentTime) <= 30)
	(sum(this/SearchAndRescueFM.total_DevelopmentTime) <= 85)
	(sum(this/SearchAndRescueFM.total_RampUpTime) <= 51)
	(sum(this/SearchAndRescueFM.total_cost) <= 925)
	((sum(this/SearchAndRescueFM.total_DeploymentTime) < 30) || (sum(this/SearchAndRescueFM.total_DevelopmentTime) < 85) || (sum(this/SearchAndRescueFM.total_RampUpTime) < 51) || (sum(this/SearchAndRescueFM.total_cost) < 925))
Feb 01, 2014 5:47:21 AM kodkod.multiobjective.algorithms.IncrementalGuidedImprovementAlgorithm multiObjectiveSolveImpl
FINE: Found a solution. At time: 247, Improving on [30, 85, 51, 920]
Feb 01, 2014 5:47:21 AM kodkod.multiobjective.MetricPoint parametrizedImprovementConstraints
FINE: Possible Improvements are conjunction of 
	(sum(this/SearchAndRescueFM.total_DeploymentTime) <= 30)
	(sum(this/SearchAndRescueFM.total_DevelopmentTime) <= 85)
	(sum(this/SearchAndRescueFM.total_RampUpTime) <= 51)
	(sum(this/SearchAndRescueFM.total_cost) <= 920)
	((sum(this/SearchAndRescueFM.total_DeploymentTime) < 30) || (sum(this/SearchAndRescueFM.total_DevelopmentTime) < 85) || (sum(this/SearchAndRescueFM.total_RampUpTime) < 51) || (sum(this/SearchAndRescueFM.total_cost) < 920))
Feb 01, 2014 5:47:21 AM kodkod.multiobjective.algorithms.IncrementalGuidedImprovementAlgorithm multiObjectiveSolveImpl
FINE: Found a solution. At time: 248, Improving on [29, 84, 49, 920]
Feb 01, 2014 5:47:21 AM kodkod.multiobjective.MetricPoint parametrizedImprovementConstraints
FINE: Possible Improvements are conjunction of 
	(sum(this/SearchAndRescueFM.total_DeploymentTime) <= 29)
	(sum(this/SearchAndRescueFM.total_DevelopmentTime) <= 84)
	(sum(this/SearchAndRescueFM.total_RampUpTime) <= 49)
	(sum(this/SearchAndRescueFM.total_cost) <= 920)
	((sum(this/SearchAndRescueFM.total_DeploymentTime) < 29) || (sum(this/SearchAndRescueFM.total_DevelopmentTime) < 84) || (sum(this/SearchAndRescueFM.total_RampUpTime) < 49) || (sum(this/SearchAndRescueFM.total_cost) < 920))
Feb 01, 2014 5:47:21 AM kodkod.multiobjective.algorithms.IncrementalGuidedImprovementAlgorithm multiObjectiveSolveImpl
FINE: Found a solution. At time: 248, Improving on [29, 84, 48, 920]
Feb 01, 2014 5:47:21 AM kodkod.multiobjective.MetricPoint parametrizedImprovementConstraints
FINE: Possible Improvements are conjunction of 
	(sum(this/SearchAndRescueFM.total_DeploymentTime) <= 29)
	(sum(this/SearchAndRescueFM.total_DevelopmentTime) <= 84)
	(sum(this/SearchAndRescueFM.total_RampUpTime) <= 48)
	(sum(this/SearchAndRescueFM.total_cost) <= 920)
	((sum(this/SearchAndRescueFM.total_DeploymentTime) < 29) || (sum(this/SearchAndRescueFM.total_DevelopmentTime) < 84) || (sum(this/SearchAndRescueFM.total_RampUpTime) < 48) || (sum(this/SearchAndRescueFM.total_cost) < 920))
Feb 01, 2014 5:47:22 AM kodkod.multiobjective.algorithms.MultiObjectiveAlgorithm foundParetoPoint
FINE: Found Pareto point with values: [29, 84, 48, 920]
Feb 01, 2014 5:47:49 AM kodkod.multiobjective.algorithms.IncrementalGuidedImprovementAlgorithm multiObjectiveSolveImpl
FINE: Found a solution. At time: 276, Improving on [31, 83, 48, 920]
Feb 01, 2014 5:47:49 AM kodkod.multiobjective.MetricPoint parametrizedImprovementConstraints
FINE: Possible Improvements are conjunction of 
	(sum(this/SearchAndRescueFM.total_DeploymentTime) <= 31)
	(sum(this/SearchAndRescueFM.total_DevelopmentTime) <= 83)
	(sum(this/SearchAndRescueFM.total_RampUpTime) <= 48)
	(sum(this/SearchAndRescueFM.total_cost) <= 920)
	((sum(this/SearchAndRescueFM.total_DeploymentTime) < 31) || (sum(this/SearchAndRescueFM.total_DevelopmentTime) < 83) || (sum(this/SearchAndRescueFM.total_RampUpTime) < 48) || (sum(this/SearchAndRescueFM.total_cost) < 920))
Feb 01, 2014 5:47:51 AM kodkod.multiobjective.algorithms.MultiObjectiveAlgorithm foundParetoPoint
FINE: Found Pareto point with values: [31, 83, 48, 920]
Feb 01, 2014 5:48:20 AM kodkod.multiobjective.algorithms.IncrementalGuidedImprovementAlgorithm multiObjectiveSolveImpl
FINE: Found a solution. At time: 307, Improving on [30, 81, 48, 1000]
Feb 01, 2014 5:48:20 AM kodkod.multiobjective.MetricPoint parametrizedImprovementConstraints
FINE: Possible Improvements are conjunction of 
	(sum(this/SearchAndRescueFM.total_DeploymentTime) <= 30)
	(sum(this/SearchAndRescueFM.total_DevelopmentTime) <= 81)
	(sum(this/SearchAndRescueFM.total_RampUpTime) <= 48)
	(sum(this/SearchAndRescueFM.total_cost) <= 1000)
	((sum(this/SearchAndRescueFM.total_DeploymentTime) < 30) || (sum(this/SearchAndRescueFM.total_DevelopmentTime) < 81) || (sum(this/SearchAndRescueFM.total_RampUpTime) < 48) || (sum(this/SearchAndRescueFM.total_cost) < 1000))
Feb 01, 2014 5:48:21 AM kodkod.multiobjective.algorithms.IncrementalGuidedImprovementAlgorithm multiObjectiveSolveImpl
FINE: Found a solution. At time: 308, Improving on [30, 79, 46, 1000]
Feb 01, 2014 5:48:21 AM kodkod.multiobjective.MetricPoint parametrizedImprovementConstraints
FINE: Possible Improvements are conjunction of 
	(sum(this/SearchAndRescueFM.total_DeploymentTime) <= 30)
	(sum(this/SearchAndRescueFM.total_DevelopmentTime) <= 79)
	(sum(this/SearchAndRescueFM.total_RampUpTime) <= 46)
	(sum(this/SearchAndRescueFM.total_cost) <= 1000)
	((sum(this/SearchAndRescueFM.total_DeploymentTime) < 30) || (sum(this/SearchAndRescueFM.total_DevelopmentTime) < 79) || (sum(this/SearchAndRescueFM.total_RampUpTime) < 46) || (sum(this/SearchAndRescueFM.total_cost) < 1000))
Feb 01, 2014 5:48:21 AM kodkod.multiobjective.algorithms.IncrementalGuidedImprovementAlgorithm multiObjectiveSolveImpl
FINE: Found a solution. At time: 308, Improving on [30, 76, 45, 1000]
Feb 01, 2014 5:48:21 AM kodkod.multiobjective.MetricPoint parametrizedImprovementConstraints
FINE: Possible Improvements are conjunction of 
	(sum(this/SearchAndRescueFM.total_DeploymentTime) <= 30)
	(sum(this/SearchAndRescueFM.total_DevelopmentTime) <= 76)
	(sum(this/SearchAndRescueFM.total_RampUpTime) <= 45)
	(sum(this/SearchAndRescueFM.total_cost) <= 1000)
	((sum(this/SearchAndRescueFM.total_DeploymentTime) < 30) || (sum(this/SearchAndRescueFM.total_DevelopmentTime) < 76) || (sum(this/SearchAndRescueFM.total_RampUpTime) < 45) || (sum(this/SearchAndRescueFM.total_cost) < 1000))
Feb 01, 2014 5:48:22 AM kodkod.multiobjective.algorithms.MultiObjectiveAlgorithm foundParetoPoint
FINE: Found Pareto point with values: [30, 76, 45, 1000]
Feb 01, 2014 5:48:49 AM kodkod.multiobjective.algorithms.IncrementalGuidedImprovementAlgorithm multiObjectiveSolveImpl
FINE: Found a solution. At time: 336, Improving on [31, 87, 45, 595]
Feb 01, 2014 5:48:49 AM kodkod.multiobjective.MetricPoint parametrizedImprovementConstraints
FINE: Possible Improvements are conjunction of 
	(sum(this/SearchAndRescueFM.total_DeploymentTime) <= 31)
	(sum(this/SearchAndRescueFM.total_DevelopmentTime) <= 87)
	(sum(this/SearchAndRescueFM.total_RampUpTime) <= 45)
	(sum(this/SearchAndRescueFM.total_cost) <= 595)
	((sum(this/SearchAndRescueFM.total_DeploymentTime) < 31) || (sum(this/SearchAndRescueFM.total_DevelopmentTime) < 87) || (sum(this/SearchAndRescueFM.total_RampUpTime) < 45) || (sum(this/SearchAndRescueFM.total_cost) < 595))
Feb 01, 2014 5:48:49 AM kodkod.multiobjective.algorithms.IncrementalGuidedImprovementAlgorithm multiObjectiveSolveImpl
FINE: Found a solution. At time: 336, Improving on [31, 87, 45, 590]
Feb 01, 2014 5:48:49 AM kodkod.multiobjective.MetricPoint parametrizedImprovementConstraints
FINE: Possible Improvements are conjunction of 
	(sum(this/SearchAndRescueFM.total_DeploymentTime) <= 31)
	(sum(this/SearchAndRescueFM.total_DevelopmentTime) <= 87)
	(sum(this/SearchAndRescueFM.total_RampUpTime) <= 45)
	(sum(this/SearchAndRescueFM.total_cost) <= 590)
	((sum(this/SearchAndRescueFM.total_DeploymentTime) < 31) || (sum(this/SearchAndRescueFM.total_DevelopmentTime) < 87) || (sum(this/SearchAndRescueFM.total_RampUpTime) < 45) || (sum(this/SearchAndRescueFM.total_cost) < 590))
Feb 01, 2014 5:48:50 AM kodkod.multiobjective.algorithms.MultiObjectiveAlgorithm foundParetoPoint
FINE: Found Pareto point with values: [31, 87, 45, 590]
Feb 01, 2014 5:49:20 AM kodkod.multiobjective.algorithms.IncrementalGuidedImprovementAlgorithm multiObjectiveSolveImpl
FINE: Found a solution. At time: 367, Improving on [30, 85, 47, 920]
Feb 01, 2014 5:49:20 AM kodkod.multiobjective.MetricPoint parametrizedImprovementConstraints
FINE: Possible Improvements are conjunction of 
	(sum(this/SearchAndRescueFM.total_DeploymentTime) <= 30)
	(sum(this/SearchAndRescueFM.total_DevelopmentTime) <= 85)
	(sum(this/SearchAndRescueFM.total_RampUpTime) <= 47)
	(sum(this/SearchAndRescueFM.total_cost) <= 920)
	((sum(this/SearchAndRescueFM.total_DeploymentTime) < 30) || (sum(this/SearchAndRescueFM.total_DevelopmentTime) < 85) || (sum(this/SearchAndRescueFM.total_RampUpTime) < 47) || (sum(this/SearchAndRescueFM.total_cost) < 920))
Feb 01, 2014 5:49:21 AM kodkod.multiobjective.algorithms.IncrementalGuidedImprovementAlgorithm multiObjectiveSolveImpl
FINE: Found a solution. At time: 368, Improving on [30, 85, 46, 920]
Feb 01, 2014 5:49:21 AM kodkod.multiobjective.MetricPoint parametrizedImprovementConstraints
FINE: Possible Improvements are conjunction of 
	(sum(this/SearchAndRescueFM.total_DeploymentTime) <= 30)
	(sum(this/SearchAndRescueFM.total_DevelopmentTime) <= 85)
	(sum(this/SearchAndRescueFM.total_RampUpTime) <= 46)
	(sum(this/SearchAndRescueFM.total_cost) <= 920)
	((sum(this/SearchAndRescueFM.total_DeploymentTime) < 30) || (sum(this/SearchAndRescueFM.total_DevelopmentTime) < 85) || (sum(this/SearchAndRescueFM.total_RampUpTime) < 46) || (sum(this/SearchAndRescueFM.total_cost) < 920))
Feb 01, 2014 5:49:22 AM kodkod.multiobjective.algorithms.MultiObjectiveAlgorithm foundParetoPoint
FINE: Found Pareto point with values: [30, 85, 46, 920]
Feb 01, 2014 5:49:50 AM kodkod.multiobjective.algorithms.IncrementalGuidedImprovementAlgorithm multiObjectiveSolveImpl
FINE: Found a solution. At time: 397, Improving on [30, 91, 50, 595]
Feb 01, 2014 5:49:50 AM kodkod.multiobjective.MetricPoint parametrizedImprovementConstraints
FINE: Possible Improvements are conjunction of 
	(sum(this/SearchAndRescueFM.total_DeploymentTime) <= 30)
	(sum(this/SearchAndRescueFM.total_DevelopmentTime) <= 91)
	(sum(this/SearchAndRescueFM.total_RampUpTime) <= 50)
	(sum(this/SearchAndRescueFM.total_cost) <= 595)
	((sum(this/SearchAndRescueFM.total_DeploymentTime) < 30) || (sum(this/SearchAndRescueFM.total_DevelopmentTime) < 91) || (sum(this/SearchAndRescueFM.total_RampUpTime) < 50) || (sum(this/SearchAndRescueFM.total_cost) < 595))
Feb 01, 2014 5:49:51 AM kodkod.multiobjective.algorithms.IncrementalGuidedImprovementAlgorithm multiObjectiveSolveImpl
FINE: Found a solution. At time: 397, Improving on [30, 91, 50, 590]
Feb 01, 2014 5:49:51 AM kodkod.multiobjective.MetricPoint parametrizedImprovementConstraints
FINE: Possible Improvements are conjunction of 
	(sum(this/SearchAndRescueFM.total_DeploymentTime) <= 30)
	(sum(this/SearchAndRescueFM.total_DevelopmentTime) <= 91)
	(sum(this/SearchAndRescueFM.total_RampUpTime) <= 50)
	(sum(this/SearchAndRescueFM.total_cost) <= 590)
	((sum(this/SearchAndRescueFM.total_DeploymentTime) < 30) || (sum(this/SearchAndRescueFM.total_DevelopmentTime) < 91) || (sum(this/SearchAndRescueFM.total_RampUpTime) < 50) || (sum(this/SearchAndRescueFM.total_cost) < 590))
Feb 01, 2014 5:49:51 AM kodkod.multiobjective.algorithms.IncrementalGuidedImprovementAlgorithm multiObjectiveSolveImpl
FINE: Found a solution. At time: 398, Improving on [30, 89, 48, 590]
Feb 01, 2014 5:49:51 AM kodkod.multiobjective.MetricPoint parametrizedImprovementConstraints
FINE: Possible Improvements are conjunction of 
	(sum(this/SearchAndRescueFM.total_DeploymentTime) <= 30)
	(sum(this/SearchAndRescueFM.total_DevelopmentTime) <= 89)
	(sum(this/SearchAndRescueFM.total_RampUpTime) <= 48)
	(sum(this/SearchAndRescueFM.total_cost) <= 590)
	((sum(this/SearchAndRescueFM.total_DeploymentTime) < 30) || (sum(this/SearchAndRescueFM.total_DevelopmentTime) < 89) || (sum(this/SearchAndRescueFM.total_RampUpTime) < 48) || (sum(this/SearchAndRescueFM.total_cost) < 590))
Feb 01, 2014 5:49:51 AM kodkod.multiobjective.algorithms.IncrementalGuidedImprovementAlgorithm multiObjectiveSolveImpl
FINE: Found a solution. At time: 398, Improving on [30, 86, 47, 590]
Feb 01, 2014 5:49:51 AM kodkod.multiobjective.MetricPoint parametrizedImprovementConstraints
FINE: Possible Improvements are conjunction of 
	(sum(this/SearchAndRescueFM.total_DeploymentTime) <= 30)
	(sum(this/SearchAndRescueFM.total_DevelopmentTime) <= 86)
	(sum(this/SearchAndRescueFM.total_RampUpTime) <= 47)
	(sum(this/SearchAndRescueFM.total_cost) <= 590)
	((sum(this/SearchAndRescueFM.total_DeploymentTime) < 30) || (sum(this/SearchAndRescueFM.total_DevelopmentTime) < 86) || (sum(this/SearchAndRescueFM.total_RampUpTime) < 47) || (sum(this/SearchAndRescueFM.total_cost) < 590))
Feb 01, 2014 5:49:52 AM kodkod.multiobjective.algorithms.MultiObjectiveAlgorithm foundParetoPoint
FINE: Found Pareto point with values: [30, 86, 47, 590]
Feb 01, 2014 5:50:23 AM kodkod.multiobjective.algorithms.IncrementalGuidedImprovementAlgorithm multiObjectiveSolveImpl
FINE: Found a solution. At time: 430, Improving on [36, 74, 49, 680]
Feb 01, 2014 5:50:23 AM kodkod.multiobjective.MetricPoint parametrizedImprovementConstraints
FINE: Possible Improvements are conjunction of 
	(sum(this/SearchAndRescueFM.total_DeploymentTime) <= 36)
	(sum(this/SearchAndRescueFM.total_DevelopmentTime) <= 74)
	(sum(this/SearchAndRescueFM.total_RampUpTime) <= 49)
	(sum(this/SearchAndRescueFM.total_cost) <= 680)
	((sum(this/SearchAndRescueFM.total_DeploymentTime) < 36) || (sum(this/SearchAndRescueFM.total_DevelopmentTime) < 74) || (sum(this/SearchAndRescueFM.total_RampUpTime) < 49) || (sum(this/SearchAndRescueFM.total_cost) < 680))
Feb 01, 2014 5:50:23 AM kodkod.multiobjective.algorithms.IncrementalGuidedImprovementAlgorithm multiObjectiveSolveImpl
FINE: Found a solution. At time: 430, Improving on [34, 74, 47, 680]
Feb 01, 2014 5:50:23 AM kodkod.multiobjective.MetricPoint parametrizedImprovementConstraints
FINE: Possible Improvements are conjunction of 
	(sum(this/SearchAndRescueFM.total_DeploymentTime) <= 34)
	(sum(this/SearchAndRescueFM.total_DevelopmentTime) <= 74)
	(sum(this/SearchAndRescueFM.total_RampUpTime) <= 47)
	(sum(this/SearchAndRescueFM.total_cost) <= 680)
	((sum(this/SearchAndRescueFM.total_DeploymentTime) < 34) || (sum(this/SearchAndRescueFM.total_DevelopmentTime) < 74) || (sum(this/SearchAndRescueFM.total_RampUpTime) < 47) || (sum(this/SearchAndRescueFM.total_cost) < 680))
Feb 01, 2014 5:50:24 AM kodkod.multiobjective.algorithms.IncrementalGuidedImprovementAlgorithm multiObjectiveSolveImpl
FINE: Found a solution. At time: 430, Improving on [33, 74, 47, 670]
Feb 01, 2014 5:50:24 AM kodkod.multiobjective.MetricPoint parametrizedImprovementConstraints
FINE: Possible Improvements are conjunction of 
	(sum(this/SearchAndRescueFM.total_DeploymentTime) <= 33)
	(sum(this/SearchAndRescueFM.total_DevelopmentTime) <= 74)
	(sum(this/SearchAndRescueFM.total_RampUpTime) <= 47)
	(sum(this/SearchAndRescueFM.total_cost) <= 670)
	((sum(this/SearchAndRescueFM.total_DeploymentTime) < 33) || (sum(this/SearchAndRescueFM.total_DevelopmentTime) < 74) || (sum(this/SearchAndRescueFM.total_RampUpTime) < 47) || (sum(this/SearchAndRescueFM.total_cost) < 670))
Feb 01, 2014 5:50:24 AM kodkod.multiobjective.algorithms.IncrementalGuidedImprovementAlgorithm multiObjectiveSolveImpl
FINE: Found a solution. At time: 430, Improving on [33, 74, 46, 670]
Feb 01, 2014 5:50:24 AM kodkod.multiobjective.MetricPoint parametrizedImprovementConstraints
FINE: Possible Improvements are conjunction of 
	(sum(this/SearchAndRescueFM.total_DeploymentTime) <= 33)
	(sum(this/SearchAndRescueFM.total_DevelopmentTime) <= 74)
	(sum(this/SearchAndRescueFM.total_RampUpTime) <= 46)
	(sum(this/SearchAndRescueFM.total_cost) <= 670)
	((sum(this/SearchAndRescueFM.total_DeploymentTime) < 33) || (sum(this/SearchAndRescueFM.total_DevelopmentTime) < 74) || (sum(this/SearchAndRescueFM.total_RampUpTime) < 46) || (sum(this/SearchAndRescueFM.total_cost) < 670))
Feb 01, 2014 5:50:25 AM kodkod.multiobjective.algorithms.MultiObjectiveAlgorithm foundParetoPoint
FINE: Found Pareto point with values: [33, 74, 46, 670]
Feb 01, 2014 5:50:52 AM kodkod.multiobjective.algorithms.IncrementalGuidedImprovementAlgorithm multiObjectiveSolveImpl
FINE: Found a solution. At time: 459, Improving on [28, 91, 50, 925]
Feb 01, 2014 5:50:52 AM kodkod.multiobjective.MetricPoint parametrizedImprovementConstraints
FINE: Possible Improvements are conjunction of 
	(sum(this/SearchAndRescueFM.total_DeploymentTime) <= 28)
	(sum(this/SearchAndRescueFM.total_DevelopmentTime) <= 91)
	(sum(this/SearchAndRescueFM.total_RampUpTime) <= 50)
	(sum(this/SearchAndRescueFM.total_cost) <= 925)
	((sum(this/SearchAndRescueFM.total_DeploymentTime) < 28) || (sum(this/SearchAndRescueFM.total_DevelopmentTime) < 91) || (sum(this/SearchAndRescueFM.total_RampUpTime) < 50) || (sum(this/SearchAndRescueFM.total_cost) < 925))
Feb 01, 2014 5:50:52 AM kodkod.multiobjective.algorithms.IncrementalGuidedImprovementAlgorithm multiObjectiveSolveImpl
FINE: Found a solution. At time: 459, Improving on [28, 89, 48, 925]
Feb 01, 2014 5:50:52 AM kodkod.multiobjective.MetricPoint parametrizedImprovementConstraints
FINE: Possible Improvements are conjunction of 
	(sum(this/SearchAndRescueFM.total_DeploymentTime) <= 28)
	(sum(this/SearchAndRescueFM.total_DevelopmentTime) <= 89)
	(sum(this/SearchAndRescueFM.total_RampUpTime) <= 48)
	(sum(this/SearchAndRescueFM.total_cost) <= 925)
	((sum(this/SearchAndRescueFM.total_DeploymentTime) < 28) || (sum(this/SearchAndRescueFM.total_DevelopmentTime) < 89) || (sum(this/SearchAndRescueFM.total_RampUpTime) < 48) || (sum(this/SearchAndRescueFM.total_cost) < 925))
Feb 01, 2014 5:50:52 AM kodkod.multiobjective.algorithms.IncrementalGuidedImprovementAlgorithm multiObjectiveSolveImpl
FINE: Found a solution. At time: 459, Improving on [28, 86, 47, 925]
Feb 01, 2014 5:50:52 AM kodkod.multiobjective.MetricPoint parametrizedImprovementConstraints
FINE: Possible Improvements are conjunction of 
	(sum(this/SearchAndRescueFM.total_DeploymentTime) <= 28)
	(sum(this/SearchAndRescueFM.total_DevelopmentTime) <= 86)
	(sum(this/SearchAndRescueFM.total_RampUpTime) <= 47)
	(sum(this/SearchAndRescueFM.total_cost) <= 925)
	((sum(this/SearchAndRescueFM.total_DeploymentTime) < 28) || (sum(this/SearchAndRescueFM.total_DevelopmentTime) < 86) || (sum(this/SearchAndRescueFM.total_RampUpTime) < 47) || (sum(this/SearchAndRescueFM.total_cost) < 925))
Feb 01, 2014 5:50:52 AM kodkod.multiobjective.algorithms.IncrementalGuidedImprovementAlgorithm multiObjectiveSolveImpl
FINE: Found a solution. At time: 459, Improving on [28, 86, 47, 920]
Feb 01, 2014 5:50:52 AM kodkod.multiobjective.MetricPoint parametrizedImprovementConstraints
FINE: Possible Improvements are conjunction of 
	(sum(this/SearchAndRescueFM.total_DeploymentTime) <= 28)
	(sum(this/SearchAndRescueFM.total_DevelopmentTime) <= 86)
	(sum(this/SearchAndRescueFM.total_RampUpTime) <= 47)
	(sum(this/SearchAndRescueFM.total_cost) <= 920)
	((sum(this/SearchAndRescueFM.total_DeploymentTime) < 28) || (sum(this/SearchAndRescueFM.total_DevelopmentTime) < 86) || (sum(this/SearchAndRescueFM.total_RampUpTime) < 47) || (sum(this/SearchAndRescueFM.total_cost) < 920))
Feb 01, 2014 5:50:53 AM kodkod.multiobjective.algorithms.MultiObjectiveAlgorithm foundParetoPoint
FINE: Found Pareto point with values: [28, 86, 47, 920]
Feb 01, 2014 5:51:20 AM kodkod.multiobjective.algorithms.IncrementalGuidedImprovementAlgorithm multiObjectiveSolveImpl
FINE: Found a solution. At time: 487, Improving on [31, 74, 46, 1005]
Feb 01, 2014 5:51:20 AM kodkod.multiobjective.MetricPoint parametrizedImprovementConstraints
FINE: Possible Improvements are conjunction of 
	(sum(this/SearchAndRescueFM.total_DeploymentTime) <= 31)
	(sum(this/SearchAndRescueFM.total_DevelopmentTime) <= 74)
	(sum(this/SearchAndRescueFM.total_RampUpTime) <= 46)
	(sum(this/SearchAndRescueFM.total_cost) <= 1005)
	((sum(this/SearchAndRescueFM.total_DeploymentTime) < 31) || (sum(this/SearchAndRescueFM.total_DevelopmentTime) < 74) || (sum(this/SearchAndRescueFM.total_RampUpTime) < 46) || (sum(this/SearchAndRescueFM.total_cost) < 1005))
Feb 01, 2014 5:51:20 AM kodkod.multiobjective.algorithms.IncrementalGuidedImprovementAlgorithm multiObjectiveSolveImpl
FINE: Found a solution. At time: 487, Improving on [31, 74, 46, 1000]
Feb 01, 2014 5:51:20 AM kodkod.multiobjective.MetricPoint parametrizedImprovementConstraints
FINE: Possible Improvements are conjunction of 
	(sum(this/SearchAndRescueFM.total_DeploymentTime) <= 31)
	(sum(this/SearchAndRescueFM.total_DevelopmentTime) <= 74)
	(sum(this/SearchAndRescueFM.total_RampUpTime) <= 46)
	(sum(this/SearchAndRescueFM.total_cost) <= 1000)
	((sum(this/SearchAndRescueFM.total_DeploymentTime) < 31) || (sum(this/SearchAndRescueFM.total_DevelopmentTime) < 74) || (sum(this/SearchAndRescueFM.total_RampUpTime) < 46) || (sum(this/SearchAndRescueFM.total_cost) < 1000))
Feb 01, 2014 5:51:22 AM kodkod.multiobjective.algorithms.MultiObjectiveAlgorithm foundParetoPoint
FINE: Found Pareto point with values: [31, 74, 46, 1000]
Feb 01, 2014 5:51:51 AM kodkod.multiobjective.algorithms.IncrementalGuidedImprovementAlgorithm multiObjectiveSolveImpl
FINE: Found a solution. At time: 518, Improving on [36, 73, 47, 680]
Feb 01, 2014 5:51:51 AM kodkod.multiobjective.MetricPoint parametrizedImprovementConstraints
FINE: Possible Improvements are conjunction of 
	(sum(this/SearchAndRescueFM.total_DeploymentTime) <= 36)
	(sum(this/SearchAndRescueFM.total_DevelopmentTime) <= 73)
	(sum(this/SearchAndRescueFM.total_RampUpTime) <= 47)
	(sum(this/SearchAndRescueFM.total_cost) <= 680)
	((sum(this/SearchAndRescueFM.total_DeploymentTime) < 36) || (sum(this/SearchAndRescueFM.total_DevelopmentTime) < 73) || (sum(this/SearchAndRescueFM.total_RampUpTime) < 47) || (sum(this/SearchAndRescueFM.total_cost) < 680))
Feb 01, 2014 5:51:52 AM kodkod.multiobjective.algorithms.IncrementalGuidedImprovementAlgorithm multiObjectiveSolveImpl
FINE: Found a solution. At time: 518, Improving on [35, 73, 46, 670]
Feb 01, 2014 5:51:52 AM kodkod.multiobjective.MetricPoint parametrizedImprovementConstraints
FINE: Possible Improvements are conjunction of 
	(sum(this/SearchAndRescueFM.total_DeploymentTime) <= 35)
	(sum(this/SearchAndRescueFM.total_DevelopmentTime) <= 73)
	(sum(this/SearchAndRescueFM.total_RampUpTime) <= 46)
	(sum(this/SearchAndRescueFM.total_cost) <= 670)
	((sum(this/SearchAndRescueFM.total_DeploymentTime) < 35) || (sum(this/SearchAndRescueFM.total_DevelopmentTime) < 73) || (sum(this/SearchAndRescueFM.total_RampUpTime) < 46) || (sum(this/SearchAndRescueFM.total_cost) < 670))
Feb 01, 2014 5:51:53 AM kodkod.multiobjective.algorithms.MultiObjectiveAlgorithm foundParetoPoint
FINE: Found Pareto point with values: [35, 73, 46, 670]
Feb 01, 2014 5:52:21 AM kodkod.multiobjective.algorithms.IncrementalGuidedImprovementAlgorithm multiObjectiveSolveImpl
FINE: Found a solution. At time: 548, Improving on [32, 72, 48, 1005]
Feb 01, 2014 5:52:21 AM kodkod.multiobjective.MetricPoint parametrizedImprovementConstraints
FINE: Possible Improvements are conjunction of 
	(sum(this/SearchAndRescueFM.total_DeploymentTime) <= 32)
	(sum(this/SearchAndRescueFM.total_DevelopmentTime) <= 72)
	(sum(this/SearchAndRescueFM.total_RampUpTime) <= 48)
	(sum(this/SearchAndRescueFM.total_cost) <= 1005)
	((sum(this/SearchAndRescueFM.total_DeploymentTime) < 32) || (sum(this/SearchAndRescueFM.total_DevelopmentTime) < 72) || (sum(this/SearchAndRescueFM.total_RampUpTime) < 48) || (sum(this/SearchAndRescueFM.total_cost) < 1005))
Feb 01, 2014 5:52:21 AM kodkod.multiobjective.algorithms.IncrementalGuidedImprovementAlgorithm multiObjectiveSolveImpl
FINE: Found a solution. At time: 548, Improving on [32, 72, 48, 1000]
Feb 01, 2014 5:52:21 AM kodkod.multiobjective.MetricPoint parametrizedImprovementConstraints
FINE: Possible Improvements are conjunction of 
	(sum(this/SearchAndRescueFM.total_DeploymentTime) <= 32)
	(sum(this/SearchAndRescueFM.total_DevelopmentTime) <= 72)
	(sum(this/SearchAndRescueFM.total_RampUpTime) <= 48)
	(sum(this/SearchAndRescueFM.total_cost) <= 1000)
	((sum(this/SearchAndRescueFM.total_DeploymentTime) < 32) || (sum(this/SearchAndRescueFM.total_DevelopmentTime) < 72) || (sum(this/SearchAndRescueFM.total_RampUpTime) < 48) || (sum(this/SearchAndRescueFM.total_cost) < 1000))
Feb 01, 2014 5:52:23 AM kodkod.multiobjective.algorithms.MultiObjectiveAlgorithm foundParetoPoint
FINE: Found Pareto point with values: [32, 72, 48, 1000]
Feb 01, 2014 5:52:50 AM kodkod.multiobjective.algorithms.IncrementalGuidedImprovementAlgorithm multiObjectiveSolveImpl
FINE: Found a solution. At time: 577, Improving on [33, 80, 44, 670]
Feb 01, 2014 5:52:50 AM kodkod.multiobjective.MetricPoint parametrizedImprovementConstraints
FINE: Possible Improvements are conjunction of 
	(sum(this/SearchAndRescueFM.total_DeploymentTime) <= 33)
	(sum(this/SearchAndRescueFM.total_DevelopmentTime) <= 80)
	(sum(this/SearchAndRescueFM.total_RampUpTime) <= 44)
	(sum(this/SearchAndRescueFM.total_cost) <= 670)
	((sum(this/SearchAndRescueFM.total_DeploymentTime) < 33) || (sum(this/SearchAndRescueFM.total_DevelopmentTime) < 80) || (sum(this/SearchAndRescueFM.total_RampUpTime) < 44) || (sum(this/SearchAndRescueFM.total_cost) < 670))
Feb 01, 2014 5:52:51 AM kodkod.multiobjective.algorithms.IncrementalGuidedImprovementAlgorithm multiObjectiveSolveImpl
FINE: Found a solution. At time: 577, Improving on [33, 77, 43, 670]
Feb 01, 2014 5:52:51 AM kodkod.multiobjective.MetricPoint parametrizedImprovementConstraints
FINE: Possible Improvements are conjunction of 
	(sum(this/SearchAndRescueFM.total_DeploymentTime) <= 33)
	(sum(this/SearchAndRescueFM.total_DevelopmentTime) <= 77)
	(sum(this/SearchAndRescueFM.total_RampUpTime) <= 43)
	(sum(this/SearchAndRescueFM.total_cost) <= 670)
	((sum(this/SearchAndRescueFM.total_DeploymentTime) < 33) || (sum(this/SearchAndRescueFM.total_DevelopmentTime) < 77) || (sum(this/SearchAndRescueFM.total_RampUpTime) < 43) || (sum(this/SearchAndRescueFM.total_cost) < 670))
Feb 01, 2014 5:52:52 AM kodkod.multiobjective.algorithms.MultiObjectiveAlgorithm foundParetoPoint
FINE: Found Pareto point with values: [33, 77, 43, 670]
Feb 01, 2014 5:53:22 AM kodkod.multiobjective.algorithms.IncrementalGuidedImprovementAlgorithm multiObjectiveSolveImpl
FINE: Found a solution. At time: 608, Improving on [32, 82, 50, 595]
Feb 01, 2014 5:53:22 AM kodkod.multiobjective.MetricPoint parametrizedImprovementConstraints
FINE: Possible Improvements are conjunction of 
	(sum(this/SearchAndRescueFM.total_DeploymentTime) <= 32)
	(sum(this/SearchAndRescueFM.total_DevelopmentTime) <= 82)
	(sum(this/SearchAndRescueFM.total_RampUpTime) <= 50)
	(sum(this/SearchAndRescueFM.total_cost) <= 595)
	((sum(this/SearchAndRescueFM.total_DeploymentTime) < 32) || (sum(this/SearchAndRescueFM.total_DevelopmentTime) < 82) || (sum(this/SearchAndRescueFM.total_RampUpTime) < 50) || (sum(this/SearchAndRescueFM.total_cost) < 595))
Feb 01, 2014 5:53:22 AM kodkod.multiobjective.algorithms.IncrementalGuidedImprovementAlgorithm multiObjectiveSolveImpl
FINE: Found a solution. At time: 609, Improving on [32, 82, 50, 590]
Feb 01, 2014 5:53:22 AM kodkod.multiobjective.MetricPoint parametrizedImprovementConstraints
FINE: Possible Improvements are conjunction of 
	(sum(this/SearchAndRescueFM.total_DeploymentTime) <= 32)
	(sum(this/SearchAndRescueFM.total_DevelopmentTime) <= 82)
	(sum(this/SearchAndRescueFM.total_RampUpTime) <= 50)
	(sum(this/SearchAndRescueFM.total_cost) <= 590)
	((sum(this/SearchAndRescueFM.total_DeploymentTime) < 32) || (sum(this/SearchAndRescueFM.total_DevelopmentTime) < 82) || (sum(this/SearchAndRescueFM.total_RampUpTime) < 50) || (sum(this/SearchAndRescueFM.total_cost) < 590))
Feb 01, 2014 5:53:23 AM kodkod.multiobjective.algorithms.MultiObjectiveAlgorithm foundParetoPoint
FINE: Found Pareto point with values: [32, 82, 50, 590]
Feb 01, 2014 5:53:50 AM kodkod.multiobjective.algorithms.IncrementalGuidedImprovementAlgorithm multiObjectiveSolveImpl
FINE: Found a solution. At time: 637, Improving on [30, 89, 45, 925]
Feb 01, 2014 5:53:50 AM kodkod.multiobjective.MetricPoint parametrizedImprovementConstraints
FINE: Possible Improvements are conjunction of 
	(sum(this/SearchAndRescueFM.total_DeploymentTime) <= 30)
	(sum(this/SearchAndRescueFM.total_DevelopmentTime) <= 89)
	(sum(this/SearchAndRescueFM.total_RampUpTime) <= 45)
	(sum(this/SearchAndRescueFM.total_cost) <= 925)
	((sum(this/SearchAndRescueFM.total_DeploymentTime) < 30) || (sum(this/SearchAndRescueFM.total_DevelopmentTime) < 89) || (sum(this/SearchAndRescueFM.total_RampUpTime) < 45) || (sum(this/SearchAndRescueFM.total_cost) < 925))
Feb 01, 2014 5:53:51 AM kodkod.multiobjective.algorithms.IncrementalGuidedImprovementAlgorithm multiObjectiveSolveImpl
FINE: Found a solution. At time: 637, Improving on [30, 89, 45, 920]
Feb 01, 2014 5:53:51 AM kodkod.multiobjective.MetricPoint parametrizedImprovementConstraints
FINE: Possible Improvements are conjunction of 
	(sum(this/SearchAndRescueFM.total_DeploymentTime) <= 30)
	(sum(this/SearchAndRescueFM.total_DevelopmentTime) <= 89)
	(sum(this/SearchAndRescueFM.total_RampUpTime) <= 45)
	(sum(this/SearchAndRescueFM.total_cost) <= 920)
	((sum(this/SearchAndRescueFM.total_DeploymentTime) < 30) || (sum(this/SearchAndRescueFM.total_DevelopmentTime) < 89) || (sum(this/SearchAndRescueFM.total_RampUpTime) < 45) || (sum(this/SearchAndRescueFM.total_cost) < 920))
Feb 01, 2014 5:53:51 AM kodkod.multiobjective.algorithms.IncrementalGuidedImprovementAlgorithm multiObjectiveSolveImpl
FINE: Found a solution. At time: 637, Improving on [29, 87, 45, 920]
Feb 01, 2014 5:53:51 AM kodkod.multiobjective.MetricPoint parametrizedImprovementConstraints
FINE: Possible Improvements are conjunction of 
	(sum(this/SearchAndRescueFM.total_DeploymentTime) <= 29)
	(sum(this/SearchAndRescueFM.total_DevelopmentTime) <= 87)
	(sum(this/SearchAndRescueFM.total_RampUpTime) <= 45)
	(sum(this/SearchAndRescueFM.total_cost) <= 920)
	((sum(this/SearchAndRescueFM.total_DeploymentTime) < 29) || (sum(this/SearchAndRescueFM.total_DevelopmentTime) < 87) || (sum(this/SearchAndRescueFM.total_RampUpTime) < 45) || (sum(this/SearchAndRescueFM.total_cost) < 920))
Feb 01, 2014 5:53:52 AM kodkod.multiobjective.algorithms.MultiObjectiveAlgorithm foundParetoPoint
FINE: Found Pareto point with values: [29, 87, 45, 920]
Feb 01, 2014 5:54:20 AM kodkod.multiobjective.algorithms.IncrementalGuidedImprovementAlgorithm multiObjectiveSolveImpl
FINE: Found a solution. At time: 666, Improving on [30, 82, 50, 920]
Feb 01, 2014 5:54:20 AM kodkod.multiobjective.MetricPoint parametrizedImprovementConstraints
FINE: Possible Improvements are conjunction of 
	(sum(this/SearchAndRescueFM.total_DeploymentTime) <= 30)
	(sum(this/SearchAndRescueFM.total_DevelopmentTime) <= 82)
	(sum(this/SearchAndRescueFM.total_RampUpTime) <= 50)
	(sum(this/SearchAndRescueFM.total_cost) <= 920)
	((sum(this/SearchAndRescueFM.total_DeploymentTime) < 30) || (sum(this/SearchAndRescueFM.total_DevelopmentTime) < 82) || (sum(this/SearchAndRescueFM.total_RampUpTime) < 50) || (sum(this/SearchAndRescueFM.total_cost) < 920))
Feb 01, 2014 5:54:21 AM kodkod.multiobjective.algorithms.MultiObjectiveAlgorithm foundParetoPoint
FINE: Found Pareto point with values: [30, 82, 50, 920]
Feb 01, 2014 5:54:53 AM kodkod.multiobjective.algorithms.IncrementalGuidedImprovementAlgorithm multiObjectiveSolveImpl
FINE: Found a solution. At time: 700, Improving on [32, 81, 48, 670]
Feb 01, 2014 5:54:53 AM kodkod.multiobjective.MetricPoint parametrizedImprovementConstraints
FINE: Possible Improvements are conjunction of 
	(sum(this/SearchAndRescueFM.total_DeploymentTime) <= 32)
	(sum(this/SearchAndRescueFM.total_DevelopmentTime) <= 81)
	(sum(this/SearchAndRescueFM.total_RampUpTime) <= 48)
	(sum(this/SearchAndRescueFM.total_cost) <= 670)
	((sum(this/SearchAndRescueFM.total_DeploymentTime) < 32) || (sum(this/SearchAndRescueFM.total_DevelopmentTime) < 81) || (sum(this/SearchAndRescueFM.total_RampUpTime) < 48) || (sum(this/SearchAndRescueFM.total_cost) < 670))
Feb 01, 2014 5:54:53 AM kodkod.multiobjective.algorithms.IncrementalGuidedImprovementAlgorithm multiObjectiveSolveImpl
FINE: Found a solution. At time: 700, Improving on [32, 76, 45, 670]
Feb 01, 2014 5:54:53 AM kodkod.multiobjective.MetricPoint parametrizedImprovementConstraints
FINE: Possible Improvements are conjunction of 
	(sum(this/SearchAndRescueFM.total_DeploymentTime) <= 32)
	(sum(this/SearchAndRescueFM.total_DevelopmentTime) <= 76)
	(sum(this/SearchAndRescueFM.total_RampUpTime) <= 45)
	(sum(this/SearchAndRescueFM.total_cost) <= 670)
	((sum(this/SearchAndRescueFM.total_DeploymentTime) < 32) || (sum(this/SearchAndRescueFM.total_DevelopmentTime) < 76) || (sum(this/SearchAndRescueFM.total_RampUpTime) < 45) || (sum(this/SearchAndRescueFM.total_cost) < 670))
Feb 01, 2014 5:54:55 AM kodkod.multiobjective.algorithms.MultiObjectiveAlgorithm foundParetoPoint
FINE: Found Pareto point with values: [32, 76, 45, 670]
Feb 01, 2014 5:55:22 AM kodkod.multiobjective.algorithms.IncrementalGuidedImprovementAlgorithm multiObjectiveSolveImpl
FINE: Found a solution. At time: 729, Improving on [35, 72, 49, 680]
Feb 01, 2014 5:55:22 AM kodkod.multiobjective.MetricPoint parametrizedImprovementConstraints
FINE: Possible Improvements are conjunction of 
	(sum(this/SearchAndRescueFM.total_DeploymentTime) <= 35)
	(sum(this/SearchAndRescueFM.total_DevelopmentTime) <= 72)
	(sum(this/SearchAndRescueFM.total_RampUpTime) <= 49)
	(sum(this/SearchAndRescueFM.total_cost) <= 680)
	((sum(this/SearchAndRescueFM.total_DeploymentTime) < 35) || (sum(this/SearchAndRescueFM.total_DevelopmentTime) < 72) || (sum(this/SearchAndRescueFM.total_RampUpTime) < 49) || (sum(this/SearchAndRescueFM.total_cost) < 680))
Feb 01, 2014 5:55:23 AM kodkod.multiobjective.algorithms.IncrementalGuidedImprovementAlgorithm multiObjectiveSolveImpl
FINE: Found a solution. At time: 729, Improving on [34, 72, 48, 675]
Feb 01, 2014 5:55:23 AM kodkod.multiobjective.MetricPoint parametrizedImprovementConstraints
FINE: Possible Improvements are conjunction of 
	(sum(this/SearchAndRescueFM.total_DeploymentTime) <= 34)
	(sum(this/SearchAndRescueFM.total_DevelopmentTime) <= 72)
	(sum(this/SearchAndRescueFM.total_RampUpTime) <= 48)
	(sum(this/SearchAndRescueFM.total_cost) <= 675)
	((sum(this/SearchAndRescueFM.total_DeploymentTime) < 34) || (sum(this/SearchAndRescueFM.total_DevelopmentTime) < 72) || (sum(this/SearchAndRescueFM.total_RampUpTime) < 48) || (sum(this/SearchAndRescueFM.total_cost) < 675))
Feb 01, 2014 5:55:23 AM kodkod.multiobjective.algorithms.IncrementalGuidedImprovementAlgorithm multiObjectiveSolveImpl
FINE: Found a solution. At time: 729, Improving on [34, 72, 48, 670]
Feb 01, 2014 5:55:23 AM kodkod.multiobjective.MetricPoint parametrizedImprovementConstraints
FINE: Possible Improvements are conjunction of 
	(sum(this/SearchAndRescueFM.total_DeploymentTime) <= 34)
	(sum(this/SearchAndRescueFM.total_DevelopmentTime) <= 72)
	(sum(this/SearchAndRescueFM.total_RampUpTime) <= 48)
	(sum(this/SearchAndRescueFM.total_cost) <= 670)
	((sum(this/SearchAndRescueFM.total_DeploymentTime) < 34) || (sum(this/SearchAndRescueFM.total_DevelopmentTime) < 72) || (sum(this/SearchAndRescueFM.total_RampUpTime) < 48) || (sum(this/SearchAndRescueFM.total_cost) < 670))
Feb 01, 2014 5:55:24 AM kodkod.multiobjective.algorithms.MultiObjectiveAlgorithm foundParetoPoint
FINE: Found Pareto point with values: [34, 72, 48, 670]
Feb 01, 2014 5:55:56 AM kodkod.multiobjective.algorithms.IncrementalGuidedImprovementAlgorithm multiObjectiveSolveImpl
FINE: All Pareto points found. At time: 763
Feb 01, 2014 5:55:56 AM kodkod.multiobjective.algorithms.MultiObjectiveAlgorithm debugWriteStatistics
FINE: Solver statistics:
	# Sat Call: 63
	# Unsat Call: 25
	# Total Time in Sat Calls: 698844
	# Total Time in Sat Calls Solving: 61442
	# Total Time in Sat Calls Translating: 637402
	# Total Time in Unsat Calls: 38055
	# Total Time in Unsat Calls Solving: 11639
	# Total Time in Unsat Calls Translating: 26416
	# Magnifier Sat Call: 0
	# Magnifier Unsat Call: 0
	# Total Time in Magnifier: 0
