Feb 01, 2014 10:28:58 PM kodkod.multiobjective.algorithms.CheckpointedGuidedImprovementAlgorithm multiObjectiveSolveImpl
FINE: Found a solution. At time: 54, Improving on [927]
Feb 01, 2014 10:28:58 PM kodkod.multiobjective.MetricPoint parametrizedImprovementConstraints
FINE: Possible Improvements are conjunction of 
	(sum(this/Sqlite.totalFootprint) <= 927)
	(sum(this/Sqlite.totalFootprint) < 927)
Feb 01, 2014 10:28:59 PM kodkod.multiobjective.algorithms.CheckpointedGuidedImprovementAlgorithm multiObjectiveSolveImpl
FINE: Found a solution. At time: 55, Improving on [926]
Feb 01, 2014 10:28:59 PM kodkod.multiobjective.MetricPoint parametrizedImprovementConstraints
FINE: Possible Improvements are conjunction of 
	(sum(this/Sqlite.totalFootprint) <= 926)
	(sum(this/Sqlite.totalFootprint) < 926)
Feb 01, 2014 10:28:59 PM kodkod.multiobjective.algorithms.CheckpointedGuidedImprovementAlgorithm multiObjectiveSolveImpl
FINE: Found a solution. At time: 56, Improving on [900]
Feb 01, 2014 10:28:59 PM kodkod.multiobjective.MetricPoint parametrizedImprovementConstraints
FINE: Possible Improvements are conjunction of 
	(sum(this/Sqlite.totalFootprint) <= 900)
	(sum(this/Sqlite.totalFootprint) < 900)
Feb 01, 2014 10:29:00 PM kodkod.multiobjective.algorithms.CheckpointedGuidedImprovementAlgorithm multiObjectiveSolveImpl
FINE: Found a solution. At time: 56, Improving on [892]
Feb 01, 2014 10:29:00 PM kodkod.multiobjective.MetricPoint parametrizedImprovementConstraints
FINE: Possible Improvements are conjunction of 
	(sum(this/Sqlite.totalFootprint) <= 892)
	(sum(this/Sqlite.totalFootprint) < 892)
Feb 01, 2014 10:29:00 PM kodkod.multiobjective.algorithms.CheckpointedGuidedImprovementAlgorithm multiObjectiveSolveImpl
FINE: Found a solution. At time: 57, Improving on [888]
Feb 01, 2014 10:29:00 PM kodkod.multiobjective.MetricPoint parametrizedImprovementConstraints
FINE: Possible Improvements are conjunction of 
	(sum(this/Sqlite.totalFootprint) <= 888)
	(sum(this/Sqlite.totalFootprint) < 888)
Feb 01, 2014 10:29:01 PM kodkod.multiobjective.algorithms.CheckpointedGuidedImprovementAlgorithm multiObjectiveSolveImpl
FINE: Found a solution. At time: 57, Improving on [880]
Feb 01, 2014 10:29:01 PM kodkod.multiobjective.MetricPoint parametrizedImprovementConstraints
FINE: Possible Improvements are conjunction of 
	(sum(this/Sqlite.totalFootprint) <= 880)
	(sum(this/Sqlite.totalFootprint) < 880)
Feb 01, 2014 10:29:02 PM kodkod.multiobjective.algorithms.CheckpointedGuidedImprovementAlgorithm multiObjectiveSolveImpl
FINE: Found a solution. At time: 58, Improving on [848]
Feb 01, 2014 10:29:02 PM kodkod.multiobjective.MetricPoint parametrizedImprovementConstraints
FINE: Possible Improvements are conjunction of 
	(sum(this/Sqlite.totalFootprint) <= 848)
	(sum(this/Sqlite.totalFootprint) < 848)
Feb 01, 2014 10:29:04 PM kodkod.multiobjective.algorithms.CheckpointedGuidedImprovementAlgorithm multiObjectiveSolveImpl
FINE: Found a solution. At time: 60, Improving on [841]
Feb 01, 2014 10:29:04 PM kodkod.multiobjective.MetricPoint parametrizedImprovementConstraints
FINE: Possible Improvements are conjunction of 
	(sum(this/Sqlite.totalFootprint) <= 841)
	(sum(this/Sqlite.totalFootprint) < 841)
Feb 01, 2014 10:29:05 PM kodkod.multiobjective.algorithms.CheckpointedGuidedImprovementAlgorithm multiObjectiveSolveImpl
FINE: Found a solution. At time: 62, Improving on [833]
Feb 01, 2014 10:29:05 PM kodkod.multiobjective.MetricPoint parametrizedImprovementConstraints
FINE: Possible Improvements are conjunction of 
	(sum(this/Sqlite.totalFootprint) <= 833)
	(sum(this/Sqlite.totalFootprint) < 833)
Feb 01, 2014 10:29:06 PM kodkod.multiobjective.algorithms.CheckpointedGuidedImprovementAlgorithm multiObjectiveSolveImpl
FINE: Found a solution. At time: 62, Improving on [832]
Feb 01, 2014 10:29:06 PM kodkod.multiobjective.MetricPoint parametrizedImprovementConstraints
FINE: Possible Improvements are conjunction of 
	(sum(this/Sqlite.totalFootprint) <= 832)
	(sum(this/Sqlite.totalFootprint) < 832)
Feb 01, 2014 10:29:07 PM kodkod.multiobjective.algorithms.CheckpointedGuidedImprovementAlgorithm multiObjectiveSolveImpl
FINE: Found a solution. At time: 63, Improving on [824]
Feb 01, 2014 10:29:07 PM kodkod.multiobjective.MetricPoint parametrizedImprovementConstraints
FINE: Possible Improvements are conjunction of 
	(sum(this/Sqlite.totalFootprint) <= 824)
	(sum(this/Sqlite.totalFootprint) < 824)
Feb 01, 2014 10:29:07 PM kodkod.multiobjective.algorithms.CheckpointedGuidedImprovementAlgorithm multiObjectiveSolveImpl
FINE: Found a solution. At time: 64, Improving on [822]
Feb 01, 2014 10:29:07 PM kodkod.multiobjective.MetricPoint parametrizedImprovementConstraints
FINE: Possible Improvements are conjunction of 
	(sum(this/Sqlite.totalFootprint) <= 822)
	(sum(this/Sqlite.totalFootprint) < 822)
Feb 01, 2014 10:29:08 PM kodkod.multiobjective.algorithms.CheckpointedGuidedImprovementAlgorithm multiObjectiveSolveImpl
FINE: Found a solution. At time: 65, Improving on [821]
Feb 01, 2014 10:29:08 PM kodkod.multiobjective.MetricPoint parametrizedImprovementConstraints
FINE: Possible Improvements are conjunction of 
	(sum(this/Sqlite.totalFootprint) <= 821)
	(sum(this/Sqlite.totalFootprint) < 821)
Feb 01, 2014 10:29:09 PM kodkod.multiobjective.algorithms.CheckpointedGuidedImprovementAlgorithm multiObjectiveSolveImpl
FINE: Found a solution. At time: 65, Improving on [820]
Feb 01, 2014 10:29:09 PM kodkod.multiobjective.MetricPoint parametrizedImprovementConstraints
FINE: Possible Improvements are conjunction of 
	(sum(this/Sqlite.totalFootprint) <= 820)
	(sum(this/Sqlite.totalFootprint) < 820)
Feb 01, 2014 10:29:15 PM kodkod.multiobjective.algorithms.CheckpointedGuidedImprovementAlgorithm multiObjectiveSolveImpl
FINE: Found a solution. At time: 72, Improving on [819]
Feb 01, 2014 10:29:15 PM kodkod.multiobjective.MetricPoint parametrizedImprovementConstraints
FINE: Possible Improvements are conjunction of 
	(sum(this/Sqlite.totalFootprint) <= 819)
	(sum(this/Sqlite.totalFootprint) < 819)
Feb 01, 2014 10:29:16 PM kodkod.multiobjective.algorithms.CheckpointedGuidedImprovementAlgorithm multiObjectiveSolveImpl
FINE: Found a solution. At time: 72, Improving on [818]
Feb 01, 2014 10:29:16 PM kodkod.multiobjective.MetricPoint parametrizedImprovementConstraints
FINE: Possible Improvements are conjunction of 
	(sum(this/Sqlite.totalFootprint) <= 818)
	(sum(this/Sqlite.totalFootprint) < 818)
Feb 01, 2014 10:29:17 PM kodkod.multiobjective.algorithms.CheckpointedGuidedImprovementAlgorithm multiObjectiveSolveImpl
FINE: Found a solution. At time: 73, Improving on [816]
Feb 01, 2014 10:29:17 PM kodkod.multiobjective.MetricPoint parametrizedImprovementConstraints
FINE: Possible Improvements are conjunction of 
	(sum(this/Sqlite.totalFootprint) <= 816)
	(sum(this/Sqlite.totalFootprint) < 816)
Feb 01, 2014 10:29:18 PM kodkod.multiobjective.algorithms.CheckpointedGuidedImprovementAlgorithm multiObjectiveSolveImpl
FINE: Found a solution. At time: 75, Improving on [815]
Feb 01, 2014 10:29:18 PM kodkod.multiobjective.MetricPoint parametrizedImprovementConstraints
FINE: Possible Improvements are conjunction of 
	(sum(this/Sqlite.totalFootprint) <= 815)
	(sum(this/Sqlite.totalFootprint) < 815)
Feb 01, 2014 10:29:21 PM kodkod.multiobjective.algorithms.MultiObjectiveAlgorithm foundParetoPoint
FINE: Found Pareto point with values: [815]
Feb 01, 2014 10:29:21 PM kodkod.multiobjective.algorithms.CheckpointedGuidedImprovementAlgorithm multiObjectiveSolveImpl
FINE: Found Pareto point with values: [815]
Feb 01, 2014 10:30:20 PM kodkod.multiobjective.algorithms.MultiObjectiveAlgorithm debugWriteStatistics
FINE: Solver statistics:
	# Sat Call: 18
	# Unsat Call: 2
	# Total Time in Sat Calls: 65732
	# Total Time in Sat Calls Solving: 12767
	# Total Time in Sat Calls Translating: 52965
	# Total Time in Unsat Calls: 12381
	# Total Time in Unsat Calls Solving: 12025
	# Total Time in Unsat Calls Translating: 356
	# Magnifier Sat Call: 0
	# Magnifier Unsat Call: 0
	# Total Time in Magnifier: 0
