Feb 02, 2014 3:43:24 AM kodkod.multiobjective.algorithms.CheckpointedGuidedImprovementAlgorithm multiObjectiveSolveImpl
FINE: Found a solution. At time: 10, Improving on [47, 104, 55, 765]
Feb 02, 2014 3:43:24 AM kodkod.multiobjective.MetricPoint parametrizedImprovementConstraints
FINE: Possible Improvements are conjunction of 
	(sum(this/SearchAndRescueFM.total_DeploymentTime) <= 47)
	(sum(this/SearchAndRescueFM.total_DevelopmentTime) <= 104)
	(sum(this/SearchAndRescueFM.total_RampUpTime) <= 55)
	(sum(this/SearchAndRescueFM.total_cost) <= 765)
	((sum(this/SearchAndRescueFM.total_DeploymentTime) < 47) || (sum(this/SearchAndRescueFM.total_DevelopmentTime) < 104) || (sum(this/SearchAndRescueFM.total_RampUpTime) < 55) || (sum(this/SearchAndRescueFM.total_cost) < 765))
Feb 02, 2014 3:43:39 AM kodkod.multiobjective.algorithms.CheckpointedGuidedImprovementAlgorithm multiObjectiveSolveImpl
FINE: Found a solution. At time: 25, Improving on [37, 97, 55, 765]
Feb 02, 2014 3:43:39 AM kodkod.multiobjective.MetricPoint parametrizedImprovementConstraints
FINE: Possible Improvements are conjunction of 
	(sum(this/SearchAndRescueFM.total_DeploymentTime) <= 37)
	(sum(this/SearchAndRescueFM.total_DevelopmentTime) <= 97)
	(sum(this/SearchAndRescueFM.total_RampUpTime) <= 55)
	(sum(this/SearchAndRescueFM.total_cost) <= 765)
	((sum(this/SearchAndRescueFM.total_DeploymentTime) < 37) || (sum(this/SearchAndRescueFM.total_DevelopmentTime) < 97) || (sum(this/SearchAndRescueFM.total_RampUpTime) < 55) || (sum(this/SearchAndRescueFM.total_cost) < 765))
Feb 02, 2014 3:43:43 AM kodkod.multiobjective.algorithms.CheckpointedGuidedImprovementAlgorithm multiObjectiveSolveImpl
FINE: Found a solution. At time: 29, Improving on [37, 97, 55, 760]
Feb 02, 2014 3:43:43 AM kodkod.multiobjective.MetricPoint parametrizedImprovementConstraints
FINE: Possible Improvements are conjunction of 
	(sum(this/SearchAndRescueFM.total_DeploymentTime) <= 37)
	(sum(this/SearchAndRescueFM.total_DevelopmentTime) <= 97)
	(sum(this/SearchAndRescueFM.total_RampUpTime) <= 55)
	(sum(this/SearchAndRescueFM.total_cost) <= 760)
	((sum(this/SearchAndRescueFM.total_DeploymentTime) < 37) || (sum(this/SearchAndRescueFM.total_DevelopmentTime) < 97) || (sum(this/SearchAndRescueFM.total_RampUpTime) < 55) || (sum(this/SearchAndRescueFM.total_cost) < 760))
Feb 02, 2014 3:43:48 AM kodkod.multiobjective.algorithms.CheckpointedGuidedImprovementAlgorithm multiObjectiveSolveImpl
FINE: Found a solution. At time: 34, Improving on [35, 97, 51, 760]
Feb 02, 2014 3:43:48 AM kodkod.multiobjective.MetricPoint parametrizedImprovementConstraints
FINE: Possible Improvements are conjunction of 
	(sum(this/SearchAndRescueFM.total_DeploymentTime) <= 35)
	(sum(this/SearchAndRescueFM.total_DevelopmentTime) <= 97)
	(sum(this/SearchAndRescueFM.total_RampUpTime) <= 51)
	(sum(this/SearchAndRescueFM.total_cost) <= 760)
	((sum(this/SearchAndRescueFM.total_DeploymentTime) < 35) || (sum(this/SearchAndRescueFM.total_DevelopmentTime) < 97) || (sum(this/SearchAndRescueFM.total_RampUpTime) < 51) || (sum(this/SearchAndRescueFM.total_cost) < 760))
Feb 02, 2014 3:43:52 AM kodkod.multiobjective.algorithms.CheckpointedGuidedImprovementAlgorithm multiObjectiveSolveImpl
FINE: Found a solution. At time: 38, Improving on [34, 95, 51, 760]
Feb 02, 2014 3:43:52 AM kodkod.multiobjective.MetricPoint parametrizedImprovementConstraints
FINE: Possible Improvements are conjunction of 
	(sum(this/SearchAndRescueFM.total_DeploymentTime) <= 34)
	(sum(this/SearchAndRescueFM.total_DevelopmentTime) <= 95)
	(sum(this/SearchAndRescueFM.total_RampUpTime) <= 51)
	(sum(this/SearchAndRescueFM.total_cost) <= 760)
	((sum(this/SearchAndRescueFM.total_DeploymentTime) < 34) || (sum(this/SearchAndRescueFM.total_DevelopmentTime) < 95) || (sum(this/SearchAndRescueFM.total_RampUpTime) < 51) || (sum(this/SearchAndRescueFM.total_cost) < 760))
Feb 02, 2014 3:43:55 AM kodkod.multiobjective.algorithms.CheckpointedGuidedImprovementAlgorithm multiObjectiveSolveImpl
FINE: Found a solution. At time: 41, Improving on [34, 87, 48, 600]
Feb 02, 2014 3:43:55 AM kodkod.multiobjective.MetricPoint parametrizedImprovementConstraints
FINE: Possible Improvements are conjunction of 
	(sum(this/SearchAndRescueFM.total_DeploymentTime) <= 34)
	(sum(this/SearchAndRescueFM.total_DevelopmentTime) <= 87)
	(sum(this/SearchAndRescueFM.total_RampUpTime) <= 48)
	(sum(this/SearchAndRescueFM.total_cost) <= 600)
	((sum(this/SearchAndRescueFM.total_DeploymentTime) < 34) || (sum(this/SearchAndRescueFM.total_DevelopmentTime) < 87) || (sum(this/SearchAndRescueFM.total_RampUpTime) < 48) || (sum(this/SearchAndRescueFM.total_cost) < 600))
Feb 02, 2014 3:43:59 AM kodkod.multiobjective.algorithms.CheckpointedGuidedImprovementAlgorithm multiObjectiveSolveImpl
FINE: Found a solution. At time: 45, Improving on [34, 87, 47, 600]
Feb 02, 2014 3:43:59 AM kodkod.multiobjective.MetricPoint parametrizedImprovementConstraints
FINE: Possible Improvements are conjunction of 
	(sum(this/SearchAndRescueFM.total_DeploymentTime) <= 34)
	(sum(this/SearchAndRescueFM.total_DevelopmentTime) <= 87)
	(sum(this/SearchAndRescueFM.total_RampUpTime) <= 47)
	(sum(this/SearchAndRescueFM.total_cost) <= 600)
	((sum(this/SearchAndRescueFM.total_DeploymentTime) < 34) || (sum(this/SearchAndRescueFM.total_DevelopmentTime) < 87) || (sum(this/SearchAndRescueFM.total_RampUpTime) < 47) || (sum(this/SearchAndRescueFM.total_cost) < 600))
Feb 02, 2014 3:44:02 AM kodkod.multiobjective.algorithms.CheckpointedGuidedImprovementAlgorithm multiObjectiveSolveImpl
FINE: Found a solution. At time: 48, Improving on [33, 85, 47, 600]
Feb 02, 2014 3:44:02 AM kodkod.multiobjective.MetricPoint parametrizedImprovementConstraints
FINE: Possible Improvements are conjunction of 
	(sum(this/SearchAndRescueFM.total_DeploymentTime) <= 33)
	(sum(this/SearchAndRescueFM.total_DevelopmentTime) <= 85)
	(sum(this/SearchAndRescueFM.total_RampUpTime) <= 47)
	(sum(this/SearchAndRescueFM.total_cost) <= 600)
	((sum(this/SearchAndRescueFM.total_DeploymentTime) < 33) || (sum(this/SearchAndRescueFM.total_DevelopmentTime) < 85) || (sum(this/SearchAndRescueFM.total_RampUpTime) < 47) || (sum(this/SearchAndRescueFM.total_cost) < 600))
Feb 02, 2014 3:44:06 AM kodkod.multiobjective.algorithms.CheckpointedGuidedImprovementAlgorithm multiObjectiveSolveImpl
FINE: Found a solution. At time: 51, Improving on [32, 85, 47, 595]
Feb 02, 2014 3:44:06 AM kodkod.multiobjective.MetricPoint parametrizedImprovementConstraints
FINE: Possible Improvements are conjunction of 
	(sum(this/SearchAndRescueFM.total_DeploymentTime) <= 32)
	(sum(this/SearchAndRescueFM.total_DevelopmentTime) <= 85)
	(sum(this/SearchAndRescueFM.total_RampUpTime) <= 47)
	(sum(this/SearchAndRescueFM.total_cost) <= 595)
	((sum(this/SearchAndRescueFM.total_DeploymentTime) < 32) || (sum(this/SearchAndRescueFM.total_DevelopmentTime) < 85) || (sum(this/SearchAndRescueFM.total_RampUpTime) < 47) || (sum(this/SearchAndRescueFM.total_cost) < 595))
Feb 02, 2014 3:44:09 AM kodkod.multiobjective.algorithms.CheckpointedGuidedImprovementAlgorithm multiObjectiveSolveImpl
FINE: Found a solution. At time: 55, Improving on [32, 85, 47, 590]
Feb 02, 2014 3:44:09 AM kodkod.multiobjective.MetricPoint parametrizedImprovementConstraints
FINE: Possible Improvements are conjunction of 
	(sum(this/SearchAndRescueFM.total_DeploymentTime) <= 32)
	(sum(this/SearchAndRescueFM.total_DevelopmentTime) <= 85)
	(sum(this/SearchAndRescueFM.total_RampUpTime) <= 47)
	(sum(this/SearchAndRescueFM.total_cost) <= 590)
	((sum(this/SearchAndRescueFM.total_DeploymentTime) < 32) || (sum(this/SearchAndRescueFM.total_DevelopmentTime) < 85) || (sum(this/SearchAndRescueFM.total_RampUpTime) < 47) || (sum(this/SearchAndRescueFM.total_cost) < 590))
Feb 02, 2014 3:44:12 AM kodkod.multiobjective.algorithms.CheckpointedGuidedImprovementAlgorithm multiObjectiveSolveImpl
FINE: Found a solution. At time: 58, Improving on [32, 85, 46, 590]
Feb 02, 2014 3:44:12 AM kodkod.multiobjective.MetricPoint parametrizedImprovementConstraints
FINE: Possible Improvements are conjunction of 
	(sum(this/SearchAndRescueFM.total_DeploymentTime) <= 32)
	(sum(this/SearchAndRescueFM.total_DevelopmentTime) <= 85)
	(sum(this/SearchAndRescueFM.total_RampUpTime) <= 46)
	(sum(this/SearchAndRescueFM.total_cost) <= 590)
	((sum(this/SearchAndRescueFM.total_DeploymentTime) < 32) || (sum(this/SearchAndRescueFM.total_DevelopmentTime) < 85) || (sum(this/SearchAndRescueFM.total_RampUpTime) < 46) || (sum(this/SearchAndRescueFM.total_cost) < 590))
Feb 02, 2014 3:44:16 AM kodkod.multiobjective.algorithms.MultiObjectiveAlgorithm foundParetoPoint
FINE: Found Pareto point with values: [32, 85, 46, 590]
Feb 02, 2014 3:44:16 AM kodkod.multiobjective.algorithms.CheckpointedGuidedImprovementAlgorithm multiObjectiveSolveImpl
FINE: Found Pareto point with values: [32, 85, 46, 590]
Feb 02, 2014 3:44:45 AM kodkod.multiobjective.algorithms.CheckpointedGuidedImprovementAlgorithm multiObjectiveSolveImpl
FINE: Found a solution. At time: 91, Improving on [32, 82, 44, 1005]
Feb 02, 2014 3:44:45 AM kodkod.multiobjective.MetricPoint parametrizedImprovementConstraints
FINE: Possible Improvements are conjunction of 
	(sum(this/SearchAndRescueFM.total_DeploymentTime) <= 32)
	(sum(this/SearchAndRescueFM.total_DevelopmentTime) <= 82)
	(sum(this/SearchAndRescueFM.total_RampUpTime) <= 44)
	(sum(this/SearchAndRescueFM.total_cost) <= 1005)
	((sum(this/SearchAndRescueFM.total_DeploymentTime) < 32) || (sum(this/SearchAndRescueFM.total_DevelopmentTime) < 82) || (sum(this/SearchAndRescueFM.total_RampUpTime) < 44) || (sum(this/SearchAndRescueFM.total_cost) < 1005))
Feb 02, 2014 3:44:49 AM kodkod.multiobjective.algorithms.CheckpointedGuidedImprovementAlgorithm multiObjectiveSolveImpl
FINE: Found a solution. At time: 95, Improving on [32, 82, 44, 1000]
Feb 02, 2014 3:44:49 AM kodkod.multiobjective.MetricPoint parametrizedImprovementConstraints
FINE: Possible Improvements are conjunction of 
	(sum(this/SearchAndRescueFM.total_DeploymentTime) <= 32)
	(sum(this/SearchAndRescueFM.total_DevelopmentTime) <= 82)
	(sum(this/SearchAndRescueFM.total_RampUpTime) <= 44)
	(sum(this/SearchAndRescueFM.total_cost) <= 1000)
	((sum(this/SearchAndRescueFM.total_DeploymentTime) < 32) || (sum(this/SearchAndRescueFM.total_DevelopmentTime) < 82) || (sum(this/SearchAndRescueFM.total_RampUpTime) < 44) || (sum(this/SearchAndRescueFM.total_cost) < 1000))
Feb 02, 2014 3:44:52 AM kodkod.multiobjective.algorithms.CheckpointedGuidedImprovementAlgorithm multiObjectiveSolveImpl
FINE: Found a solution. At time: 98, Improving on [32, 79, 43, 1000]
Feb 02, 2014 3:44:52 AM kodkod.multiobjective.MetricPoint parametrizedImprovementConstraints
FINE: Possible Improvements are conjunction of 
	(sum(this/SearchAndRescueFM.total_DeploymentTime) <= 32)
	(sum(this/SearchAndRescueFM.total_DevelopmentTime) <= 79)
	(sum(this/SearchAndRescueFM.total_RampUpTime) <= 43)
	(sum(this/SearchAndRescueFM.total_cost) <= 1000)
	((sum(this/SearchAndRescueFM.total_DeploymentTime) < 32) || (sum(this/SearchAndRescueFM.total_DevelopmentTime) < 79) || (sum(this/SearchAndRescueFM.total_RampUpTime) < 43) || (sum(this/SearchAndRescueFM.total_cost) < 1000))
Feb 02, 2014 3:44:56 AM kodkod.multiobjective.algorithms.CheckpointedGuidedImprovementAlgorithm multiObjectiveSolveImpl
FINE: Found a solution. At time: 102, Improving on [31, 77, 43, 1000]
Feb 02, 2014 3:44:56 AM kodkod.multiobjective.MetricPoint parametrizedImprovementConstraints
FINE: Possible Improvements are conjunction of 
	(sum(this/SearchAndRescueFM.total_DeploymentTime) <= 31)
	(sum(this/SearchAndRescueFM.total_DevelopmentTime) <= 77)
	(sum(this/SearchAndRescueFM.total_RampUpTime) <= 43)
	(sum(this/SearchAndRescueFM.total_cost) <= 1000)
	((sum(this/SearchAndRescueFM.total_DeploymentTime) < 31) || (sum(this/SearchAndRescueFM.total_DevelopmentTime) < 77) || (sum(this/SearchAndRescueFM.total_RampUpTime) < 43) || (sum(this/SearchAndRescueFM.total_cost) < 1000))
Feb 02, 2014 3:44:59 AM kodkod.multiobjective.algorithms.MultiObjectiveAlgorithm foundParetoPoint
FINE: Found Pareto point with values: [31, 77, 43, 1000]
Feb 02, 2014 3:44:59 AM kodkod.multiobjective.algorithms.CheckpointedGuidedImprovementAlgorithm multiObjectiveSolveImpl
FINE: Found Pareto point with values: [31, 77, 43, 1000]
Feb 02, 2014 3:45:11 AM kodkod.multiobjective.algorithms.CheckpointedGuidedImprovementAlgorithm multiObjectiveSolveImpl
FINE: Found a solution. At time: 117, Improving on [33, 76, 47, 1000]
Feb 02, 2014 3:45:11 AM kodkod.multiobjective.MetricPoint parametrizedImprovementConstraints
FINE: Possible Improvements are conjunction of 
	(sum(this/SearchAndRescueFM.total_DeploymentTime) <= 33)
	(sum(this/SearchAndRescueFM.total_DevelopmentTime) <= 76)
	(sum(this/SearchAndRescueFM.total_RampUpTime) <= 47)
	(sum(this/SearchAndRescueFM.total_cost) <= 1000)
	((sum(this/SearchAndRescueFM.total_DeploymentTime) < 33) || (sum(this/SearchAndRescueFM.total_DevelopmentTime) < 76) || (sum(this/SearchAndRescueFM.total_RampUpTime) < 47) || (sum(this/SearchAndRescueFM.total_cost) < 1000))
Feb 02, 2014 3:45:14 AM kodkod.multiobjective.algorithms.CheckpointedGuidedImprovementAlgorithm multiObjectiveSolveImpl
FINE: Found a solution. At time: 120, Improving on [33, 74, 46, 670]
Feb 02, 2014 3:45:14 AM kodkod.multiobjective.MetricPoint parametrizedImprovementConstraints
FINE: Possible Improvements are conjunction of 
	(sum(this/SearchAndRescueFM.total_DeploymentTime) <= 33)
	(sum(this/SearchAndRescueFM.total_DevelopmentTime) <= 74)
	(sum(this/SearchAndRescueFM.total_RampUpTime) <= 46)
	(sum(this/SearchAndRescueFM.total_cost) <= 670)
	((sum(this/SearchAndRescueFM.total_DeploymentTime) < 33) || (sum(this/SearchAndRescueFM.total_DevelopmentTime) < 74) || (sum(this/SearchAndRescueFM.total_RampUpTime) < 46) || (sum(this/SearchAndRescueFM.total_cost) < 670))
Feb 02, 2014 3:45:18 AM kodkod.multiobjective.algorithms.MultiObjectiveAlgorithm foundParetoPoint
FINE: Found Pareto point with values: [33, 74, 46, 670]
Feb 02, 2014 3:45:18 AM kodkod.multiobjective.algorithms.CheckpointedGuidedImprovementAlgorithm multiObjectiveSolveImpl
FINE: Found Pareto point with values: [33, 74, 46, 670]
Feb 02, 2014 3:45:26 AM kodkod.multiobjective.algorithms.CheckpointedGuidedImprovementAlgorithm multiObjectiveSolveImpl
FINE: Found a solution. At time: 132, Improving on [37, 73, 46, 1905]
Feb 02, 2014 3:45:26 AM kodkod.multiobjective.MetricPoint parametrizedImprovementConstraints
FINE: Possible Improvements are conjunction of 
	(sum(this/SearchAndRescueFM.total_DeploymentTime) <= 37)
	(sum(this/SearchAndRescueFM.total_DevelopmentTime) <= 73)
	(sum(this/SearchAndRescueFM.total_RampUpTime) <= 46)
	(sum(this/SearchAndRescueFM.total_cost) <= 1905)
	((sum(this/SearchAndRescueFM.total_DeploymentTime) < 37) || (sum(this/SearchAndRescueFM.total_DevelopmentTime) < 73) || (sum(this/SearchAndRescueFM.total_RampUpTime) < 46) || (sum(this/SearchAndRescueFM.total_cost) < 1905))
Feb 02, 2014 3:45:30 AM kodkod.multiobjective.algorithms.CheckpointedGuidedImprovementAlgorithm multiObjectiveSolveImpl
FINE: Found a solution. At time: 135, Improving on [37, 73, 46, 1900]
Feb 02, 2014 3:45:30 AM kodkod.multiobjective.MetricPoint parametrizedImprovementConstraints
FINE: Possible Improvements are conjunction of 
	(sum(this/SearchAndRescueFM.total_DeploymentTime) <= 37)
	(sum(this/SearchAndRescueFM.total_DevelopmentTime) <= 73)
	(sum(this/SearchAndRescueFM.total_RampUpTime) <= 46)
	(sum(this/SearchAndRescueFM.total_cost) <= 1900)
	((sum(this/SearchAndRescueFM.total_DeploymentTime) < 37) || (sum(this/SearchAndRescueFM.total_DevelopmentTime) < 73) || (sum(this/SearchAndRescueFM.total_RampUpTime) < 46) || (sum(this/SearchAndRescueFM.total_cost) < 1900))
Feb 02, 2014 3:45:33 AM kodkod.multiobjective.algorithms.CheckpointedGuidedImprovementAlgorithm multiObjectiveSolveImpl
FINE: Found a solution. At time: 139, Improving on [33, 73, 46, 1000]
Feb 02, 2014 3:45:33 AM kodkod.multiobjective.MetricPoint parametrizedImprovementConstraints
FINE: Possible Improvements are conjunction of 
	(sum(this/SearchAndRescueFM.total_DeploymentTime) <= 33)
	(sum(this/SearchAndRescueFM.total_DevelopmentTime) <= 73)
	(sum(this/SearchAndRescueFM.total_RampUpTime) <= 46)
	(sum(this/SearchAndRescueFM.total_cost) <= 1000)
	((sum(this/SearchAndRescueFM.total_DeploymentTime) < 33) || (sum(this/SearchAndRescueFM.total_DevelopmentTime) < 73) || (sum(this/SearchAndRescueFM.total_RampUpTime) < 46) || (sum(this/SearchAndRescueFM.total_cost) < 1000))
Feb 02, 2014 3:45:36 AM kodkod.multiobjective.algorithms.MultiObjectiveAlgorithm foundParetoPoint
FINE: Found Pareto point with values: [33, 73, 46, 1000]
Feb 02, 2014 3:45:36 AM kodkod.multiobjective.algorithms.CheckpointedGuidedImprovementAlgorithm multiObjectiveSolveImpl
FINE: Found Pareto point with values: [33, 73, 46, 1000]
Feb 02, 2014 3:45:47 AM kodkod.multiobjective.algorithms.CheckpointedGuidedImprovementAlgorithm multiObjectiveSolveImpl
FINE: Found a solution. At time: 153, Improving on [36, 75, 44, 1905]
Feb 02, 2014 3:45:47 AM kodkod.multiobjective.MetricPoint parametrizedImprovementConstraints
FINE: Possible Improvements are conjunction of 
	(sum(this/SearchAndRescueFM.total_DeploymentTime) <= 36)
	(sum(this/SearchAndRescueFM.total_DevelopmentTime) <= 75)
	(sum(this/SearchAndRescueFM.total_RampUpTime) <= 44)
	(sum(this/SearchAndRescueFM.total_cost) <= 1905)
	((sum(this/SearchAndRescueFM.total_DeploymentTime) < 36) || (sum(this/SearchAndRescueFM.total_DevelopmentTime) < 75) || (sum(this/SearchAndRescueFM.total_RampUpTime) < 44) || (sum(this/SearchAndRescueFM.total_cost) < 1905))
Feb 02, 2014 3:45:50 AM kodkod.multiobjective.algorithms.CheckpointedGuidedImprovementAlgorithm multiObjectiveSolveImpl
FINE: Found a solution. At time: 156, Improving on [36, 75, 44, 1900]
Feb 02, 2014 3:45:50 AM kodkod.multiobjective.MetricPoint parametrizedImprovementConstraints
FINE: Possible Improvements are conjunction of 
	(sum(this/SearchAndRescueFM.total_DeploymentTime) <= 36)
	(sum(this/SearchAndRescueFM.total_DevelopmentTime) <= 75)
	(sum(this/SearchAndRescueFM.total_RampUpTime) <= 44)
	(sum(this/SearchAndRescueFM.total_cost) <= 1900)
	((sum(this/SearchAndRescueFM.total_DeploymentTime) < 36) || (sum(this/SearchAndRescueFM.total_DevelopmentTime) < 75) || (sum(this/SearchAndRescueFM.total_RampUpTime) < 44) || (sum(this/SearchAndRescueFM.total_cost) < 1900))
Feb 02, 2014 3:45:54 AM kodkod.multiobjective.algorithms.CheckpointedGuidedImprovementAlgorithm multiObjectiveSolveImpl
FINE: Found a solution. At time: 159, Improving on [34, 75, 44, 675]
Feb 02, 2014 3:45:54 AM kodkod.multiobjective.MetricPoint parametrizedImprovementConstraints
FINE: Possible Improvements are conjunction of 
	(sum(this/SearchAndRescueFM.total_DeploymentTime) <= 34)
	(sum(this/SearchAndRescueFM.total_DevelopmentTime) <= 75)
	(sum(this/SearchAndRescueFM.total_RampUpTime) <= 44)
	(sum(this/SearchAndRescueFM.total_cost) <= 675)
	((sum(this/SearchAndRescueFM.total_DeploymentTime) < 34) || (sum(this/SearchAndRescueFM.total_DevelopmentTime) < 75) || (sum(this/SearchAndRescueFM.total_RampUpTime) < 44) || (sum(this/SearchAndRescueFM.total_cost) < 675))
Feb 02, 2014 3:45:57 AM kodkod.multiobjective.algorithms.CheckpointedGuidedImprovementAlgorithm multiObjectiveSolveImpl
FINE: Found a solution. At time: 163, Improving on [34, 75, 44, 670]
Feb 02, 2014 3:45:57 AM kodkod.multiobjective.MetricPoint parametrizedImprovementConstraints
FINE: Possible Improvements are conjunction of 
	(sum(this/SearchAndRescueFM.total_DeploymentTime) <= 34)
	(sum(this/SearchAndRescueFM.total_DevelopmentTime) <= 75)
	(sum(this/SearchAndRescueFM.total_RampUpTime) <= 44)
	(sum(this/SearchAndRescueFM.total_cost) <= 670)
	((sum(this/SearchAndRescueFM.total_DeploymentTime) < 34) || (sum(this/SearchAndRescueFM.total_DevelopmentTime) < 75) || (sum(this/SearchAndRescueFM.total_RampUpTime) < 44) || (sum(this/SearchAndRescueFM.total_cost) < 670))
Feb 02, 2014 3:46:00 AM kodkod.multiobjective.algorithms.MultiObjectiveAlgorithm foundParetoPoint
FINE: Found Pareto point with values: [34, 75, 44, 670]
Feb 02, 2014 3:46:00 AM kodkod.multiobjective.algorithms.CheckpointedGuidedImprovementAlgorithm multiObjectiveSolveImpl
FINE: Found Pareto point with values: [34, 75, 44, 670]
Feb 02, 2014 3:46:13 AM kodkod.multiobjective.algorithms.CheckpointedGuidedImprovementAlgorithm multiObjectiveSolveImpl
FINE: Found a solution. At time: 179, Improving on [34, 72, 48, 675]
Feb 02, 2014 3:46:13 AM kodkod.multiobjective.MetricPoint parametrizedImprovementConstraints
FINE: Possible Improvements are conjunction of 
	(sum(this/SearchAndRescueFM.total_DeploymentTime) <= 34)
	(sum(this/SearchAndRescueFM.total_DevelopmentTime) <= 72)
	(sum(this/SearchAndRescueFM.total_RampUpTime) <= 48)
	(sum(this/SearchAndRescueFM.total_cost) <= 675)
	((sum(this/SearchAndRescueFM.total_DeploymentTime) < 34) || (sum(this/SearchAndRescueFM.total_DevelopmentTime) < 72) || (sum(this/SearchAndRescueFM.total_RampUpTime) < 48) || (sum(this/SearchAndRescueFM.total_cost) < 675))
Feb 02, 2014 3:46:16 AM kodkod.multiobjective.algorithms.CheckpointedGuidedImprovementAlgorithm multiObjectiveSolveImpl
FINE: Found a solution. At time: 182, Improving on [34, 72, 48, 670]
Feb 02, 2014 3:46:16 AM kodkod.multiobjective.MetricPoint parametrizedImprovementConstraints
FINE: Possible Improvements are conjunction of 
	(sum(this/SearchAndRescueFM.total_DeploymentTime) <= 34)
	(sum(this/SearchAndRescueFM.total_DevelopmentTime) <= 72)
	(sum(this/SearchAndRescueFM.total_RampUpTime) <= 48)
	(sum(this/SearchAndRescueFM.total_cost) <= 670)
	((sum(this/SearchAndRescueFM.total_DeploymentTime) < 34) || (sum(this/SearchAndRescueFM.total_DevelopmentTime) < 72) || (sum(this/SearchAndRescueFM.total_RampUpTime) < 48) || (sum(this/SearchAndRescueFM.total_cost) < 670))
Feb 02, 2014 3:46:19 AM kodkod.multiobjective.algorithms.MultiObjectiveAlgorithm foundParetoPoint
FINE: Found Pareto point with values: [34, 72, 48, 670]
Feb 02, 2014 3:46:19 AM kodkod.multiobjective.algorithms.CheckpointedGuidedImprovementAlgorithm multiObjectiveSolveImpl
FINE: Found Pareto point with values: [34, 72, 48, 670]
Feb 02, 2014 3:46:28 AM kodkod.multiobjective.algorithms.CheckpointedGuidedImprovementAlgorithm multiObjectiveSolveImpl
FINE: Found a solution. At time: 194, Improving on [36, 73, 47, 685]
Feb 02, 2014 3:46:28 AM kodkod.multiobjective.MetricPoint parametrizedImprovementConstraints
FINE: Possible Improvements are conjunction of 
	(sum(this/SearchAndRescueFM.total_DeploymentTime) <= 36)
	(sum(this/SearchAndRescueFM.total_DevelopmentTime) <= 73)
	(sum(this/SearchAndRescueFM.total_RampUpTime) <= 47)
	(sum(this/SearchAndRescueFM.total_cost) <= 685)
	((sum(this/SearchAndRescueFM.total_DeploymentTime) < 36) || (sum(this/SearchAndRescueFM.total_DevelopmentTime) < 73) || (sum(this/SearchAndRescueFM.total_RampUpTime) < 47) || (sum(this/SearchAndRescueFM.total_cost) < 685))
Feb 02, 2014 3:46:31 AM kodkod.multiobjective.algorithms.CheckpointedGuidedImprovementAlgorithm multiObjectiveSolveImpl
FINE: Found a solution. At time: 197, Improving on [36, 73, 47, 680]
Feb 02, 2014 3:46:31 AM kodkod.multiobjective.MetricPoint parametrizedImprovementConstraints
FINE: Possible Improvements are conjunction of 
	(sum(this/SearchAndRescueFM.total_DeploymentTime) <= 36)
	(sum(this/SearchAndRescueFM.total_DevelopmentTime) <= 73)
	(sum(this/SearchAndRescueFM.total_RampUpTime) <= 47)
	(sum(this/SearchAndRescueFM.total_cost) <= 680)
	((sum(this/SearchAndRescueFM.total_DeploymentTime) < 36) || (sum(this/SearchAndRescueFM.total_DevelopmentTime) < 73) || (sum(this/SearchAndRescueFM.total_RampUpTime) < 47) || (sum(this/SearchAndRescueFM.total_cost) < 680))
Feb 02, 2014 3:46:35 AM kodkod.multiobjective.algorithms.CheckpointedGuidedImprovementAlgorithm multiObjectiveSolveImpl
FINE: Found a solution. At time: 201, Improving on [35, 73, 46, 675]
Feb 02, 2014 3:46:35 AM kodkod.multiobjective.MetricPoint parametrizedImprovementConstraints
FINE: Possible Improvements are conjunction of 
	(sum(this/SearchAndRescueFM.total_DeploymentTime) <= 35)
	(sum(this/SearchAndRescueFM.total_DevelopmentTime) <= 73)
	(sum(this/SearchAndRescueFM.total_RampUpTime) <= 46)
	(sum(this/SearchAndRescueFM.total_cost) <= 675)
	((sum(this/SearchAndRescueFM.total_DeploymentTime) < 35) || (sum(this/SearchAndRescueFM.total_DevelopmentTime) < 73) || (sum(this/SearchAndRescueFM.total_RampUpTime) < 46) || (sum(this/SearchAndRescueFM.total_cost) < 675))
Feb 02, 2014 3:46:38 AM kodkod.multiobjective.algorithms.CheckpointedGuidedImprovementAlgorithm multiObjectiveSolveImpl
FINE: Found a solution. At time: 204, Improving on [35, 73, 46, 670]
Feb 02, 2014 3:46:38 AM kodkod.multiobjective.MetricPoint parametrizedImprovementConstraints
FINE: Possible Improvements are conjunction of 
	(sum(this/SearchAndRescueFM.total_DeploymentTime) <= 35)
	(sum(this/SearchAndRescueFM.total_DevelopmentTime) <= 73)
	(sum(this/SearchAndRescueFM.total_RampUpTime) <= 46)
	(sum(this/SearchAndRescueFM.total_cost) <= 670)
	((sum(this/SearchAndRescueFM.total_DeploymentTime) < 35) || (sum(this/SearchAndRescueFM.total_DevelopmentTime) < 73) || (sum(this/SearchAndRescueFM.total_RampUpTime) < 46) || (sum(this/SearchAndRescueFM.total_cost) < 670))
Feb 02, 2014 3:46:41 AM kodkod.multiobjective.algorithms.MultiObjectiveAlgorithm foundParetoPoint
FINE: Found Pareto point with values: [35, 73, 46, 670]
Feb 02, 2014 3:46:41 AM kodkod.multiobjective.algorithms.CheckpointedGuidedImprovementAlgorithm multiObjectiveSolveImpl
FINE: Found Pareto point with values: [35, 73, 46, 670]
Feb 02, 2014 3:46:53 AM kodkod.multiobjective.algorithms.CheckpointedGuidedImprovementAlgorithm multiObjectiveSolveImpl
FINE: Found a solution. At time: 219, Improving on [30, 88, 47, 925]
Feb 02, 2014 3:46:53 AM kodkod.multiobjective.MetricPoint parametrizedImprovementConstraints
FINE: Possible Improvements are conjunction of 
	(sum(this/SearchAndRescueFM.total_DeploymentTime) <= 30)
	(sum(this/SearchAndRescueFM.total_DevelopmentTime) <= 88)
	(sum(this/SearchAndRescueFM.total_RampUpTime) <= 47)
	(sum(this/SearchAndRescueFM.total_cost) <= 925)
	((sum(this/SearchAndRescueFM.total_DeploymentTime) < 30) || (sum(this/SearchAndRescueFM.total_DevelopmentTime) < 88) || (sum(this/SearchAndRescueFM.total_RampUpTime) < 47) || (sum(this/SearchAndRescueFM.total_cost) < 925))
Feb 02, 2014 3:46:57 AM kodkod.multiobjective.algorithms.CheckpointedGuidedImprovementAlgorithm multiObjectiveSolveImpl
FINE: Found a solution. At time: 222, Improving on [30, 88, 47, 920]
Feb 02, 2014 3:46:57 AM kodkod.multiobjective.MetricPoint parametrizedImprovementConstraints
FINE: Possible Improvements are conjunction of 
	(sum(this/SearchAndRescueFM.total_DeploymentTime) <= 30)
	(sum(this/SearchAndRescueFM.total_DevelopmentTime) <= 88)
	(sum(this/SearchAndRescueFM.total_RampUpTime) <= 47)
	(sum(this/SearchAndRescueFM.total_cost) <= 920)
	((sum(this/SearchAndRescueFM.total_DeploymentTime) < 30) || (sum(this/SearchAndRescueFM.total_DevelopmentTime) < 88) || (sum(this/SearchAndRescueFM.total_RampUpTime) < 47) || (sum(this/SearchAndRescueFM.total_cost) < 920))
Feb 02, 2014 3:47:00 AM kodkod.multiobjective.algorithms.CheckpointedGuidedImprovementAlgorithm multiObjectiveSolveImpl
FINE: Found a solution. At time: 226, Improving on [30, 85, 46, 920]
Feb 02, 2014 3:47:00 AM kodkod.multiobjective.MetricPoint parametrizedImprovementConstraints
FINE: Possible Improvements are conjunction of 
	(sum(this/SearchAndRescueFM.total_DeploymentTime) <= 30)
	(sum(this/SearchAndRescueFM.total_DevelopmentTime) <= 85)
	(sum(this/SearchAndRescueFM.total_RampUpTime) <= 46)
	(sum(this/SearchAndRescueFM.total_cost) <= 920)
	((sum(this/SearchAndRescueFM.total_DeploymentTime) < 30) || (sum(this/SearchAndRescueFM.total_DevelopmentTime) < 85) || (sum(this/SearchAndRescueFM.total_RampUpTime) < 46) || (sum(this/SearchAndRescueFM.total_cost) < 920))
Feb 02, 2014 3:47:03 AM kodkod.multiobjective.algorithms.MultiObjectiveAlgorithm foundParetoPoint
FINE: Found Pareto point with values: [30, 85, 46, 920]
Feb 02, 2014 3:47:03 AM kodkod.multiobjective.algorithms.CheckpointedGuidedImprovementAlgorithm multiObjectiveSolveImpl
FINE: Found Pareto point with values: [30, 85, 46, 920]
Feb 02, 2014 3:47:13 AM kodkod.multiobjective.algorithms.CheckpointedGuidedImprovementAlgorithm multiObjectiveSolveImpl
FINE: Found a solution. At time: 239, Improving on [29, 90, 46, 920]
Feb 02, 2014 3:47:13 AM kodkod.multiobjective.MetricPoint parametrizedImprovementConstraints
FINE: Possible Improvements are conjunction of 
	(sum(this/SearchAndRescueFM.total_DeploymentTime) <= 29)
	(sum(this/SearchAndRescueFM.total_DevelopmentTime) <= 90)
	(sum(this/SearchAndRescueFM.total_RampUpTime) <= 46)
	(sum(this/SearchAndRescueFM.total_cost) <= 920)
	((sum(this/SearchAndRescueFM.total_DeploymentTime) < 29) || (sum(this/SearchAndRescueFM.total_DevelopmentTime) < 90) || (sum(this/SearchAndRescueFM.total_RampUpTime) < 46) || (sum(this/SearchAndRescueFM.total_cost) < 920))
Feb 02, 2014 3:47:17 AM kodkod.multiobjective.algorithms.CheckpointedGuidedImprovementAlgorithm multiObjectiveSolveImpl
FINE: Found a solution. At time: 243, Improving on [29, 87, 45, 920]
Feb 02, 2014 3:47:17 AM kodkod.multiobjective.MetricPoint parametrizedImprovementConstraints
FINE: Possible Improvements are conjunction of 
	(sum(this/SearchAndRescueFM.total_DeploymentTime) <= 29)
	(sum(this/SearchAndRescueFM.total_DevelopmentTime) <= 87)
	(sum(this/SearchAndRescueFM.total_RampUpTime) <= 45)
	(sum(this/SearchAndRescueFM.total_cost) <= 920)
	((sum(this/SearchAndRescueFM.total_DeploymentTime) < 29) || (sum(this/SearchAndRescueFM.total_DevelopmentTime) < 87) || (sum(this/SearchAndRescueFM.total_RampUpTime) < 45) || (sum(this/SearchAndRescueFM.total_cost) < 920))
Feb 02, 2014 3:47:20 AM kodkod.multiobjective.algorithms.MultiObjectiveAlgorithm foundParetoPoint
FINE: Found Pareto point with values: [29, 87, 45, 920]
Feb 02, 2014 3:47:20 AM kodkod.multiobjective.algorithms.CheckpointedGuidedImprovementAlgorithm multiObjectiveSolveImpl
FINE: Found Pareto point with values: [29, 87, 45, 920]
Feb 02, 2014 3:47:28 AM kodkod.multiobjective.algorithms.CheckpointedGuidedImprovementAlgorithm multiObjectiveSolveImpl
FINE: Found a solution. At time: 254, Improving on [31, 92, 48, 590]
Feb 02, 2014 3:47:28 AM kodkod.multiobjective.MetricPoint parametrizedImprovementConstraints
FINE: Possible Improvements are conjunction of 
	(sum(this/SearchAndRescueFM.total_DeploymentTime) <= 31)
	(sum(this/SearchAndRescueFM.total_DevelopmentTime) <= 92)
	(sum(this/SearchAndRescueFM.total_RampUpTime) <= 48)
	(sum(this/SearchAndRescueFM.total_cost) <= 590)
	((sum(this/SearchAndRescueFM.total_DeploymentTime) < 31) || (sum(this/SearchAndRescueFM.total_DevelopmentTime) < 92) || (sum(this/SearchAndRescueFM.total_RampUpTime) < 48) || (sum(this/SearchAndRescueFM.total_cost) < 590))
Feb 02, 2014 3:47:32 AM kodkod.multiobjective.algorithms.CheckpointedGuidedImprovementAlgorithm multiObjectiveSolveImpl
FINE: Found a solution. At time: 258, Improving on [31, 90, 46, 590]
Feb 02, 2014 3:47:32 AM kodkod.multiobjective.MetricPoint parametrizedImprovementConstraints
FINE: Possible Improvements are conjunction of 
	(sum(this/SearchAndRescueFM.total_DeploymentTime) <= 31)
	(sum(this/SearchAndRescueFM.total_DevelopmentTime) <= 90)
	(sum(this/SearchAndRescueFM.total_RampUpTime) <= 46)
	(sum(this/SearchAndRescueFM.total_cost) <= 590)
	((sum(this/SearchAndRescueFM.total_DeploymentTime) < 31) || (sum(this/SearchAndRescueFM.total_DevelopmentTime) < 90) || (sum(this/SearchAndRescueFM.total_RampUpTime) < 46) || (sum(this/SearchAndRescueFM.total_cost) < 590))
Feb 02, 2014 3:47:35 AM kodkod.multiobjective.algorithms.CheckpointedGuidedImprovementAlgorithm multiObjectiveSolveImpl
FINE: Found a solution. At time: 261, Improving on [31, 87, 45, 590]
Feb 02, 2014 3:47:35 AM kodkod.multiobjective.MetricPoint parametrizedImprovementConstraints
FINE: Possible Improvements are conjunction of 
	(sum(this/SearchAndRescueFM.total_DeploymentTime) <= 31)
	(sum(this/SearchAndRescueFM.total_DevelopmentTime) <= 87)
	(sum(this/SearchAndRescueFM.total_RampUpTime) <= 45)
	(sum(this/SearchAndRescueFM.total_cost) <= 590)
	((sum(this/SearchAndRescueFM.total_DeploymentTime) < 31) || (sum(this/SearchAndRescueFM.total_DevelopmentTime) < 87) || (sum(this/SearchAndRescueFM.total_RampUpTime) < 45) || (sum(this/SearchAndRescueFM.total_cost) < 590))
Feb 02, 2014 3:47:39 AM kodkod.multiobjective.algorithms.MultiObjectiveAlgorithm foundParetoPoint
FINE: Found Pareto point with values: [31, 87, 45, 590]
Feb 02, 2014 3:47:39 AM kodkod.multiobjective.algorithms.CheckpointedGuidedImprovementAlgorithm multiObjectiveSolveImpl
FINE: Found Pareto point with values: [31, 87, 45, 590]
Feb 02, 2014 3:47:49 AM kodkod.multiobjective.algorithms.CheckpointedGuidedImprovementAlgorithm multiObjectiveSolveImpl
FINE: Found a solution. At time: 275, Improving on [34, 79, 43, 675]
Feb 02, 2014 3:47:49 AM kodkod.multiobjective.MetricPoint parametrizedImprovementConstraints
FINE: Possible Improvements are conjunction of 
	(sum(this/SearchAndRescueFM.total_DeploymentTime) <= 34)
	(sum(this/SearchAndRescueFM.total_DevelopmentTime) <= 79)
	(sum(this/SearchAndRescueFM.total_RampUpTime) <= 43)
	(sum(this/SearchAndRescueFM.total_cost) <= 675)
	((sum(this/SearchAndRescueFM.total_DeploymentTime) < 34) || (sum(this/SearchAndRescueFM.total_DevelopmentTime) < 79) || (sum(this/SearchAndRescueFM.total_RampUpTime) < 43) || (sum(this/SearchAndRescueFM.total_cost) < 675))
Feb 02, 2014 3:47:52 AM kodkod.multiobjective.algorithms.CheckpointedGuidedImprovementAlgorithm multiObjectiveSolveImpl
FINE: Found a solution. At time: 278, Improving on [34, 79, 43, 670]
Feb 02, 2014 3:47:52 AM kodkod.multiobjective.MetricPoint parametrizedImprovementConstraints
FINE: Possible Improvements are conjunction of 
	(sum(this/SearchAndRescueFM.total_DeploymentTime) <= 34)
	(sum(this/SearchAndRescueFM.total_DevelopmentTime) <= 79)
	(sum(this/SearchAndRescueFM.total_RampUpTime) <= 43)
	(sum(this/SearchAndRescueFM.total_cost) <= 670)
	((sum(this/SearchAndRescueFM.total_DeploymentTime) < 34) || (sum(this/SearchAndRescueFM.total_DevelopmentTime) < 79) || (sum(this/SearchAndRescueFM.total_RampUpTime) < 43) || (sum(this/SearchAndRescueFM.total_cost) < 670))
Feb 02, 2014 3:47:56 AM kodkod.multiobjective.algorithms.CheckpointedGuidedImprovementAlgorithm multiObjectiveSolveImpl
FINE: Found a solution. At time: 282, Improving on [33, 77, 43, 670]
Feb 02, 2014 3:47:56 AM kodkod.multiobjective.MetricPoint parametrizedImprovementConstraints
FINE: Possible Improvements are conjunction of 
	(sum(this/SearchAndRescueFM.total_DeploymentTime) <= 33)
	(sum(this/SearchAndRescueFM.total_DevelopmentTime) <= 77)
	(sum(this/SearchAndRescueFM.total_RampUpTime) <= 43)
	(sum(this/SearchAndRescueFM.total_cost) <= 670)
	((sum(this/SearchAndRescueFM.total_DeploymentTime) < 33) || (sum(this/SearchAndRescueFM.total_DevelopmentTime) < 77) || (sum(this/SearchAndRescueFM.total_RampUpTime) < 43) || (sum(this/SearchAndRescueFM.total_cost) < 670))
Feb 02, 2014 3:47:59 AM kodkod.multiobjective.algorithms.MultiObjectiveAlgorithm foundParetoPoint
FINE: Found Pareto point with values: [33, 77, 43, 670]
Feb 02, 2014 3:47:59 AM kodkod.multiobjective.algorithms.CheckpointedGuidedImprovementAlgorithm multiObjectiveSolveImpl
FINE: Found Pareto point with values: [33, 77, 43, 670]
Feb 02, 2014 3:48:09 AM kodkod.multiobjective.algorithms.CheckpointedGuidedImprovementAlgorithm multiObjectiveSolveImpl
FINE: Found a solution. At time: 295, Improving on [34, 83, 49, 605]
Feb 02, 2014 3:48:09 AM kodkod.multiobjective.MetricPoint parametrizedImprovementConstraints
FINE: Possible Improvements are conjunction of 
	(sum(this/SearchAndRescueFM.total_DeploymentTime) <= 34)
	(sum(this/SearchAndRescueFM.total_DevelopmentTime) <= 83)
	(sum(this/SearchAndRescueFM.total_RampUpTime) <= 49)
	(sum(this/SearchAndRescueFM.total_cost) <= 605)
	((sum(this/SearchAndRescueFM.total_DeploymentTime) < 34) || (sum(this/SearchAndRescueFM.total_DevelopmentTime) < 83) || (sum(this/SearchAndRescueFM.total_RampUpTime) < 49) || (sum(this/SearchAndRescueFM.total_cost) < 605))
Feb 02, 2014 3:48:13 AM kodkod.multiobjective.algorithms.CheckpointedGuidedImprovementAlgorithm multiObjectiveSolveImpl
FINE: Found a solution. At time: 299, Improving on [34, 83, 49, 600]
Feb 02, 2014 3:48:13 AM kodkod.multiobjective.MetricPoint parametrizedImprovementConstraints
FINE: Possible Improvements are conjunction of 
	(sum(this/SearchAndRescueFM.total_DeploymentTime) <= 34)
	(sum(this/SearchAndRescueFM.total_DevelopmentTime) <= 83)
	(sum(this/SearchAndRescueFM.total_RampUpTime) <= 49)
	(sum(this/SearchAndRescueFM.total_cost) <= 600)
	((sum(this/SearchAndRescueFM.total_DeploymentTime) < 34) || (sum(this/SearchAndRescueFM.total_DevelopmentTime) < 83) || (sum(this/SearchAndRescueFM.total_RampUpTime) < 49) || (sum(this/SearchAndRescueFM.total_cost) < 600))
Feb 02, 2014 3:48:16 AM kodkod.multiobjective.algorithms.CheckpointedGuidedImprovementAlgorithm multiObjectiveSolveImpl
FINE: Found a solution. At time: 302, Improving on [33, 83, 48, 595]
Feb 02, 2014 3:48:16 AM kodkod.multiobjective.MetricPoint parametrizedImprovementConstraints
FINE: Possible Improvements are conjunction of 
	(sum(this/SearchAndRescueFM.total_DeploymentTime) <= 33)
	(sum(this/SearchAndRescueFM.total_DevelopmentTime) <= 83)
	(sum(this/SearchAndRescueFM.total_RampUpTime) <= 48)
	(sum(this/SearchAndRescueFM.total_cost) <= 595)
	((sum(this/SearchAndRescueFM.total_DeploymentTime) < 33) || (sum(this/SearchAndRescueFM.total_DevelopmentTime) < 83) || (sum(this/SearchAndRescueFM.total_RampUpTime) < 48) || (sum(this/SearchAndRescueFM.total_cost) < 595))
Feb 02, 2014 3:48:20 AM kodkod.multiobjective.algorithms.CheckpointedGuidedImprovementAlgorithm multiObjectiveSolveImpl
FINE: Found a solution. At time: 306, Improving on [33, 83, 48, 590]
Feb 02, 2014 3:48:20 AM kodkod.multiobjective.MetricPoint parametrizedImprovementConstraints
FINE: Possible Improvements are conjunction of 
	(sum(this/SearchAndRescueFM.total_DeploymentTime) <= 33)
	(sum(this/SearchAndRescueFM.total_DevelopmentTime) <= 83)
	(sum(this/SearchAndRescueFM.total_RampUpTime) <= 48)
	(sum(this/SearchAndRescueFM.total_cost) <= 590)
	((sum(this/SearchAndRescueFM.total_DeploymentTime) < 33) || (sum(this/SearchAndRescueFM.total_DevelopmentTime) < 83) || (sum(this/SearchAndRescueFM.total_RampUpTime) < 48) || (sum(this/SearchAndRescueFM.total_cost) < 590))
Feb 02, 2014 3:48:23 AM kodkod.multiobjective.algorithms.MultiObjectiveAlgorithm foundParetoPoint
FINE: Found Pareto point with values: [33, 83, 48, 590]
Feb 02, 2014 3:48:23 AM kodkod.multiobjective.algorithms.CheckpointedGuidedImprovementAlgorithm multiObjectiveSolveImpl
FINE: Found Pareto point with values: [33, 83, 48, 590]
Feb 02, 2014 3:48:35 AM kodkod.multiobjective.algorithms.CheckpointedGuidedImprovementAlgorithm multiObjectiveSolveImpl
FINE: Found a solution. At time: 321, Improving on [31, 83, 48, 925]
Feb 02, 2014 3:48:35 AM kodkod.multiobjective.MetricPoint parametrizedImprovementConstraints
FINE: Possible Improvements are conjunction of 
	(sum(this/SearchAndRescueFM.total_DeploymentTime) <= 31)
	(sum(this/SearchAndRescueFM.total_DevelopmentTime) <= 83)
	(sum(this/SearchAndRescueFM.total_RampUpTime) <= 48)
	(sum(this/SearchAndRescueFM.total_cost) <= 925)
	((sum(this/SearchAndRescueFM.total_DeploymentTime) < 31) || (sum(this/SearchAndRescueFM.total_DevelopmentTime) < 83) || (sum(this/SearchAndRescueFM.total_RampUpTime) < 48) || (sum(this/SearchAndRescueFM.total_cost) < 925))
Feb 02, 2014 3:48:38 AM kodkod.multiobjective.algorithms.CheckpointedGuidedImprovementAlgorithm multiObjectiveSolveImpl
FINE: Found a solution. At time: 324, Improving on [31, 83, 48, 920]
Feb 02, 2014 3:48:38 AM kodkod.multiobjective.MetricPoint parametrizedImprovementConstraints
FINE: Possible Improvements are conjunction of 
	(sum(this/SearchAndRescueFM.total_DeploymentTime) <= 31)
	(sum(this/SearchAndRescueFM.total_DevelopmentTime) <= 83)
	(sum(this/SearchAndRescueFM.total_RampUpTime) <= 48)
	(sum(this/SearchAndRescueFM.total_cost) <= 920)
	((sum(this/SearchAndRescueFM.total_DeploymentTime) < 31) || (sum(this/SearchAndRescueFM.total_DevelopmentTime) < 83) || (sum(this/SearchAndRescueFM.total_RampUpTime) < 48) || (sum(this/SearchAndRescueFM.total_cost) < 920))
Feb 02, 2014 3:48:42 AM kodkod.multiobjective.algorithms.MultiObjectiveAlgorithm foundParetoPoint
FINE: Found Pareto point with values: [31, 83, 48, 920]
Feb 02, 2014 3:48:42 AM kodkod.multiobjective.algorithms.CheckpointedGuidedImprovementAlgorithm multiObjectiveSolveImpl
FINE: Found Pareto point with values: [31, 83, 48, 920]
Feb 02, 2014 3:48:50 AM kodkod.multiobjective.algorithms.CheckpointedGuidedImprovementAlgorithm multiObjectiveSolveImpl
FINE: Found a solution. At time: 336, Improving on [30, 86, 47, 595]
Feb 02, 2014 3:48:50 AM kodkod.multiobjective.MetricPoint parametrizedImprovementConstraints
FINE: Possible Improvements are conjunction of 
	(sum(this/SearchAndRescueFM.total_DeploymentTime) <= 30)
	(sum(this/SearchAndRescueFM.total_DevelopmentTime) <= 86)
	(sum(this/SearchAndRescueFM.total_RampUpTime) <= 47)
	(sum(this/SearchAndRescueFM.total_cost) <= 595)
	((sum(this/SearchAndRescueFM.total_DeploymentTime) < 30) || (sum(this/SearchAndRescueFM.total_DevelopmentTime) < 86) || (sum(this/SearchAndRescueFM.total_RampUpTime) < 47) || (sum(this/SearchAndRescueFM.total_cost) < 595))
Feb 02, 2014 3:48:54 AM kodkod.multiobjective.algorithms.CheckpointedGuidedImprovementAlgorithm multiObjectiveSolveImpl
FINE: Found a solution. At time: 340, Improving on [30, 86, 47, 590]
Feb 02, 2014 3:48:54 AM kodkod.multiobjective.MetricPoint parametrizedImprovementConstraints
FINE: Possible Improvements are conjunction of 
	(sum(this/SearchAndRescueFM.total_DeploymentTime) <= 30)
	(sum(this/SearchAndRescueFM.total_DevelopmentTime) <= 86)
	(sum(this/SearchAndRescueFM.total_RampUpTime) <= 47)
	(sum(this/SearchAndRescueFM.total_cost) <= 590)
	((sum(this/SearchAndRescueFM.total_DeploymentTime) < 30) || (sum(this/SearchAndRescueFM.total_DevelopmentTime) < 86) || (sum(this/SearchAndRescueFM.total_RampUpTime) < 47) || (sum(this/SearchAndRescueFM.total_cost) < 590))
Feb 02, 2014 3:48:57 AM kodkod.multiobjective.algorithms.MultiObjectiveAlgorithm foundParetoPoint
FINE: Found Pareto point with values: [30, 86, 47, 590]
Feb 02, 2014 3:48:57 AM kodkod.multiobjective.algorithms.CheckpointedGuidedImprovementAlgorithm multiObjectiveSolveImpl
FINE: Found Pareto point with values: [30, 86, 47, 590]
Feb 02, 2014 3:49:06 AM kodkod.multiobjective.algorithms.CheckpointedGuidedImprovementAlgorithm multiObjectiveSolveImpl
FINE: Found a solution. At time: 351, Improving on [28, 91, 50, 925]
Feb 02, 2014 3:49:06 AM kodkod.multiobjective.MetricPoint parametrizedImprovementConstraints
FINE: Possible Improvements are conjunction of 
	(sum(this/SearchAndRescueFM.total_DeploymentTime) <= 28)
	(sum(this/SearchAndRescueFM.total_DevelopmentTime) <= 91)
	(sum(this/SearchAndRescueFM.total_RampUpTime) <= 50)
	(sum(this/SearchAndRescueFM.total_cost) <= 925)
	((sum(this/SearchAndRescueFM.total_DeploymentTime) < 28) || (sum(this/SearchAndRescueFM.total_DevelopmentTime) < 91) || (sum(this/SearchAndRescueFM.total_RampUpTime) < 50) || (sum(this/SearchAndRescueFM.total_cost) < 925))
Feb 02, 2014 3:49:09 AM kodkod.multiobjective.algorithms.CheckpointedGuidedImprovementAlgorithm multiObjectiveSolveImpl
FINE: Found a solution. At time: 355, Improving on [28, 91, 50, 920]
Feb 02, 2014 3:49:09 AM kodkod.multiobjective.MetricPoint parametrizedImprovementConstraints
FINE: Possible Improvements are conjunction of 
	(sum(this/SearchAndRescueFM.total_DeploymentTime) <= 28)
	(sum(this/SearchAndRescueFM.total_DevelopmentTime) <= 91)
	(sum(this/SearchAndRescueFM.total_RampUpTime) <= 50)
	(sum(this/SearchAndRescueFM.total_cost) <= 920)
	((sum(this/SearchAndRescueFM.total_DeploymentTime) < 28) || (sum(this/SearchAndRescueFM.total_DevelopmentTime) < 91) || (sum(this/SearchAndRescueFM.total_RampUpTime) < 50) || (sum(this/SearchAndRescueFM.total_cost) < 920))
Feb 02, 2014 3:49:12 AM kodkod.multiobjective.algorithms.CheckpointedGuidedImprovementAlgorithm multiObjectiveSolveImpl
FINE: Found a solution. At time: 358, Improving on [28, 86, 47, 920]
Feb 02, 2014 3:49:12 AM kodkod.multiobjective.MetricPoint parametrizedImprovementConstraints
FINE: Possible Improvements are conjunction of 
	(sum(this/SearchAndRescueFM.total_DeploymentTime) <= 28)
	(sum(this/SearchAndRescueFM.total_DevelopmentTime) <= 86)
	(sum(this/SearchAndRescueFM.total_RampUpTime) <= 47)
	(sum(this/SearchAndRescueFM.total_cost) <= 920)
	((sum(this/SearchAndRescueFM.total_DeploymentTime) < 28) || (sum(this/SearchAndRescueFM.total_DevelopmentTime) < 86) || (sum(this/SearchAndRescueFM.total_RampUpTime) < 47) || (sum(this/SearchAndRescueFM.total_cost) < 920))
Feb 02, 2014 3:49:16 AM kodkod.multiobjective.algorithms.MultiObjectiveAlgorithm foundParetoPoint
FINE: Found Pareto point with values: [28, 86, 47, 920]
Feb 02, 2014 3:49:16 AM kodkod.multiobjective.algorithms.CheckpointedGuidedImprovementAlgorithm multiObjectiveSolveImpl
FINE: Found Pareto point with values: [28, 86, 47, 920]
Feb 02, 2014 3:49:26 AM kodkod.multiobjective.algorithms.CheckpointedGuidedImprovementAlgorithm multiObjectiveSolveImpl
FINE: Found a solution. At time: 372, Improving on [29, 84, 49, 925]
Feb 02, 2014 3:49:26 AM kodkod.multiobjective.MetricPoint parametrizedImprovementConstraints
FINE: Possible Improvements are conjunction of 
	(sum(this/SearchAndRescueFM.total_DeploymentTime) <= 29)
	(sum(this/SearchAndRescueFM.total_DevelopmentTime) <= 84)
	(sum(this/SearchAndRescueFM.total_RampUpTime) <= 49)
	(sum(this/SearchAndRescueFM.total_cost) <= 925)
	((sum(this/SearchAndRescueFM.total_DeploymentTime) < 29) || (sum(this/SearchAndRescueFM.total_DevelopmentTime) < 84) || (sum(this/SearchAndRescueFM.total_RampUpTime) < 49) || (sum(this/SearchAndRescueFM.total_cost) < 925))
Feb 02, 2014 3:49:30 AM kodkod.multiobjective.algorithms.CheckpointedGuidedImprovementAlgorithm multiObjectiveSolveImpl
FINE: Found a solution. At time: 376, Improving on [29, 84, 49, 920]
Feb 02, 2014 3:49:30 AM kodkod.multiobjective.MetricPoint parametrizedImprovementConstraints
FINE: Possible Improvements are conjunction of 
	(sum(this/SearchAndRescueFM.total_DeploymentTime) <= 29)
	(sum(this/SearchAndRescueFM.total_DevelopmentTime) <= 84)
	(sum(this/SearchAndRescueFM.total_RampUpTime) <= 49)
	(sum(this/SearchAndRescueFM.total_cost) <= 920)
	((sum(this/SearchAndRescueFM.total_DeploymentTime) < 29) || (sum(this/SearchAndRescueFM.total_DevelopmentTime) < 84) || (sum(this/SearchAndRescueFM.total_RampUpTime) < 49) || (sum(this/SearchAndRescueFM.total_cost) < 920))
Feb 02, 2014 3:49:33 AM kodkod.multiobjective.algorithms.CheckpointedGuidedImprovementAlgorithm multiObjectiveSolveImpl
FINE: Found a solution. At time: 379, Improving on [29, 84, 48, 920]
Feb 02, 2014 3:49:33 AM kodkod.multiobjective.MetricPoint parametrizedImprovementConstraints
FINE: Possible Improvements are conjunction of 
	(sum(this/SearchAndRescueFM.total_DeploymentTime) <= 29)
	(sum(this/SearchAndRescueFM.total_DevelopmentTime) <= 84)
	(sum(this/SearchAndRescueFM.total_RampUpTime) <= 48)
	(sum(this/SearchAndRescueFM.total_cost) <= 920)
	((sum(this/SearchAndRescueFM.total_DeploymentTime) < 29) || (sum(this/SearchAndRescueFM.total_DevelopmentTime) < 84) || (sum(this/SearchAndRescueFM.total_RampUpTime) < 48) || (sum(this/SearchAndRescueFM.total_cost) < 920))
Feb 02, 2014 3:49:36 AM kodkod.multiobjective.algorithms.MultiObjectiveAlgorithm foundParetoPoint
FINE: Found Pareto point with values: [29, 84, 48, 920]
Feb 02, 2014 3:49:36 AM kodkod.multiobjective.algorithms.CheckpointedGuidedImprovementAlgorithm multiObjectiveSolveImpl
FINE: Found Pareto point with values: [29, 84, 48, 920]
Feb 02, 2014 3:49:47 AM kodkod.multiobjective.algorithms.CheckpointedGuidedImprovementAlgorithm multiObjectiveSolveImpl
FINE: Found a solution. At time: 392, Improving on [31, 84, 49, 590]
Feb 02, 2014 3:49:47 AM kodkod.multiobjective.MetricPoint parametrizedImprovementConstraints
FINE: Possible Improvements are conjunction of 
	(sum(this/SearchAndRescueFM.total_DeploymentTime) <= 31)
	(sum(this/SearchAndRescueFM.total_DevelopmentTime) <= 84)
	(sum(this/SearchAndRescueFM.total_RampUpTime) <= 49)
	(sum(this/SearchAndRescueFM.total_cost) <= 590)
	((sum(this/SearchAndRescueFM.total_DeploymentTime) < 31) || (sum(this/SearchAndRescueFM.total_DevelopmentTime) < 84) || (sum(this/SearchAndRescueFM.total_RampUpTime) < 49) || (sum(this/SearchAndRescueFM.total_cost) < 590))
Feb 02, 2014 3:49:50 AM kodkod.multiobjective.algorithms.CheckpointedGuidedImprovementAlgorithm multiObjectiveSolveImpl
FINE: Found a solution. At time: 396, Improving on [31, 84, 48, 590]
Feb 02, 2014 3:49:50 AM kodkod.multiobjective.MetricPoint parametrizedImprovementConstraints
FINE: Possible Improvements are conjunction of 
	(sum(this/SearchAndRescueFM.total_DeploymentTime) <= 31)
	(sum(this/SearchAndRescueFM.total_DevelopmentTime) <= 84)
	(sum(this/SearchAndRescueFM.total_RampUpTime) <= 48)
	(sum(this/SearchAndRescueFM.total_cost) <= 590)
	((sum(this/SearchAndRescueFM.total_DeploymentTime) < 31) || (sum(this/SearchAndRescueFM.total_DevelopmentTime) < 84) || (sum(this/SearchAndRescueFM.total_RampUpTime) < 48) || (sum(this/SearchAndRescueFM.total_cost) < 590))
Feb 02, 2014 3:49:53 AM kodkod.multiobjective.algorithms.MultiObjectiveAlgorithm foundParetoPoint
FINE: Found Pareto point with values: [31, 84, 48, 590]
Feb 02, 2014 3:49:53 AM kodkod.multiobjective.algorithms.CheckpointedGuidedImprovementAlgorithm multiObjectiveSolveImpl
FINE: Found Pareto point with values: [31, 84, 48, 590]
Feb 02, 2014 3:50:02 AM kodkod.multiobjective.algorithms.CheckpointedGuidedImprovementAlgorithm multiObjectiveSolveImpl
FINE: Found a solution. At time: 408, Improving on [30, 79, 46, 1000]
Feb 02, 2014 3:50:02 AM kodkod.multiobjective.MetricPoint parametrizedImprovementConstraints
FINE: Possible Improvements are conjunction of 
	(sum(this/SearchAndRescueFM.total_DeploymentTime) <= 30)
	(sum(this/SearchAndRescueFM.total_DevelopmentTime) <= 79)
	(sum(this/SearchAndRescueFM.total_RampUpTime) <= 46)
	(sum(this/SearchAndRescueFM.total_cost) <= 1000)
	((sum(this/SearchAndRescueFM.total_DeploymentTime) < 30) || (sum(this/SearchAndRescueFM.total_DevelopmentTime) < 79) || (sum(this/SearchAndRescueFM.total_RampUpTime) < 46) || (sum(this/SearchAndRescueFM.total_cost) < 1000))
Feb 02, 2014 3:50:05 AM kodkod.multiobjective.algorithms.CheckpointedGuidedImprovementAlgorithm multiObjectiveSolveImpl
FINE: Found a solution. At time: 411, Improving on [30, 76, 45, 1000]
Feb 02, 2014 3:50:05 AM kodkod.multiobjective.MetricPoint parametrizedImprovementConstraints
FINE: Possible Improvements are conjunction of 
	(sum(this/SearchAndRescueFM.total_DeploymentTime) <= 30)
	(sum(this/SearchAndRescueFM.total_DevelopmentTime) <= 76)
	(sum(this/SearchAndRescueFM.total_RampUpTime) <= 45)
	(sum(this/SearchAndRescueFM.total_cost) <= 1000)
	((sum(this/SearchAndRescueFM.total_DeploymentTime) < 30) || (sum(this/SearchAndRescueFM.total_DevelopmentTime) < 76) || (sum(this/SearchAndRescueFM.total_RampUpTime) < 45) || (sum(this/SearchAndRescueFM.total_cost) < 1000))
Feb 02, 2014 3:50:08 AM kodkod.multiobjective.algorithms.MultiObjectiveAlgorithm foundParetoPoint
FINE: Found Pareto point with values: [30, 76, 45, 1000]
Feb 02, 2014 3:50:08 AM kodkod.multiobjective.algorithms.CheckpointedGuidedImprovementAlgorithm multiObjectiveSolveImpl
FINE: Found Pareto point with values: [30, 76, 45, 1000]
Feb 02, 2014 3:50:17 AM kodkod.multiobjective.algorithms.CheckpointedGuidedImprovementAlgorithm multiObjectiveSolveImpl
FINE: Found a solution. At time: 423, Improving on [32, 79, 46, 675]
Feb 02, 2014 3:50:17 AM kodkod.multiobjective.MetricPoint parametrizedImprovementConstraints
FINE: Possible Improvements are conjunction of 
	(sum(this/SearchAndRescueFM.total_DeploymentTime) <= 32)
	(sum(this/SearchAndRescueFM.total_DevelopmentTime) <= 79)
	(sum(this/SearchAndRescueFM.total_RampUpTime) <= 46)
	(sum(this/SearchAndRescueFM.total_cost) <= 675)
	((sum(this/SearchAndRescueFM.total_DeploymentTime) < 32) || (sum(this/SearchAndRescueFM.total_DevelopmentTime) < 79) || (sum(this/SearchAndRescueFM.total_RampUpTime) < 46) || (sum(this/SearchAndRescueFM.total_cost) < 675))
Feb 02, 2014 3:50:20 AM kodkod.multiobjective.algorithms.CheckpointedGuidedImprovementAlgorithm multiObjectiveSolveImpl
FINE: Found a solution. At time: 426, Improving on [32, 79, 46, 670]
Feb 02, 2014 3:50:20 AM kodkod.multiobjective.MetricPoint parametrizedImprovementConstraints
FINE: Possible Improvements are conjunction of 
	(sum(this/SearchAndRescueFM.total_DeploymentTime) <= 32)
	(sum(this/SearchAndRescueFM.total_DevelopmentTime) <= 79)
	(sum(this/SearchAndRescueFM.total_RampUpTime) <= 46)
	(sum(this/SearchAndRescueFM.total_cost) <= 670)
	((sum(this/SearchAndRescueFM.total_DeploymentTime) < 32) || (sum(this/SearchAndRescueFM.total_DevelopmentTime) < 79) || (sum(this/SearchAndRescueFM.total_RampUpTime) < 46) || (sum(this/SearchAndRescueFM.total_cost) < 670))
Feb 02, 2014 3:50:24 AM kodkod.multiobjective.algorithms.CheckpointedGuidedImprovementAlgorithm multiObjectiveSolveImpl
FINE: Found a solution. At time: 430, Improving on [32, 76, 45, 670]
Feb 02, 2014 3:50:24 AM kodkod.multiobjective.MetricPoint parametrizedImprovementConstraints
FINE: Possible Improvements are conjunction of 
	(sum(this/SearchAndRescueFM.total_DeploymentTime) <= 32)
	(sum(this/SearchAndRescueFM.total_DevelopmentTime) <= 76)
	(sum(this/SearchAndRescueFM.total_RampUpTime) <= 45)
	(sum(this/SearchAndRescueFM.total_cost) <= 670)
	((sum(this/SearchAndRescueFM.total_DeploymentTime) < 32) || (sum(this/SearchAndRescueFM.total_DevelopmentTime) < 76) || (sum(this/SearchAndRescueFM.total_RampUpTime) < 45) || (sum(this/SearchAndRescueFM.total_cost) < 670))
Feb 02, 2014 3:50:27 AM kodkod.multiobjective.algorithms.MultiObjectiveAlgorithm foundParetoPoint
FINE: Found Pareto point with values: [32, 76, 45, 670]
Feb 02, 2014 3:50:27 AM kodkod.multiobjective.algorithms.CheckpointedGuidedImprovementAlgorithm multiObjectiveSolveImpl
FINE: Found Pareto point with values: [32, 76, 45, 670]
Feb 02, 2014 3:50:37 AM kodkod.multiobjective.algorithms.CheckpointedGuidedImprovementAlgorithm multiObjectiveSolveImpl
FINE: Found a solution. At time: 443, Improving on [32, 75, 49, 1005]
Feb 02, 2014 3:50:37 AM kodkod.multiobjective.MetricPoint parametrizedImprovementConstraints
FINE: Possible Improvements are conjunction of 
	(sum(this/SearchAndRescueFM.total_DeploymentTime) <= 32)
	(sum(this/SearchAndRescueFM.total_DevelopmentTime) <= 75)
	(sum(this/SearchAndRescueFM.total_RampUpTime) <= 49)
	(sum(this/SearchAndRescueFM.total_cost) <= 1005)
	((sum(this/SearchAndRescueFM.total_DeploymentTime) < 32) || (sum(this/SearchAndRescueFM.total_DevelopmentTime) < 75) || (sum(this/SearchAndRescueFM.total_RampUpTime) < 49) || (sum(this/SearchAndRescueFM.total_cost) < 1005))
Feb 02, 2014 3:50:40 AM kodkod.multiobjective.algorithms.CheckpointedGuidedImprovementAlgorithm multiObjectiveSolveImpl
FINE: Found a solution. At time: 446, Improving on [32, 75, 49, 1000]
Feb 02, 2014 3:50:40 AM kodkod.multiobjective.MetricPoint parametrizedImprovementConstraints
FINE: Possible Improvements are conjunction of 
	(sum(this/SearchAndRescueFM.total_DeploymentTime) <= 32)
	(sum(this/SearchAndRescueFM.total_DevelopmentTime) <= 75)
	(sum(this/SearchAndRescueFM.total_RampUpTime) <= 49)
	(sum(this/SearchAndRescueFM.total_cost) <= 1000)
	((sum(this/SearchAndRescueFM.total_DeploymentTime) < 32) || (sum(this/SearchAndRescueFM.total_DevelopmentTime) < 75) || (sum(this/SearchAndRescueFM.total_RampUpTime) < 49) || (sum(this/SearchAndRescueFM.total_cost) < 1000))
Feb 02, 2014 3:50:44 AM kodkod.multiobjective.algorithms.CheckpointedGuidedImprovementAlgorithm multiObjectiveSolveImpl
FINE: Found a solution. At time: 450, Improving on [32, 72, 48, 1000]
Feb 02, 2014 3:50:44 AM kodkod.multiobjective.MetricPoint parametrizedImprovementConstraints
FINE: Possible Improvements are conjunction of 
	(sum(this/SearchAndRescueFM.total_DeploymentTime) <= 32)
	(sum(this/SearchAndRescueFM.total_DevelopmentTime) <= 72)
	(sum(this/SearchAndRescueFM.total_RampUpTime) <= 48)
	(sum(this/SearchAndRescueFM.total_cost) <= 1000)
	((sum(this/SearchAndRescueFM.total_DeploymentTime) < 32) || (sum(this/SearchAndRescueFM.total_DevelopmentTime) < 72) || (sum(this/SearchAndRescueFM.total_RampUpTime) < 48) || (sum(this/SearchAndRescueFM.total_cost) < 1000))
Feb 02, 2014 3:50:47 AM kodkod.multiobjective.algorithms.MultiObjectiveAlgorithm foundParetoPoint
FINE: Found Pareto point with values: [32, 72, 48, 1000]
Feb 02, 2014 3:50:47 AM kodkod.multiobjective.algorithms.CheckpointedGuidedImprovementAlgorithm multiObjectiveSolveImpl
FINE: Found Pareto point with values: [32, 72, 48, 1000]
Feb 02, 2014 3:50:57 AM kodkod.multiobjective.algorithms.CheckpointedGuidedImprovementAlgorithm multiObjectiveSolveImpl
FINE: Found a solution. At time: 463, Improving on [32, 75, 44, 1000]
Feb 02, 2014 3:50:57 AM kodkod.multiobjective.MetricPoint parametrizedImprovementConstraints
FINE: Possible Improvements are conjunction of 
	(sum(this/SearchAndRescueFM.total_DeploymentTime) <= 32)
	(sum(this/SearchAndRescueFM.total_DevelopmentTime) <= 75)
	(sum(this/SearchAndRescueFM.total_RampUpTime) <= 44)
	(sum(this/SearchAndRescueFM.total_cost) <= 1000)
	((sum(this/SearchAndRescueFM.total_DeploymentTime) < 32) || (sum(this/SearchAndRescueFM.total_DevelopmentTime) < 75) || (sum(this/SearchAndRescueFM.total_RampUpTime) < 44) || (sum(this/SearchAndRescueFM.total_cost) < 1000))
Feb 02, 2014 3:51:00 AM kodkod.multiobjective.algorithms.MultiObjectiveAlgorithm foundParetoPoint
FINE: Found Pareto point with values: [32, 75, 44, 1000]
Feb 02, 2014 3:51:00 AM kodkod.multiobjective.algorithms.CheckpointedGuidedImprovementAlgorithm multiObjectiveSolveImpl
FINE: Found Pareto point with values: [32, 75, 44, 1000]
Feb 02, 2014 3:51:07 AM kodkod.multiobjective.algorithms.CheckpointedGuidedImprovementAlgorithm multiObjectiveSolveImpl
FINE: Found a solution. At time: 473, Improving on [30, 82, 50, 920]
Feb 02, 2014 3:51:07 AM kodkod.multiobjective.MetricPoint parametrizedImprovementConstraints
FINE: Possible Improvements are conjunction of 
	(sum(this/SearchAndRescueFM.total_DeploymentTime) <= 30)
	(sum(this/SearchAndRescueFM.total_DevelopmentTime) <= 82)
	(sum(this/SearchAndRescueFM.total_RampUpTime) <= 50)
	(sum(this/SearchAndRescueFM.total_cost) <= 920)
	((sum(this/SearchAndRescueFM.total_DeploymentTime) < 30) || (sum(this/SearchAndRescueFM.total_DevelopmentTime) < 82) || (sum(this/SearchAndRescueFM.total_RampUpTime) < 50) || (sum(this/SearchAndRescueFM.total_cost) < 920))
Feb 02, 2014 3:51:10 AM kodkod.multiobjective.algorithms.MultiObjectiveAlgorithm foundParetoPoint
FINE: Found Pareto point with values: [30, 82, 50, 920]
Feb 02, 2014 3:51:10 AM kodkod.multiobjective.algorithms.CheckpointedGuidedImprovementAlgorithm multiObjectiveSolveImpl
FINE: Found Pareto point with values: [30, 82, 50, 920]
Feb 02, 2014 3:51:17 AM kodkod.multiobjective.algorithms.CheckpointedGuidedImprovementAlgorithm multiObjectiveSolveImpl
FINE: Found a solution. At time: 483, Improving on [32, 82, 50, 590]
Feb 02, 2014 3:51:17 AM kodkod.multiobjective.MetricPoint parametrizedImprovementConstraints
FINE: Possible Improvements are conjunction of 
	(sum(this/SearchAndRescueFM.total_DeploymentTime) <= 32)
	(sum(this/SearchAndRescueFM.total_DevelopmentTime) <= 82)
	(sum(this/SearchAndRescueFM.total_RampUpTime) <= 50)
	(sum(this/SearchAndRescueFM.total_cost) <= 590)
	((sum(this/SearchAndRescueFM.total_DeploymentTime) < 32) || (sum(this/SearchAndRescueFM.total_DevelopmentTime) < 82) || (sum(this/SearchAndRescueFM.total_RampUpTime) < 50) || (sum(this/SearchAndRescueFM.total_cost) < 590))
Feb 02, 2014 3:51:20 AM kodkod.multiobjective.algorithms.MultiObjectiveAlgorithm foundParetoPoint
FINE: Found Pareto point with values: [32, 82, 50, 590]
Feb 02, 2014 3:51:20 AM kodkod.multiobjective.algorithms.CheckpointedGuidedImprovementAlgorithm multiObjectiveSolveImpl
FINE: Found Pareto point with values: [32, 82, 50, 590]
Feb 02, 2014 3:51:27 AM kodkod.multiobjective.algorithms.CheckpointedGuidedImprovementAlgorithm multiObjectiveSolveImpl
FINE: Found a solution. At time: 493, Improving on [31, 74, 46, 1000]
Feb 02, 2014 3:51:27 AM kodkod.multiobjective.MetricPoint parametrizedImprovementConstraints
FINE: Possible Improvements are conjunction of 
	(sum(this/SearchAndRescueFM.total_DeploymentTime) <= 31)
	(sum(this/SearchAndRescueFM.total_DevelopmentTime) <= 74)
	(sum(this/SearchAndRescueFM.total_RampUpTime) <= 46)
	(sum(this/SearchAndRescueFM.total_cost) <= 1000)
	((sum(this/SearchAndRescueFM.total_DeploymentTime) < 31) || (sum(this/SearchAndRescueFM.total_DevelopmentTime) < 74) || (sum(this/SearchAndRescueFM.total_RampUpTime) < 46) || (sum(this/SearchAndRescueFM.total_cost) < 1000))
Feb 02, 2014 3:51:30 AM kodkod.multiobjective.algorithms.MultiObjectiveAlgorithm foundParetoPoint
FINE: Found Pareto point with values: [31, 74, 46, 1000]
Feb 02, 2014 3:51:30 AM kodkod.multiobjective.algorithms.CheckpointedGuidedImprovementAlgorithm multiObjectiveSolveImpl
FINE: Found Pareto point with values: [31, 74, 46, 1000]
Feb 02, 2014 3:51:37 AM kodkod.multiobjective.algorithms.MultiObjectiveAlgorithm debugWriteStatistics
FINE: Solver statistics:
	# Sat Call: 69
	# Unsat Call: 25
	# Total Time in Sat Calls: 236793
	# Total Time in Sat Calls Solving: 4319
	# Total Time in Sat Calls Translating: 232474
	# Total Time in Unsat Calls: 74714
	# Total Time in Unsat Calls Solving: 452
	# Total Time in Unsat Calls Translating: 74262
	# Magnifier Sat Call: 0
	# Magnifier Unsat Call: 0
	# Total Time in Magnifier: 0
