Feb 01, 2014 9:36:32 PM kodkod.multiobjective.algorithms.CheckpointedGuidedImprovementAlgorithm multiObjectiveSolveImpl
FINE: Found a solution. At time: 9, Improving on [945]
Feb 01, 2014 9:36:32 PM kodkod.multiobjective.MetricPoint parametrizedImprovementConstraints
FINE: Possible Improvements are conjunction of 
	(sum(this/BerkeleyDbC.totalFootprint) <= 945)
	(sum(this/BerkeleyDbC.totalFootprint) < 945)
Feb 01, 2014 9:36:32 PM kodkod.multiobjective.algorithms.MultiObjectiveAlgorithm foundParetoPoint
FINE: Found Pareto point with values: [945]
Feb 01, 2014 9:36:32 PM kodkod.multiobjective.algorithms.CheckpointedGuidedImprovementAlgorithm multiObjectiveSolveImpl
FINE: Found Pareto point with values: [945]
Feb 01, 2014 9:36:33 PM kodkod.multiobjective.algorithms.MultiObjectiveAlgorithm debugWriteStatistics
FINE: Solver statistics:
	# Sat Call: 1
	# Unsat Call: 2
	# Total Time in Sat Calls: 9032
	# Total Time in Sat Calls Solving: 185
	# Total Time in Sat Calls Translating: 8847
	# Total Time in Unsat Calls: 588
	# Total Time in Unsat Calls Solving: 134
	# Total Time in Unsat Calls Translating: 454
	# Magnifier Sat Call: 0
	# Magnifier Unsat Call: 0
	# Total Time in Magnifier: 0
