Feb 01, 2014 10:42:29 PM kodkod.multiobjective.algorithms.CheckpointedGuidedImprovementAlgorithm multiObjectiveSolveImpl
FINE: Found a solution. At time: 1, Improving on [815]
Feb 01, 2014 10:42:29 PM kodkod.multiobjective.MetricPoint parametrizedImprovementConstraints
FINE: Possible Improvements are conjunction of 
	(sum(this/ZipMeSPL.totalFootprint) <= 815)
	(sum(this/ZipMeSPL.totalFootprint) < 815)
Feb 01, 2014 10:42:30 PM kodkod.multiobjective.algorithms.MultiObjectiveAlgorithm foundParetoPoint
FINE: Found Pareto point with values: [815]
Feb 01, 2014 10:42:30 PM kodkod.multiobjective.algorithms.CheckpointedGuidedImprovementAlgorithm multiObjectiveSolveImpl
FINE: Found Pareto point with values: [815]
Feb 01, 2014 10:42:30 PM kodkod.multiobjective.algorithms.MultiObjectiveAlgorithm debugWriteStatistics
FINE: Solver statistics:
	# Sat Call: 1
	# Unsat Call: 2
	# Total Time in Sat Calls: 1731
	# Total Time in Sat Calls Solving: 5
	# Total Time in Sat Calls Translating: 1726
	# Total Time in Unsat Calls: 1478
	# Total Time in Unsat Calls Solving: 3
	# Total Time in Unsat Calls Translating: 1475
	# Magnifier Sat Call: 0
	# Magnifier Unsat Call: 0
	# Total Time in Magnifier: 0
