Feb 01, 2014 8:43:07 PM kodkod.multiobjective.algorithms.IncrementalGuidedImprovementAlgorithm multiObjectiveSolveImpl
FINE: Found a solution. At time: 15, Improving on [56]
Feb 01, 2014 8:43:07 PM kodkod.multiobjective.MetricPoint parametrizedImprovementConstraints
FINE: Possible Improvements are conjunction of 
	(sum(this/Sqlite.totalFootprint) <= 56)
	(sum(this/Sqlite.totalFootprint) < 56)
Feb 01, 2014 8:43:07 PM kodkod.multiobjective.algorithms.IncrementalGuidedImprovementAlgorithm multiObjectiveSolveImpl
FINE: Found a solution. At time: 16, Improving on [-68]
Feb 01, 2014 8:43:07 PM kodkod.multiobjective.MetricPoint parametrizedImprovementConstraints
FINE: Possible Improvements are conjunction of 
	(sum(this/Sqlite.totalFootprint) <= -68)
	(sum(this/Sqlite.totalFootprint) < -68)
Feb 01, 2014 8:43:09 PM kodkod.multiobjective.algorithms.IncrementalGuidedImprovementAlgorithm multiObjectiveSolveImpl
FINE: Found a solution. At time: 17, Improving on [-69]
Feb 01, 2014 8:43:09 PM kodkod.multiobjective.MetricPoint parametrizedImprovementConstraints
FINE: Possible Improvements are conjunction of 
	(sum(this/Sqlite.totalFootprint) <= -69)
	(sum(this/Sqlite.totalFootprint) < -69)
Feb 01, 2014 8:43:09 PM kodkod.multiobjective.algorithms.IncrementalGuidedImprovementAlgorithm multiObjectiveSolveImpl
FINE: Found a solution. At time: 17, Improving on [-70]
Feb 01, 2014 8:43:09 PM kodkod.multiobjective.MetricPoint parametrizedImprovementConstraints
FINE: Possible Improvements are conjunction of 
	(sum(this/Sqlite.totalFootprint) <= -70)
	(sum(this/Sqlite.totalFootprint) < -70)
Feb 01, 2014 8:43:09 PM kodkod.multiobjective.algorithms.IncrementalGuidedImprovementAlgorithm multiObjectiveSolveImpl
FINE: Found a solution. At time: 17, Improving on [-71]
Feb 01, 2014 8:43:09 PM kodkod.multiobjective.MetricPoint parametrizedImprovementConstraints
FINE: Possible Improvements are conjunction of 
	(sum(this/Sqlite.totalFootprint) <= -71)
	(sum(this/Sqlite.totalFootprint) < -71)
Feb 01, 2014 8:43:09 PM kodkod.multiobjective.algorithms.IncrementalGuidedImprovementAlgorithm multiObjectiveSolveImpl
FINE: Found a solution. At time: 17, Improving on [-72]
Feb 01, 2014 8:43:09 PM kodkod.multiobjective.MetricPoint parametrizedImprovementConstraints
FINE: Possible Improvements are conjunction of 
	(sum(this/Sqlite.totalFootprint) <= -72)
	(sum(this/Sqlite.totalFootprint) < -72)
Feb 01, 2014 8:43:09 PM kodkod.multiobjective.algorithms.IncrementalGuidedImprovementAlgorithm multiObjectiveSolveImpl
FINE: Found a solution. At time: 17, Improving on [-77]
Feb 01, 2014 8:43:09 PM kodkod.multiobjective.MetricPoint parametrizedImprovementConstraints
FINE: Possible Improvements are conjunction of 
	(sum(this/Sqlite.totalFootprint) <= -77)
	(sum(this/Sqlite.totalFootprint) < -77)
Feb 01, 2014 8:43:09 PM kodkod.multiobjective.algorithms.IncrementalGuidedImprovementAlgorithm multiObjectiveSolveImpl
FINE: Found a solution. At time: 18, Improving on [-78]
Feb 01, 2014 8:43:09 PM kodkod.multiobjective.MetricPoint parametrizedImprovementConstraints
FINE: Possible Improvements are conjunction of 
	(sum(this/Sqlite.totalFootprint) <= -78)
	(sum(this/Sqlite.totalFootprint) < -78)
Feb 01, 2014 8:43:09 PM kodkod.multiobjective.algorithms.IncrementalGuidedImprovementAlgorithm multiObjectiveSolveImpl
FINE: Found a solution. At time: 18, Improving on [-79]
Feb 01, 2014 8:43:09 PM kodkod.multiobjective.MetricPoint parametrizedImprovementConstraints
FINE: Possible Improvements are conjunction of 
	(sum(this/Sqlite.totalFootprint) <= -79)
	(sum(this/Sqlite.totalFootprint) < -79)
Feb 01, 2014 8:43:10 PM kodkod.multiobjective.algorithms.IncrementalGuidedImprovementAlgorithm multiObjectiveSolveImpl
FINE: Found a solution. At time: 18, Improving on [-84]
Feb 01, 2014 8:43:10 PM kodkod.multiobjective.MetricPoint parametrizedImprovementConstraints
FINE: Possible Improvements are conjunction of 
	(sum(this/Sqlite.totalFootprint) <= -84)
	(sum(this/Sqlite.totalFootprint) < -84)
Feb 01, 2014 8:43:10 PM kodkod.multiobjective.algorithms.IncrementalGuidedImprovementAlgorithm multiObjectiveSolveImpl
FINE: Found a solution. At time: 18, Improving on [-90]
Feb 01, 2014 8:43:10 PM kodkod.multiobjective.MetricPoint parametrizedImprovementConstraints
FINE: Possible Improvements are conjunction of 
	(sum(this/Sqlite.totalFootprint) <= -90)
	(sum(this/Sqlite.totalFootprint) < -90)
Feb 01, 2014 8:43:10 PM kodkod.multiobjective.algorithms.IncrementalGuidedImprovementAlgorithm multiObjectiveSolveImpl
FINE: Found a solution. At time: 18, Improving on [-92]
Feb 01, 2014 8:43:10 PM kodkod.multiobjective.MetricPoint parametrizedImprovementConstraints
FINE: Possible Improvements are conjunction of 
	(sum(this/Sqlite.totalFootprint) <= -92)
	(sum(this/Sqlite.totalFootprint) < -92)
Feb 01, 2014 8:43:10 PM kodkod.multiobjective.algorithms.IncrementalGuidedImprovementAlgorithm multiObjectiveSolveImpl
FINE: Found a solution. At time: 18, Improving on [-93]
Feb 01, 2014 8:43:10 PM kodkod.multiobjective.MetricPoint parametrizedImprovementConstraints
FINE: Possible Improvements are conjunction of 
	(sum(this/Sqlite.totalFootprint) <= -93)
	(sum(this/Sqlite.totalFootprint) < -93)
Feb 01, 2014 8:43:10 PM kodkod.multiobjective.algorithms.IncrementalGuidedImprovementAlgorithm multiObjectiveSolveImpl
FINE: Found a solution. At time: 19, Improving on [-94]
Feb 01, 2014 8:43:10 PM kodkod.multiobjective.MetricPoint parametrizedImprovementConstraints
FINE: Possible Improvements are conjunction of 
	(sum(this/Sqlite.totalFootprint) <= -94)
	(sum(this/Sqlite.totalFootprint) < -94)
Feb 01, 2014 8:43:11 PM kodkod.multiobjective.algorithms.IncrementalGuidedImprovementAlgorithm multiObjectiveSolveImpl
FINE: Found a solution. At time: 19, Improving on [-95]
Feb 01, 2014 8:43:11 PM kodkod.multiobjective.MetricPoint parametrizedImprovementConstraints
FINE: Possible Improvements are conjunction of 
	(sum(this/Sqlite.totalFootprint) <= -95)
	(sum(this/Sqlite.totalFootprint) < -95)
Feb 01, 2014 8:43:11 PM kodkod.multiobjective.algorithms.IncrementalGuidedImprovementAlgorithm multiObjectiveSolveImpl
FINE: Found a solution. At time: 19, Improving on [-96]
Feb 01, 2014 8:43:11 PM kodkod.multiobjective.MetricPoint parametrizedImprovementConstraints
FINE: Possible Improvements are conjunction of 
	(sum(this/Sqlite.totalFootprint) <= -96)
	(sum(this/Sqlite.totalFootprint) < -96)
Feb 01, 2014 8:43:11 PM kodkod.multiobjective.algorithms.IncrementalGuidedImprovementAlgorithm multiObjectiveSolveImpl
FINE: Found a solution. At time: 19, Improving on [-99]
Feb 01, 2014 8:43:11 PM kodkod.multiobjective.MetricPoint parametrizedImprovementConstraints
FINE: Possible Improvements are conjunction of 
	(sum(this/Sqlite.totalFootprint) <= -99)
	(sum(this/Sqlite.totalFootprint) < -99)
Feb 01, 2014 8:43:11 PM kodkod.multiobjective.algorithms.MultiObjectiveAlgorithm foundParetoPoint
FINE: Found Pareto point with values: [-99]
Feb 01, 2014 8:43:28 PM kodkod.multiobjective.algorithms.IncrementalGuidedImprovementAlgorithm multiObjectiveSolveImpl
FINE: All Pareto points found. At time: 37
Feb 01, 2014 8:43:28 PM kodkod.multiobjective.algorithms.MultiObjectiveAlgorithm debugWriteStatistics
FINE: Solver statistics:
	# Sat Call: 17
	# Unsat Call: 2
	# Total Time in Sat Calls: 16904
	# Total Time in Sat Calls Solving: 3022
	# Total Time in Sat Calls Translating: 13882
	# Total Time in Unsat Calls: 15115
	# Total Time in Unsat Calls Solving: 2555
	# Total Time in Unsat Calls Translating: 12560
	# Magnifier Sat Call: 0
	# Magnifier Unsat Call: 0
	# Total Time in Magnifier: 0
