Feb 02, 2014 1:18:29 PM kodkod.multiobjective.algorithms.CheckpointedGuidedImprovementAlgorithm multiObjectiveSolveImpl
FINE: Found a solution. At time: 22, Improving on [1, 737, 400]
Feb 02, 2014 1:18:29 PM kodkod.multiobjective.MetricPoint parametrizedImprovementConstraints
FINE: Possible Improvements are conjunction of 
	(sum(this/BerkeleyDbC.totalReliability) >= 1)
	(sum(this/BerkeleyDbC.totalFootprint) <= 737)
	(sum(this/BerkeleyDbC.totalPrice) <= 400)
	((sum(this/BerkeleyDbC.totalReliability) > 1) || (sum(this/BerkeleyDbC.totalFootprint) < 737) || (sum(this/BerkeleyDbC.totalPrice) < 400))
Feb 02, 2014 1:18:30 PM kodkod.multiobjective.algorithms.MultiObjectiveAlgorithm foundParetoPoint
FINE: Found Pareto point with values: [1, 737, 400]
Feb 02, 2014 1:18:30 PM kodkod.multiobjective.algorithms.CheckpointedGuidedImprovementAlgorithm multiObjectiveSolveImpl
FINE: Found Pareto point with values: [1, 737, 400]
Feb 02, 2014 1:18:32 PM kodkod.multiobjective.algorithms.CheckpointedGuidedImprovementAlgorithm multiObjectiveSolveImpl
FINE: Found a solution. At time: 25, Improving on [2, 787, 500]
Feb 02, 2014 1:18:32 PM kodkod.multiobjective.MetricPoint parametrizedImprovementConstraints
FINE: Possible Improvements are conjunction of 
	(sum(this/BerkeleyDbC.totalReliability) >= 2)
	(sum(this/BerkeleyDbC.totalFootprint) <= 787)
	(sum(this/BerkeleyDbC.totalPrice) <= 500)
	((sum(this/BerkeleyDbC.totalReliability) > 2) || (sum(this/BerkeleyDbC.totalFootprint) < 787) || (sum(this/BerkeleyDbC.totalPrice) < 500))
Feb 02, 2014 1:18:32 PM kodkod.multiobjective.algorithms.MultiObjectiveAlgorithm foundParetoPoint
FINE: Found Pareto point with values: [2, 787, 500]
Feb 02, 2014 1:18:32 PM kodkod.multiobjective.algorithms.CheckpointedGuidedImprovementAlgorithm multiObjectiveSolveImpl
FINE: Found Pareto point with values: [2, 787, 500]
Feb 02, 2014 1:18:34 PM kodkod.multiobjective.algorithms.MultiObjectiveAlgorithm debugWriteStatistics
FINE: Solver statistics:
	# Sat Call: 2
	# Unsat Call: 3
	# Total Time in Sat Calls: 19746
	# Total Time in Sat Calls Solving: 568
	# Total Time in Sat Calls Translating: 19178
	# Total Time in Unsat Calls: 1369
	# Total Time in Unsat Calls Solving: 319
	# Total Time in Unsat Calls Translating: 1050
	# Magnifier Sat Call: 0
	# Magnifier Unsat Call: 0
	# Total Time in Magnifier: 0
