Feb 01, 2014 4:33:34 AM kodkod.multiobjective.algorithms.IncrementalGuidedImprovementAlgorithm multiObjectiveSolveImpl
FINE: Found a solution. At time: 3, Improving on [754]
Feb 01, 2014 4:33:34 AM kodkod.multiobjective.MetricPoint parametrizedImprovementConstraints
FINE: Possible Improvements are conjunction of 
	(sum(this/PKJab.totalFootprint) <= 754)
	(sum(this/PKJab.totalFootprint) < 754)
Feb 01, 2014 4:33:34 AM kodkod.multiobjective.algorithms.MultiObjectiveAlgorithm foundParetoPoint
FINE: Found Pareto point with values: [754]
Feb 01, 2014 4:33:37 AM kodkod.multiobjective.algorithms.IncrementalGuidedImprovementAlgorithm multiObjectiveSolveImpl
FINE: All Pareto points found. At time: 6
Feb 01, 2014 4:33:37 AM kodkod.multiobjective.algorithms.MultiObjectiveAlgorithm debugWriteStatistics
FINE: Solver statistics:
	# Sat Call: 1
	# Unsat Call: 2
	# Total Time in Sat Calls: 3483
	# Total Time in Sat Calls Solving: 94
	# Total Time in Sat Calls Translating: 3389
	# Total Time in Unsat Calls: 3111
	# Total Time in Unsat Calls Solving: 99
	# Total Time in Unsat Calls Translating: 3012
	# Magnifier Sat Call: 0
	# Magnifier Unsat Call: 0
	# Total Time in Magnifier: 0
