Feb 01, 2014 3:33:49 AM kodkod.multiobjective.algorithms.IncrementalGuidedImprovementAlgorithm multiObjectiveSolveImpl
FINE: Found a solution. At time: 6, Improving on [1396]
Feb 01, 2014 3:33:49 AM kodkod.multiobjective.MetricPoint parametrizedImprovementConstraints
FINE: Possible Improvements are conjunction of 
	(sum(this/Prevayler.totalFootprint) <= 1396)
	(sum(this/Prevayler.totalFootprint) < 1396)
Feb 01, 2014 3:33:49 AM kodkod.multiobjective.algorithms.MultiObjectiveAlgorithm foundParetoPoint
FINE: Found Pareto point with values: [1396]
Feb 01, 2014 3:33:55 AM kodkod.multiobjective.algorithms.IncrementalGuidedImprovementAlgorithm multiObjectiveSolveImpl
FINE: All Pareto points found. At time: 12
Feb 01, 2014 3:33:55 AM kodkod.multiobjective.algorithms.MultiObjectiveAlgorithm debugWriteStatistics
FINE: Solver statistics:
	# Sat Call: 1
	# Unsat Call: 2
	# Total Time in Sat Calls: 6152
	# Total Time in Sat Calls Solving: 121
	# Total Time in Sat Calls Translating: 6031
	# Total Time in Unsat Calls: 6441
	# Total Time in Unsat Calls Solving: 0
	# Total Time in Unsat Calls Translating: 6441
	# Magnifier Sat Call: 0
	# Magnifier Unsat Call: 0
	# Total Time in Magnifier: 0
