Feb 02, 2014 12:36:25 AM kodkod.multiobjective.algorithms.CheckpointedGuidedImprovementAlgorithm multiObjectiveSolveImpl
FINE: Found a solution. At time: 7, Improving on [443]
Feb 02, 2014 12:36:25 AM kodkod.multiobjective.MetricPoint parametrizedImprovementConstraints
FINE: Possible Improvements are conjunction of 
	(sum(this/LinkedList.totalFootprint) <= 443)
	(sum(this/LinkedList.totalFootprint) < 443)
Feb 02, 2014 12:36:28 AM kodkod.multiobjective.algorithms.MultiObjectiveAlgorithm foundParetoPoint
FINE: Found Pareto point with values: [443]
Feb 02, 2014 12:36:28 AM kodkod.multiobjective.algorithms.CheckpointedGuidedImprovementAlgorithm multiObjectiveSolveImpl
FINE: Found Pareto point with values: [443]
Feb 02, 2014 12:36:31 AM kodkod.multiobjective.algorithms.MultiObjectiveAlgorithm debugWriteStatistics
FINE: Solver statistics:
	# Sat Call: 1
	# Unsat Call: 2
	# Total Time in Sat Calls: 6997
	# Total Time in Sat Calls Solving: 22
	# Total Time in Sat Calls Translating: 6975
	# Total Time in Unsat Calls: 6331
	# Total Time in Unsat Calls Solving: 13
	# Total Time in Unsat Calls Translating: 6318
	# Magnifier Sat Call: 0
	# Magnifier Unsat Call: 0
	# Total Time in Magnifier: 0
