Feb 01, 2014 4:32:50 AM kodkod.multiobjective.algorithms.IncrementalGuidedImprovementAlgorithm multiObjectiveSolveImpl
FINE: Found a solution. At time: 3, Improving on [762]
Feb 01, 2014 4:32:50 AM kodkod.multiobjective.MetricPoint parametrizedImprovementConstraints
FINE: Possible Improvements are conjunction of 
	(sum(this/PKJab.totalFootprint) <= 762)
	(sum(this/PKJab.totalFootprint) < 762)
Feb 01, 2014 4:32:50 AM kodkod.multiobjective.algorithms.MultiObjectiveAlgorithm foundParetoPoint
FINE: Found Pareto point with values: [762]
Feb 01, 2014 4:32:53 AM kodkod.multiobjective.algorithms.IncrementalGuidedImprovementAlgorithm multiObjectiveSolveImpl
FINE: All Pareto points found. At time: 6
Feb 01, 2014 4:32:53 AM kodkod.multiobjective.algorithms.MultiObjectiveAlgorithm debugWriteStatistics
FINE: Solver statistics:
	# Sat Call: 1
	# Unsat Call: 2
	# Total Time in Sat Calls: 3425
	# Total Time in Sat Calls Solving: 95
	# Total Time in Sat Calls Translating: 3330
	# Total Time in Unsat Calls: 3116
	# Total Time in Unsat Calls Solving: 117
	# Total Time in Unsat Calls Translating: 2999
	# Magnifier Sat Call: 0
	# Magnifier Unsat Call: 0
	# Total Time in Magnifier: 0
