Feb 02, 2014 1:09:27 PM kodkod.multiobjective.algorithms.CheckpointedGuidedImprovementAlgorithm multiObjectiveSolveImpl
FINE: Found a solution. At time: 1, Improving on [900]
Feb 02, 2014 1:09:27 PM kodkod.multiobjective.MetricPoint parametrizedImprovementConstraints
FINE: Possible Improvements are conjunction of 
	(sum(this/Sqlite.totalFootprint) <= 900)
	(sum(this/Sqlite.totalFootprint) < 900)
Feb 02, 2014 1:09:27 PM kodkod.multiobjective.algorithms.CheckpointedGuidedImprovementAlgorithm multiObjectiveSolveImpl
FINE: Found a solution. At time: 1, Improving on [879]
Feb 02, 2014 1:09:27 PM kodkod.multiobjective.MetricPoint parametrizedImprovementConstraints
FINE: Possible Improvements are conjunction of 
	(sum(this/Sqlite.totalFootprint) <= 879)
	(sum(this/Sqlite.totalFootprint) < 879)
Feb 02, 2014 1:09:27 PM kodkod.multiobjective.algorithms.CheckpointedGuidedImprovementAlgorithm multiObjectiveSolveImpl
FINE: Found a solution. At time: 1, Improving on [875]
Feb 02, 2014 1:09:27 PM kodkod.multiobjective.MetricPoint parametrizedImprovementConstraints
FINE: Possible Improvements are conjunction of 
	(sum(this/Sqlite.totalFootprint) <= 875)
	(sum(this/Sqlite.totalFootprint) < 875)
Feb 02, 2014 1:09:27 PM kodkod.multiobjective.algorithms.CheckpointedGuidedImprovementAlgorithm multiObjectiveSolveImpl
FINE: Found a solution. At time: 1, Improving on [873]
Feb 02, 2014 1:09:27 PM kodkod.multiobjective.MetricPoint parametrizedImprovementConstraints
FINE: Possible Improvements are conjunction of 
	(sum(this/Sqlite.totalFootprint) <= 873)
	(sum(this/Sqlite.totalFootprint) < 873)
Feb 02, 2014 1:09:27 PM kodkod.multiobjective.algorithms.CheckpointedGuidedImprovementAlgorithm multiObjectiveSolveImpl
FINE: Found a solution. At time: 1, Improving on [872]
Feb 02, 2014 1:09:27 PM kodkod.multiobjective.MetricPoint parametrizedImprovementConstraints
FINE: Possible Improvements are conjunction of 
	(sum(this/Sqlite.totalFootprint) <= 872)
	(sum(this/Sqlite.totalFootprint) < 872)
Feb 02, 2014 1:09:27 PM kodkod.multiobjective.algorithms.CheckpointedGuidedImprovementAlgorithm multiObjectiveSolveImpl
FINE: Found a solution. At time: 1, Improving on [865]
Feb 02, 2014 1:09:27 PM kodkod.multiobjective.MetricPoint parametrizedImprovementConstraints
FINE: Possible Improvements are conjunction of 
	(sum(this/Sqlite.totalFootprint) <= 865)
	(sum(this/Sqlite.totalFootprint) < 865)
Feb 02, 2014 1:09:27 PM kodkod.multiobjective.algorithms.CheckpointedGuidedImprovementAlgorithm multiObjectiveSolveImpl
FINE: Found a solution. At time: 1, Improving on [863]
Feb 02, 2014 1:09:27 PM kodkod.multiobjective.MetricPoint parametrizedImprovementConstraints
FINE: Possible Improvements are conjunction of 
	(sum(this/Sqlite.totalFootprint) <= 863)
	(sum(this/Sqlite.totalFootprint) < 863)
Feb 02, 2014 1:09:27 PM kodkod.multiobjective.algorithms.CheckpointedGuidedImprovementAlgorithm multiObjectiveSolveImpl
FINE: Found a solution. At time: 1, Improving on [861]
Feb 02, 2014 1:09:27 PM kodkod.multiobjective.MetricPoint parametrizedImprovementConstraints
FINE: Possible Improvements are conjunction of 
	(sum(this/Sqlite.totalFootprint) <= 861)
	(sum(this/Sqlite.totalFootprint) < 861)
Feb 02, 2014 1:09:27 PM kodkod.multiobjective.algorithms.CheckpointedGuidedImprovementAlgorithm multiObjectiveSolveImpl
FINE: Found a solution. At time: 1, Improving on [860]
Feb 02, 2014 1:09:27 PM kodkod.multiobjective.MetricPoint parametrizedImprovementConstraints
FINE: Possible Improvements are conjunction of 
	(sum(this/Sqlite.totalFootprint) <= 860)
	(sum(this/Sqlite.totalFootprint) < 860)
Feb 02, 2014 1:09:27 PM kodkod.multiobjective.algorithms.CheckpointedGuidedImprovementAlgorithm multiObjectiveSolveImpl
FINE: Found a solution. At time: 1, Improving on [859]
Feb 02, 2014 1:09:27 PM kodkod.multiobjective.MetricPoint parametrizedImprovementConstraints
FINE: Possible Improvements are conjunction of 
	(sum(this/Sqlite.totalFootprint) <= 859)
	(sum(this/Sqlite.totalFootprint) < 859)
Feb 02, 2014 1:09:27 PM kodkod.multiobjective.algorithms.CheckpointedGuidedImprovementAlgorithm multiObjectiveSolveImpl
FINE: Found a solution. At time: 1, Improving on [858]
Feb 02, 2014 1:09:27 PM kodkod.multiobjective.MetricPoint parametrizedImprovementConstraints
FINE: Possible Improvements are conjunction of 
	(sum(this/Sqlite.totalFootprint) <= 858)
	(sum(this/Sqlite.totalFootprint) < 858)
Feb 02, 2014 1:09:27 PM kodkod.multiobjective.algorithms.CheckpointedGuidedImprovementAlgorithm multiObjectiveSolveImpl
FINE: Found a solution. At time: 1, Improving on [857]
Feb 02, 2014 1:09:27 PM kodkod.multiobjective.MetricPoint parametrizedImprovementConstraints
FINE: Possible Improvements are conjunction of 
	(sum(this/Sqlite.totalFootprint) <= 857)
	(sum(this/Sqlite.totalFootprint) < 857)
Feb 02, 2014 1:09:27 PM kodkod.multiobjective.algorithms.CheckpointedGuidedImprovementAlgorithm multiObjectiveSolveImpl
FINE: Found a solution. At time: 1, Improving on [856]
Feb 02, 2014 1:09:27 PM kodkod.multiobjective.MetricPoint parametrizedImprovementConstraints
FINE: Possible Improvements are conjunction of 
	(sum(this/Sqlite.totalFootprint) <= 856)
	(sum(this/Sqlite.totalFootprint) < 856)
Feb 02, 2014 1:09:27 PM kodkod.multiobjective.algorithms.CheckpointedGuidedImprovementAlgorithm multiObjectiveSolveImpl
FINE: Found a solution. At time: 1, Improving on [850]
Feb 02, 2014 1:09:27 PM kodkod.multiobjective.MetricPoint parametrizedImprovementConstraints
FINE: Possible Improvements are conjunction of 
	(sum(this/Sqlite.totalFootprint) <= 850)
	(sum(this/Sqlite.totalFootprint) < 850)
Feb 02, 2014 1:09:27 PM kodkod.multiobjective.algorithms.CheckpointedGuidedImprovementAlgorithm multiObjectiveSolveImpl
FINE: Found a solution. At time: 1, Improving on [849]
Feb 02, 2014 1:09:27 PM kodkod.multiobjective.MetricPoint parametrizedImprovementConstraints
FINE: Possible Improvements are conjunction of 
	(sum(this/Sqlite.totalFootprint) <= 849)
	(sum(this/Sqlite.totalFootprint) < 849)
Feb 02, 2014 1:09:27 PM kodkod.multiobjective.algorithms.CheckpointedGuidedImprovementAlgorithm multiObjectiveSolveImpl
FINE: Found a solution. At time: 1, Improving on [847]
Feb 02, 2014 1:09:27 PM kodkod.multiobjective.MetricPoint parametrizedImprovementConstraints
FINE: Possible Improvements are conjunction of 
	(sum(this/Sqlite.totalFootprint) <= 847)
	(sum(this/Sqlite.totalFootprint) < 847)
Feb 02, 2014 1:09:27 PM kodkod.multiobjective.algorithms.CheckpointedGuidedImprovementAlgorithm multiObjectiveSolveImpl
FINE: Found a solution. At time: 1, Improving on [845]
Feb 02, 2014 1:09:27 PM kodkod.multiobjective.MetricPoint parametrizedImprovementConstraints
FINE: Possible Improvements are conjunction of 
	(sum(this/Sqlite.totalFootprint) <= 845)
	(sum(this/Sqlite.totalFootprint) < 845)
Feb 02, 2014 1:09:27 PM kodkod.multiobjective.algorithms.CheckpointedGuidedImprovementAlgorithm multiObjectiveSolveImpl
FINE: Found a solution. At time: 1, Improving on [844]
Feb 02, 2014 1:09:27 PM kodkod.multiobjective.MetricPoint parametrizedImprovementConstraints
FINE: Possible Improvements are conjunction of 
	(sum(this/Sqlite.totalFootprint) <= 844)
	(sum(this/Sqlite.totalFootprint) < 844)
Feb 02, 2014 1:09:27 PM kodkod.multiobjective.algorithms.MultiObjectiveAlgorithm foundParetoPoint
FINE: Found Pareto point with values: [844]
Feb 02, 2014 1:09:27 PM kodkod.multiobjective.algorithms.CheckpointedGuidedImprovementAlgorithm multiObjectiveSolveImpl
FINE: Found Pareto point with values: [844]
Feb 02, 2014 1:09:28 PM kodkod.multiobjective.algorithms.MultiObjectiveAlgorithm debugWriteStatistics
FINE: Solver statistics:
	# Sat Call: 18
	# Unsat Call: 2
	# Total Time in Sat Calls: 908
	# Total Time in Sat Calls Solving: 64
	# Total Time in Sat Calls Translating: 844
	# Total Time in Unsat Calls: 128
	# Total Time in Unsat Calls Solving: 44
	# Total Time in Unsat Calls Translating: 84
	# Magnifier Sat Call: 0
	# Magnifier Unsat Call: 0
	# Total Time in Magnifier: 0
