Feb 01, 2014 9:34:51 PM kodkod.multiobjective.algorithms.CheckpointedGuidedImprovementAlgorithm multiObjectiveSolveImpl
FINE: Found a solution. At time: 15, Improving on [1098]
Feb 01, 2014 9:34:51 PM kodkod.multiobjective.MetricPoint parametrizedImprovementConstraints
FINE: Possible Improvements are conjunction of 
	(sum(this/LinkedList.totalFootprint) <= 1098)
	(sum(this/LinkedList.totalFootprint) < 1098)
Feb 01, 2014 9:34:52 PM kodkod.multiobjective.algorithms.MultiObjectiveAlgorithm foundParetoPoint
FINE: Found Pareto point with values: [1098]
Feb 01, 2014 9:34:52 PM kodkod.multiobjective.algorithms.CheckpointedGuidedImprovementAlgorithm multiObjectiveSolveImpl
FINE: Found Pareto point with values: [1098]
Feb 01, 2014 9:34:53 PM kodkod.multiobjective.algorithms.MultiObjectiveAlgorithm debugWriteStatistics
FINE: Solver statistics:
	# Sat Call: 1
	# Unsat Call: 2
	# Total Time in Sat Calls: 15136
	# Total Time in Sat Calls Solving: 397
	# Total Time in Sat Calls Translating: 14739
	# Total Time in Unsat Calls: 355
	# Total Time in Unsat Calls Solving: 0
	# Total Time in Unsat Calls Translating: 355
	# Magnifier Sat Call: 0
	# Magnifier Unsat Call: 0
	# Total Time in Magnifier: 0
