Feb 01, 2014 8:35:52 PM kodkod.multiobjective.algorithms.IncrementalGuidedImprovementAlgorithm multiObjectiveSolveImpl
FINE: Found a solution. At time: 0, Improving on [696]
Feb 01, 2014 8:35:52 PM kodkod.multiobjective.MetricPoint parametrizedImprovementConstraints
FINE: Possible Improvements are conjunction of 
	(sum(this/PKJab.totalFootprint) <= 696)
	(sum(this/PKJab.totalFootprint) < 696)
Feb 01, 2014 8:35:53 PM kodkod.multiobjective.algorithms.MultiObjectiveAlgorithm foundParetoPoint
FINE: Found Pareto point with values: [696]
Feb 01, 2014 8:35:53 PM kodkod.multiobjective.algorithms.IncrementalGuidedImprovementAlgorithm multiObjectiveSolveImpl
FINE: All Pareto points found. At time: 0
Feb 01, 2014 8:35:53 PM kodkod.multiobjective.algorithms.MultiObjectiveAlgorithm debugWriteStatistics
FINE: Solver statistics:
	# Sat Call: 1
	# Unsat Call: 2
	# Total Time in Sat Calls: 331
	# Total Time in Sat Calls Solving: 3
	# Total Time in Sat Calls Translating: 328
	# Total Time in Unsat Calls: 153
	# Total Time in Unsat Calls Solving: 22
	# Total Time in Unsat Calls Translating: 131
	# Magnifier Sat Call: 0
	# Magnifier Unsat Call: 0
	# Total Time in Magnifier: 0
