Feb 02, 2014 12:39:59 AM kodkod.multiobjective.algorithms.CheckpointedGuidedImprovementAlgorithm multiObjectiveSolveImpl
FINE: Found a solution. At time: 5, Improving on [991]
Feb 02, 2014 12:39:59 AM kodkod.multiobjective.MetricPoint parametrizedImprovementConstraints
FINE: Possible Improvements are conjunction of 
	(sum(this/BerkeleyDbC.totalFootprint) <= 991)
	(sum(this/BerkeleyDbC.totalFootprint) < 991)
Feb 02, 2014 12:40:01 AM kodkod.multiobjective.algorithms.MultiObjectiveAlgorithm foundParetoPoint
FINE: Found Pareto point with values: [991]
Feb 02, 2014 12:40:01 AM kodkod.multiobjective.algorithms.CheckpointedGuidedImprovementAlgorithm multiObjectiveSolveImpl
FINE: Found Pareto point with values: [991]
Feb 02, 2014 12:40:02 AM kodkod.multiobjective.algorithms.MultiObjectiveAlgorithm debugWriteStatistics
FINE: Solver statistics:
	# Sat Call: 1
	# Unsat Call: 2
	# Total Time in Sat Calls: 5114
	# Total Time in Sat Calls Solving: 11
	# Total Time in Sat Calls Translating: 5103
	# Total Time in Unsat Calls: 2955
	# Total Time in Unsat Calls Solving: 4
	# Total Time in Unsat Calls Translating: 2951
	# Magnifier Sat Call: 0
	# Magnifier Unsat Call: 0
	# Total Time in Magnifier: 0
