Feb 02, 2014 1:20:33 PM kodkod.multiobjective.algorithms.CheckpointedGuidedImprovementAlgorithm multiObjectiveSolveImpl
FINE: Found a solution. At time: 0, Improving on [1155]
Feb 02, 2014 1:20:33 PM kodkod.multiobjective.MetricPoint parametrizedImprovementConstraints
FINE: Possible Improvements are conjunction of 
	(sum(this/BerkeleyDbC.totalFootprint) <= 1155)
	(sum(this/BerkeleyDbC.totalFootprint) < 1155)
Feb 02, 2014 1:20:33 PM kodkod.multiobjective.algorithms.CheckpointedGuidedImprovementAlgorithm multiObjectiveSolveImpl
FINE: Found a solution. At time: 0, Improving on [1101]
Feb 02, 2014 1:20:33 PM kodkod.multiobjective.MetricPoint parametrizedImprovementConstraints
FINE: Possible Improvements are conjunction of 
	(sum(this/BerkeleyDbC.totalFootprint) <= 1101)
	(sum(this/BerkeleyDbC.totalFootprint) < 1101)
Feb 02, 2014 1:20:33 PM kodkod.multiobjective.algorithms.MultiObjectiveAlgorithm foundParetoPoint
FINE: Found Pareto point with values: [1101]
Feb 02, 2014 1:20:33 PM kodkod.multiobjective.algorithms.CheckpointedGuidedImprovementAlgorithm multiObjectiveSolveImpl
FINE: Found Pareto point with values: [1101]
Feb 02, 2014 1:20:33 PM kodkod.multiobjective.algorithms.MultiObjectiveAlgorithm debugWriteStatistics
FINE: Solver statistics:
	# Sat Call: 2
	# Unsat Call: 2
	# Total Time in Sat Calls: 646
	# Total Time in Sat Calls Solving: 14
	# Total Time in Sat Calls Translating: 632
	# Total Time in Unsat Calls: 27
	# Total Time in Unsat Calls Solving: 3
	# Total Time in Unsat Calls Translating: 24
	# Magnifier Sat Call: 0
	# Magnifier Unsat Call: 0
	# Total Time in Magnifier: 0
