Feb 01, 2014 8:19:13 PM kodkod.multiobjective.algorithms.IncrementalGuidedImprovementAlgorithm multiObjectiveSolveImpl
FINE: Found a solution. At time: 0, Improving on [1035]
Feb 01, 2014 8:19:13 PM kodkod.multiobjective.MetricPoint parametrizedImprovementConstraints
FINE: Possible Improvements are conjunction of 
	(sum(this/Prevayler.totalFootprint) <= 1035)
	(sum(this/Prevayler.totalFootprint) < 1035)
Feb 01, 2014 8:19:13 PM kodkod.multiobjective.algorithms.MultiObjectiveAlgorithm foundParetoPoint
FINE: Found Pareto point with values: [1035]
Feb 01, 2014 8:19:13 PM kodkod.multiobjective.algorithms.IncrementalGuidedImprovementAlgorithm multiObjectiveSolveImpl
FINE: All Pareto points found. At time: 0
Feb 01, 2014 8:19:13 PM kodkod.multiobjective.algorithms.MultiObjectiveAlgorithm debugWriteStatistics
FINE: Solver statistics:
	# Sat Call: 1
	# Unsat Call: 2
	# Total Time in Sat Calls: 234
	# Total Time in Sat Calls Solving: 1
	# Total Time in Sat Calls Translating: 233
	# Total Time in Unsat Calls: 88
	# Total Time in Unsat Calls Solving: 3
	# Total Time in Unsat Calls Translating: 85
	# Magnifier Sat Call: 0
	# Magnifier Unsat Call: 0
	# Total Time in Magnifier: 0
