Feb 01, 2014 1:43:49 PM kodkod.multiobjective.algorithms.IncrementalGuidedImprovementAlgorithm multiObjectiveSolveImpl
FINE: Found a solution. At time: 0, Improving on [1016]
Feb 01, 2014 1:43:49 PM kodkod.multiobjective.MetricPoint parametrizedImprovementConstraints
FINE: Possible Improvements are conjunction of 
	(sum(this/BerkeleyDbC.totalFootprint) <= 1016)
	(sum(this/BerkeleyDbC.totalFootprint) < 1016)
Feb 01, 2014 1:43:49 PM kodkod.multiobjective.algorithms.MultiObjectiveAlgorithm foundParetoPoint
FINE: Found Pareto point with values: [1016]
Feb 01, 2014 1:43:50 PM kodkod.multiobjective.algorithms.IncrementalGuidedImprovementAlgorithm multiObjectiveSolveImpl
FINE: All Pareto points found. At time: 1
Feb 01, 2014 1:43:50 PM kodkod.multiobjective.algorithms.MultiObjectiveAlgorithm debugWriteStatistics
FINE: Solver statistics:
	# Sat Call: 1
	# Unsat Call: 2
	# Total Time in Sat Calls: 576
	# Total Time in Sat Calls Solving: 10
	# Total Time in Sat Calls Translating: 566
	# Total Time in Unsat Calls: 285
	# Total Time in Unsat Calls Solving: 15
	# Total Time in Unsat Calls Translating: 270
	# Magnifier Sat Call: 0
	# Magnifier Unsat Call: 0
	# Total Time in Magnifier: 0
