Feb 01, 2014 4:27:40 AM kodkod.multiobjective.algorithms.IncrementalGuidedImprovementAlgorithm multiObjectiveSolveImpl
FINE: Found a solution. At time: 13, Improving on [501]
Feb 01, 2014 4:27:40 AM kodkod.multiobjective.MetricPoint parametrizedImprovementConstraints
FINE: Possible Improvements are conjunction of 
	(sum(this/LinkedList.totalFootprint) <= 501)
	(sum(this/LinkedList.totalFootprint) < 501)
Feb 01, 2014 4:27:40 AM kodkod.multiobjective.algorithms.MultiObjectiveAlgorithm foundParetoPoint
FINE: Found Pareto point with values: [501]
Feb 01, 2014 4:27:53 AM kodkod.multiobjective.algorithms.IncrementalGuidedImprovementAlgorithm multiObjectiveSolveImpl
FINE: All Pareto points found. At time: 27
Feb 01, 2014 4:27:53 AM kodkod.multiobjective.algorithms.MultiObjectiveAlgorithm debugWriteStatistics
FINE: Solver statistics:
	# Sat Call: 1
	# Unsat Call: 2
	# Total Time in Sat Calls: 13446
	# Total Time in Sat Calls Solving: 370
	# Total Time in Sat Calls Translating: 13076
	# Total Time in Unsat Calls: 12965
	# Total Time in Unsat Calls Solving: 585
	# Total Time in Unsat Calls Translating: 12380
	# Magnifier Sat Call: 0
	# Magnifier Unsat Call: 0
	# Total Time in Magnifier: 0
