Feb 01, 2014 1:25:48 PM kodkod.multiobjective.algorithms.IncrementalGuidedImprovementAlgorithm multiObjectiveSolveImpl
FINE: Found a solution. At time: 0, Improving on [1396]
Feb 01, 2014 1:25:48 PM kodkod.multiobjective.MetricPoint parametrizedImprovementConstraints
FINE: Possible Improvements are conjunction of 
	(sum(this/Prevayler.totalFootprint) <= 1396)
	(sum(this/Prevayler.totalFootprint) < 1396)
Feb 01, 2014 1:25:48 PM kodkod.multiobjective.algorithms.MultiObjectiveAlgorithm foundParetoPoint
FINE: Found Pareto point with values: [1396]
Feb 01, 2014 1:25:49 PM kodkod.multiobjective.algorithms.IncrementalGuidedImprovementAlgorithm multiObjectiveSolveImpl
FINE: All Pareto points found. At time: 0
Feb 01, 2014 1:25:49 PM kodkod.multiobjective.algorithms.MultiObjectiveAlgorithm debugWriteStatistics
FINE: Solver statistics:
	# Sat Call: 1
	# Unsat Call: 2
	# Total Time in Sat Calls: 344
	# Total Time in Sat Calls Solving: 2
	# Total Time in Sat Calls Translating: 342
	# Total Time in Unsat Calls: 222
	# Total Time in Unsat Calls Solving: 1
	# Total Time in Unsat Calls Translating: 221
	# Magnifier Sat Call: 0
	# Magnifier Unsat Call: 0
	# Total Time in Magnifier: 0
