Feb 02, 2014 1:19:41 PM kodkod.multiobjective.algorithms.CheckpointedGuidedImprovementAlgorithm multiObjectiveSolveImpl
FINE: Found a solution. At time: 2, Improving on [535]
Feb 02, 2014 1:19:41 PM kodkod.multiobjective.MetricPoint parametrizedImprovementConstraints
FINE: Possible Improvements are conjunction of 
	(sum(this/LinkedList.totalFootprint) <= 535)
	(sum(this/LinkedList.totalFootprint) < 535)
Feb 02, 2014 1:19:41 PM kodkod.multiobjective.algorithms.CheckpointedGuidedImprovementAlgorithm multiObjectiveSolveImpl
FINE: Found a solution. At time: 2, Improving on [534]
Feb 02, 2014 1:19:41 PM kodkod.multiobjective.MetricPoint parametrizedImprovementConstraints
FINE: Possible Improvements are conjunction of 
	(sum(this/LinkedList.totalFootprint) <= 534)
	(sum(this/LinkedList.totalFootprint) < 534)
Feb 02, 2014 1:19:41 PM kodkod.multiobjective.algorithms.MultiObjectiveAlgorithm foundParetoPoint
FINE: Found Pareto point with values: [534]
Feb 02, 2014 1:19:41 PM kodkod.multiobjective.algorithms.CheckpointedGuidedImprovementAlgorithm multiObjectiveSolveImpl
FINE: Found Pareto point with values: [534]
Feb 02, 2014 1:19:41 PM kodkod.multiobjective.algorithms.MultiObjectiveAlgorithm debugWriteStatistics
FINE: Solver statistics:
	# Sat Call: 2
	# Unsat Call: 2
	# Total Time in Sat Calls: 2022
	# Total Time in Sat Calls Solving: 72
	# Total Time in Sat Calls Translating: 1950
	# Total Time in Unsat Calls: 43
	# Total Time in Unsat Calls Solving: 2
	# Total Time in Unsat Calls Translating: 41
	# Magnifier Sat Call: 0
	# Magnifier Unsat Call: 0
	# Total Time in Magnifier: 0
