Feb 01, 2014 12:45:33 AM kodkod.multiobjective.algorithms.IncrementalGuidedImprovementAlgorithm multiObjectiveSolveImpl
FINE: Found a solution. At time: 1, Improving on [907]
Feb 01, 2014 12:45:33 AM kodkod.multiobjective.MetricPoint parametrizedImprovementConstraints
FINE: Possible Improvements are conjunction of 
	(sum(this/Sqlite.totalFootprint) <= 907)
	(sum(this/Sqlite.totalFootprint) < 907)
Feb 01, 2014 12:45:33 AM kodkod.multiobjective.algorithms.IncrementalGuidedImprovementAlgorithm multiObjectiveSolveImpl
FINE: Found a solution. At time: 1, Improving on [900]
Feb 01, 2014 12:45:33 AM kodkod.multiobjective.MetricPoint parametrizedImprovementConstraints
FINE: Possible Improvements are conjunction of 
	(sum(this/Sqlite.totalFootprint) <= 900)
	(sum(this/Sqlite.totalFootprint) < 900)
Feb 01, 2014 12:45:33 AM kodkod.multiobjective.algorithms.IncrementalGuidedImprovementAlgorithm multiObjectiveSolveImpl
FINE: Found a solution. At time: 1, Improving on [898]
Feb 01, 2014 12:45:33 AM kodkod.multiobjective.MetricPoint parametrizedImprovementConstraints
FINE: Possible Improvements are conjunction of 
	(sum(this/Sqlite.totalFootprint) <= 898)
	(sum(this/Sqlite.totalFootprint) < 898)
Feb 01, 2014 12:45:33 AM kodkod.multiobjective.algorithms.IncrementalGuidedImprovementAlgorithm multiObjectiveSolveImpl
FINE: Found a solution. At time: 1, Improving on [896]
Feb 01, 2014 12:45:33 AM kodkod.multiobjective.MetricPoint parametrizedImprovementConstraints
FINE: Possible Improvements are conjunction of 
	(sum(this/Sqlite.totalFootprint) <= 896)
	(sum(this/Sqlite.totalFootprint) < 896)
Feb 01, 2014 12:45:33 AM kodkod.multiobjective.algorithms.IncrementalGuidedImprovementAlgorithm multiObjectiveSolveImpl
FINE: Found a solution. At time: 1, Improving on [848]
Feb 01, 2014 12:45:33 AM kodkod.multiobjective.MetricPoint parametrizedImprovementConstraints
FINE: Possible Improvements are conjunction of 
	(sum(this/Sqlite.totalFootprint) <= 848)
	(sum(this/Sqlite.totalFootprint) < 848)
Feb 01, 2014 12:45:33 AM kodkod.multiobjective.algorithms.IncrementalGuidedImprovementAlgorithm multiObjectiveSolveImpl
FINE: Found a solution. At time: 1, Improving on [846]
Feb 01, 2014 12:45:33 AM kodkod.multiobjective.MetricPoint parametrizedImprovementConstraints
FINE: Possible Improvements are conjunction of 
	(sum(this/Sqlite.totalFootprint) <= 846)
	(sum(this/Sqlite.totalFootprint) < 846)
Feb 01, 2014 12:45:33 AM kodkod.multiobjective.algorithms.IncrementalGuidedImprovementAlgorithm multiObjectiveSolveImpl
FINE: Found a solution. At time: 1, Improving on [843]
Feb 01, 2014 12:45:33 AM kodkod.multiobjective.MetricPoint parametrizedImprovementConstraints
FINE: Possible Improvements are conjunction of 
	(sum(this/Sqlite.totalFootprint) <= 843)
	(sum(this/Sqlite.totalFootprint) < 843)
Feb 01, 2014 12:45:34 AM kodkod.multiobjective.algorithms.IncrementalGuidedImprovementAlgorithm multiObjectiveSolveImpl
FINE: Found a solution. At time: 1, Improving on [838]
Feb 01, 2014 12:45:34 AM kodkod.multiobjective.MetricPoint parametrizedImprovementConstraints
FINE: Possible Improvements are conjunction of 
	(sum(this/Sqlite.totalFootprint) <= 838)
	(sum(this/Sqlite.totalFootprint) < 838)
Feb 01, 2014 12:45:34 AM kodkod.multiobjective.algorithms.IncrementalGuidedImprovementAlgorithm multiObjectiveSolveImpl
FINE: Found a solution. At time: 1, Improving on [830]
Feb 01, 2014 12:45:34 AM kodkod.multiobjective.MetricPoint parametrizedImprovementConstraints
FINE: Possible Improvements are conjunction of 
	(sum(this/Sqlite.totalFootprint) <= 830)
	(sum(this/Sqlite.totalFootprint) < 830)
Feb 01, 2014 12:45:34 AM kodkod.multiobjective.algorithms.IncrementalGuidedImprovementAlgorithm multiObjectiveSolveImpl
FINE: Found a solution. At time: 1, Improving on [829]
Feb 01, 2014 12:45:34 AM kodkod.multiobjective.MetricPoint parametrizedImprovementConstraints
FINE: Possible Improvements are conjunction of 
	(sum(this/Sqlite.totalFootprint) <= 829)
	(sum(this/Sqlite.totalFootprint) < 829)
Feb 01, 2014 12:45:34 AM kodkod.multiobjective.algorithms.IncrementalGuidedImprovementAlgorithm multiObjectiveSolveImpl
FINE: Found a solution. At time: 1, Improving on [828]
Feb 01, 2014 12:45:34 AM kodkod.multiobjective.MetricPoint parametrizedImprovementConstraints
FINE: Possible Improvements are conjunction of 
	(sum(this/Sqlite.totalFootprint) <= 828)
	(sum(this/Sqlite.totalFootprint) < 828)
Feb 01, 2014 12:45:34 AM kodkod.multiobjective.algorithms.IncrementalGuidedImprovementAlgorithm multiObjectiveSolveImpl
FINE: Found a solution. At time: 1, Improving on [825]
Feb 01, 2014 12:45:34 AM kodkod.multiobjective.MetricPoint parametrizedImprovementConstraints
FINE: Possible Improvements are conjunction of 
	(sum(this/Sqlite.totalFootprint) <= 825)
	(sum(this/Sqlite.totalFootprint) < 825)
Feb 01, 2014 12:45:34 AM kodkod.multiobjective.algorithms.IncrementalGuidedImprovementAlgorithm multiObjectiveSolveImpl
FINE: Found a solution. At time: 1, Improving on [824]
Feb 01, 2014 12:45:34 AM kodkod.multiobjective.MetricPoint parametrizedImprovementConstraints
FINE: Possible Improvements are conjunction of 
	(sum(this/Sqlite.totalFootprint) <= 824)
	(sum(this/Sqlite.totalFootprint) < 824)
Feb 01, 2014 12:45:34 AM kodkod.multiobjective.algorithms.IncrementalGuidedImprovementAlgorithm multiObjectiveSolveImpl
FINE: Found a solution. At time: 1, Improving on [817]
Feb 01, 2014 12:45:34 AM kodkod.multiobjective.MetricPoint parametrizedImprovementConstraints
FINE: Possible Improvements are conjunction of 
	(sum(this/Sqlite.totalFootprint) <= 817)
	(sum(this/Sqlite.totalFootprint) < 817)
Feb 01, 2014 12:45:34 AM kodkod.multiobjective.algorithms.IncrementalGuidedImprovementAlgorithm multiObjectiveSolveImpl
FINE: Found a solution. At time: 1, Improving on [816]
Feb 01, 2014 12:45:34 AM kodkod.multiobjective.MetricPoint parametrizedImprovementConstraints
FINE: Possible Improvements are conjunction of 
	(sum(this/Sqlite.totalFootprint) <= 816)
	(sum(this/Sqlite.totalFootprint) < 816)
Feb 01, 2014 12:45:34 AM kodkod.multiobjective.algorithms.IncrementalGuidedImprovementAlgorithm multiObjectiveSolveImpl
FINE: Found a solution. At time: 1, Improving on [815]
Feb 01, 2014 12:45:34 AM kodkod.multiobjective.MetricPoint parametrizedImprovementConstraints
FINE: Possible Improvements are conjunction of 
	(sum(this/Sqlite.totalFootprint) <= 815)
	(sum(this/Sqlite.totalFootprint) < 815)
Feb 01, 2014 12:45:34 AM kodkod.multiobjective.algorithms.IncrementalGuidedImprovementAlgorithm multiObjectiveSolveImpl
FINE: Found a solution. At time: 1, Improving on [814]
Feb 01, 2014 12:45:34 AM kodkod.multiobjective.MetricPoint parametrizedImprovementConstraints
FINE: Possible Improvements are conjunction of 
	(sum(this/Sqlite.totalFootprint) <= 814)
	(sum(this/Sqlite.totalFootprint) < 814)
Feb 01, 2014 12:45:34 AM kodkod.multiobjective.algorithms.IncrementalGuidedImprovementAlgorithm multiObjectiveSolveImpl
FINE: Found a solution. At time: 1, Improving on [813]
Feb 01, 2014 12:45:34 AM kodkod.multiobjective.MetricPoint parametrizedImprovementConstraints
FINE: Possible Improvements are conjunction of 
	(sum(this/Sqlite.totalFootprint) <= 813)
	(sum(this/Sqlite.totalFootprint) < 813)
Feb 01, 2014 12:45:34 AM kodkod.multiobjective.algorithms.IncrementalGuidedImprovementAlgorithm multiObjectiveSolveImpl
FINE: Found a solution. At time: 1, Improving on [812]
Feb 01, 2014 12:45:34 AM kodkod.multiobjective.MetricPoint parametrizedImprovementConstraints
FINE: Possible Improvements are conjunction of 
	(sum(this/Sqlite.totalFootprint) <= 812)
	(sum(this/Sqlite.totalFootprint) < 812)
Feb 01, 2014 12:45:34 AM kodkod.multiobjective.algorithms.IncrementalGuidedImprovementAlgorithm multiObjectiveSolveImpl
FINE: Found a solution. At time: 1, Improving on [811]
Feb 01, 2014 12:45:34 AM kodkod.multiobjective.MetricPoint parametrizedImprovementConstraints
FINE: Possible Improvements are conjunction of 
	(sum(this/Sqlite.totalFootprint) <= 811)
	(sum(this/Sqlite.totalFootprint) < 811)
Feb 01, 2014 12:45:34 AM kodkod.multiobjective.algorithms.IncrementalGuidedImprovementAlgorithm multiObjectiveSolveImpl
FINE: Found a solution. At time: 1, Improving on [810]
Feb 01, 2014 12:45:34 AM kodkod.multiobjective.MetricPoint parametrizedImprovementConstraints
FINE: Possible Improvements are conjunction of 
	(sum(this/Sqlite.totalFootprint) <= 810)
	(sum(this/Sqlite.totalFootprint) < 810)
Feb 01, 2014 12:45:34 AM kodkod.multiobjective.algorithms.MultiObjectiveAlgorithm foundParetoPoint
FINE: Found Pareto point with values: [810]
Feb 01, 2014 12:46:42 AM kodkod.multiobjective.algorithms.IncrementalGuidedImprovementAlgorithm multiObjectiveSolveImpl
FINE: Magnifying glass found 16 solution(s). At time: 69
Feb 01, 2014 12:46:42 AM kodkod.multiobjective.algorithms.IncrementalGuidedImprovementAlgorithm multiObjectiveSolveImpl
FINE: All Pareto points found. At time: 70
Feb 01, 2014 12:46:42 AM kodkod.multiobjective.algorithms.MultiObjectiveAlgorithm debugWriteStatistics
FINE: Solver statistics:
	# Sat Call: 21
	# Unsat Call: 2
	# Total Time in Sat Calls: 1029
	# Total Time in Sat Calls Solving: 147
	# Total Time in Sat Calls Translating: 882
	# Total Time in Unsat Calls: 241
	# Total Time in Unsat Calls Solving: 74
	# Total Time in Unsat Calls Translating: 167
	# Magnifier Sat Call: 16
	# Magnifier Unsat Call: 1
	# Total Time in Magnifier: 65895
