Feb 01, 2014 10:22:56 PM kodkod.multiobjective.algorithms.CheckpointedGuidedImprovementAlgorithm multiObjectiveSolveImpl
FINE: Found a solution. At time: 54, Improving on [914]
Feb 01, 2014 10:22:56 PM kodkod.multiobjective.MetricPoint parametrizedImprovementConstraints
FINE: Possible Improvements are conjunction of 
	(sum(this/Sqlite.totalFootprint) <= 914)
	(sum(this/Sqlite.totalFootprint) < 914)
Feb 01, 2014 10:22:58 PM kodkod.multiobjective.algorithms.CheckpointedGuidedImprovementAlgorithm multiObjectiveSolveImpl
FINE: Found a solution. At time: 55, Improving on [905]
Feb 01, 2014 10:22:58 PM kodkod.multiobjective.MetricPoint parametrizedImprovementConstraints
FINE: Possible Improvements are conjunction of 
	(sum(this/Sqlite.totalFootprint) <= 905)
	(sum(this/Sqlite.totalFootprint) < 905)
Feb 01, 2014 10:22:58 PM kodkod.multiobjective.algorithms.CheckpointedGuidedImprovementAlgorithm multiObjectiveSolveImpl
FINE: Found a solution. At time: 56, Improving on [901]
Feb 01, 2014 10:22:58 PM kodkod.multiobjective.MetricPoint parametrizedImprovementConstraints
FINE: Possible Improvements are conjunction of 
	(sum(this/Sqlite.totalFootprint) <= 901)
	(sum(this/Sqlite.totalFootprint) < 901)
Feb 01, 2014 10:22:59 PM kodkod.multiobjective.algorithms.CheckpointedGuidedImprovementAlgorithm multiObjectiveSolveImpl
FINE: Found a solution. At time: 56, Improving on [871]
Feb 01, 2014 10:22:59 PM kodkod.multiobjective.MetricPoint parametrizedImprovementConstraints
FINE: Possible Improvements are conjunction of 
	(sum(this/Sqlite.totalFootprint) <= 871)
	(sum(this/Sqlite.totalFootprint) < 871)
Feb 01, 2014 10:23:00 PM kodkod.multiobjective.algorithms.CheckpointedGuidedImprovementAlgorithm multiObjectiveSolveImpl
FINE: Found a solution. At time: 57, Improving on [835]
Feb 01, 2014 10:23:00 PM kodkod.multiobjective.MetricPoint parametrizedImprovementConstraints
FINE: Possible Improvements are conjunction of 
	(sum(this/Sqlite.totalFootprint) <= 835)
	(sum(this/Sqlite.totalFootprint) < 835)
Feb 01, 2014 10:23:00 PM kodkod.multiobjective.algorithms.CheckpointedGuidedImprovementAlgorithm multiObjectiveSolveImpl
FINE: Found a solution. At time: 58, Improving on [834]
Feb 01, 2014 10:23:00 PM kodkod.multiobjective.MetricPoint parametrizedImprovementConstraints
FINE: Possible Improvements are conjunction of 
	(sum(this/Sqlite.totalFootprint) <= 834)
	(sum(this/Sqlite.totalFootprint) < 834)
Feb 01, 2014 10:23:01 PM kodkod.multiobjective.algorithms.CheckpointedGuidedImprovementAlgorithm multiObjectiveSolveImpl
FINE: Found a solution. At time: 58, Improving on [832]
Feb 01, 2014 10:23:01 PM kodkod.multiobjective.MetricPoint parametrizedImprovementConstraints
FINE: Possible Improvements are conjunction of 
	(sum(this/Sqlite.totalFootprint) <= 832)
	(sum(this/Sqlite.totalFootprint) < 832)
Feb 01, 2014 10:23:09 PM kodkod.multiobjective.algorithms.CheckpointedGuidedImprovementAlgorithm multiObjectiveSolveImpl
FINE: Found a solution. At time: 66, Improving on [819]
Feb 01, 2014 10:23:09 PM kodkod.multiobjective.MetricPoint parametrizedImprovementConstraints
FINE: Possible Improvements are conjunction of 
	(sum(this/Sqlite.totalFootprint) <= 819)
	(sum(this/Sqlite.totalFootprint) < 819)
Feb 01, 2014 10:23:11 PM kodkod.multiobjective.algorithms.CheckpointedGuidedImprovementAlgorithm multiObjectiveSolveImpl
FINE: Found a solution. At time: 68, Improving on [818]
Feb 01, 2014 10:23:11 PM kodkod.multiobjective.MetricPoint parametrizedImprovementConstraints
FINE: Possible Improvements are conjunction of 
	(sum(this/Sqlite.totalFootprint) <= 818)
	(sum(this/Sqlite.totalFootprint) < 818)
Feb 01, 2014 10:23:11 PM kodkod.multiobjective.algorithms.CheckpointedGuidedImprovementAlgorithm multiObjectiveSolveImpl
FINE: Found a solution. At time: 69, Improving on [817]
Feb 01, 2014 10:23:11 PM kodkod.multiobjective.MetricPoint parametrizedImprovementConstraints
FINE: Possible Improvements are conjunction of 
	(sum(this/Sqlite.totalFootprint) <= 817)
	(sum(this/Sqlite.totalFootprint) < 817)
Feb 01, 2014 10:23:12 PM kodkod.multiobjective.algorithms.CheckpointedGuidedImprovementAlgorithm multiObjectiveSolveImpl
FINE: Found a solution. At time: 69, Improving on [816]
Feb 01, 2014 10:23:12 PM kodkod.multiobjective.MetricPoint parametrizedImprovementConstraints
FINE: Possible Improvements are conjunction of 
	(sum(this/Sqlite.totalFootprint) <= 816)
	(sum(this/Sqlite.totalFootprint) < 816)
Feb 01, 2014 10:23:12 PM kodkod.multiobjective.algorithms.CheckpointedGuidedImprovementAlgorithm multiObjectiveSolveImpl
FINE: Found a solution. At time: 70, Improving on [815]
Feb 01, 2014 10:23:12 PM kodkod.multiobjective.MetricPoint parametrizedImprovementConstraints
FINE: Possible Improvements are conjunction of 
	(sum(this/Sqlite.totalFootprint) <= 815)
	(sum(this/Sqlite.totalFootprint) < 815)
Feb 01, 2014 10:23:13 PM kodkod.multiobjective.algorithms.CheckpointedGuidedImprovementAlgorithm multiObjectiveSolveImpl
FINE: Found a solution. At time: 70, Improving on [814]
Feb 01, 2014 10:23:13 PM kodkod.multiobjective.MetricPoint parametrizedImprovementConstraints
FINE: Possible Improvements are conjunction of 
	(sum(this/Sqlite.totalFootprint) <= 814)
	(sum(this/Sqlite.totalFootprint) < 814)
Feb 01, 2014 10:23:13 PM kodkod.multiobjective.algorithms.CheckpointedGuidedImprovementAlgorithm multiObjectiveSolveImpl
FINE: Found a solution. At time: 71, Improving on [812]
Feb 01, 2014 10:23:13 PM kodkod.multiobjective.MetricPoint parametrizedImprovementConstraints
FINE: Possible Improvements are conjunction of 
	(sum(this/Sqlite.totalFootprint) <= 812)
	(sum(this/Sqlite.totalFootprint) < 812)
Feb 01, 2014 10:23:15 PM kodkod.multiobjective.algorithms.CheckpointedGuidedImprovementAlgorithm multiObjectiveSolveImpl
FINE: Found a solution. At time: 72, Improving on [811]
Feb 01, 2014 10:23:15 PM kodkod.multiobjective.MetricPoint parametrizedImprovementConstraints
FINE: Possible Improvements are conjunction of 
	(sum(this/Sqlite.totalFootprint) <= 811)
	(sum(this/Sqlite.totalFootprint) < 811)
Feb 01, 2014 10:23:17 PM kodkod.multiobjective.algorithms.CheckpointedGuidedImprovementAlgorithm multiObjectiveSolveImpl
FINE: Found a solution. At time: 75, Improving on [810]
Feb 01, 2014 10:23:18 PM kodkod.multiobjective.MetricPoint parametrizedImprovementConstraints
FINE: Possible Improvements are conjunction of 
	(sum(this/Sqlite.totalFootprint) <= 810)
	(sum(this/Sqlite.totalFootprint) < 810)
Feb 01, 2014 10:23:20 PM kodkod.multiobjective.algorithms.MultiObjectiveAlgorithm foundParetoPoint
FINE: Found Pareto point with values: [810]
Feb 01, 2014 10:23:20 PM kodkod.multiobjective.algorithms.CheckpointedGuidedImprovementAlgorithm multiObjectiveSolveImpl
FINE: Found Pareto point with values: [810]
Feb 01, 2014 10:24:11 PM kodkod.multiobjective.algorithms.MultiObjectiveAlgorithm debugWriteStatistics
FINE: Solver statistics:
	# Sat Call: 16
	# Unsat Call: 2
	# Total Time in Sat Calls: 65048
	# Total Time in Sat Calls Solving: 12614
	# Total Time in Sat Calls Translating: 52434
	# Total Time in Unsat Calls: 8634
	# Total Time in Unsat Calls Solving: 8089
	# Total Time in Unsat Calls Translating: 545
	# Magnifier Sat Call: 0
	# Magnifier Unsat Call: 0
	# Total Time in Magnifier: 0
