Feb 01, 2014 12:22:26 AM kodkod.multiobjective.algorithms.IncrementalGuidedImprovementAlgorithm multiObjectiveSolveImpl
FINE: Found a solution. At time: 0, Improving on [255]
Feb 01, 2014 12:22:26 AM kodkod.multiobjective.MetricPoint parametrizedImprovementConstraints
FINE: Possible Improvements are conjunction of 
	(sum(this/Apache.totalPerformance) >= 255)
	(sum(this/Apache.totalPerformance) > 255)
Feb 01, 2014 12:22:26 AM kodkod.multiobjective.algorithms.MultiObjectiveAlgorithm foundParetoPoint
FINE: Found Pareto point with values: [255]
Feb 01, 2014 12:22:27 AM kodkod.multiobjective.algorithms.IncrementalGuidedImprovementAlgorithm multiObjectiveSolveImpl
FINE: Magnifying glass found 2 solution(s). At time: 1
Feb 01, 2014 12:22:27 AM kodkod.multiobjective.algorithms.IncrementalGuidedImprovementAlgorithm multiObjectiveSolveImpl
FINE: All Pareto points found. At time: 1
Feb 01, 2014 12:22:27 AM kodkod.multiobjective.algorithms.MultiObjectiveAlgorithm debugWriteStatistics
FINE: Solver statistics:
	# Sat Call: 1
	# Unsat Call: 2
	# Total Time in Sat Calls: 35
	# Total Time in Sat Calls Solving: 0
	# Total Time in Sat Calls Translating: 35
	# Total Time in Unsat Calls: 44
	# Total Time in Unsat Calls Solving: 0
	# Total Time in Unsat Calls Translating: 44
	# Magnifier Sat Call: 2
	# Magnifier Unsat Call: 1
	# Total Time in Magnifier: 1576
