Feb 01, 2014 9:42:36 PM kodkod.multiobjective.algorithms.CheckpointedGuidedImprovementAlgorithm multiObjectiveSolveImpl
FINE: Found a solution. At time: 3, Improving on [759]
Feb 01, 2014 9:42:36 PM kodkod.multiobjective.MetricPoint parametrizedImprovementConstraints
FINE: Possible Improvements are conjunction of 
	(sum(this/PKJab.totalFootprint) <= 759)
	(sum(this/PKJab.totalFootprint) < 759)
Feb 01, 2014 9:42:36 PM kodkod.multiobjective.algorithms.MultiObjectiveAlgorithm foundParetoPoint
FINE: Found Pareto point with values: [759]
Feb 01, 2014 9:42:36 PM kodkod.multiobjective.algorithms.CheckpointedGuidedImprovementAlgorithm multiObjectiveSolveImpl
FINE: Found Pareto point with values: [759]
Feb 01, 2014 9:42:36 PM kodkod.multiobjective.algorithms.MultiObjectiveAlgorithm debugWriteStatistics
FINE: Solver statistics:
	# Sat Call: 1
	# Unsat Call: 2
	# Total Time in Sat Calls: 3505
	# Total Time in Sat Calls Solving: 96
	# Total Time in Sat Calls Translating: 3409
	# Total Time in Unsat Calls: 176
	# Total Time in Unsat Calls Solving: 11
	# Total Time in Unsat Calls Translating: 165
	# Magnifier Sat Call: 0
	# Magnifier Unsat Call: 0
	# Total Time in Magnifier: 0
