Feb 01, 2014 8:36:23 PM kodkod.multiobjective.algorithms.IncrementalGuidedImprovementAlgorithm multiObjectiveSolveImpl
FINE: Found a solution. At time: 0, Improving on [857]
Feb 01, 2014 8:36:23 PM kodkod.multiobjective.MetricPoint parametrizedImprovementConstraints
FINE: Possible Improvements are conjunction of 
	(sum(this/ZipMeSPL.totalFootprint) <= 857)
	(sum(this/ZipMeSPL.totalFootprint) < 857)
Feb 01, 2014 8:36:23 PM kodkod.multiobjective.algorithms.MultiObjectiveAlgorithm foundParetoPoint
FINE: Found Pareto point with values: [857]
Feb 01, 2014 8:36:23 PM kodkod.multiobjective.algorithms.IncrementalGuidedImprovementAlgorithm multiObjectiveSolveImpl
FINE: All Pareto points found. At time: 0
Feb 01, 2014 8:36:23 PM kodkod.multiobjective.algorithms.MultiObjectiveAlgorithm debugWriteStatistics
FINE: Solver statistics:
	# Sat Call: 1
	# Unsat Call: 2
	# Total Time in Sat Calls: 228
	# Total Time in Sat Calls Solving: 1
	# Total Time in Sat Calls Translating: 227
	# Total Time in Unsat Calls: 85
	# Total Time in Unsat Calls Solving: 0
	# Total Time in Unsat Calls Translating: 85
	# Magnifier Sat Call: 0
	# Magnifier Unsat Call: 0
	# Total Time in Magnifier: 0
