Feb 01, 2014 1:43:34 PM kodkod.multiobjective.algorithms.IncrementalGuidedImprovementAlgorithm multiObjectiveSolveImpl
FINE: Found a solution. At time: 0, Improving on [736]
Feb 01, 2014 1:43:34 PM kodkod.multiobjective.MetricPoint parametrizedImprovementConstraints
FINE: Possible Improvements are conjunction of 
	(sum(this/PKJab.totalFootprint) <= 736)
	(sum(this/PKJab.totalFootprint) < 736)
Feb 01, 2014 1:43:34 PM kodkod.multiobjective.algorithms.MultiObjectiveAlgorithm foundParetoPoint
FINE: Found Pareto point with values: [736]
Feb 01, 2014 1:43:34 PM kodkod.multiobjective.algorithms.IncrementalGuidedImprovementAlgorithm multiObjectiveSolveImpl
FINE: All Pareto points found. At time: 0
Feb 01, 2014 1:43:34 PM kodkod.multiobjective.algorithms.MultiObjectiveAlgorithm debugWriteStatistics
FINE: Solver statistics:
	# Sat Call: 1
	# Unsat Call: 2
	# Total Time in Sat Calls: 387
	# Total Time in Sat Calls Solving: 5
	# Total Time in Sat Calls Translating: 382
	# Total Time in Unsat Calls: 159
	# Total Time in Unsat Calls Solving: 3
	# Total Time in Unsat Calls Translating: 156
	# Magnifier Sat Call: 0
	# Magnifier Unsat Call: 0
	# Total Time in Magnifier: 0
