Feb 02, 2014 12:38:15 AM kodkod.multiobjective.algorithms.CheckpointedGuidedImprovementAlgorithm multiObjectiveSolveImpl
FINE: Found a solution. At time: 2, Improving on [746]
Feb 02, 2014 12:38:15 AM kodkod.multiobjective.MetricPoint parametrizedImprovementConstraints
FINE: Possible Improvements are conjunction of 
	(sum(this/PKJab.totalFootprint) <= 746)
	(sum(this/PKJab.totalFootprint) < 746)
Feb 02, 2014 12:38:16 AM kodkod.multiobjective.algorithms.MultiObjectiveAlgorithm foundParetoPoint
FINE: Found Pareto point with values: [746]
Feb 02, 2014 12:38:16 AM kodkod.multiobjective.algorithms.CheckpointedGuidedImprovementAlgorithm multiObjectiveSolveImpl
FINE: Found Pareto point with values: [746]
Feb 02, 2014 12:38:17 AM kodkod.multiobjective.algorithms.MultiObjectiveAlgorithm debugWriteStatistics
FINE: Solver statistics:
	# Sat Call: 1
	# Unsat Call: 2
	# Total Time in Sat Calls: 1824
	# Total Time in Sat Calls Solving: 7
	# Total Time in Sat Calls Translating: 1817
	# Total Time in Unsat Calls: 1802
	# Total Time in Unsat Calls Solving: 4
	# Total Time in Unsat Calls Translating: 1798
	# Magnifier Sat Call: 0
	# Magnifier Unsat Call: 0
	# Total Time in Magnifier: 0
