Feb 01, 2014 8:19:05 PM kodkod.multiobjective.algorithms.IncrementalGuidedImprovementAlgorithm multiObjectiveSolveImpl
FINE: Found a solution. At time: 0, Improving on [248]
Feb 01, 2014 8:19:05 PM kodkod.multiobjective.MetricPoint parametrizedImprovementConstraints
FINE: Possible Improvements are conjunction of 
	(sum(this/Apache.totalPerformance) >= 248)
	(sum(this/Apache.totalPerformance) > 248)
Feb 01, 2014 8:19:05 PM kodkod.multiobjective.algorithms.MultiObjectiveAlgorithm foundParetoPoint
FINE: Found Pareto point with values: [248]
Feb 01, 2014 8:19:05 PM kodkod.multiobjective.algorithms.IncrementalGuidedImprovementAlgorithm multiObjectiveSolveImpl
FINE: All Pareto points found. At time: 0
Feb 01, 2014 8:19:05 PM kodkod.multiobjective.algorithms.MultiObjectiveAlgorithm debugWriteStatistics
FINE: Solver statistics:
	# Sat Call: 1
	# Unsat Call: 2
	# Total Time in Sat Calls: 276
	# Total Time in Sat Calls Solving: 2
	# Total Time in Sat Calls Translating: 274
	# Total Time in Unsat Calls: 139
	# Total Time in Unsat Calls Solving: 4
	# Total Time in Unsat Calls Translating: 135
	# Magnifier Sat Call: 0
	# Magnifier Unsat Call: 0
	# Total Time in Magnifier: 0
