Feb 01, 2014 10:42:25 PM kodkod.multiobjective.algorithms.CheckpointedGuidedImprovementAlgorithm multiObjectiveSolveImpl
FINE: Found a solution. At time: 2, Improving on [865]
Feb 01, 2014 10:42:25 PM kodkod.multiobjective.MetricPoint parametrizedImprovementConstraints
FINE: Possible Improvements are conjunction of 
	(sum(this/ZipMeSPL.totalFootprint) <= 865)
	(sum(this/ZipMeSPL.totalFootprint) < 865)
Feb 01, 2014 10:42:26 PM kodkod.multiobjective.algorithms.MultiObjectiveAlgorithm foundParetoPoint
FINE: Found Pareto point with values: [865]
Feb 01, 2014 10:42:26 PM kodkod.multiobjective.algorithms.CheckpointedGuidedImprovementAlgorithm multiObjectiveSolveImpl
FINE: Found Pareto point with values: [865]
Feb 01, 2014 10:42:26 PM kodkod.multiobjective.algorithms.MultiObjectiveAlgorithm debugWriteStatistics
FINE: Solver statistics:
	# Sat Call: 1
	# Unsat Call: 2
	# Total Time in Sat Calls: 1736
	# Total Time in Sat Calls Solving: 5
	# Total Time in Sat Calls Translating: 1731
	# Total Time in Unsat Calls: 1517
	# Total Time in Unsat Calls Solving: 3
	# Total Time in Unsat Calls Translating: 1514
	# Magnifier Sat Call: 0
	# Magnifier Unsat Call: 0
	# Total Time in Magnifier: 0
