Feb 02, 2014 12:40:33 AM kodkod.multiobjective.algorithms.CheckpointedGuidedImprovementAlgorithm multiObjectiveSolveImpl
FINE: Found a solution. At time: 2, Improving on [799]
Feb 02, 2014 12:40:33 AM kodkod.multiobjective.MetricPoint parametrizedImprovementConstraints
FINE: Possible Improvements are conjunction of 
	(sum(this/ZipMeSPL.totalFootprint) <= 799)
	(sum(this/ZipMeSPL.totalFootprint) < 799)
Feb 02, 2014 12:40:34 AM kodkod.multiobjective.algorithms.MultiObjectiveAlgorithm foundParetoPoint
FINE: Found Pareto point with values: [799]
Feb 02, 2014 12:40:34 AM kodkod.multiobjective.algorithms.CheckpointedGuidedImprovementAlgorithm multiObjectiveSolveImpl
FINE: Found Pareto point with values: [799]
Feb 02, 2014 12:40:35 AM kodkod.multiobjective.algorithms.MultiObjectiveAlgorithm debugWriteStatistics
FINE: Solver statistics:
	# Sat Call: 1
	# Unsat Call: 2
	# Total Time in Sat Calls: 1758
	# Total Time in Sat Calls Solving: 5
	# Total Time in Sat Calls Translating: 1753
	# Total Time in Unsat Calls: 1458
	# Total Time in Unsat Calls Solving: 2
	# Total Time in Unsat Calls Translating: 1456
	# Magnifier Sat Call: 0
	# Magnifier Unsat Call: 0
	# Total Time in Magnifier: 0
