Feb 01, 2014 3:33:08 AM kodkod.multiobjective.algorithms.IncrementalGuidedImprovementAlgorithm multiObjectiveSolveImpl
FINE: Found a solution. At time: 6, Improving on [1035]
Feb 01, 2014 3:33:08 AM kodkod.multiobjective.MetricPoint parametrizedImprovementConstraints
FINE: Possible Improvements are conjunction of 
	(sum(this/Prevayler.totalFootprint) <= 1035)
	(sum(this/Prevayler.totalFootprint) < 1035)
Feb 01, 2014 3:33:09 AM kodkod.multiobjective.algorithms.MultiObjectiveAlgorithm foundParetoPoint
FINE: Found Pareto point with values: [1035]
Feb 01, 2014 3:33:15 AM kodkod.multiobjective.algorithms.IncrementalGuidedImprovementAlgorithm multiObjectiveSolveImpl
FINE: All Pareto points found. At time: 12
Feb 01, 2014 3:33:15 AM kodkod.multiobjective.algorithms.MultiObjectiveAlgorithm debugWriteStatistics
FINE: Solver statistics:
	# Sat Call: 1
	# Unsat Call: 2
	# Total Time in Sat Calls: 6092
	# Total Time in Sat Calls Solving: 113
	# Total Time in Sat Calls Translating: 5979
	# Total Time in Unsat Calls: 6065
	# Total Time in Unsat Calls Solving: 156
	# Total Time in Unsat Calls Translating: 5909
	# Magnifier Sat Call: 0
	# Magnifier Unsat Call: 0
	# Total Time in Magnifier: 0
