Feb 01, 2014 9:37:43 PM kodkod.multiobjective.algorithms.CheckpointedGuidedImprovementAlgorithm multiObjectiveSolveImpl
FINE: Found a solution. At time: 9, Improving on [1086]
Feb 01, 2014 9:37:43 PM kodkod.multiobjective.MetricPoint parametrizedImprovementConstraints
FINE: Possible Improvements are conjunction of 
	(sum(this/BerkeleyDbC.totalFootprint) <= 1086)
	(sum(this/BerkeleyDbC.totalFootprint) < 1086)
Feb 01, 2014 9:37:44 PM kodkod.multiobjective.algorithms.CheckpointedGuidedImprovementAlgorithm multiObjectiveSolveImpl
FINE: Found a solution. At time: 9, Improving on [1083]
Feb 01, 2014 9:37:44 PM kodkod.multiobjective.MetricPoint parametrizedImprovementConstraints
FINE: Possible Improvements are conjunction of 
	(sum(this/BerkeleyDbC.totalFootprint) <= 1083)
	(sum(this/BerkeleyDbC.totalFootprint) < 1083)
Feb 01, 2014 9:37:44 PM kodkod.multiobjective.algorithms.CheckpointedGuidedImprovementAlgorithm multiObjectiveSolveImpl
FINE: Found a solution. At time: 9, Improving on [1058]
Feb 01, 2014 9:37:44 PM kodkod.multiobjective.MetricPoint parametrizedImprovementConstraints
FINE: Possible Improvements are conjunction of 
	(sum(this/BerkeleyDbC.totalFootprint) <= 1058)
	(sum(this/BerkeleyDbC.totalFootprint) < 1058)
Feb 01, 2014 9:37:44 PM kodkod.multiobjective.algorithms.CheckpointedGuidedImprovementAlgorithm multiObjectiveSolveImpl
FINE: Found a solution. At time: 9, Improving on [1055]
Feb 01, 2014 9:37:44 PM kodkod.multiobjective.MetricPoint parametrizedImprovementConstraints
FINE: Possible Improvements are conjunction of 
	(sum(this/BerkeleyDbC.totalFootprint) <= 1055)
	(sum(this/BerkeleyDbC.totalFootprint) < 1055)
Feb 01, 2014 9:37:44 PM kodkod.multiobjective.algorithms.CheckpointedGuidedImprovementAlgorithm multiObjectiveSolveImpl
FINE: Found a solution. At time: 10, Improving on [1030]
Feb 01, 2014 9:37:44 PM kodkod.multiobjective.MetricPoint parametrizedImprovementConstraints
FINE: Possible Improvements are conjunction of 
	(sum(this/BerkeleyDbC.totalFootprint) <= 1030)
	(sum(this/BerkeleyDbC.totalFootprint) < 1030)
Feb 01, 2014 9:37:44 PM kodkod.multiobjective.algorithms.MultiObjectiveAlgorithm foundParetoPoint
FINE: Found Pareto point with values: [1030]
Feb 01, 2014 9:37:44 PM kodkod.multiobjective.algorithms.CheckpointedGuidedImprovementAlgorithm multiObjectiveSolveImpl
FINE: Found Pareto point with values: [1030]
Feb 01, 2014 9:37:46 PM kodkod.multiobjective.algorithms.MultiObjectiveAlgorithm debugWriteStatistics
FINE: Solver statistics:
	# Sat Call: 5
	# Unsat Call: 2
	# Total Time in Sat Calls: 9599
	# Total Time in Sat Calls Solving: 343
	# Total Time in Sat Calls Translating: 9256
	# Total Time in Unsat Calls: 323
	# Total Time in Unsat Calls Solving: 120
	# Total Time in Unsat Calls Translating: 203
	# Magnifier Sat Call: 0
	# Magnifier Unsat Call: 0
	# Total Time in Magnifier: 0
