Feb 02, 2014 12:12:18 AM kodkod.multiobjective.algorithms.CheckpointedGuidedImprovementAlgorithm multiObjectiveSolveImpl
FINE: Found a solution. At time: 1, Improving on [244]
Feb 02, 2014 12:12:19 AM kodkod.multiobjective.MetricPoint parametrizedImprovementConstraints
FINE: Possible Improvements are conjunction of 
	(sum(this/Apache.totalPerformance) >= 244)
	(sum(this/Apache.totalPerformance) > 244)
Feb 02, 2014 12:12:19 AM kodkod.multiobjective.algorithms.CheckpointedGuidedImprovementAlgorithm multiObjectiveSolveImpl
FINE: Found a solution. At time: 1, Improving on [248]
Feb 02, 2014 12:12:19 AM kodkod.multiobjective.MetricPoint parametrizedImprovementConstraints
FINE: Possible Improvements are conjunction of 
	(sum(this/Apache.totalPerformance) >= 248)
	(sum(this/Apache.totalPerformance) > 248)
Feb 02, 2014 12:12:19 AM kodkod.multiobjective.algorithms.MultiObjectiveAlgorithm foundParetoPoint
FINE: Found Pareto point with values: [248]
Feb 02, 2014 12:12:19 AM kodkod.multiobjective.algorithms.CheckpointedGuidedImprovementAlgorithm multiObjectiveSolveImpl
FINE: Found Pareto point with values: [248]
Feb 02, 2014 12:12:19 AM kodkod.multiobjective.algorithms.MultiObjectiveAlgorithm debugWriteStatistics
FINE: Solver statistics:
	# Sat Call: 2
	# Unsat Call: 2
	# Total Time in Sat Calls: 1348
	# Total Time in Sat Calls Solving: 4
	# Total Time in Sat Calls Translating: 1344
	# Total Time in Unsat Calls: 354
	# Total Time in Unsat Calls Solving: 1
	# Total Time in Unsat Calls Translating: 353
	# Magnifier Sat Call: 0
	# Magnifier Unsat Call: 0
	# Total Time in Magnifier: 0
