Feb 02, 2014 5:54:33 AM kodkod.multiobjective.algorithms.CheckpointedGuidedImprovementAlgorithm multiObjectiveSolveImpl
FINE: Found a solution. At time: 22, Improving on [898]
Feb 02, 2014 5:54:33 AM kodkod.multiobjective.MetricPoint parametrizedImprovementConstraints
FINE: Possible Improvements are conjunction of 
	(sum(this/Sqlite.totalFootprint) <= 898)
	(sum(this/Sqlite.totalFootprint) < 898)
Feb 02, 2014 5:54:54 AM kodkod.multiobjective.algorithms.CheckpointedGuidedImprovementAlgorithm multiObjectiveSolveImpl
FINE: Found a solution. At time: 44, Improving on [860]
Feb 02, 2014 5:54:54 AM kodkod.multiobjective.MetricPoint parametrizedImprovementConstraints
FINE: Possible Improvements are conjunction of 
	(sum(this/Sqlite.totalFootprint) <= 860)
	(sum(this/Sqlite.totalFootprint) < 860)
Feb 02, 2014 5:54:58 AM kodkod.multiobjective.algorithms.CheckpointedGuidedImprovementAlgorithm multiObjectiveSolveImpl
FINE: Found a solution. At time: 48, Improving on [858]
Feb 02, 2014 5:54:58 AM kodkod.multiobjective.MetricPoint parametrizedImprovementConstraints
FINE: Possible Improvements are conjunction of 
	(sum(this/Sqlite.totalFootprint) <= 858)
	(sum(this/Sqlite.totalFootprint) < 858)
Feb 02, 2014 5:55:03 AM kodkod.multiobjective.algorithms.CheckpointedGuidedImprovementAlgorithm multiObjectiveSolveImpl
FINE: Found a solution. At time: 52, Improving on [821]
Feb 02, 2014 5:55:03 AM kodkod.multiobjective.MetricPoint parametrizedImprovementConstraints
FINE: Possible Improvements are conjunction of 
	(sum(this/Sqlite.totalFootprint) <= 821)
	(sum(this/Sqlite.totalFootprint) < 821)
Feb 02, 2014 5:55:07 AM kodkod.multiobjective.algorithms.CheckpointedGuidedImprovementAlgorithm multiObjectiveSolveImpl
FINE: Found a solution. At time: 56, Improving on [63]
Feb 02, 2014 5:55:07 AM kodkod.multiobjective.MetricPoint parametrizedImprovementConstraints
FINE: Possible Improvements are conjunction of 
	(sum(this/Sqlite.totalFootprint) <= 63)
	(sum(this/Sqlite.totalFootprint) < 63)
Feb 02, 2014 5:55:11 AM kodkod.multiobjective.algorithms.CheckpointedGuidedImprovementAlgorithm multiObjectiveSolveImpl
FINE: Found a solution. At time: 61, Improving on [61]
Feb 02, 2014 5:55:11 AM kodkod.multiobjective.MetricPoint parametrizedImprovementConstraints
FINE: Possible Improvements are conjunction of 
	(sum(this/Sqlite.totalFootprint) <= 61)
	(sum(this/Sqlite.totalFootprint) < 61)
Feb 02, 2014 5:55:16 AM kodkod.multiobjective.algorithms.CheckpointedGuidedImprovementAlgorithm multiObjectiveSolveImpl
FINE: Found a solution. At time: 65, Improving on [60]
Feb 02, 2014 5:55:16 AM kodkod.multiobjective.MetricPoint parametrizedImprovementConstraints
FINE: Possible Improvements are conjunction of 
	(sum(this/Sqlite.totalFootprint) <= 60)
	(sum(this/Sqlite.totalFootprint) < 60)
Feb 02, 2014 5:55:20 AM kodkod.multiobjective.algorithms.CheckpointedGuidedImprovementAlgorithm multiObjectiveSolveImpl
FINE: Found a solution. At time: 69, Improving on [44]
Feb 02, 2014 5:55:20 AM kodkod.multiobjective.MetricPoint parametrizedImprovementConstraints
FINE: Possible Improvements are conjunction of 
	(sum(this/Sqlite.totalFootprint) <= 44)
	(sum(this/Sqlite.totalFootprint) < 44)
Feb 02, 2014 5:55:24 AM kodkod.multiobjective.algorithms.CheckpointedGuidedImprovementAlgorithm multiObjectiveSolveImpl
FINE: Found a solution. At time: 74, Improving on [30]
Feb 02, 2014 5:55:24 AM kodkod.multiobjective.MetricPoint parametrizedImprovementConstraints
FINE: Possible Improvements are conjunction of 
	(sum(this/Sqlite.totalFootprint) <= 30)
	(sum(this/Sqlite.totalFootprint) < 30)
Feb 02, 2014 5:55:29 AM kodkod.multiobjective.algorithms.CheckpointedGuidedImprovementAlgorithm multiObjectiveSolveImpl
FINE: Found a solution. At time: 78, Improving on [28]
Feb 02, 2014 5:55:29 AM kodkod.multiobjective.MetricPoint parametrizedImprovementConstraints
FINE: Possible Improvements are conjunction of 
	(sum(this/Sqlite.totalFootprint) <= 28)
	(sum(this/Sqlite.totalFootprint) < 28)
Feb 02, 2014 5:55:33 AM kodkod.multiobjective.algorithms.CheckpointedGuidedImprovementAlgorithm multiObjectiveSolveImpl
FINE: Found a solution. At time: 82, Improving on [26]
Feb 02, 2014 5:55:33 AM kodkod.multiobjective.MetricPoint parametrizedImprovementConstraints
FINE: Possible Improvements are conjunction of 
	(sum(this/Sqlite.totalFootprint) <= 26)
	(sum(this/Sqlite.totalFootprint) < 26)
Feb 02, 2014 5:55:37 AM kodkod.multiobjective.algorithms.CheckpointedGuidedImprovementAlgorithm multiObjectiveSolveImpl
FINE: Found a solution. At time: 87, Improving on [-24]
Feb 02, 2014 5:55:37 AM kodkod.multiobjective.MetricPoint parametrizedImprovementConstraints
FINE: Possible Improvements are conjunction of 
	(sum(this/Sqlite.totalFootprint) <= -24)
	(sum(this/Sqlite.totalFootprint) < -24)
Feb 02, 2014 5:55:41 AM kodkod.multiobjective.algorithms.CheckpointedGuidedImprovementAlgorithm multiObjectiveSolveImpl
FINE: Found a solution. At time: 91, Improving on [-44]
Feb 02, 2014 5:55:41 AM kodkod.multiobjective.MetricPoint parametrizedImprovementConstraints
FINE: Possible Improvements are conjunction of 
	(sum(this/Sqlite.totalFootprint) <= -44)
	(sum(this/Sqlite.totalFootprint) < -44)
Feb 02, 2014 5:55:46 AM kodkod.multiobjective.algorithms.CheckpointedGuidedImprovementAlgorithm multiObjectiveSolveImpl
FINE: Found a solution. At time: 95, Improving on [-46]
Feb 02, 2014 5:55:46 AM kodkod.multiobjective.MetricPoint parametrizedImprovementConstraints
FINE: Possible Improvements are conjunction of 
	(sum(this/Sqlite.totalFootprint) <= -46)
	(sum(this/Sqlite.totalFootprint) < -46)
Feb 02, 2014 5:55:50 AM kodkod.multiobjective.algorithms.CheckpointedGuidedImprovementAlgorithm multiObjectiveSolveImpl
FINE: Found a solution. At time: 100, Improving on [-48]
Feb 02, 2014 5:55:50 AM kodkod.multiobjective.MetricPoint parametrizedImprovementConstraints
FINE: Possible Improvements are conjunction of 
	(sum(this/Sqlite.totalFootprint) <= -48)
	(sum(this/Sqlite.totalFootprint) < -48)
Feb 02, 2014 5:55:54 AM kodkod.multiobjective.algorithms.CheckpointedGuidedImprovementAlgorithm multiObjectiveSolveImpl
FINE: Found a solution. At time: 104, Improving on [-56]
Feb 02, 2014 5:55:54 AM kodkod.multiobjective.MetricPoint parametrizedImprovementConstraints
FINE: Possible Improvements are conjunction of 
	(sum(this/Sqlite.totalFootprint) <= -56)
	(sum(this/Sqlite.totalFootprint) < -56)
Feb 02, 2014 5:55:59 AM kodkod.multiobjective.algorithms.CheckpointedGuidedImprovementAlgorithm multiObjectiveSolveImpl
FINE: Found a solution. At time: 108, Improving on [-63]
Feb 02, 2014 5:55:59 AM kodkod.multiobjective.MetricPoint parametrizedImprovementConstraints
FINE: Possible Improvements are conjunction of 
	(sum(this/Sqlite.totalFootprint) <= -63)
	(sum(this/Sqlite.totalFootprint) < -63)
Feb 02, 2014 5:56:03 AM kodkod.multiobjective.algorithms.CheckpointedGuidedImprovementAlgorithm multiObjectiveSolveImpl
FINE: Found a solution. At time: 113, Improving on [-75]
Feb 02, 2014 5:56:03 AM kodkod.multiobjective.MetricPoint parametrizedImprovementConstraints
FINE: Possible Improvements are conjunction of 
	(sum(this/Sqlite.totalFootprint) <= -75)
	(sum(this/Sqlite.totalFootprint) < -75)
Feb 02, 2014 5:56:08 AM kodkod.multiobjective.algorithms.CheckpointedGuidedImprovementAlgorithm multiObjectiveSolveImpl
FINE: Found a solution. At time: 117, Improving on [-79]
Feb 02, 2014 5:56:08 AM kodkod.multiobjective.MetricPoint parametrizedImprovementConstraints
FINE: Possible Improvements are conjunction of 
	(sum(this/Sqlite.totalFootprint) <= -79)
	(sum(this/Sqlite.totalFootprint) < -79)
Feb 02, 2014 5:56:12 AM kodkod.multiobjective.algorithms.CheckpointedGuidedImprovementAlgorithm multiObjectiveSolveImpl
FINE: Found a solution. At time: 121, Improving on [-80]
Feb 02, 2014 5:56:12 AM kodkod.multiobjective.MetricPoint parametrizedImprovementConstraints
FINE: Possible Improvements are conjunction of 
	(sum(this/Sqlite.totalFootprint) <= -80)
	(sum(this/Sqlite.totalFootprint) < -80)
Feb 02, 2014 5:56:16 AM kodkod.multiobjective.algorithms.CheckpointedGuidedImprovementAlgorithm multiObjectiveSolveImpl
FINE: Found a solution. At time: 126, Improving on [-82]
Feb 02, 2014 5:56:16 AM kodkod.multiobjective.MetricPoint parametrizedImprovementConstraints
FINE: Possible Improvements are conjunction of 
	(sum(this/Sqlite.totalFootprint) <= -82)
	(sum(this/Sqlite.totalFootprint) < -82)
Feb 02, 2014 5:56:21 AM kodkod.multiobjective.algorithms.CheckpointedGuidedImprovementAlgorithm multiObjectiveSolveImpl
FINE: Found a solution. At time: 131, Improving on [-83]
Feb 02, 2014 5:56:21 AM kodkod.multiobjective.MetricPoint parametrizedImprovementConstraints
FINE: Possible Improvements are conjunction of 
	(sum(this/Sqlite.totalFootprint) <= -83)
	(sum(this/Sqlite.totalFootprint) < -83)
Feb 02, 2014 5:56:30 AM kodkod.multiobjective.algorithms.CheckpointedGuidedImprovementAlgorithm multiObjectiveSolveImpl
FINE: Found a solution. At time: 140, Improving on [-84]
Feb 02, 2014 5:56:30 AM kodkod.multiobjective.MetricPoint parametrizedImprovementConstraints
FINE: Possible Improvements are conjunction of 
	(sum(this/Sqlite.totalFootprint) <= -84)
	(sum(this/Sqlite.totalFootprint) < -84)
Feb 02, 2014 5:56:41 AM kodkod.multiobjective.algorithms.CheckpointedGuidedImprovementAlgorithm multiObjectiveSolveImpl
FINE: Found a solution. At time: 151, Improving on [-92]
Feb 02, 2014 5:56:41 AM kodkod.multiobjective.MetricPoint parametrizedImprovementConstraints
FINE: Possible Improvements are conjunction of 
	(sum(this/Sqlite.totalFootprint) <= -92)
	(sum(this/Sqlite.totalFootprint) < -92)
Feb 02, 2014 5:56:50 AM kodkod.multiobjective.algorithms.CheckpointedGuidedImprovementAlgorithm multiObjectiveSolveImpl
FINE: Found a solution. At time: 160, Improving on [-93]
Feb 02, 2014 5:56:50 AM kodkod.multiobjective.MetricPoint parametrizedImprovementConstraints
FINE: Possible Improvements are conjunction of 
	(sum(this/Sqlite.totalFootprint) <= -93)
	(sum(this/Sqlite.totalFootprint) < -93)
Feb 02, 2014 5:56:56 AM kodkod.multiobjective.algorithms.CheckpointedGuidedImprovementAlgorithm multiObjectiveSolveImpl
FINE: Found a solution. At time: 165, Improving on [-94]
Feb 02, 2014 5:56:56 AM kodkod.multiobjective.MetricPoint parametrizedImprovementConstraints
FINE: Possible Improvements are conjunction of 
	(sum(this/Sqlite.totalFootprint) <= -94)
	(sum(this/Sqlite.totalFootprint) < -94)
Feb 02, 2014 5:57:01 AM kodkod.multiobjective.algorithms.CheckpointedGuidedImprovementAlgorithm multiObjectiveSolveImpl
FINE: Found a solution. At time: 171, Improving on [-95]
Feb 02, 2014 5:57:01 AM kodkod.multiobjective.MetricPoint parametrizedImprovementConstraints
FINE: Possible Improvements are conjunction of 
	(sum(this/Sqlite.totalFootprint) <= -95)
	(sum(this/Sqlite.totalFootprint) < -95)
Feb 02, 2014 5:57:07 AM kodkod.multiobjective.algorithms.CheckpointedGuidedImprovementAlgorithm multiObjectiveSolveImpl
FINE: Found a solution. At time: 177, Improving on [-97]
Feb 02, 2014 5:57:07 AM kodkod.multiobjective.MetricPoint parametrizedImprovementConstraints
FINE: Possible Improvements are conjunction of 
	(sum(this/Sqlite.totalFootprint) <= -97)
	(sum(this/Sqlite.totalFootprint) < -97)
Feb 02, 2014 5:57:14 AM kodkod.multiobjective.algorithms.CheckpointedGuidedImprovementAlgorithm multiObjectiveSolveImpl
FINE: Found a solution. At time: 184, Improving on [-98]
Feb 02, 2014 5:57:14 AM kodkod.multiobjective.MetricPoint parametrizedImprovementConstraints
FINE: Possible Improvements are conjunction of 
	(sum(this/Sqlite.totalFootprint) <= -98)
	(sum(this/Sqlite.totalFootprint) < -98)
Feb 02, 2014 5:57:20 AM kodkod.multiobjective.algorithms.CheckpointedGuidedImprovementAlgorithm multiObjectiveSolveImpl
FINE: Found a solution. At time: 190, Improving on [-99]
Feb 02, 2014 5:57:20 AM kodkod.multiobjective.MetricPoint parametrizedImprovementConstraints
FINE: Possible Improvements are conjunction of 
	(sum(this/Sqlite.totalFootprint) <= -99)
	(sum(this/Sqlite.totalFootprint) < -99)
Feb 02, 2014 5:57:26 AM kodkod.multiobjective.algorithms.MultiObjectiveAlgorithm foundParetoPoint
FINE: Found Pareto point with values: [-99]
Feb 02, 2014 5:57:26 AM kodkod.multiobjective.algorithms.CheckpointedGuidedImprovementAlgorithm multiObjectiveSolveImpl
FINE: Found Pareto point with values: [-99]
Feb 02, 2014 5:59:03 AM kodkod.multiobjective.algorithms.MultiObjectiveAlgorithm debugWriteStatistics
FINE: Solver statistics:
	# Sat Call: 30
	# Unsat Call: 2
	# Total Time in Sat Calls: 161291
	# Total Time in Sat Calls Solving: 2970
	# Total Time in Sat Calls Translating: 158321
	# Total Time in Unsat Calls: 18247
	# Total Time in Unsat Calls Solving: 610
	# Total Time in Unsat Calls Translating: 17637
	# Magnifier Sat Call: 0
	# Magnifier Unsat Call: 0
	# Total Time in Magnifier: 0
