Feb 01, 2014 4:04:55 AM kodkod.multiobjective.algorithms.IncrementalGuidedImprovementAlgorithm multiObjectiveSolveImpl
FINE: Found a solution. At time: 11, Improving on [2, 507, 350]
Feb 01, 2014 4:04:55 AM kodkod.multiobjective.MetricPoint parametrizedImprovementConstraints
FINE: Possible Improvements are conjunction of 
	(sum(this/BerkeleyDbC.totalReliability) >= 2)
	(sum(this/BerkeleyDbC.totalFootprint) <= 507)
	(sum(this/BerkeleyDbC.totalPrice) <= 350)
	((sum(this/BerkeleyDbC.totalReliability) > 2) || (sum(this/BerkeleyDbC.totalFootprint) < 507) || (sum(this/BerkeleyDbC.totalPrice) < 350))
Feb 01, 2014 4:05:03 AM kodkod.multiobjective.algorithms.MultiObjectiveAlgorithm foundParetoPoint
FINE: Found Pareto point with values: [2, 507, 350]
Feb 01, 2014 4:05:28 AM kodkod.multiobjective.algorithms.IncrementalGuidedImprovementAlgorithm multiObjectiveSolveImpl
FINE: Found a solution. At time: 43, Improving on [3, 698, 350]
Feb 01, 2014 4:05:28 AM kodkod.multiobjective.MetricPoint parametrizedImprovementConstraints
FINE: Possible Improvements are conjunction of 
	(sum(this/BerkeleyDbC.totalReliability) >= 3)
	(sum(this/BerkeleyDbC.totalFootprint) <= 698)
	(sum(this/BerkeleyDbC.totalPrice) <= 350)
	((sum(this/BerkeleyDbC.totalReliability) > 3) || (sum(this/BerkeleyDbC.totalFootprint) < 698) || (sum(this/BerkeleyDbC.totalPrice) < 350))
Feb 01, 2014 4:05:30 AM kodkod.multiobjective.algorithms.MultiObjectiveAlgorithm foundParetoPoint
FINE: Found Pareto point with values: [3, 698, 350]
Feb 01, 2014 4:05:53 AM kodkod.multiobjective.algorithms.IncrementalGuidedImprovementAlgorithm multiObjectiveSolveImpl
FINE: All Pareto points found. At time: 68
Feb 01, 2014 4:05:53 AM kodkod.multiobjective.algorithms.MultiObjectiveAlgorithm debugWriteStatistics
FINE: Solver statistics:
	# Sat Call: 2
	# Unsat Call: 3
	# Total Time in Sat Calls: 29359
	# Total Time in Sat Calls Solving: 598
	# Total Time in Sat Calls Translating: 28761
	# Total Time in Unsat Calls: 29162
	# Total Time in Unsat Calls Solving: 568
	# Total Time in Unsat Calls Translating: 28594
	# Magnifier Sat Call: 0
	# Magnifier Unsat Call: 0
	# Total Time in Magnifier: 0
