Feb 01, 2014 9:42:41 PM kodkod.multiobjective.algorithms.CheckpointedGuidedImprovementAlgorithm multiObjectiveSolveImpl
FINE: Found a solution. At time: 3, Improving on [746]
Feb 01, 2014 9:42:41 PM kodkod.multiobjective.MetricPoint parametrizedImprovementConstraints
FINE: Possible Improvements are conjunction of 
	(sum(this/PKJab.totalFootprint) <= 746)
	(sum(this/PKJab.totalFootprint) < 746)
Feb 01, 2014 9:42:41 PM kodkod.multiobjective.algorithms.MultiObjectiveAlgorithm foundParetoPoint
FINE: Found Pareto point with values: [746]
Feb 01, 2014 9:42:41 PM kodkod.multiobjective.algorithms.CheckpointedGuidedImprovementAlgorithm multiObjectiveSolveImpl
FINE: Found Pareto point with values: [746]
Feb 01, 2014 9:42:41 PM kodkod.multiobjective.algorithms.MultiObjectiveAlgorithm debugWriteStatistics
FINE: Solver statistics:
	# Sat Call: 1
	# Unsat Call: 2
	# Total Time in Sat Calls: 3624
	# Total Time in Sat Calls Solving: 103
	# Total Time in Sat Calls Translating: 3521
	# Total Time in Unsat Calls: 181
	# Total Time in Unsat Calls Solving: 12
	# Total Time in Unsat Calls Translating: 169
	# Magnifier Sat Call: 0
	# Magnifier Unsat Call: 0
	# Total Time in Magnifier: 0
