Feb 01, 2014 4:33:26 AM kodkod.multiobjective.algorithms.IncrementalGuidedImprovementAlgorithm multiObjectiveSolveImpl
FINE: Found a solution. At time: 3, Improving on [757]
Feb 01, 2014 4:33:27 AM kodkod.multiobjective.MetricPoint parametrizedImprovementConstraints
FINE: Possible Improvements are conjunction of 
	(sum(this/PKJab.totalFootprint) <= 757)
	(sum(this/PKJab.totalFootprint) < 757)
Feb 01, 2014 4:33:27 AM kodkod.multiobjective.algorithms.IncrementalGuidedImprovementAlgorithm multiObjectiveSolveImpl
FINE: Found a solution. At time: 3, Improving on [699]
Feb 01, 2014 4:33:27 AM kodkod.multiobjective.MetricPoint parametrizedImprovementConstraints
FINE: Possible Improvements are conjunction of 
	(sum(this/PKJab.totalFootprint) <= 699)
	(sum(this/PKJab.totalFootprint) < 699)
Feb 01, 2014 4:33:27 AM kodkod.multiobjective.algorithms.MultiObjectiveAlgorithm foundParetoPoint
FINE: Found Pareto point with values: [699]
Feb 01, 2014 4:33:30 AM kodkod.multiobjective.algorithms.IncrementalGuidedImprovementAlgorithm multiObjectiveSolveImpl
FINE: All Pareto points found. At time: 6
Feb 01, 2014 4:33:30 AM kodkod.multiobjective.algorithms.MultiObjectiveAlgorithm debugWriteStatistics
FINE: Solver statistics:
	# Sat Call: 2
	# Unsat Call: 2
	# Total Time in Sat Calls: 3533
	# Total Time in Sat Calls Solving: 104
	# Total Time in Sat Calls Translating: 3429
	# Total Time in Unsat Calls: 3052
	# Total Time in Unsat Calls Solving: 103
	# Total Time in Unsat Calls Translating: 2949
	# Magnifier Sat Call: 0
	# Magnifier Unsat Call: 0
	# Total Time in Magnifier: 0
