Feb 01, 2014 4:37:48 AM kodkod.multiobjective.algorithms.IncrementalGuidedImprovementAlgorithm multiObjectiveSolveImpl
FINE: Found a solution. At time: 3, Improving on [876]
Feb 01, 2014 4:37:48 AM kodkod.multiobjective.MetricPoint parametrizedImprovementConstraints
FINE: Possible Improvements are conjunction of 
	(sum(this/ZipMeSPL.totalFootprint) <= 876)
	(sum(this/ZipMeSPL.totalFootprint) < 876)
Feb 01, 2014 4:37:48 AM kodkod.multiobjective.algorithms.MultiObjectiveAlgorithm foundParetoPoint
FINE: Found Pareto point with values: [876]
Feb 01, 2014 4:37:51 AM kodkod.multiobjective.algorithms.IncrementalGuidedImprovementAlgorithm multiObjectiveSolveImpl
FINE: All Pareto points found. At time: 5
Feb 01, 2014 4:37:51 AM kodkod.multiobjective.algorithms.MultiObjectiveAlgorithm debugWriteStatistics
FINE: Solver statistics:
	# Sat Call: 1
	# Unsat Call: 2
	# Total Time in Sat Calls: 3020
	# Total Time in Sat Calls Solving: 77
	# Total Time in Sat Calls Translating: 2943
	# Total Time in Unsat Calls: 2630
	# Total Time in Unsat Calls Solving: 0
	# Total Time in Unsat Calls Translating: 2630
	# Magnifier Sat Call: 0
	# Magnifier Unsat Call: 0
	# Total Time in Magnifier: 0
