Feb 01, 2014 10:41:47 PM kodkod.multiobjective.algorithms.CheckpointedGuidedImprovementAlgorithm multiObjectiveSolveImpl
FINE: Found a solution. At time: 5, Improving on [991]
Feb 01, 2014 10:41:47 PM kodkod.multiobjective.MetricPoint parametrizedImprovementConstraints
FINE: Possible Improvements are conjunction of 
	(sum(this/BerkeleyDbC.totalFootprint) <= 991)
	(sum(this/BerkeleyDbC.totalFootprint) < 991)
Feb 01, 2014 10:41:48 PM kodkod.multiobjective.algorithms.MultiObjectiveAlgorithm foundParetoPoint
FINE: Found Pareto point with values: [991]
Feb 01, 2014 10:41:48 PM kodkod.multiobjective.algorithms.CheckpointedGuidedImprovementAlgorithm multiObjectiveSolveImpl
FINE: Found Pareto point with values: [991]
Feb 01, 2014 10:41:50 PM kodkod.multiobjective.algorithms.MultiObjectiveAlgorithm debugWriteStatistics
FINE: Solver statistics:
	# Sat Call: 1
	# Unsat Call: 2
	# Total Time in Sat Calls: 5199
	# Total Time in Sat Calls Solving: 11
	# Total Time in Sat Calls Translating: 5188
	# Total Time in Unsat Calls: 2976
	# Total Time in Unsat Calls Solving: 6
	# Total Time in Unsat Calls Translating: 2970
	# Magnifier Sat Call: 0
	# Magnifier Unsat Call: 0
	# Total Time in Magnifier: 0
