Feb 02, 2014 12:36:40 AM kodkod.multiobjective.algorithms.CheckpointedGuidedImprovementAlgorithm multiObjectiveSolveImpl
FINE: Found a solution. At time: 7, Improving on [500]
Feb 02, 2014 12:36:40 AM kodkod.multiobjective.MetricPoint parametrizedImprovementConstraints
FINE: Possible Improvements are conjunction of 
	(sum(this/LinkedList.totalFootprint) <= 500)
	(sum(this/LinkedList.totalFootprint) < 500)
Feb 02, 2014 12:36:43 AM kodkod.multiobjective.algorithms.MultiObjectiveAlgorithm foundParetoPoint
FINE: Found Pareto point with values: [500]
Feb 02, 2014 12:36:43 AM kodkod.multiobjective.algorithms.CheckpointedGuidedImprovementAlgorithm multiObjectiveSolveImpl
FINE: Found Pareto point with values: [500]
Feb 02, 2014 12:36:47 AM kodkod.multiobjective.algorithms.MultiObjectiveAlgorithm debugWriteStatistics
FINE: Solver statistics:
	# Sat Call: 1
	# Unsat Call: 2
	# Total Time in Sat Calls: 7041
	# Total Time in Sat Calls Solving: 22
	# Total Time in Sat Calls Translating: 7019
	# Total Time in Unsat Calls: 6324
	# Total Time in Unsat Calls Solving: 0
	# Total Time in Unsat Calls Translating: 6324
	# Magnifier Sat Call: 0
	# Magnifier Unsat Call: 0
	# Total Time in Magnifier: 0
