Feb 02, 2014 12:38:27 AM kodkod.multiobjective.algorithms.CheckpointedGuidedImprovementAlgorithm multiObjectiveSolveImpl
FINE: Found a solution. At time: 5, Improving on [962]
Feb 02, 2014 12:38:27 AM kodkod.multiobjective.MetricPoint parametrizedImprovementConstraints
FINE: Possible Improvements are conjunction of 
	(sum(this/BerkeleyDbC.totalFootprint) <= 962)
	(sum(this/BerkeleyDbC.totalFootprint) < 962)
Feb 02, 2014 12:38:29 AM kodkod.multiobjective.algorithms.MultiObjectiveAlgorithm foundParetoPoint
FINE: Found Pareto point with values: [962]
Feb 02, 2014 12:38:29 AM kodkod.multiobjective.algorithms.CheckpointedGuidedImprovementAlgorithm multiObjectiveSolveImpl
FINE: Found Pareto point with values: [962]
Feb 02, 2014 12:38:31 AM kodkod.multiobjective.algorithms.MultiObjectiveAlgorithm debugWriteStatistics
FINE: Solver statistics:
	# Sat Call: 1
	# Unsat Call: 2
	# Total Time in Sat Calls: 5173
	# Total Time in Sat Calls Solving: 11
	# Total Time in Sat Calls Translating: 5162
	# Total Time in Unsat Calls: 2992
	# Total Time in Unsat Calls Solving: 7
	# Total Time in Unsat Calls Translating: 2985
	# Magnifier Sat Call: 0
	# Magnifier Unsat Call: 0
	# Total Time in Magnifier: 0
