Feb 02, 2014 1:14:15 PM kodkod.multiobjective.algorithms.CheckpointedGuidedImprovementAlgorithm multiObjectiveSolveImpl
FINE: Found a solution. At time: 1, Improving on [501]
Feb 02, 2014 1:14:15 PM kodkod.multiobjective.MetricPoint parametrizedImprovementConstraints
FINE: Possible Improvements are conjunction of 
	(sum(this/LinkedList.totalFootprint) <= 501)
	(sum(this/LinkedList.totalFootprint) < 501)
Feb 02, 2014 1:14:16 PM kodkod.multiobjective.algorithms.MultiObjectiveAlgorithm foundParetoPoint
FINE: Found Pareto point with values: [501]
Feb 02, 2014 1:14:16 PM kodkod.multiobjective.algorithms.CheckpointedGuidedImprovementAlgorithm multiObjectiveSolveImpl
FINE: Found Pareto point with values: [501]
Feb 02, 2014 1:14:17 PM kodkod.multiobjective.algorithms.MultiObjectiveAlgorithm debugWriteStatistics
FINE: Solver statistics:
	# Sat Call: 1
	# Unsat Call: 2
	# Total Time in Sat Calls: 859
	# Total Time in Sat Calls Solving: 5
	# Total Time in Sat Calls Translating: 854
	# Total Time in Unsat Calls: 1420
	# Total Time in Unsat Calls Solving: 2
	# Total Time in Unsat Calls Translating: 1418
	# Magnifier Sat Call: 0
	# Magnifier Unsat Call: 0
	# Total Time in Magnifier: 0
