Feb 01, 2014 1:43:44 PM kodkod.multiobjective.algorithms.IncrementalGuidedImprovementAlgorithm multiObjectiveSolveImpl
FINE: Found a solution. At time: 0, Improving on [1147]
Feb 01, 2014 1:43:44 PM kodkod.multiobjective.MetricPoint parametrizedImprovementConstraints
FINE: Possible Improvements are conjunction of 
	(sum(this/BerkeleyDbC.totalFootprint) <= 1147)
	(sum(this/BerkeleyDbC.totalFootprint) < 1147)
Feb 01, 2014 1:43:44 PM kodkod.multiobjective.algorithms.IncrementalGuidedImprovementAlgorithm multiObjectiveSolveImpl
FINE: Found a solution. At time: 0, Improving on [1137]
Feb 01, 2014 1:43:44 PM kodkod.multiobjective.MetricPoint parametrizedImprovementConstraints
FINE: Possible Improvements are conjunction of 
	(sum(this/BerkeleyDbC.totalFootprint) <= 1137)
	(sum(this/BerkeleyDbC.totalFootprint) < 1137)
Feb 01, 2014 1:43:44 PM kodkod.multiobjective.algorithms.IncrementalGuidedImprovementAlgorithm multiObjectiveSolveImpl
FINE: Found a solution. At time: 0, Improving on [1073]
Feb 01, 2014 1:43:44 PM kodkod.multiobjective.MetricPoint parametrizedImprovementConstraints
FINE: Possible Improvements are conjunction of 
	(sum(this/BerkeleyDbC.totalFootprint) <= 1073)
	(sum(this/BerkeleyDbC.totalFootprint) < 1073)
Feb 01, 2014 1:43:44 PM kodkod.multiobjective.algorithms.MultiObjectiveAlgorithm foundParetoPoint
FINE: Found Pareto point with values: [1073]
Feb 01, 2014 1:43:45 PM kodkod.multiobjective.algorithms.IncrementalGuidedImprovementAlgorithm multiObjectiveSolveImpl
FINE: All Pareto points found. At time: 1
Feb 01, 2014 1:43:45 PM kodkod.multiobjective.algorithms.MultiObjectiveAlgorithm debugWriteStatistics
FINE: Solver statistics:
	# Sat Call: 3
	# Unsat Call: 2
	# Total Time in Sat Calls: 608
	# Total Time in Sat Calls Solving: 13
	# Total Time in Sat Calls Translating: 595
	# Total Time in Unsat Calls: 275
	# Total Time in Unsat Calls Solving: 19
	# Total Time in Unsat Calls Translating: 256
	# Magnifier Sat Call: 0
	# Magnifier Unsat Call: 0
	# Total Time in Magnifier: 0
