Feb 01, 2014 3:58:47 AM kodkod.multiobjective.algorithms.IncrementalGuidedImprovementAlgorithm multiObjectiveSolveImpl
FINE: Found a solution. At time: 0, Improving on [128]
Feb 01, 2014 3:58:47 AM kodkod.multiobjective.MetricPoint parametrizedImprovementConstraints
FINE: Possible Improvements are conjunction of 
	(sum(this/Apache.totalPerformance) >= 128)
	(sum(this/Apache.totalPerformance) > 128)
Feb 01, 2014 3:58:47 AM kodkod.multiobjective.algorithms.IncrementalGuidedImprovementAlgorithm multiObjectiveSolveImpl
FINE: Found a solution. At time: 0, Improving on [143]
Feb 01, 2014 3:58:47 AM kodkod.multiobjective.MetricPoint parametrizedImprovementConstraints
FINE: Possible Improvements are conjunction of 
	(sum(this/Apache.totalPerformance) >= 143)
	(sum(this/Apache.totalPerformance) > 143)
Feb 01, 2014 3:58:47 AM kodkod.multiobjective.algorithms.MultiObjectiveAlgorithm foundParetoPoint
FINE: Found Pareto point with values: [143]
Feb 01, 2014 3:58:47 AM kodkod.multiobjective.algorithms.IncrementalGuidedImprovementAlgorithm multiObjectiveSolveImpl
FINE: All Pareto points found. At time: 0
Feb 01, 2014 3:58:47 AM kodkod.multiobjective.algorithms.MultiObjectiveAlgorithm debugWriteStatistics
FINE: Solver statistics:
	# Sat Call: 2
	# Unsat Call: 2
	# Total Time in Sat Calls: 277
	# Total Time in Sat Calls Solving: 1
	# Total Time in Sat Calls Translating: 276
	# Total Time in Unsat Calls: 134
	# Total Time in Unsat Calls Solving: 2
	# Total Time in Unsat Calls Translating: 132
	# Magnifier Sat Call: 0
	# Magnifier Unsat Call: 0
	# Total Time in Magnifier: 0
