Feb 02, 2014 12:37:44 AM kodkod.multiobjective.algorithms.CheckpointedGuidedImprovementAlgorithm multiObjectiveSolveImpl
FINE: Found a solution. At time: 2, Improving on [797]
Feb 02, 2014 12:37:44 AM kodkod.multiobjective.MetricPoint parametrizedImprovementConstraints
FINE: Possible Improvements are conjunction of 
	(sum(this/PKJab.totalFootprint) <= 797)
	(sum(this/PKJab.totalFootprint) < 797)
Feb 02, 2014 12:37:45 AM kodkod.multiobjective.algorithms.MultiObjectiveAlgorithm foundParetoPoint
FINE: Found Pareto point with values: [797]
Feb 02, 2014 12:37:45 AM kodkod.multiobjective.algorithms.CheckpointedGuidedImprovementAlgorithm multiObjectiveSolveImpl
FINE: Found Pareto point with values: [797]
Feb 02, 2014 12:37:46 AM kodkod.multiobjective.algorithms.MultiObjectiveAlgorithm debugWriteStatistics
FINE: Solver statistics:
	# Sat Call: 1
	# Unsat Call: 2
	# Total Time in Sat Calls: 1813
	# Total Time in Sat Calls Solving: 6
	# Total Time in Sat Calls Translating: 1807
	# Total Time in Unsat Calls: 1796
	# Total Time in Unsat Calls Solving: 0
	# Total Time in Unsat Calls Translating: 1796
	# Magnifier Sat Call: 0
	# Magnifier Unsat Call: 0
	# Total Time in Magnifier: 0
