Feb 02, 2014 1:05:19 PM kodkod.multiobjective.algorithms.CheckpointedGuidedImprovementAlgorithm multiObjectiveSolveImpl
FINE: Found a solution. At time: 0, Improving on [3, 2269, 300]
Feb 02, 2014 1:05:19 PM kodkod.multiobjective.MetricPoint parametrizedImprovementConstraints
FINE: Possible Improvements are conjunction of 
	(sum(this/BerkeleyDbC.totalReliability) >= 3)
	(sum(this/BerkeleyDbC.totalFootprint) <= 2269)
	(sum(this/BerkeleyDbC.totalPrice) <= 300)
	((sum(this/BerkeleyDbC.totalReliability) > 3) || (sum(this/BerkeleyDbC.totalFootprint) < 2269) || (sum(this/BerkeleyDbC.totalPrice) < 300))
Feb 02, 2014 1:05:19 PM kodkod.multiobjective.algorithms.MultiObjectiveAlgorithm foundParetoPoint
FINE: Found Pareto point with values: [3, 2269, 300]
Feb 02, 2014 1:05:19 PM kodkod.multiobjective.algorithms.CheckpointedGuidedImprovementAlgorithm multiObjectiveSolveImpl
FINE: Found Pareto point with values: [3, 2269, 300]
Feb 02, 2014 1:05:19 PM kodkod.multiobjective.algorithms.MultiObjectiveAlgorithm debugWriteStatistics
FINE: Solver statistics:
	# Sat Call: 1
	# Unsat Call: 2
	# Total Time in Sat Calls: 101
	# Total Time in Sat Calls Solving: 0
	# Total Time in Sat Calls Translating: 101
	# Total Time in Unsat Calls: 166
	# Total Time in Unsat Calls Solving: 0
	# Total Time in Unsat Calls Translating: 166
	# Magnifier Sat Call: 0
	# Magnifier Unsat Call: 0
	# Total Time in Magnifier: 0
