Feb 02, 2014 1:15:21 PM kodkod.multiobjective.algorithms.CheckpointedGuidedImprovementAlgorithm multiObjectiveSolveImpl
FINE: Found a solution. At time: 0, Improving on [884]
Feb 02, 2014 1:15:21 PM kodkod.multiobjective.MetricPoint parametrizedImprovementConstraints
FINE: Possible Improvements are conjunction of 
	(sum(this/ZipMeSPL.totalFootprint) <= 884)
	(sum(this/ZipMeSPL.totalFootprint) < 884)
Feb 02, 2014 1:15:21 PM kodkod.multiobjective.algorithms.MultiObjectiveAlgorithm foundParetoPoint
FINE: Found Pareto point with values: [884]
Feb 02, 2014 1:15:21 PM kodkod.multiobjective.algorithms.CheckpointedGuidedImprovementAlgorithm multiObjectiveSolveImpl
FINE: Found Pareto point with values: [884]
Feb 02, 2014 1:15:22 PM kodkod.multiobjective.algorithms.MultiObjectiveAlgorithm debugWriteStatistics
FINE: Solver statistics:
	# Sat Call: 1
	# Unsat Call: 2
	# Total Time in Sat Calls: 108
	# Total Time in Sat Calls Solving: 0
	# Total Time in Sat Calls Translating: 108
	# Total Time in Unsat Calls: 171
	# Total Time in Unsat Calls Solving: 0
	# Total Time in Unsat Calls Translating: 171
	# Magnifier Sat Call: 0
	# Magnifier Unsat Call: 0
	# Total Time in Magnifier: 0
