Feb 01, 2014 9:33:19 PM kodkod.multiobjective.algorithms.CheckpointedGuidedImprovementAlgorithm multiObjectiveSolveImpl
FINE: Found a solution. At time: 14, Improving on [1087]
Feb 01, 2014 9:33:19 PM kodkod.multiobjective.MetricPoint parametrizedImprovementConstraints
FINE: Possible Improvements are conjunction of 
	(sum(this/LinkedList.totalFootprint) <= 1087)
	(sum(this/LinkedList.totalFootprint) < 1087)
Feb 01, 2014 9:33:20 PM kodkod.multiobjective.algorithms.CheckpointedGuidedImprovementAlgorithm multiObjectiveSolveImpl
FINE: Found a solution. At time: 14, Improving on [1065]
Feb 01, 2014 9:33:20 PM kodkod.multiobjective.MetricPoint parametrizedImprovementConstraints
FINE: Possible Improvements are conjunction of 
	(sum(this/LinkedList.totalFootprint) <= 1065)
	(sum(this/LinkedList.totalFootprint) < 1065)
Feb 01, 2014 9:33:20 PM kodkod.multiobjective.algorithms.CheckpointedGuidedImprovementAlgorithm multiObjectiveSolveImpl
FINE: Found a solution. At time: 15, Improving on [1043]
Feb 01, 2014 9:33:20 PM kodkod.multiobjective.MetricPoint parametrizedImprovementConstraints
FINE: Possible Improvements are conjunction of 
	(sum(this/LinkedList.totalFootprint) <= 1043)
	(sum(this/LinkedList.totalFootprint) < 1043)
Feb 01, 2014 9:33:20 PM kodkod.multiobjective.algorithms.CheckpointedGuidedImprovementAlgorithm multiObjectiveSolveImpl
FINE: Found a solution. At time: 15, Improving on [1021]
Feb 01, 2014 9:33:20 PM kodkod.multiobjective.MetricPoint parametrizedImprovementConstraints
FINE: Possible Improvements are conjunction of 
	(sum(this/LinkedList.totalFootprint) <= 1021)
	(sum(this/LinkedList.totalFootprint) < 1021)
Feb 01, 2014 9:33:20 PM kodkod.multiobjective.algorithms.MultiObjectiveAlgorithm foundParetoPoint
FINE: Found Pareto point with values: [1021]
Feb 01, 2014 9:33:20 PM kodkod.multiobjective.algorithms.CheckpointedGuidedImprovementAlgorithm multiObjectiveSolveImpl
FINE: Found Pareto point with values: [1021]
Feb 01, 2014 9:33:22 PM kodkod.multiobjective.algorithms.MultiObjectiveAlgorithm debugWriteStatistics
FINE: Solver statistics:
	# Sat Call: 4
	# Unsat Call: 2
	# Total Time in Sat Calls: 14696
	# Total Time in Sat Calls Solving: 504
	# Total Time in Sat Calls Translating: 14192
	# Total Time in Unsat Calls: 259
	# Total Time in Unsat Calls Solving: 37
	# Total Time in Unsat Calls Translating: 222
	# Magnifier Sat Call: 0
	# Magnifier Unsat Call: 0
	# Total Time in Magnifier: 0
