Feb 01, 2014 3:32:39 AM kodkod.multiobjective.algorithms.IncrementalGuidedImprovementAlgorithm multiObjectiveSolveImpl
FINE: Found a solution. At time: 1, Improving on [248]
Feb 01, 2014 3:32:39 AM kodkod.multiobjective.MetricPoint parametrizedImprovementConstraints
FINE: Possible Improvements are conjunction of 
	(sum(this/Apache.totalPerformance) >= 248)
	(sum(this/Apache.totalPerformance) > 248)
Feb 01, 2014 3:32:39 AM kodkod.multiobjective.algorithms.MultiObjectiveAlgorithm foundParetoPoint
FINE: Found Pareto point with values: [248]
Feb 01, 2014 3:32:40 AM kodkod.multiobjective.algorithms.IncrementalGuidedImprovementAlgorithm multiObjectiveSolveImpl
FINE: All Pareto points found. At time: 2
Feb 01, 2014 3:32:40 AM kodkod.multiobjective.algorithms.MultiObjectiveAlgorithm debugWriteStatistics
FINE: Solver statistics:
	# Sat Call: 1
	# Unsat Call: 2
	# Total Time in Sat Calls: 1547
	# Total Time in Sat Calls Solving: 38
	# Total Time in Sat Calls Translating: 1509
	# Total Time in Unsat Calls: 1010
	# Total Time in Unsat Calls Solving: 57
	# Total Time in Unsat Calls Translating: 953
	# Magnifier Sat Call: 0
	# Magnifier Unsat Call: 0
	# Total Time in Magnifier: 0
