Feb 01, 2014 1:31:36 AM kodkod.multiobjective.algorithms.IncrementalGuidedImprovementAlgorithm multiObjectiveSolveImpl
FINE: Found a solution. At time: 0, Improving on [176]
Feb 01, 2014 1:31:36 AM kodkod.multiobjective.MetricPoint parametrizedImprovementConstraints
FINE: Possible Improvements are conjunction of 
	(sum(this/Apache.totalPerformance) >= 176)
	(sum(this/Apache.totalPerformance) > 176)
Feb 01, 2014 1:31:36 AM kodkod.multiobjective.algorithms.IncrementalGuidedImprovementAlgorithm multiObjectiveSolveImpl
FINE: Found a solution. At time: 0, Improving on [180]
Feb 01, 2014 1:31:36 AM kodkod.multiobjective.MetricPoint parametrizedImprovementConstraints
FINE: Possible Improvements are conjunction of 
	(sum(this/Apache.totalPerformance) >= 180)
	(sum(this/Apache.totalPerformance) > 180)
Feb 01, 2014 1:31:36 AM kodkod.multiobjective.algorithms.IncrementalGuidedImprovementAlgorithm multiObjectiveSolveImpl
FINE: Found a solution. At time: 0, Improving on [191]
Feb 01, 2014 1:31:36 AM kodkod.multiobjective.MetricPoint parametrizedImprovementConstraints
FINE: Possible Improvements are conjunction of 
	(sum(this/Apache.totalPerformance) >= 191)
	(sum(this/Apache.totalPerformance) > 191)
Feb 01, 2014 1:31:36 AM kodkod.multiobjective.algorithms.MultiObjectiveAlgorithm foundParetoPoint
FINE: Found Pareto point with values: [191]
Feb 01, 2014 1:31:36 AM kodkod.multiobjective.algorithms.IncrementalGuidedImprovementAlgorithm multiObjectiveSolveImpl
FINE: All Pareto points found. At time: 0
Feb 01, 2014 1:31:36 AM kodkod.multiobjective.algorithms.MultiObjectiveAlgorithm debugWriteStatistics
FINE: Solver statistics:
	# Sat Call: 3
	# Unsat Call: 2
	# Total Time in Sat Calls: 77
	# Total Time in Sat Calls Solving: 1
	# Total Time in Sat Calls Translating: 76
	# Total Time in Unsat Calls: 49
	# Total Time in Unsat Calls Solving: 1
	# Total Time in Unsat Calls Translating: 48
	# Magnifier Sat Call: 0
	# Magnifier Unsat Call: 0
	# Total Time in Magnifier: 0
