Feb 02, 2014 1:22:11 PM kodkod.multiobjective.algorithms.CheckpointedGuidedImprovementAlgorithm multiObjectiveSolveImpl
FINE: Found a solution. At time: 17, Improving on [876]
Feb 02, 2014 1:22:11 PM kodkod.multiobjective.MetricPoint parametrizedImprovementConstraints
FINE: Possible Improvements are conjunction of 
	(sum(this/Sqlite.totalFootprint) <= 876)
	(sum(this/Sqlite.totalFootprint) < 876)
Feb 02, 2014 1:22:11 PM kodkod.multiobjective.algorithms.CheckpointedGuidedImprovementAlgorithm multiObjectiveSolveImpl
FINE: Found a solution. At time: 17, Improving on [829]
Feb 02, 2014 1:22:11 PM kodkod.multiobjective.MetricPoint parametrizedImprovementConstraints
FINE: Possible Improvements are conjunction of 
	(sum(this/Sqlite.totalFootprint) <= 829)
	(sum(this/Sqlite.totalFootprint) < 829)
Feb 02, 2014 1:22:13 PM kodkod.multiobjective.algorithms.CheckpointedGuidedImprovementAlgorithm multiObjectiveSolveImpl
FINE: Found a solution. At time: 19, Improving on [825]
Feb 02, 2014 1:22:13 PM kodkod.multiobjective.MetricPoint parametrizedImprovementConstraints
FINE: Possible Improvements are conjunction of 
	(sum(this/Sqlite.totalFootprint) <= 825)
	(sum(this/Sqlite.totalFootprint) < 825)
Feb 02, 2014 1:22:14 PM kodkod.multiobjective.algorithms.CheckpointedGuidedImprovementAlgorithm multiObjectiveSolveImpl
FINE: Found a solution. At time: 20, Improving on [824]
Feb 02, 2014 1:22:14 PM kodkod.multiobjective.MetricPoint parametrizedImprovementConstraints
FINE: Possible Improvements are conjunction of 
	(sum(this/Sqlite.totalFootprint) <= 824)
	(sum(this/Sqlite.totalFootprint) < 824)
Feb 02, 2014 1:22:14 PM kodkod.multiobjective.algorithms.CheckpointedGuidedImprovementAlgorithm multiObjectiveSolveImpl
FINE: Found a solution. At time: 21, Improving on [823]
Feb 02, 2014 1:22:14 PM kodkod.multiobjective.MetricPoint parametrizedImprovementConstraints
FINE: Possible Improvements are conjunction of 
	(sum(this/Sqlite.totalFootprint) <= 823)
	(sum(this/Sqlite.totalFootprint) < 823)
Feb 02, 2014 1:22:15 PM kodkod.multiobjective.algorithms.CheckpointedGuidedImprovementAlgorithm multiObjectiveSolveImpl
FINE: Found a solution. At time: 21, Improving on [819]
Feb 02, 2014 1:22:15 PM kodkod.multiobjective.MetricPoint parametrizedImprovementConstraints
FINE: Possible Improvements are conjunction of 
	(sum(this/Sqlite.totalFootprint) <= 819)
	(sum(this/Sqlite.totalFootprint) < 819)
Feb 02, 2014 1:22:15 PM kodkod.multiobjective.algorithms.CheckpointedGuidedImprovementAlgorithm multiObjectiveSolveImpl
FINE: Found a solution. At time: 21, Improving on [811]
Feb 02, 2014 1:22:15 PM kodkod.multiobjective.MetricPoint parametrizedImprovementConstraints
FINE: Possible Improvements are conjunction of 
	(sum(this/Sqlite.totalFootprint) <= 811)
	(sum(this/Sqlite.totalFootprint) < 811)
Feb 02, 2014 1:22:16 PM kodkod.multiobjective.algorithms.CheckpointedGuidedImprovementAlgorithm multiObjectiveSolveImpl
FINE: Found a solution. At time: 22, Improving on [810]
Feb 02, 2014 1:22:16 PM kodkod.multiobjective.MetricPoint parametrizedImprovementConstraints
FINE: Possible Improvements are conjunction of 
	(sum(this/Sqlite.totalFootprint) <= 810)
	(sum(this/Sqlite.totalFootprint) < 810)
Feb 02, 2014 1:22:16 PM kodkod.multiobjective.algorithms.MultiObjectiveAlgorithm foundParetoPoint
FINE: Found Pareto point with values: [810]
Feb 02, 2014 1:22:16 PM kodkod.multiobjective.algorithms.CheckpointedGuidedImprovementAlgorithm multiObjectiveSolveImpl
FINE: Found Pareto point with values: [810]
Feb 02, 2014 1:22:26 PM kodkod.multiobjective.algorithms.MultiObjectiveAlgorithm debugWriteStatistics
FINE: Solver statistics:
	# Sat Call: 8
	# Unsat Call: 2
	# Total Time in Sat Calls: 18514
	# Total Time in Sat Calls Solving: 3808
	# Total Time in Sat Calls Translating: 14706
	# Total Time in Unsat Calls: 3813
	# Total Time in Unsat Calls Solving: 3715
	# Total Time in Unsat Calls Translating: 98
	# Magnifier Sat Call: 0
	# Magnifier Unsat Call: 0
	# Total Time in Magnifier: 0
