Feb 02, 2014 1:04:52 PM kodkod.multiobjective.algorithms.CheckpointedGuidedImprovementAlgorithm multiObjectiveSolveImpl
FINE: Found a solution. At time: 0, Improving on [128]
Feb 02, 2014 1:04:52 PM kodkod.multiobjective.MetricPoint parametrizedImprovementConstraints
FINE: Possible Improvements are conjunction of 
	(sum(this/Apache.totalPerformance) >= 128)
	(sum(this/Apache.totalPerformance) > 128)
Feb 02, 2014 1:04:52 PM kodkod.multiobjective.algorithms.CheckpointedGuidedImprovementAlgorithm multiObjectiveSolveImpl
FINE: Found a solution. At time: 0, Improving on [143]
Feb 02, 2014 1:04:52 PM kodkod.multiobjective.MetricPoint parametrizedImprovementConstraints
FINE: Possible Improvements are conjunction of 
	(sum(this/Apache.totalPerformance) >= 143)
	(sum(this/Apache.totalPerformance) > 143)
Feb 02, 2014 1:04:52 PM kodkod.multiobjective.algorithms.MultiObjectiveAlgorithm foundParetoPoint
FINE: Found Pareto point with values: [143]
Feb 02, 2014 1:04:52 PM kodkod.multiobjective.algorithms.CheckpointedGuidedImprovementAlgorithm multiObjectiveSolveImpl
FINE: Found Pareto point with values: [143]
Feb 02, 2014 1:04:52 PM kodkod.multiobjective.algorithms.MultiObjectiveAlgorithm debugWriteStatistics
FINE: Solver statistics:
	# Sat Call: 2
	# Unsat Call: 2
	# Total Time in Sat Calls: 62
	# Total Time in Sat Calls Solving: 0
	# Total Time in Sat Calls Translating: 62
	# Total Time in Unsat Calls: 32
	# Total Time in Unsat Calls Solving: 0
	# Total Time in Unsat Calls Translating: 32
	# Magnifier Sat Call: 0
	# Magnifier Unsat Call: 0
	# Total Time in Magnifier: 0
