Feb 01, 2014 10:39:29 PM kodkod.multiobjective.algorithms.CheckpointedGuidedImprovementAlgorithm multiObjectiveSolveImpl
FINE: Found a solution. At time: 3, Improving on [726]
Feb 01, 2014 10:39:29 PM kodkod.multiobjective.MetricPoint parametrizedImprovementConstraints
FINE: Possible Improvements are conjunction of 
	(sum(this/PKJab.totalFootprint) <= 726)
	(sum(this/PKJab.totalFootprint) < 726)
Feb 01, 2014 10:39:30 PM kodkod.multiobjective.algorithms.MultiObjectiveAlgorithm foundParetoPoint
FINE: Found Pareto point with values: [726]
Feb 01, 2014 10:39:30 PM kodkod.multiobjective.algorithms.CheckpointedGuidedImprovementAlgorithm multiObjectiveSolveImpl
FINE: Found Pareto point with values: [726]
Feb 01, 2014 10:39:31 PM kodkod.multiobjective.algorithms.MultiObjectiveAlgorithm debugWriteStatistics
FINE: Solver statistics:
	# Sat Call: 1
	# Unsat Call: 2
	# Total Time in Sat Calls: 2634
	# Total Time in Sat Calls Solving: 10
	# Total Time in Sat Calls Translating: 2624
	# Total Time in Unsat Calls: 2164
	# Total Time in Unsat Calls Solving: 3
	# Total Time in Unsat Calls Translating: 2161
	# Magnifier Sat Call: 0
	# Magnifier Unsat Call: 0
	# Total Time in Magnifier: 0
