Feb 01, 2014 9:43:27 PM kodkod.multiobjective.algorithms.CheckpointedGuidedImprovementAlgorithm multiObjectiveSolveImpl
FINE: Found a solution. At time: 8, Improving on [975]
Feb 01, 2014 9:43:27 PM kodkod.multiobjective.MetricPoint parametrizedImprovementConstraints
FINE: Possible Improvements are conjunction of 
	(sum(this/BerkeleyDbC.totalFootprint) <= 975)
	(sum(this/BerkeleyDbC.totalFootprint) < 975)
Feb 01, 2014 9:43:27 PM kodkod.multiobjective.algorithms.CheckpointedGuidedImprovementAlgorithm multiObjectiveSolveImpl
FINE: Found a solution. At time: 8, Improving on [965]
Feb 01, 2014 9:43:27 PM kodkod.multiobjective.MetricPoint parametrizedImprovementConstraints
FINE: Possible Improvements are conjunction of 
	(sum(this/BerkeleyDbC.totalFootprint) <= 965)
	(sum(this/BerkeleyDbC.totalFootprint) < 965)
Feb 01, 2014 9:43:27 PM kodkod.multiobjective.algorithms.CheckpointedGuidedImprovementAlgorithm multiObjectiveSolveImpl
FINE: Found a solution. At time: 9, Improving on [944]
Feb 01, 2014 9:43:27 PM kodkod.multiobjective.MetricPoint parametrizedImprovementConstraints
FINE: Possible Improvements are conjunction of 
	(sum(this/BerkeleyDbC.totalFootprint) <= 944)
	(sum(this/BerkeleyDbC.totalFootprint) < 944)
Feb 01, 2014 9:43:28 PM kodkod.multiobjective.algorithms.CheckpointedGuidedImprovementAlgorithm multiObjectiveSolveImpl
FINE: Found a solution. At time: 9, Improving on [906]
Feb 01, 2014 9:43:28 PM kodkod.multiobjective.MetricPoint parametrizedImprovementConstraints
FINE: Possible Improvements are conjunction of 
	(sum(this/BerkeleyDbC.totalFootprint) <= 906)
	(sum(this/BerkeleyDbC.totalFootprint) < 906)
Feb 01, 2014 9:43:28 PM kodkod.multiobjective.algorithms.CheckpointedGuidedImprovementAlgorithm multiObjectiveSolveImpl
FINE: Found a solution. At time: 9, Improving on [881]
Feb 01, 2014 9:43:28 PM kodkod.multiobjective.MetricPoint parametrizedImprovementConstraints
FINE: Possible Improvements are conjunction of 
	(sum(this/BerkeleyDbC.totalFootprint) <= 881)
	(sum(this/BerkeleyDbC.totalFootprint) < 881)
Feb 01, 2014 9:43:28 PM kodkod.multiobjective.algorithms.MultiObjectiveAlgorithm foundParetoPoint
FINE: Found Pareto point with values: [881]
Feb 01, 2014 9:43:28 PM kodkod.multiobjective.algorithms.CheckpointedGuidedImprovementAlgorithm multiObjectiveSolveImpl
FINE: Found Pareto point with values: [881]
Feb 01, 2014 9:43:30 PM kodkod.multiobjective.algorithms.MultiObjectiveAlgorithm debugWriteStatistics
FINE: Solver statistics:
	# Sat Call: 5
	# Unsat Call: 2
	# Total Time in Sat Calls: 8613
	# Total Time in Sat Calls Solving: 556
	# Total Time in Sat Calls Translating: 8057
	# Total Time in Unsat Calls: 1264
	# Total Time in Unsat Calls Solving: 1061
	# Total Time in Unsat Calls Translating: 203
	# Magnifier Sat Call: 0
	# Magnifier Unsat Call: 0
	# Total Time in Magnifier: 0
