Feb 01, 2014 3:33:21 AM kodkod.multiobjective.algorithms.IncrementalGuidedImprovementAlgorithm multiObjectiveSolveImpl
FINE: Found a solution. At time: 6, Improving on [927]
Feb 01, 2014 3:33:21 AM kodkod.multiobjective.MetricPoint parametrizedImprovementConstraints
FINE: Possible Improvements are conjunction of 
	(sum(this/Prevayler.totalFootprint) <= 927)
	(sum(this/Prevayler.totalFootprint) < 927)
Feb 01, 2014 3:33:22 AM kodkod.multiobjective.algorithms.MultiObjectiveAlgorithm foundParetoPoint
FINE: Found Pareto point with values: [927]
Feb 01, 2014 3:33:27 AM kodkod.multiobjective.algorithms.IncrementalGuidedImprovementAlgorithm multiObjectiveSolveImpl
FINE: All Pareto points found. At time: 12
Feb 01, 2014 3:33:27 AM kodkod.multiobjective.algorithms.MultiObjectiveAlgorithm debugWriteStatistics
FINE: Solver statistics:
	# Sat Call: 1
	# Unsat Call: 2
	# Total Time in Sat Calls: 6068
	# Total Time in Sat Calls Solving: 110
	# Total Time in Sat Calls Translating: 5958
	# Total Time in Unsat Calls: 6037
	# Total Time in Unsat Calls Solving: 123
	# Total Time in Unsat Calls Translating: 5914
	# Magnifier Sat Call: 0
	# Magnifier Unsat Call: 0
	# Total Time in Magnifier: 0
