Feb 01, 2014 9:35:52 PM kodkod.multiobjective.algorithms.CheckpointedGuidedImprovementAlgorithm multiObjectiveSolveImpl
FINE: Found a solution. At time: 4, Improving on [759]
Feb 01, 2014 9:35:52 PM kodkod.multiobjective.MetricPoint parametrizedImprovementConstraints
FINE: Possible Improvements are conjunction of 
	(sum(this/PKJab.totalFootprint) <= 759)
	(sum(this/PKJab.totalFootprint) < 759)
Feb 01, 2014 9:35:52 PM kodkod.multiobjective.algorithms.MultiObjectiveAlgorithm foundParetoPoint
FINE: Found Pareto point with values: [759]
Feb 01, 2014 9:35:52 PM kodkod.multiobjective.algorithms.CheckpointedGuidedImprovementAlgorithm multiObjectiveSolveImpl
FINE: Found Pareto point with values: [759]
Feb 01, 2014 9:35:52 PM kodkod.multiobjective.algorithms.MultiObjectiveAlgorithm debugWriteStatistics
FINE: Solver statistics:
	# Sat Call: 1
	# Unsat Call: 2
	# Total Time in Sat Calls: 4336
	# Total Time in Sat Calls Solving: 96
	# Total Time in Sat Calls Translating: 4240
	# Total Time in Unsat Calls: 173
	# Total Time in Unsat Calls Solving: 12
	# Total Time in Unsat Calls Translating: 161
	# Magnifier Sat Call: 0
	# Magnifier Unsat Call: 0
	# Total Time in Magnifier: 0
