Feb 01, 2014 8:26:04 PM kodkod.multiobjective.algorithms.IncrementalGuidedImprovementAlgorithm multiObjectiveSolveImpl
FINE: Found a solution. At time: 21, Improving on [0, 479, 0]
Feb 01, 2014 8:26:04 PM kodkod.multiobjective.MetricPoint parametrizedImprovementConstraints
FINE: Possible Improvements are conjunction of 
	(sum(this/BerkeleyDbC.totalReliability) >= 0)
	(sum(this/BerkeleyDbC.totalFootprint) <= 479)
	(sum(this/BerkeleyDbC.totalPrice) <= 0)
	((sum(this/BerkeleyDbC.totalReliability) > 0) || (sum(this/BerkeleyDbC.totalFootprint) < 479) || (sum(this/BerkeleyDbC.totalPrice) < 0))
Feb 01, 2014 8:26:05 PM kodkod.multiobjective.algorithms.MultiObjectiveAlgorithm foundParetoPoint
FINE: Found Pareto point with values: [0, 479, 0]
Feb 01, 2014 8:26:25 PM kodkod.multiobjective.algorithms.IncrementalGuidedImprovementAlgorithm multiObjectiveSolveImpl
FINE: Found a solution. At time: 42, Improving on [1, 670, 0]
Feb 01, 2014 8:26:25 PM kodkod.multiobjective.MetricPoint parametrizedImprovementConstraints
FINE: Possible Improvements are conjunction of 
	(sum(this/BerkeleyDbC.totalReliability) >= 1)
	(sum(this/BerkeleyDbC.totalFootprint) <= 670)
	(sum(this/BerkeleyDbC.totalPrice) <= 0)
	((sum(this/BerkeleyDbC.totalReliability) > 1) || (sum(this/BerkeleyDbC.totalFootprint) < 670) || (sum(this/BerkeleyDbC.totalPrice) < 0))
Feb 01, 2014 8:26:25 PM kodkod.multiobjective.algorithms.MultiObjectiveAlgorithm foundParetoPoint
FINE: Found Pareto point with values: [1, 670, 0]
Feb 01, 2014 8:26:44 PM kodkod.multiobjective.algorithms.IncrementalGuidedImprovementAlgorithm multiObjectiveSolveImpl
FINE: Found a solution. At time: 61, Improving on [1, 529, 100]
Feb 01, 2014 8:26:44 PM kodkod.multiobjective.MetricPoint parametrizedImprovementConstraints
FINE: Possible Improvements are conjunction of 
	(sum(this/BerkeleyDbC.totalReliability) >= 1)
	(sum(this/BerkeleyDbC.totalFootprint) <= 529)
	(sum(this/BerkeleyDbC.totalPrice) <= 100)
	((sum(this/BerkeleyDbC.totalReliability) > 1) || (sum(this/BerkeleyDbC.totalFootprint) < 529) || (sum(this/BerkeleyDbC.totalPrice) < 100))
Feb 01, 2014 8:26:45 PM kodkod.multiobjective.algorithms.MultiObjectiveAlgorithm foundParetoPoint
FINE: Found Pareto point with values: [1, 529, 100]
Feb 01, 2014 8:27:05 PM kodkod.multiobjective.algorithms.IncrementalGuidedImprovementAlgorithm multiObjectiveSolveImpl
FINE: Found a solution. At time: 82, Improving on [2, 748, 150]
Feb 01, 2014 8:27:05 PM kodkod.multiobjective.MetricPoint parametrizedImprovementConstraints
FINE: Possible Improvements are conjunction of 
	(sum(this/BerkeleyDbC.totalReliability) >= 2)
	(sum(this/BerkeleyDbC.totalFootprint) <= 748)
	(sum(this/BerkeleyDbC.totalPrice) <= 150)
	((sum(this/BerkeleyDbC.totalReliability) > 2) || (sum(this/BerkeleyDbC.totalFootprint) < 748) || (sum(this/BerkeleyDbC.totalPrice) < 150))
Feb 01, 2014 8:27:05 PM kodkod.multiobjective.algorithms.IncrementalGuidedImprovementAlgorithm multiObjectiveSolveImpl
FINE: Found a solution. At time: 82, Improving on [2, 720, 100]
Feb 01, 2014 8:27:05 PM kodkod.multiobjective.MetricPoint parametrizedImprovementConstraints
FINE: Possible Improvements are conjunction of 
	(sum(this/BerkeleyDbC.totalReliability) >= 2)
	(sum(this/BerkeleyDbC.totalFootprint) <= 720)
	(sum(this/BerkeleyDbC.totalPrice) <= 100)
	((sum(this/BerkeleyDbC.totalReliability) > 2) || (sum(this/BerkeleyDbC.totalFootprint) < 720) || (sum(this/BerkeleyDbC.totalPrice) < 100))
Feb 01, 2014 8:27:06 PM kodkod.multiobjective.algorithms.MultiObjectiveAlgorithm foundParetoPoint
FINE: Found Pareto point with values: [2, 720, 100]
Feb 01, 2014 8:27:25 PM kodkod.multiobjective.algorithms.IncrementalGuidedImprovementAlgorithm multiObjectiveSolveImpl
FINE: All Pareto points found. At time: 101
Feb 01, 2014 8:27:25 PM kodkod.multiobjective.algorithms.MultiObjectiveAlgorithm debugWriteStatistics
FINE: Solver statistics:
	# Sat Call: 5
	# Unsat Call: 5
	# Total Time in Sat Calls: 68435
	# Total Time in Sat Calls Solving: 2128
	# Total Time in Sat Calls Translating: 66307
	# Total Time in Unsat Calls: 16314
	# Total Time in Unsat Calls Solving: 813
	# Total Time in Unsat Calls Translating: 15501
	# Magnifier Sat Call: 0
	# Magnifier Unsat Call: 0
	# Total Time in Magnifier: 0
