Feb 01, 2014 10:34:57 PM kodkod.multiobjective.algorithms.CheckpointedGuidedImprovementAlgorithm multiObjectiveSolveImpl
FINE: Found a solution. At time: 46, Improving on [3, 2269, 300]
Feb 01, 2014 10:34:57 PM kodkod.multiobjective.MetricPoint parametrizedImprovementConstraints
FINE: Possible Improvements are conjunction of 
	(sum(this/BerkeleyDbC.totalReliability) >= 3)
	(sum(this/BerkeleyDbC.totalFootprint) <= 2269)
	(sum(this/BerkeleyDbC.totalPrice) <= 300)
	((sum(this/BerkeleyDbC.totalReliability) > 3) || (sum(this/BerkeleyDbC.totalFootprint) < 2269) || (sum(this/BerkeleyDbC.totalPrice) < 300))
Feb 01, 2014 10:35:18 PM kodkod.multiobjective.algorithms.MultiObjectiveAlgorithm foundParetoPoint
FINE: Found Pareto point with values: [3, 2269, 300]
Feb 01, 2014 10:35:18 PM kodkod.multiobjective.algorithms.CheckpointedGuidedImprovementAlgorithm multiObjectiveSolveImpl
FINE: Found Pareto point with values: [3, 2269, 300]
Feb 01, 2014 10:36:06 PM kodkod.multiobjective.algorithms.MultiObjectiveAlgorithm debugWriteStatistics
FINE: Solver statistics:
	# Sat Call: 1
	# Unsat Call: 2
	# Total Time in Sat Calls: 43606
	# Total Time in Sat Calls Solving: 86
	# Total Time in Sat Calls Translating: 43520
	# Total Time in Unsat Calls: 56146
	# Total Time in Unsat Calls Solving: 4464
	# Total Time in Unsat Calls Translating: 51682
	# Magnifier Sat Call: 0
	# Magnifier Unsat Call: 0
	# Total Time in Magnifier: 0
