Feb 01, 2014 4:06:32 AM kodkod.multiobjective.algorithms.IncrementalGuidedImprovementAlgorithm multiObjectiveSolveImpl
FINE: Found a solution. At time: 73, Improving on [0, 435, 475]
Feb 01, 2014 4:06:32 AM kodkod.multiobjective.MetricPoint parametrizedImprovementConstraints
FINE: Possible Improvements are conjunction of 
	(sum(this/BerkeleyDbC.totalReliability) >= 0)
	(sum(this/BerkeleyDbC.totalFootprint) <= 435)
	(sum(this/BerkeleyDbC.totalPrice) <= 475)
	((sum(this/BerkeleyDbC.totalReliability) > 0) || (sum(this/BerkeleyDbC.totalFootprint) < 435) || (sum(this/BerkeleyDbC.totalPrice) < 475))
Feb 01, 2014 4:06:34 AM kodkod.multiobjective.algorithms.MultiObjectiveAlgorithm foundParetoPoint
FINE: Found Pareto point with values: [0, 435, 475]
Feb 01, 2014 4:08:01 AM kodkod.multiobjective.algorithms.IncrementalGuidedImprovementAlgorithm multiObjectiveSolveImpl
FINE: Found a solution. At time: 162, Improving on [2, 676, 575]
Feb 01, 2014 4:08:01 AM kodkod.multiobjective.MetricPoint parametrizedImprovementConstraints
FINE: Possible Improvements are conjunction of 
	(sum(this/BerkeleyDbC.totalReliability) >= 2)
	(sum(this/BerkeleyDbC.totalFootprint) <= 676)
	(sum(this/BerkeleyDbC.totalPrice) <= 575)
	((sum(this/BerkeleyDbC.totalReliability) > 2) || (sum(this/BerkeleyDbC.totalFootprint) < 676) || (sum(this/BerkeleyDbC.totalPrice) < 575))
Feb 01, 2014 4:08:02 AM kodkod.multiobjective.algorithms.MultiObjectiveAlgorithm foundParetoPoint
FINE: Found Pareto point with values: [2, 676, 575]
Feb 01, 2014 4:09:24 AM kodkod.multiobjective.algorithms.IncrementalGuidedImprovementAlgorithm multiObjectiveSolveImpl
FINE: Found a solution. At time: 246, Improving on [1, 626, 475]
Feb 01, 2014 4:09:24 AM kodkod.multiobjective.MetricPoint parametrizedImprovementConstraints
FINE: Possible Improvements are conjunction of 
	(sum(this/BerkeleyDbC.totalReliability) >= 1)
	(sum(this/BerkeleyDbC.totalFootprint) <= 626)
	(sum(this/BerkeleyDbC.totalPrice) <= 475)
	((sum(this/BerkeleyDbC.totalReliability) > 1) || (sum(this/BerkeleyDbC.totalFootprint) < 626) || (sum(this/BerkeleyDbC.totalPrice) < 475))
Feb 01, 2014 4:09:26 AM kodkod.multiobjective.algorithms.MultiObjectiveAlgorithm foundParetoPoint
FINE: Found Pareto point with values: [1, 626, 475]
Feb 01, 2014 4:10:49 AM kodkod.multiobjective.algorithms.IncrementalGuidedImprovementAlgorithm multiObjectiveSolveImpl
FINE: Found a solution. At time: 330, Improving on [1, 485, 575]
Feb 01, 2014 4:10:49 AM kodkod.multiobjective.MetricPoint parametrizedImprovementConstraints
FINE: Possible Improvements are conjunction of 
	(sum(this/BerkeleyDbC.totalReliability) >= 1)
	(sum(this/BerkeleyDbC.totalFootprint) <= 485)
	(sum(this/BerkeleyDbC.totalPrice) <= 575)
	((sum(this/BerkeleyDbC.totalReliability) > 1) || (sum(this/BerkeleyDbC.totalFootprint) < 485) || (sum(this/BerkeleyDbC.totalPrice) < 575))
Feb 01, 2014 4:10:51 AM kodkod.multiobjective.algorithms.MultiObjectiveAlgorithm foundParetoPoint
FINE: Found Pareto point with values: [1, 485, 575]
Feb 01, 2014 4:12:14 AM kodkod.multiobjective.algorithms.IncrementalGuidedImprovementAlgorithm multiObjectiveSolveImpl
FINE: All Pareto points found. At time: 415
Feb 01, 2014 4:12:14 AM kodkod.multiobjective.algorithms.MultiObjectiveAlgorithm debugWriteStatistics
FINE: Solver statistics:
	# Sat Call: 4
	# Unsat Call: 5
	# Total Time in Sat Calls: 324403
	# Total Time in Sat Calls Solving: 6824
	# Total Time in Sat Calls Translating: 317579
	# Total Time in Unsat Calls: 83713
	# Total Time in Unsat Calls Solving: 2015
	# Total Time in Unsat Calls Translating: 81698
	# Magnifier Sat Call: 0
	# Magnifier Unsat Call: 0
	# Total Time in Magnifier: 0
