Feb 01, 2014 9:37:54 PM kodkod.multiobjective.algorithms.CheckpointedGuidedImprovementAlgorithm multiObjectiveSolveImpl
FINE: Found a solution. At time: 7, Improving on [1001]
Feb 01, 2014 9:37:54 PM kodkod.multiobjective.MetricPoint parametrizedImprovementConstraints
FINE: Possible Improvements are conjunction of 
	(sum(this/BerkeleyDbC.totalFootprint) <= 1001)
	(sum(this/BerkeleyDbC.totalFootprint) < 1001)
Feb 01, 2014 9:37:54 PM kodkod.multiobjective.algorithms.CheckpointedGuidedImprovementAlgorithm multiObjectiveSolveImpl
FINE: Found a solution. At time: 8, Improving on [991]
Feb 01, 2014 9:37:54 PM kodkod.multiobjective.MetricPoint parametrizedImprovementConstraints
FINE: Possible Improvements are conjunction of 
	(sum(this/BerkeleyDbC.totalFootprint) <= 991)
	(sum(this/BerkeleyDbC.totalFootprint) < 991)
Feb 01, 2014 9:37:54 PM kodkod.multiobjective.algorithms.MultiObjectiveAlgorithm foundParetoPoint
FINE: Found Pareto point with values: [991]
Feb 01, 2014 9:37:54 PM kodkod.multiobjective.algorithms.CheckpointedGuidedImprovementAlgorithm multiObjectiveSolveImpl
FINE: Found Pareto point with values: [991]
Feb 01, 2014 9:37:55 PM kodkod.multiobjective.algorithms.MultiObjectiveAlgorithm debugWriteStatistics
FINE: Solver statistics:
	# Sat Call: 2
	# Unsat Call: 2
	# Total Time in Sat Calls: 7923
	# Total Time in Sat Calls Solving: 235
	# Total Time in Sat Calls Translating: 7688
	# Total Time in Unsat Calls: 246
	# Total Time in Unsat Calls Solving: 46
	# Total Time in Unsat Calls Translating: 200
	# Magnifier Sat Call: 0
	# Magnifier Unsat Call: 0
	# Total Time in Magnifier: 0
