Feb 01, 2014 9:44:41 PM kodkod.multiobjective.algorithms.CheckpointedGuidedImprovementAlgorithm multiObjectiveSolveImpl
FINE: Found a solution. At time: 8, Improving on [1001]
Feb 01, 2014 9:44:41 PM kodkod.multiobjective.MetricPoint parametrizedImprovementConstraints
FINE: Possible Improvements are conjunction of 
	(sum(this/BerkeleyDbC.totalFootprint) <= 1001)
	(sum(this/BerkeleyDbC.totalFootprint) < 1001)
Feb 01, 2014 9:44:41 PM kodkod.multiobjective.algorithms.CheckpointedGuidedImprovementAlgorithm multiObjectiveSolveImpl
FINE: Found a solution. At time: 8, Improving on [991]
Feb 01, 2014 9:44:41 PM kodkod.multiobjective.MetricPoint parametrizedImprovementConstraints
FINE: Possible Improvements are conjunction of 
	(sum(this/BerkeleyDbC.totalFootprint) <= 991)
	(sum(this/BerkeleyDbC.totalFootprint) < 991)
Feb 01, 2014 9:44:41 PM kodkod.multiobjective.algorithms.MultiObjectiveAlgorithm foundParetoPoint
FINE: Found Pareto point with values: [991]
Feb 01, 2014 9:44:41 PM kodkod.multiobjective.algorithms.CheckpointedGuidedImprovementAlgorithm multiObjectiveSolveImpl
FINE: Found Pareto point with values: [991]
Feb 01, 2014 9:44:42 PM kodkod.multiobjective.algorithms.MultiObjectiveAlgorithm debugWriteStatistics
FINE: Solver statistics:
	# Sat Call: 2
	# Unsat Call: 2
	# Total Time in Sat Calls: 8307
	# Total Time in Sat Calls Solving: 231
	# Total Time in Sat Calls Translating: 8076
	# Total Time in Unsat Calls: 252
	# Total Time in Unsat Calls Solving: 47
	# Total Time in Unsat Calls Translating: 205
	# Magnifier Sat Call: 0
	# Magnifier Unsat Call: 0
	# Total Time in Magnifier: 0
