Feb 02, 2014 12:37:25 AM kodkod.multiobjective.algorithms.CheckpointedGuidedImprovementAlgorithm multiObjectiveSolveImpl
FINE: Found a solution. At time: 7, Improving on [487]
Feb 02, 2014 12:37:25 AM kodkod.multiobjective.MetricPoint parametrizedImprovementConstraints
FINE: Possible Improvements are conjunction of 
	(sum(this/LinkedList.totalFootprint) <= 487)
	(sum(this/LinkedList.totalFootprint) < 487)
Feb 02, 2014 12:37:29 AM kodkod.multiobjective.algorithms.MultiObjectiveAlgorithm foundParetoPoint
FINE: Found Pareto point with values: [487]
Feb 02, 2014 12:37:29 AM kodkod.multiobjective.algorithms.CheckpointedGuidedImprovementAlgorithm multiObjectiveSolveImpl
FINE: Found Pareto point with values: [487]
Feb 02, 2014 12:37:32 AM kodkod.multiobjective.algorithms.MultiObjectiveAlgorithm debugWriteStatistics
FINE: Solver statistics:
	# Sat Call: 1
	# Unsat Call: 2
	# Total Time in Sat Calls: 7074
	# Total Time in Sat Calls Solving: 21
	# Total Time in Sat Calls Translating: 7053
	# Total Time in Unsat Calls: 6406
	# Total Time in Unsat Calls Solving: 15
	# Total Time in Unsat Calls Translating: 6391
	# Magnifier Sat Call: 0
	# Magnifier Unsat Call: 0
	# Total Time in Magnifier: 0
