Feb 02, 2014 12:40:29 AM kodkod.multiobjective.algorithms.CheckpointedGuidedImprovementAlgorithm multiObjectiveSolveImpl
FINE: Found a solution. At time: 2, Improving on [876]
Feb 02, 2014 12:40:29 AM kodkod.multiobjective.MetricPoint parametrizedImprovementConstraints
FINE: Possible Improvements are conjunction of 
	(sum(this/ZipMeSPL.totalFootprint) <= 876)
	(sum(this/ZipMeSPL.totalFootprint) < 876)
Feb 02, 2014 12:40:30 AM kodkod.multiobjective.algorithms.MultiObjectiveAlgorithm foundParetoPoint
FINE: Found Pareto point with values: [876]
Feb 02, 2014 12:40:30 AM kodkod.multiobjective.algorithms.CheckpointedGuidedImprovementAlgorithm multiObjectiveSolveImpl
FINE: Found Pareto point with values: [876]
Feb 02, 2014 12:40:31 AM kodkod.multiobjective.algorithms.MultiObjectiveAlgorithm debugWriteStatistics
FINE: Solver statistics:
	# Sat Call: 1
	# Unsat Call: 2
	# Total Time in Sat Calls: 1745
	# Total Time in Sat Calls Solving: 5
	# Total Time in Sat Calls Translating: 1740
	# Total Time in Unsat Calls: 1456
	# Total Time in Unsat Calls Solving: 0
	# Total Time in Unsat Calls Translating: 1456
	# Magnifier Sat Call: 0
	# Magnifier Unsat Call: 0
	# Total Time in Magnifier: 0
