Feb 01, 2014 10:37:58 PM kodkod.multiobjective.algorithms.CheckpointedGuidedImprovementAlgorithm multiObjectiveSolveImpl
FINE: Found a solution. At time: 8, Improving on [443]
Feb 01, 2014 10:37:58 PM kodkod.multiobjective.MetricPoint parametrizedImprovementConstraints
FINE: Possible Improvements are conjunction of 
	(sum(this/LinkedList.totalFootprint) <= 443)
	(sum(this/LinkedList.totalFootprint) < 443)
Feb 01, 2014 10:38:02 PM kodkod.multiobjective.algorithms.MultiObjectiveAlgorithm foundParetoPoint
FINE: Found Pareto point with values: [443]
Feb 01, 2014 10:38:02 PM kodkod.multiobjective.algorithms.CheckpointedGuidedImprovementAlgorithm multiObjectiveSolveImpl
FINE: Found Pareto point with values: [443]
Feb 01, 2014 10:38:05 PM kodkod.multiobjective.algorithms.MultiObjectiveAlgorithm debugWriteStatistics
FINE: Solver statistics:
	# Sat Call: 1
	# Unsat Call: 2
	# Total Time in Sat Calls: 8121
	# Total Time in Sat Calls Solving: 22
	# Total Time in Sat Calls Translating: 8099
	# Total Time in Unsat Calls: 6535
	# Total Time in Unsat Calls Solving: 13
	# Total Time in Unsat Calls Translating: 6522
	# Magnifier Sat Call: 0
	# Magnifier Unsat Call: 0
	# Total Time in Magnifier: 0
