Feb 02, 2014 1:14:57 PM kodkod.multiobjective.algorithms.CheckpointedGuidedImprovementAlgorithm multiObjectiveSolveImpl
FINE: Found a solution. At time: 0, Improving on [699]
Feb 02, 2014 1:14:57 PM kodkod.multiobjective.MetricPoint parametrizedImprovementConstraints
FINE: Possible Improvements are conjunction of 
	(sum(this/PKJab.totalFootprint) <= 699)
	(sum(this/PKJab.totalFootprint) < 699)
Feb 02, 2014 1:14:57 PM kodkod.multiobjective.algorithms.MultiObjectiveAlgorithm foundParetoPoint
FINE: Found Pareto point with values: [699]
Feb 02, 2014 1:14:57 PM kodkod.multiobjective.algorithms.CheckpointedGuidedImprovementAlgorithm multiObjectiveSolveImpl
FINE: Found Pareto point with values: [699]
Feb 02, 2014 1:14:57 PM kodkod.multiobjective.algorithms.MultiObjectiveAlgorithm debugWriteStatistics
FINE: Solver statistics:
	# Sat Call: 1
	# Unsat Call: 2
	# Total Time in Sat Calls: 171
	# Total Time in Sat Calls Solving: 1
	# Total Time in Sat Calls Translating: 170
	# Total Time in Unsat Calls: 233
	# Total Time in Unsat Calls Solving: 0
	# Total Time in Unsat Calls Translating: 233
	# Magnifier Sat Call: 0
	# Magnifier Unsat Call: 0
	# Total Time in Magnifier: 0
