Feb 02, 2014 12:37:39 AM kodkod.multiobjective.algorithms.CheckpointedGuidedImprovementAlgorithm multiObjectiveSolveImpl
FINE: Found a solution. At time: 2, Improving on [762]
Feb 02, 2014 12:37:39 AM kodkod.multiobjective.MetricPoint parametrizedImprovementConstraints
FINE: Possible Improvements are conjunction of 
	(sum(this/PKJab.totalFootprint) <= 762)
	(sum(this/PKJab.totalFootprint) < 762)
Feb 02, 2014 12:37:40 AM kodkod.multiobjective.algorithms.MultiObjectiveAlgorithm foundParetoPoint
FINE: Found Pareto point with values: [762]
Feb 02, 2014 12:37:40 AM kodkod.multiobjective.algorithms.CheckpointedGuidedImprovementAlgorithm multiObjectiveSolveImpl
FINE: Found Pareto point with values: [762]
Feb 02, 2014 12:37:41 AM kodkod.multiobjective.algorithms.MultiObjectiveAlgorithm debugWriteStatistics
FINE: Solver statistics:
	# Sat Call: 1
	# Unsat Call: 2
	# Total Time in Sat Calls: 1856
	# Total Time in Sat Calls Solving: 6
	# Total Time in Sat Calls Translating: 1850
	# Total Time in Unsat Calls: 1808
	# Total Time in Unsat Calls Solving: 4
	# Total Time in Unsat Calls Translating: 1804
	# Magnifier Sat Call: 0
	# Magnifier Unsat Call: 0
	# Total Time in Magnifier: 0
