Feb 02, 2014 1:11:43 PM kodkod.multiobjective.algorithms.CheckpointedGuidedImprovementAlgorithm multiObjectiveSolveImpl
FINE: Found a solution. At time: 10, Improving on [0, 435, 475]
Feb 02, 2014 1:11:43 PM kodkod.multiobjective.MetricPoint parametrizedImprovementConstraints
FINE: Possible Improvements are conjunction of 
	(sum(this/BerkeleyDbC.totalReliability) >= 0)
	(sum(this/BerkeleyDbC.totalFootprint) <= 435)
	(sum(this/BerkeleyDbC.totalPrice) <= 475)
	((sum(this/BerkeleyDbC.totalReliability) > 0) || (sum(this/BerkeleyDbC.totalFootprint) < 435) || (sum(this/BerkeleyDbC.totalPrice) < 475))
Feb 02, 2014 1:11:50 PM kodkod.multiobjective.algorithms.MultiObjectiveAlgorithm foundParetoPoint
FINE: Found Pareto point with values: [0, 435, 475]
Feb 02, 2014 1:11:50 PM kodkod.multiobjective.algorithms.CheckpointedGuidedImprovementAlgorithm multiObjectiveSolveImpl
FINE: Found Pareto point with values: [0, 435, 475]
Feb 02, 2014 1:11:56 PM kodkod.multiobjective.algorithms.CheckpointedGuidedImprovementAlgorithm multiObjectiveSolveImpl
FINE: Found a solution. At time: 24, Improving on [1, 626, 475]
Feb 02, 2014 1:11:56 PM kodkod.multiobjective.MetricPoint parametrizedImprovementConstraints
FINE: Possible Improvements are conjunction of 
	(sum(this/BerkeleyDbC.totalReliability) >= 1)
	(sum(this/BerkeleyDbC.totalFootprint) <= 626)
	(sum(this/BerkeleyDbC.totalPrice) <= 475)
	((sum(this/BerkeleyDbC.totalReliability) > 1) || (sum(this/BerkeleyDbC.totalFootprint) < 626) || (sum(this/BerkeleyDbC.totalPrice) < 475))
Feb 02, 2014 1:11:58 PM kodkod.multiobjective.algorithms.MultiObjectiveAlgorithm foundParetoPoint
FINE: Found Pareto point with values: [1, 626, 475]
Feb 02, 2014 1:11:58 PM kodkod.multiobjective.algorithms.CheckpointedGuidedImprovementAlgorithm multiObjectiveSolveImpl
FINE: Found Pareto point with values: [1, 626, 475]
Feb 02, 2014 1:12:01 PM kodkod.multiobjective.algorithms.CheckpointedGuidedImprovementAlgorithm multiObjectiveSolveImpl
FINE: Found a solution. At time: 28, Improving on [1, 485, 575]
Feb 02, 2014 1:12:01 PM kodkod.multiobjective.MetricPoint parametrizedImprovementConstraints
FINE: Possible Improvements are conjunction of 
	(sum(this/BerkeleyDbC.totalReliability) >= 1)
	(sum(this/BerkeleyDbC.totalFootprint) <= 485)
	(sum(this/BerkeleyDbC.totalPrice) <= 575)
	((sum(this/BerkeleyDbC.totalReliability) > 1) || (sum(this/BerkeleyDbC.totalFootprint) < 485) || (sum(this/BerkeleyDbC.totalPrice) < 575))
Feb 02, 2014 1:12:02 PM kodkod.multiobjective.algorithms.MultiObjectiveAlgorithm foundParetoPoint
FINE: Found Pareto point with values: [1, 485, 575]
Feb 02, 2014 1:12:02 PM kodkod.multiobjective.algorithms.CheckpointedGuidedImprovementAlgorithm multiObjectiveSolveImpl
FINE: Found Pareto point with values: [1, 485, 575]
Feb 02, 2014 1:12:05 PM kodkod.multiobjective.algorithms.CheckpointedGuidedImprovementAlgorithm multiObjectiveSolveImpl
FINE: Found a solution. At time: 33, Improving on [2, 676, 575]
Feb 02, 2014 1:12:05 PM kodkod.multiobjective.MetricPoint parametrizedImprovementConstraints
FINE: Possible Improvements are conjunction of 
	(sum(this/BerkeleyDbC.totalReliability) >= 2)
	(sum(this/BerkeleyDbC.totalFootprint) <= 676)
	(sum(this/BerkeleyDbC.totalPrice) <= 575)
	((sum(this/BerkeleyDbC.totalReliability) > 2) || (sum(this/BerkeleyDbC.totalFootprint) < 676) || (sum(this/BerkeleyDbC.totalPrice) < 575))
Feb 02, 2014 1:12:07 PM kodkod.multiobjective.algorithms.MultiObjectiveAlgorithm foundParetoPoint
FINE: Found Pareto point with values: [2, 676, 575]
Feb 02, 2014 1:12:07 PM kodkod.multiobjective.algorithms.CheckpointedGuidedImprovementAlgorithm multiObjectiveSolveImpl
FINE: Found Pareto point with values: [2, 676, 575]
Feb 02, 2014 1:12:10 PM kodkod.multiobjective.algorithms.MultiObjectiveAlgorithm debugWriteStatistics
FINE: Solver statistics:
	# Sat Call: 4
	# Unsat Call: 5
	# Total Time in Sat Calls: 15388
	# Total Time in Sat Calls Solving: 93
	# Total Time in Sat Calls Translating: 15295
	# Total Time in Unsat Calls: 13227
	# Total Time in Unsat Calls Solving: 13
	# Total Time in Unsat Calls Translating: 13214
	# Magnifier Sat Call: 0
	# Magnifier Unsat Call: 0
	# Total Time in Magnifier: 0
