Feb 01, 2014 4:41:12 PM kodkod.multiobjective.algorithms.IncrementalGuidedImprovementAlgorithm multiObjectiveSolveImpl
FINE: Found a solution. At time: 2, Improving on [501]
Feb 01, 2014 4:41:12 PM kodkod.multiobjective.MetricPoint parametrizedImprovementConstraints
FINE: Possible Improvements are conjunction of 
	(sum(this/LinkedList.totalFootprint) <= 501)
	(sum(this/LinkedList.totalFootprint) < 501)
Feb 01, 2014 4:41:12 PM kodkod.multiobjective.algorithms.MultiObjectiveAlgorithm foundParetoPoint
FINE: Found Pareto point with values: [501]
Feb 01, 2014 4:41:13 PM kodkod.multiobjective.algorithms.IncrementalGuidedImprovementAlgorithm multiObjectiveSolveImpl
FINE: All Pareto points found. At time: 3
Feb 01, 2014 4:41:13 PM kodkod.multiobjective.algorithms.MultiObjectiveAlgorithm debugWriteStatistics
FINE: Solver statistics:
	# Sat Call: 1
	# Unsat Call: 2
	# Total Time in Sat Calls: 1782
	# Total Time in Sat Calls Solving: 63
	# Total Time in Sat Calls Translating: 1719
	# Total Time in Unsat Calls: 1257
	# Total Time in Unsat Calls Solving: 127
	# Total Time in Unsat Calls Translating: 1130
	# Magnifier Sat Call: 0
	# Magnifier Unsat Call: 0
	# Total Time in Magnifier: 0
