Feb 01, 2014 9:42:31 PM kodkod.multiobjective.algorithms.CheckpointedGuidedImprovementAlgorithm multiObjectiveSolveImpl
FINE: Found a solution. At time: 3, Improving on [754]
Feb 01, 2014 9:42:31 PM kodkod.multiobjective.MetricPoint parametrizedImprovementConstraints
FINE: Possible Improvements are conjunction of 
	(sum(this/PKJab.totalFootprint) <= 754)
	(sum(this/PKJab.totalFootprint) < 754)
Feb 01, 2014 9:42:32 PM kodkod.multiobjective.algorithms.MultiObjectiveAlgorithm foundParetoPoint
FINE: Found Pareto point with values: [754]
Feb 01, 2014 9:42:32 PM kodkod.multiobjective.algorithms.CheckpointedGuidedImprovementAlgorithm multiObjectiveSolveImpl
FINE: Found Pareto point with values: [754]
Feb 01, 2014 9:42:32 PM kodkod.multiobjective.algorithms.MultiObjectiveAlgorithm debugWriteStatistics
FINE: Solver statistics:
	# Sat Call: 1
	# Unsat Call: 2
	# Total Time in Sat Calls: 3598
	# Total Time in Sat Calls Solving: 95
	# Total Time in Sat Calls Translating: 3503
	# Total Time in Unsat Calls: 162
	# Total Time in Unsat Calls Solving: 2
	# Total Time in Unsat Calls Translating: 160
	# Magnifier Sat Call: 0
	# Magnifier Unsat Call: 0
	# Total Time in Magnifier: 0
