Feb 02, 2014 1:12:50 PM kodkod.multiobjective.algorithms.CheckpointedGuidedImprovementAlgorithm multiObjectiveSolveImpl
FINE: Found a solution. At time: 0, Improving on [1035]
Feb 02, 2014 1:12:50 PM kodkod.multiobjective.MetricPoint parametrizedImprovementConstraints
FINE: Possible Improvements are conjunction of 
	(sum(this/Prevayler.totalFootprint) <= 1035)
	(sum(this/Prevayler.totalFootprint) < 1035)
Feb 02, 2014 1:12:50 PM kodkod.multiobjective.algorithms.MultiObjectiveAlgorithm foundParetoPoint
FINE: Found Pareto point with values: [1035]
Feb 02, 2014 1:12:50 PM kodkod.multiobjective.algorithms.CheckpointedGuidedImprovementAlgorithm multiObjectiveSolveImpl
FINE: Found Pareto point with values: [1035]
Feb 02, 2014 1:12:50 PM kodkod.multiobjective.algorithms.MultiObjectiveAlgorithm debugWriteStatistics
FINE: Solver statistics:
	# Sat Call: 1
	# Unsat Call: 2
	# Total Time in Sat Calls: 235
	# Total Time in Sat Calls Solving: 2
	# Total Time in Sat Calls Translating: 233
	# Total Time in Unsat Calls: 19
	# Total Time in Unsat Calls Solving: 2
	# Total Time in Unsat Calls Translating: 17
	# Magnifier Sat Call: 0
	# Magnifier Unsat Call: 0
	# Total Time in Magnifier: 0
