Feb 01, 2014 9:22:42 PM kodkod.multiobjective.algorithms.CheckpointedGuidedImprovementAlgorithm multiObjectiveSolveImpl
FINE: Found a solution. At time: 77, Improving on [1, 493, 575]
Feb 01, 2014 9:22:42 PM kodkod.multiobjective.MetricPoint parametrizedImprovementConstraints
FINE: Possible Improvements are conjunction of 
	(sum(this/BerkeleyDbC.totalReliability) >= 1)
	(sum(this/BerkeleyDbC.totalFootprint) <= 493)
	(sum(this/BerkeleyDbC.totalPrice) <= 575)
	((sum(this/BerkeleyDbC.totalReliability) > 1) || (sum(this/BerkeleyDbC.totalFootprint) < 493) || (sum(this/BerkeleyDbC.totalPrice) < 575))
Feb 01, 2014 9:22:44 PM kodkod.multiobjective.algorithms.MultiObjectiveAlgorithm foundParetoPoint
FINE: Found Pareto point with values: [1, 493, 575]
Feb 01, 2014 9:22:44 PM kodkod.multiobjective.algorithms.CheckpointedGuidedImprovementAlgorithm multiObjectiveSolveImpl
FINE: Found Pareto point with values: [1, 493, 575]
Feb 01, 2014 9:22:50 PM kodkod.multiobjective.algorithms.MultiObjectiveAlgorithm debugWriteStatistics
FINE: Solver statistics:
	# Sat Call: 1
	# Unsat Call: 2
	# Total Time in Sat Calls: 73982
	# Total Time in Sat Calls Solving: 1566
	# Total Time in Sat Calls Translating: 72416
	# Total Time in Unsat Calls: 2250
	# Total Time in Unsat Calls Solving: 82
	# Total Time in Unsat Calls Translating: 2168
	# Magnifier Sat Call: 0
	# Magnifier Unsat Call: 0
	# Total Time in Magnifier: 0
