Feb 01, 2014 8:36:00 PM kodkod.multiobjective.algorithms.IncrementalGuidedImprovementAlgorithm multiObjectiveSolveImpl
FINE: Found a solution. At time: 0, Improving on [972]
Feb 01, 2014 8:36:00 PM kodkod.multiobjective.MetricPoint parametrizedImprovementConstraints
FINE: Possible Improvements are conjunction of 
	(sum(this/BerkeleyDbC.totalFootprint) <= 972)
	(sum(this/BerkeleyDbC.totalFootprint) < 972)
Feb 01, 2014 8:36:00 PM kodkod.multiobjective.algorithms.IncrementalGuidedImprovementAlgorithm multiObjectiveSolveImpl
FINE: Found a solution. At time: 0, Improving on [962]
Feb 01, 2014 8:36:00 PM kodkod.multiobjective.MetricPoint parametrizedImprovementConstraints
FINE: Possible Improvements are conjunction of 
	(sum(this/BerkeleyDbC.totalFootprint) <= 962)
	(sum(this/BerkeleyDbC.totalFootprint) < 962)
Feb 01, 2014 8:36:00 PM kodkod.multiobjective.algorithms.MultiObjectiveAlgorithm foundParetoPoint
FINE: Found Pareto point with values: [962]
Feb 01, 2014 8:36:00 PM kodkod.multiobjective.algorithms.IncrementalGuidedImprovementAlgorithm multiObjectiveSolveImpl
FINE: All Pareto points found. At time: 1
Feb 01, 2014 8:36:00 PM kodkod.multiobjective.algorithms.MultiObjectiveAlgorithm debugWriteStatistics
FINE: Solver statistics:
	# Sat Call: 2
	# Unsat Call: 2
	# Total Time in Sat Calls: 609
	# Total Time in Sat Calls Solving: 22
	# Total Time in Sat Calls Translating: 587
	# Total Time in Unsat Calls: 301
	# Total Time in Unsat Calls Solving: 34
	# Total Time in Unsat Calls Translating: 267
	# Magnifier Sat Call: 0
	# Magnifier Unsat Call: 0
	# Total Time in Magnifier: 0
