Feb 01, 2014 1:32:24 AM kodkod.multiobjective.algorithms.IncrementalGuidedImprovementAlgorithm multiObjectiveSolveImpl
FINE: Found a solution. At time: 0, Improving on [535]
Feb 01, 2014 1:32:25 AM kodkod.multiobjective.MetricPoint parametrizedImprovementConstraints
FINE: Possible Improvements are conjunction of 
	(sum(this/LinkedList.totalFootprint) <= 535)
	(sum(this/LinkedList.totalFootprint) < 535)
Feb 01, 2014 1:32:25 AM kodkod.multiobjective.algorithms.IncrementalGuidedImprovementAlgorithm multiObjectiveSolveImpl
FINE: Found a solution. At time: 0, Improving on [534]
Feb 01, 2014 1:32:25 AM kodkod.multiobjective.MetricPoint parametrizedImprovementConstraints
FINE: Possible Improvements are conjunction of 
	(sum(this/LinkedList.totalFootprint) <= 534)
	(sum(this/LinkedList.totalFootprint) < 534)
Feb 01, 2014 1:32:25 AM kodkod.multiobjective.algorithms.MultiObjectiveAlgorithm foundParetoPoint
FINE: Found Pareto point with values: [534]
Feb 01, 2014 1:32:25 AM kodkod.multiobjective.algorithms.IncrementalGuidedImprovementAlgorithm multiObjectiveSolveImpl
FINE: All Pareto points found. At time: 0
Feb 01, 2014 1:32:25 AM kodkod.multiobjective.algorithms.MultiObjectiveAlgorithm debugWriteStatistics
FINE: Solver statistics:
	# Sat Call: 2
	# Unsat Call: 2
	# Total Time in Sat Calls: 152
	# Total Time in Sat Calls Solving: 0
	# Total Time in Sat Calls Translating: 152
	# Total Time in Unsat Calls: 101
	# Total Time in Unsat Calls Solving: 1
	# Total Time in Unsat Calls Translating: 100
	# Magnifier Sat Call: 0
	# Magnifier Unsat Call: 0
	# Total Time in Magnifier: 0
