Feb 01, 2014 8:32:07 PM kodkod.multiobjective.algorithms.IncrementalGuidedImprovementAlgorithm multiObjectiveSolveImpl
FINE: Found a solution. At time: 21, Improving on [1, 737, 400]
Feb 01, 2014 8:32:07 PM kodkod.multiobjective.MetricPoint parametrizedImprovementConstraints
FINE: Possible Improvements are conjunction of 
	(sum(this/BerkeleyDbC.totalReliability) >= 1)
	(sum(this/BerkeleyDbC.totalFootprint) <= 737)
	(sum(this/BerkeleyDbC.totalPrice) <= 400)
	((sum(this/BerkeleyDbC.totalReliability) > 1) || (sum(this/BerkeleyDbC.totalFootprint) < 737) || (sum(this/BerkeleyDbC.totalPrice) < 400))
Feb 01, 2014 8:32:08 PM kodkod.multiobjective.algorithms.MultiObjectiveAlgorithm foundParetoPoint
FINE: Found Pareto point with values: [1, 737, 400]
Feb 01, 2014 8:32:28 PM kodkod.multiobjective.algorithms.IncrementalGuidedImprovementAlgorithm multiObjectiveSolveImpl
FINE: Found a solution. At time: 42, Improving on [2, 2303, 625]
Feb 01, 2014 8:32:28 PM kodkod.multiobjective.MetricPoint parametrizedImprovementConstraints
FINE: Possible Improvements are conjunction of 
	(sum(this/BerkeleyDbC.totalReliability) >= 2)
	(sum(this/BerkeleyDbC.totalFootprint) <= 2303)
	(sum(this/BerkeleyDbC.totalPrice) <= 625)
	((sum(this/BerkeleyDbC.totalReliability) > 2) || (sum(this/BerkeleyDbC.totalFootprint) < 2303) || (sum(this/BerkeleyDbC.totalPrice) < 625))
Feb 01, 2014 8:32:28 PM kodkod.multiobjective.algorithms.IncrementalGuidedImprovementAlgorithm multiObjectiveSolveImpl
FINE: Found a solution. At time: 42, Improving on [2, 2247, 500]
Feb 01, 2014 8:32:28 PM kodkod.multiobjective.MetricPoint parametrizedImprovementConstraints
FINE: Possible Improvements are conjunction of 
	(sum(this/BerkeleyDbC.totalReliability) >= 2)
	(sum(this/BerkeleyDbC.totalFootprint) <= 2247)
	(sum(this/BerkeleyDbC.totalPrice) <= 500)
	((sum(this/BerkeleyDbC.totalReliability) > 2) || (sum(this/BerkeleyDbC.totalFootprint) < 2247) || (sum(this/BerkeleyDbC.totalPrice) < 500))
Feb 01, 2014 8:32:29 PM kodkod.multiobjective.algorithms.IncrementalGuidedImprovementAlgorithm multiObjectiveSolveImpl
FINE: Found a solution. At time: 42, Improving on [2, 787, 500]
Feb 01, 2014 8:32:29 PM kodkod.multiobjective.MetricPoint parametrizedImprovementConstraints
FINE: Possible Improvements are conjunction of 
	(sum(this/BerkeleyDbC.totalReliability) >= 2)
	(sum(this/BerkeleyDbC.totalFootprint) <= 787)
	(sum(this/BerkeleyDbC.totalPrice) <= 500)
	((sum(this/BerkeleyDbC.totalReliability) > 2) || (sum(this/BerkeleyDbC.totalFootprint) < 787) || (sum(this/BerkeleyDbC.totalPrice) < 500))
Feb 01, 2014 8:32:29 PM kodkod.multiobjective.algorithms.MultiObjectiveAlgorithm foundParetoPoint
FINE: Found Pareto point with values: [2, 787, 500]
Feb 01, 2014 8:32:49 PM kodkod.multiobjective.algorithms.IncrementalGuidedImprovementAlgorithm multiObjectiveSolveImpl
FINE: All Pareto points found. At time: 62
Feb 01, 2014 8:32:49 PM kodkod.multiobjective.algorithms.MultiObjectiveAlgorithm debugWriteStatistics
FINE: Solver statistics:
	# Sat Call: 4
	# Unsat Call: 3
	# Total Time in Sat Calls: 36166
	# Total Time in Sat Calls Solving: 1266
	# Total Time in Sat Calls Translating: 34900
	# Total Time in Unsat Calls: 16471
	# Total Time in Unsat Calls Solving: 724
	# Total Time in Unsat Calls Translating: 15747
	# Magnifier Sat Call: 0
	# Magnifier Unsat Call: 0
	# Total Time in Magnifier: 0
