Feb 02, 2014 1:08:19 PM kodkod.multiobjective.algorithms.CheckpointedGuidedImprovementAlgorithm multiObjectiveSolveImpl
FINE: Found a solution. At time: 1, Improving on [47, 104, 55, 765]
Feb 02, 2014 1:08:19 PM kodkod.multiobjective.MetricPoint parametrizedImprovementConstraints
FINE: Possible Improvements are conjunction of 
	(sum(this/SearchAndRescueFM.total_DeploymentTime) <= 47)
	(sum(this/SearchAndRescueFM.total_DevelopmentTime) <= 104)
	(sum(this/SearchAndRescueFM.total_RampUpTime) <= 55)
	(sum(this/SearchAndRescueFM.total_cost) <= 765)
	((sum(this/SearchAndRescueFM.total_DeploymentTime) < 47) || (sum(this/SearchAndRescueFM.total_DevelopmentTime) < 104) || (sum(this/SearchAndRescueFM.total_RampUpTime) < 55) || (sum(this/SearchAndRescueFM.total_cost) < 765))
Feb 02, 2014 1:08:20 PM kodkod.multiobjective.algorithms.CheckpointedGuidedImprovementAlgorithm multiObjectiveSolveImpl
FINE: Found a solution. At time: 1, Improving on [45, 104, 53, 765]
Feb 02, 2014 1:08:20 PM kodkod.multiobjective.MetricPoint parametrizedImprovementConstraints
FINE: Possible Improvements are conjunction of 
	(sum(this/SearchAndRescueFM.total_DeploymentTime) <= 45)
	(sum(this/SearchAndRescueFM.total_DevelopmentTime) <= 104)
	(sum(this/SearchAndRescueFM.total_RampUpTime) <= 53)
	(sum(this/SearchAndRescueFM.total_cost) <= 765)
	((sum(this/SearchAndRescueFM.total_DeploymentTime) < 45) || (sum(this/SearchAndRescueFM.total_DevelopmentTime) < 104) || (sum(this/SearchAndRescueFM.total_RampUpTime) < 53) || (sum(this/SearchAndRescueFM.total_cost) < 765))
Feb 02, 2014 1:08:20 PM kodkod.multiobjective.algorithms.CheckpointedGuidedImprovementAlgorithm multiObjectiveSolveImpl
FINE: Found a solution. At time: 1, Improving on [45, 104, 53, 760]
Feb 02, 2014 1:08:20 PM kodkod.multiobjective.MetricPoint parametrizedImprovementConstraints
FINE: Possible Improvements are conjunction of 
	(sum(this/SearchAndRescueFM.total_DeploymentTime) <= 45)
	(sum(this/SearchAndRescueFM.total_DevelopmentTime) <= 104)
	(sum(this/SearchAndRescueFM.total_RampUpTime) <= 53)
	(sum(this/SearchAndRescueFM.total_cost) <= 760)
	((sum(this/SearchAndRescueFM.total_DeploymentTime) < 45) || (sum(this/SearchAndRescueFM.total_DevelopmentTime) < 104) || (sum(this/SearchAndRescueFM.total_RampUpTime) < 53) || (sum(this/SearchAndRescueFM.total_cost) < 760))
Feb 02, 2014 1:08:20 PM kodkod.multiobjective.algorithms.CheckpointedGuidedImprovementAlgorithm multiObjectiveSolveImpl
FINE: Found a solution. At time: 1, Improving on [35, 100, 52, 760]
Feb 02, 2014 1:08:20 PM kodkod.multiobjective.MetricPoint parametrizedImprovementConstraints
FINE: Possible Improvements are conjunction of 
	(sum(this/SearchAndRescueFM.total_DeploymentTime) <= 35)
	(sum(this/SearchAndRescueFM.total_DevelopmentTime) <= 100)
	(sum(this/SearchAndRescueFM.total_RampUpTime) <= 52)
	(sum(this/SearchAndRescueFM.total_cost) <= 760)
	((sum(this/SearchAndRescueFM.total_DeploymentTime) < 35) || (sum(this/SearchAndRescueFM.total_DevelopmentTime) < 100) || (sum(this/SearchAndRescueFM.total_RampUpTime) < 52) || (sum(this/SearchAndRescueFM.total_cost) < 760))
Feb 02, 2014 1:08:20 PM kodkod.multiobjective.algorithms.CheckpointedGuidedImprovementAlgorithm multiObjectiveSolveImpl
FINE: Found a solution. At time: 1, Improving on [35, 97, 51, 760]
Feb 02, 2014 1:08:20 PM kodkod.multiobjective.MetricPoint parametrizedImprovementConstraints
FINE: Possible Improvements are conjunction of 
	(sum(this/SearchAndRescueFM.total_DeploymentTime) <= 35)
	(sum(this/SearchAndRescueFM.total_DevelopmentTime) <= 97)
	(sum(this/SearchAndRescueFM.total_RampUpTime) <= 51)
	(sum(this/SearchAndRescueFM.total_cost) <= 760)
	((sum(this/SearchAndRescueFM.total_DeploymentTime) < 35) || (sum(this/SearchAndRescueFM.total_DevelopmentTime) < 97) || (sum(this/SearchAndRescueFM.total_RampUpTime) < 51) || (sum(this/SearchAndRescueFM.total_cost) < 760))
Feb 02, 2014 1:08:20 PM kodkod.multiobjective.algorithms.CheckpointedGuidedImprovementAlgorithm multiObjectiveSolveImpl
FINE: Found a solution. At time: 1, Improving on [35, 96, 49, 760]
Feb 02, 2014 1:08:20 PM kodkod.multiobjective.MetricPoint parametrizedImprovementConstraints
FINE: Possible Improvements are conjunction of 
	(sum(this/SearchAndRescueFM.total_DeploymentTime) <= 35)
	(sum(this/SearchAndRescueFM.total_DevelopmentTime) <= 96)
	(sum(this/SearchAndRescueFM.total_RampUpTime) <= 49)
	(sum(this/SearchAndRescueFM.total_cost) <= 760)
	((sum(this/SearchAndRescueFM.total_DeploymentTime) < 35) || (sum(this/SearchAndRescueFM.total_DevelopmentTime) < 96) || (sum(this/SearchAndRescueFM.total_RampUpTime) < 49) || (sum(this/SearchAndRescueFM.total_cost) < 760))
Feb 02, 2014 1:08:20 PM kodkod.multiobjective.algorithms.CheckpointedGuidedImprovementAlgorithm multiObjectiveSolveImpl
FINE: Found a solution. At time: 1, Improving on [35, 82, 45, 680]
Feb 02, 2014 1:08:20 PM kodkod.multiobjective.MetricPoint parametrizedImprovementConstraints
FINE: Possible Improvements are conjunction of 
	(sum(this/SearchAndRescueFM.total_DeploymentTime) <= 35)
	(sum(this/SearchAndRescueFM.total_DevelopmentTime) <= 82)
	(sum(this/SearchAndRescueFM.total_RampUpTime) <= 45)
	(sum(this/SearchAndRescueFM.total_cost) <= 680)
	((sum(this/SearchAndRescueFM.total_DeploymentTime) < 35) || (sum(this/SearchAndRescueFM.total_DevelopmentTime) < 82) || (sum(this/SearchAndRescueFM.total_RampUpTime) < 45) || (sum(this/SearchAndRescueFM.total_cost) < 680))
Feb 02, 2014 1:08:20 PM kodkod.multiobjective.algorithms.CheckpointedGuidedImprovementAlgorithm multiObjectiveSolveImpl
FINE: Found a solution. At time: 1, Improving on [35, 79, 44, 680]
Feb 02, 2014 1:08:20 PM kodkod.multiobjective.MetricPoint parametrizedImprovementConstraints
FINE: Possible Improvements are conjunction of 
	(sum(this/SearchAndRescueFM.total_DeploymentTime) <= 35)
	(sum(this/SearchAndRescueFM.total_DevelopmentTime) <= 79)
	(sum(this/SearchAndRescueFM.total_RampUpTime) <= 44)
	(sum(this/SearchAndRescueFM.total_cost) <= 680)
	((sum(this/SearchAndRescueFM.total_DeploymentTime) < 35) || (sum(this/SearchAndRescueFM.total_DevelopmentTime) < 79) || (sum(this/SearchAndRescueFM.total_RampUpTime) < 44) || (sum(this/SearchAndRescueFM.total_cost) < 680))
Feb 02, 2014 1:08:20 PM kodkod.multiobjective.algorithms.CheckpointedGuidedImprovementAlgorithm multiObjectiveSolveImpl
FINE: Found a solution. At time: 1, Improving on [34, 77, 44, 680]
Feb 02, 2014 1:08:20 PM kodkod.multiobjective.MetricPoint parametrizedImprovementConstraints
FINE: Possible Improvements are conjunction of 
	(sum(this/SearchAndRescueFM.total_DeploymentTime) <= 34)
	(sum(this/SearchAndRescueFM.total_DevelopmentTime) <= 77)
	(sum(this/SearchAndRescueFM.total_RampUpTime) <= 44)
	(sum(this/SearchAndRescueFM.total_cost) <= 680)
	((sum(this/SearchAndRescueFM.total_DeploymentTime) < 34) || (sum(this/SearchAndRescueFM.total_DevelopmentTime) < 77) || (sum(this/SearchAndRescueFM.total_RampUpTime) < 44) || (sum(this/SearchAndRescueFM.total_cost) < 680))
Feb 02, 2014 1:08:20 PM kodkod.multiobjective.algorithms.CheckpointedGuidedImprovementAlgorithm multiObjectiveSolveImpl
FINE: Found a solution. At time: 1, Improving on [34, 75, 44, 670]
Feb 02, 2014 1:08:20 PM kodkod.multiobjective.MetricPoint parametrizedImprovementConstraints
FINE: Possible Improvements are conjunction of 
	(sum(this/SearchAndRescueFM.total_DeploymentTime) <= 34)
	(sum(this/SearchAndRescueFM.total_DevelopmentTime) <= 75)
	(sum(this/SearchAndRescueFM.total_RampUpTime) <= 44)
	(sum(this/SearchAndRescueFM.total_cost) <= 670)
	((sum(this/SearchAndRescueFM.total_DeploymentTime) < 34) || (sum(this/SearchAndRescueFM.total_DevelopmentTime) < 75) || (sum(this/SearchAndRescueFM.total_RampUpTime) < 44) || (sum(this/SearchAndRescueFM.total_cost) < 670))
Feb 02, 2014 1:08:20 PM kodkod.multiobjective.algorithms.MultiObjectiveAlgorithm foundParetoPoint
FINE: Found Pareto point with values: [34, 75, 44, 670]
Feb 02, 2014 1:08:20 PM kodkod.multiobjective.algorithms.CheckpointedGuidedImprovementAlgorithm multiObjectiveSolveImpl
FINE: Found Pareto point with values: [34, 75, 44, 670]
Feb 02, 2014 1:08:20 PM kodkod.multiobjective.algorithms.CheckpointedGuidedImprovementAlgorithm multiObjectiveSolveImpl
FINE: Found a solution. At time: 1, Improving on [33, 88, 48, 600]
Feb 02, 2014 1:08:20 PM kodkod.multiobjective.MetricPoint parametrizedImprovementConstraints
FINE: Possible Improvements are conjunction of 
	(sum(this/SearchAndRescueFM.total_DeploymentTime) <= 33)
	(sum(this/SearchAndRescueFM.total_DevelopmentTime) <= 88)
	(sum(this/SearchAndRescueFM.total_RampUpTime) <= 48)
	(sum(this/SearchAndRescueFM.total_cost) <= 600)
	((sum(this/SearchAndRescueFM.total_DeploymentTime) < 33) || (sum(this/SearchAndRescueFM.total_DevelopmentTime) < 88) || (sum(this/SearchAndRescueFM.total_RampUpTime) < 48) || (sum(this/SearchAndRescueFM.total_cost) < 600))
Feb 02, 2014 1:08:20 PM kodkod.multiobjective.algorithms.CheckpointedGuidedImprovementAlgorithm multiObjectiveSolveImpl
FINE: Found a solution. At time: 1, Improving on [33, 85, 47, 600]
Feb 02, 2014 1:08:20 PM kodkod.multiobjective.MetricPoint parametrizedImprovementConstraints
FINE: Possible Improvements are conjunction of 
	(sum(this/SearchAndRescueFM.total_DeploymentTime) <= 33)
	(sum(this/SearchAndRescueFM.total_DevelopmentTime) <= 85)
	(sum(this/SearchAndRescueFM.total_RampUpTime) <= 47)
	(sum(this/SearchAndRescueFM.total_cost) <= 600)
	((sum(this/SearchAndRescueFM.total_DeploymentTime) < 33) || (sum(this/SearchAndRescueFM.total_DevelopmentTime) < 85) || (sum(this/SearchAndRescueFM.total_RampUpTime) < 47) || (sum(this/SearchAndRescueFM.total_cost) < 600))
Feb 02, 2014 1:08:20 PM kodkod.multiobjective.algorithms.CheckpointedGuidedImprovementAlgorithm multiObjectiveSolveImpl
FINE: Found a solution. At time: 1, Improving on [32, 85, 46, 590]
Feb 02, 2014 1:08:20 PM kodkod.multiobjective.MetricPoint parametrizedImprovementConstraints
FINE: Possible Improvements are conjunction of 
	(sum(this/SearchAndRescueFM.total_DeploymentTime) <= 32)
	(sum(this/SearchAndRescueFM.total_DevelopmentTime) <= 85)
	(sum(this/SearchAndRescueFM.total_RampUpTime) <= 46)
	(sum(this/SearchAndRescueFM.total_cost) <= 590)
	((sum(this/SearchAndRescueFM.total_DeploymentTime) < 32) || (sum(this/SearchAndRescueFM.total_DevelopmentTime) < 85) || (sum(this/SearchAndRescueFM.total_RampUpTime) < 46) || (sum(this/SearchAndRescueFM.total_cost) < 590))
Feb 02, 2014 1:08:20 PM kodkod.multiobjective.algorithms.MultiObjectiveAlgorithm foundParetoPoint
FINE: Found Pareto point with values: [32, 85, 46, 590]
Feb 02, 2014 1:08:20 PM kodkod.multiobjective.algorithms.CheckpointedGuidedImprovementAlgorithm multiObjectiveSolveImpl
FINE: Found Pareto point with values: [32, 85, 46, 590]
Feb 02, 2014 1:08:20 PM kodkod.multiobjective.algorithms.CheckpointedGuidedImprovementAlgorithm multiObjectiveSolveImpl
FINE: Found a solution. At time: 2, Improving on [32, 75, 45, 1005]
Feb 02, 2014 1:08:20 PM kodkod.multiobjective.MetricPoint parametrizedImprovementConstraints
FINE: Possible Improvements are conjunction of 
	(sum(this/SearchAndRescueFM.total_DeploymentTime) <= 32)
	(sum(this/SearchAndRescueFM.total_DevelopmentTime) <= 75)
	(sum(this/SearchAndRescueFM.total_RampUpTime) <= 45)
	(sum(this/SearchAndRescueFM.total_cost) <= 1005)
	((sum(this/SearchAndRescueFM.total_DeploymentTime) < 32) || (sum(this/SearchAndRescueFM.total_DevelopmentTime) < 75) || (sum(this/SearchAndRescueFM.total_RampUpTime) < 45) || (sum(this/SearchAndRescueFM.total_cost) < 1005))
Feb 02, 2014 1:08:20 PM kodkod.multiobjective.algorithms.CheckpointedGuidedImprovementAlgorithm multiObjectiveSolveImpl
FINE: Found a solution. At time: 2, Improving on [32, 75, 45, 1000]
Feb 02, 2014 1:08:20 PM kodkod.multiobjective.MetricPoint parametrizedImprovementConstraints
FINE: Possible Improvements are conjunction of 
	(sum(this/SearchAndRescueFM.total_DeploymentTime) <= 32)
	(sum(this/SearchAndRescueFM.total_DevelopmentTime) <= 75)
	(sum(this/SearchAndRescueFM.total_RampUpTime) <= 45)
	(sum(this/SearchAndRescueFM.total_cost) <= 1000)
	((sum(this/SearchAndRescueFM.total_DeploymentTime) < 32) || (sum(this/SearchAndRescueFM.total_DevelopmentTime) < 75) || (sum(this/SearchAndRescueFM.total_RampUpTime) < 45) || (sum(this/SearchAndRescueFM.total_cost) < 1000))
Feb 02, 2014 1:08:20 PM kodkod.multiobjective.algorithms.CheckpointedGuidedImprovementAlgorithm multiObjectiveSolveImpl
FINE: Found a solution. At time: 2, Improving on [32, 75, 44, 1000]
Feb 02, 2014 1:08:20 PM kodkod.multiobjective.MetricPoint parametrizedImprovementConstraints
FINE: Possible Improvements are conjunction of 
	(sum(this/SearchAndRescueFM.total_DeploymentTime) <= 32)
	(sum(this/SearchAndRescueFM.total_DevelopmentTime) <= 75)
	(sum(this/SearchAndRescueFM.total_RampUpTime) <= 44)
	(sum(this/SearchAndRescueFM.total_cost) <= 1000)
	((sum(this/SearchAndRescueFM.total_DeploymentTime) < 32) || (sum(this/SearchAndRescueFM.total_DevelopmentTime) < 75) || (sum(this/SearchAndRescueFM.total_RampUpTime) < 44) || (sum(this/SearchAndRescueFM.total_cost) < 1000))
Feb 02, 2014 1:08:21 PM kodkod.multiobjective.algorithms.MultiObjectiveAlgorithm foundParetoPoint
FINE: Found Pareto point with values: [32, 75, 44, 1000]
Feb 02, 2014 1:08:21 PM kodkod.multiobjective.algorithms.CheckpointedGuidedImprovementAlgorithm multiObjectiveSolveImpl
FINE: Found Pareto point with values: [32, 75, 44, 1000]
Feb 02, 2014 1:08:21 PM kodkod.multiobjective.algorithms.CheckpointedGuidedImprovementAlgorithm multiObjectiveSolveImpl
FINE: Found a solution. At time: 2, Improving on [31, 80, 44, 1000]
Feb 02, 2014 1:08:21 PM kodkod.multiobjective.MetricPoint parametrizedImprovementConstraints
FINE: Possible Improvements are conjunction of 
	(sum(this/SearchAndRescueFM.total_DeploymentTime) <= 31)
	(sum(this/SearchAndRescueFM.total_DevelopmentTime) <= 80)
	(sum(this/SearchAndRescueFM.total_RampUpTime) <= 44)
	(sum(this/SearchAndRescueFM.total_cost) <= 1000)
	((sum(this/SearchAndRescueFM.total_DeploymentTime) < 31) || (sum(this/SearchAndRescueFM.total_DevelopmentTime) < 80) || (sum(this/SearchAndRescueFM.total_RampUpTime) < 44) || (sum(this/SearchAndRescueFM.total_cost) < 1000))
Feb 02, 2014 1:08:21 PM kodkod.multiobjective.algorithms.CheckpointedGuidedImprovementAlgorithm multiObjectiveSolveImpl
FINE: Found a solution. At time: 2, Improving on [31, 77, 43, 1000]
Feb 02, 2014 1:08:21 PM kodkod.multiobjective.MetricPoint parametrizedImprovementConstraints
FINE: Possible Improvements are conjunction of 
	(sum(this/SearchAndRescueFM.total_DeploymentTime) <= 31)
	(sum(this/SearchAndRescueFM.total_DevelopmentTime) <= 77)
	(sum(this/SearchAndRescueFM.total_RampUpTime) <= 43)
	(sum(this/SearchAndRescueFM.total_cost) <= 1000)
	((sum(this/SearchAndRescueFM.total_DeploymentTime) < 31) || (sum(this/SearchAndRescueFM.total_DevelopmentTime) < 77) || (sum(this/SearchAndRescueFM.total_RampUpTime) < 43) || (sum(this/SearchAndRescueFM.total_cost) < 1000))
Feb 02, 2014 1:08:21 PM kodkod.multiobjective.algorithms.MultiObjectiveAlgorithm foundParetoPoint
FINE: Found Pareto point with values: [31, 77, 43, 1000]
Feb 02, 2014 1:08:21 PM kodkod.multiobjective.algorithms.CheckpointedGuidedImprovementAlgorithm multiObjectiveSolveImpl
FINE: Found Pareto point with values: [31, 77, 43, 1000]
Feb 02, 2014 1:08:21 PM kodkod.multiobjective.algorithms.CheckpointedGuidedImprovementAlgorithm multiObjectiveSolveImpl
FINE: Found a solution. At time: 2, Improving on [30, 86, 48, 920]
Feb 02, 2014 1:08:21 PM kodkod.multiobjective.MetricPoint parametrizedImprovementConstraints
FINE: Possible Improvements are conjunction of 
	(sum(this/SearchAndRescueFM.total_DeploymentTime) <= 30)
	(sum(this/SearchAndRescueFM.total_DevelopmentTime) <= 86)
	(sum(this/SearchAndRescueFM.total_RampUpTime) <= 48)
	(sum(this/SearchAndRescueFM.total_cost) <= 920)
	((sum(this/SearchAndRescueFM.total_DeploymentTime) < 30) || (sum(this/SearchAndRescueFM.total_DevelopmentTime) < 86) || (sum(this/SearchAndRescueFM.total_RampUpTime) < 48) || (sum(this/SearchAndRescueFM.total_cost) < 920))
Feb 02, 2014 1:08:21 PM kodkod.multiobjective.algorithms.CheckpointedGuidedImprovementAlgorithm multiObjectiveSolveImpl
FINE: Found a solution. At time: 2, Improving on [28, 86, 47, 920]
Feb 02, 2014 1:08:21 PM kodkod.multiobjective.MetricPoint parametrizedImprovementConstraints
FINE: Possible Improvements are conjunction of 
	(sum(this/SearchAndRescueFM.total_DeploymentTime) <= 28)
	(sum(this/SearchAndRescueFM.total_DevelopmentTime) <= 86)
	(sum(this/SearchAndRescueFM.total_RampUpTime) <= 47)
	(sum(this/SearchAndRescueFM.total_cost) <= 920)
	((sum(this/SearchAndRescueFM.total_DeploymentTime) < 28) || (sum(this/SearchAndRescueFM.total_DevelopmentTime) < 86) || (sum(this/SearchAndRescueFM.total_RampUpTime) < 47) || (sum(this/SearchAndRescueFM.total_cost) < 920))
Feb 02, 2014 1:08:21 PM kodkod.multiobjective.algorithms.MultiObjectiveAlgorithm foundParetoPoint
FINE: Found Pareto point with values: [28, 86, 47, 920]
Feb 02, 2014 1:08:21 PM kodkod.multiobjective.algorithms.CheckpointedGuidedImprovementAlgorithm multiObjectiveSolveImpl
FINE: Found Pareto point with values: [28, 86, 47, 920]
Feb 02, 2014 1:08:21 PM kodkod.multiobjective.algorithms.CheckpointedGuidedImprovementAlgorithm multiObjectiveSolveImpl
FINE: Found a solution. At time: 2, Improving on [30, 76, 45, 1005]
Feb 02, 2014 1:08:21 PM kodkod.multiobjective.MetricPoint parametrizedImprovementConstraints
FINE: Possible Improvements are conjunction of 
	(sum(this/SearchAndRescueFM.total_DeploymentTime) <= 30)
	(sum(this/SearchAndRescueFM.total_DevelopmentTime) <= 76)
	(sum(this/SearchAndRescueFM.total_RampUpTime) <= 45)
	(sum(this/SearchAndRescueFM.total_cost) <= 1005)
	((sum(this/SearchAndRescueFM.total_DeploymentTime) < 30) || (sum(this/SearchAndRescueFM.total_DevelopmentTime) < 76) || (sum(this/SearchAndRescueFM.total_RampUpTime) < 45) || (sum(this/SearchAndRescueFM.total_cost) < 1005))
Feb 02, 2014 1:08:21 PM kodkod.multiobjective.algorithms.CheckpointedGuidedImprovementAlgorithm multiObjectiveSolveImpl
FINE: Found a solution. At time: 2, Improving on [30, 76, 45, 1000]
Feb 02, 2014 1:08:21 PM kodkod.multiobjective.MetricPoint parametrizedImprovementConstraints
FINE: Possible Improvements are conjunction of 
	(sum(this/SearchAndRescueFM.total_DeploymentTime) <= 30)
	(sum(this/SearchAndRescueFM.total_DevelopmentTime) <= 76)
	(sum(this/SearchAndRescueFM.total_RampUpTime) <= 45)
	(sum(this/SearchAndRescueFM.total_cost) <= 1000)
	((sum(this/SearchAndRescueFM.total_DeploymentTime) < 30) || (sum(this/SearchAndRescueFM.total_DevelopmentTime) < 76) || (sum(this/SearchAndRescueFM.total_RampUpTime) < 45) || (sum(this/SearchAndRescueFM.total_cost) < 1000))
Feb 02, 2014 1:08:21 PM kodkod.multiobjective.algorithms.MultiObjectiveAlgorithm foundParetoPoint
FINE: Found Pareto point with values: [30, 76, 45, 1000]
Feb 02, 2014 1:08:21 PM kodkod.multiobjective.algorithms.CheckpointedGuidedImprovementAlgorithm multiObjectiveSolveImpl
FINE: Found Pareto point with values: [30, 76, 45, 1000]
Feb 02, 2014 1:08:21 PM kodkod.multiobjective.algorithms.CheckpointedGuidedImprovementAlgorithm multiObjectiveSolveImpl
FINE: Found a solution. At time: 2, Improving on [33, 78, 45, 670]
Feb 02, 2014 1:08:21 PM kodkod.multiobjective.MetricPoint parametrizedImprovementConstraints
FINE: Possible Improvements are conjunction of 
	(sum(this/SearchAndRescueFM.total_DeploymentTime) <= 33)
	(sum(this/SearchAndRescueFM.total_DevelopmentTime) <= 78)
	(sum(this/SearchAndRescueFM.total_RampUpTime) <= 45)
	(sum(this/SearchAndRescueFM.total_cost) <= 670)
	((sum(this/SearchAndRescueFM.total_DeploymentTime) < 33) || (sum(this/SearchAndRescueFM.total_DevelopmentTime) < 78) || (sum(this/SearchAndRescueFM.total_RampUpTime) < 45) || (sum(this/SearchAndRescueFM.total_cost) < 670))
Feb 02, 2014 1:08:21 PM kodkod.multiobjective.algorithms.CheckpointedGuidedImprovementAlgorithm multiObjectiveSolveImpl
FINE: Found a solution. At time: 2, Improving on [32, 76, 45, 670]
Feb 02, 2014 1:08:21 PM kodkod.multiobjective.MetricPoint parametrizedImprovementConstraints
FINE: Possible Improvements are conjunction of 
	(sum(this/SearchAndRescueFM.total_DeploymentTime) <= 32)
	(sum(this/SearchAndRescueFM.total_DevelopmentTime) <= 76)
	(sum(this/SearchAndRescueFM.total_RampUpTime) <= 45)
	(sum(this/SearchAndRescueFM.total_cost) <= 670)
	((sum(this/SearchAndRescueFM.total_DeploymentTime) < 32) || (sum(this/SearchAndRescueFM.total_DevelopmentTime) < 76) || (sum(this/SearchAndRescueFM.total_RampUpTime) < 45) || (sum(this/SearchAndRescueFM.total_cost) < 670))
Feb 02, 2014 1:08:21 PM kodkod.multiobjective.algorithms.MultiObjectiveAlgorithm foundParetoPoint
FINE: Found Pareto point with values: [32, 76, 45, 670]
Feb 02, 2014 1:08:21 PM kodkod.multiobjective.algorithms.CheckpointedGuidedImprovementAlgorithm multiObjectiveSolveImpl
FINE: Found Pareto point with values: [32, 76, 45, 670]
Feb 02, 2014 1:08:21 PM kodkod.multiobjective.algorithms.CheckpointedGuidedImprovementAlgorithm multiObjectiveSolveImpl
FINE: Found a solution. At time: 2, Improving on [33, 77, 43, 675]
Feb 02, 2014 1:08:21 PM kodkod.multiobjective.MetricPoint parametrizedImprovementConstraints
FINE: Possible Improvements are conjunction of 
	(sum(this/SearchAndRescueFM.total_DeploymentTime) <= 33)
	(sum(this/SearchAndRescueFM.total_DevelopmentTime) <= 77)
	(sum(this/SearchAndRescueFM.total_RampUpTime) <= 43)
	(sum(this/SearchAndRescueFM.total_cost) <= 675)
	((sum(this/SearchAndRescueFM.total_DeploymentTime) < 33) || (sum(this/SearchAndRescueFM.total_DevelopmentTime) < 77) || (sum(this/SearchAndRescueFM.total_RampUpTime) < 43) || (sum(this/SearchAndRescueFM.total_cost) < 675))
Feb 02, 2014 1:08:21 PM kodkod.multiobjective.algorithms.CheckpointedGuidedImprovementAlgorithm multiObjectiveSolveImpl
FINE: Found a solution. At time: 2, Improving on [33, 77, 43, 670]
Feb 02, 2014 1:08:21 PM kodkod.multiobjective.MetricPoint parametrizedImprovementConstraints
FINE: Possible Improvements are conjunction of 
	(sum(this/SearchAndRescueFM.total_DeploymentTime) <= 33)
	(sum(this/SearchAndRescueFM.total_DevelopmentTime) <= 77)
	(sum(this/SearchAndRescueFM.total_RampUpTime) <= 43)
	(sum(this/SearchAndRescueFM.total_cost) <= 670)
	((sum(this/SearchAndRescueFM.total_DeploymentTime) < 33) || (sum(this/SearchAndRescueFM.total_DevelopmentTime) < 77) || (sum(this/SearchAndRescueFM.total_RampUpTime) < 43) || (sum(this/SearchAndRescueFM.total_cost) < 670))
Feb 02, 2014 1:08:21 PM kodkod.multiobjective.algorithms.MultiObjectiveAlgorithm foundParetoPoint
FINE: Found Pareto point with values: [33, 77, 43, 670]
Feb 02, 2014 1:08:21 PM kodkod.multiobjective.algorithms.CheckpointedGuidedImprovementAlgorithm multiObjectiveSolveImpl
FINE: Found Pareto point with values: [33, 77, 43, 670]
Feb 02, 2014 1:08:21 PM kodkod.multiobjective.algorithms.CheckpointedGuidedImprovementAlgorithm multiObjectiveSolveImpl
FINE: Found a solution. At time: 2, Improving on [34, 74, 47, 685]
Feb 02, 2014 1:08:21 PM kodkod.multiobjective.MetricPoint parametrizedImprovementConstraints
FINE: Possible Improvements are conjunction of 
	(sum(this/SearchAndRescueFM.total_DeploymentTime) <= 34)
	(sum(this/SearchAndRescueFM.total_DevelopmentTime) <= 74)
	(sum(this/SearchAndRescueFM.total_RampUpTime) <= 47)
	(sum(this/SearchAndRescueFM.total_cost) <= 685)
	((sum(this/SearchAndRescueFM.total_DeploymentTime) < 34) || (sum(this/SearchAndRescueFM.total_DevelopmentTime) < 74) || (sum(this/SearchAndRescueFM.total_RampUpTime) < 47) || (sum(this/SearchAndRescueFM.total_cost) < 685))
Feb 02, 2014 1:08:21 PM kodkod.multiobjective.algorithms.CheckpointedGuidedImprovementAlgorithm multiObjectiveSolveImpl
FINE: Found a solution. At time: 2, Improving on [34, 74, 47, 680]
Feb 02, 2014 1:08:21 PM kodkod.multiobjective.MetricPoint parametrizedImprovementConstraints
FINE: Possible Improvements are conjunction of 
	(sum(this/SearchAndRescueFM.total_DeploymentTime) <= 34)
	(sum(this/SearchAndRescueFM.total_DevelopmentTime) <= 74)
	(sum(this/SearchAndRescueFM.total_RampUpTime) <= 47)
	(sum(this/SearchAndRescueFM.total_cost) <= 680)
	((sum(this/SearchAndRescueFM.total_DeploymentTime) < 34) || (sum(this/SearchAndRescueFM.total_DevelopmentTime) < 74) || (sum(this/SearchAndRescueFM.total_RampUpTime) < 47) || (sum(this/SearchAndRescueFM.total_cost) < 680))
Feb 02, 2014 1:08:21 PM kodkod.multiobjective.algorithms.CheckpointedGuidedImprovementAlgorithm multiObjectiveSolveImpl
FINE: Found a solution. At time: 2, Improving on [33, 74, 46, 675]
Feb 02, 2014 1:08:21 PM kodkod.multiobjective.MetricPoint parametrizedImprovementConstraints
FINE: Possible Improvements are conjunction of 
	(sum(this/SearchAndRescueFM.total_DeploymentTime) <= 33)
	(sum(this/SearchAndRescueFM.total_DevelopmentTime) <= 74)
	(sum(this/SearchAndRescueFM.total_RampUpTime) <= 46)
	(sum(this/SearchAndRescueFM.total_cost) <= 675)
	((sum(this/SearchAndRescueFM.total_DeploymentTime) < 33) || (sum(this/SearchAndRescueFM.total_DevelopmentTime) < 74) || (sum(this/SearchAndRescueFM.total_RampUpTime) < 46) || (sum(this/SearchAndRescueFM.total_cost) < 675))
Feb 02, 2014 1:08:21 PM kodkod.multiobjective.algorithms.CheckpointedGuidedImprovementAlgorithm multiObjectiveSolveImpl
FINE: Found a solution. At time: 2, Improving on [33, 74, 46, 670]
Feb 02, 2014 1:08:21 PM kodkod.multiobjective.MetricPoint parametrizedImprovementConstraints
FINE: Possible Improvements are conjunction of 
	(sum(this/SearchAndRescueFM.total_DeploymentTime) <= 33)
	(sum(this/SearchAndRescueFM.total_DevelopmentTime) <= 74)
	(sum(this/SearchAndRescueFM.total_RampUpTime) <= 46)
	(sum(this/SearchAndRescueFM.total_cost) <= 670)
	((sum(this/SearchAndRescueFM.total_DeploymentTime) < 33) || (sum(this/SearchAndRescueFM.total_DevelopmentTime) < 74) || (sum(this/SearchAndRescueFM.total_RampUpTime) < 46) || (sum(this/SearchAndRescueFM.total_cost) < 670))
Feb 02, 2014 1:08:21 PM kodkod.multiobjective.algorithms.MultiObjectiveAlgorithm foundParetoPoint
FINE: Found Pareto point with values: [33, 74, 46, 670]
Feb 02, 2014 1:08:21 PM kodkod.multiobjective.algorithms.CheckpointedGuidedImprovementAlgorithm multiObjectiveSolveImpl
FINE: Found Pareto point with values: [33, 74, 46, 670]
Feb 02, 2014 1:08:21 PM kodkod.multiobjective.algorithms.CheckpointedGuidedImprovementAlgorithm multiObjectiveSolveImpl
FINE: Found a solution. At time: 2, Improving on [34, 84, 51, 605]
Feb 02, 2014 1:08:21 PM kodkod.multiobjective.MetricPoint parametrizedImprovementConstraints
FINE: Possible Improvements are conjunction of 
	(sum(this/SearchAndRescueFM.total_DeploymentTime) <= 34)
	(sum(this/SearchAndRescueFM.total_DevelopmentTime) <= 84)
	(sum(this/SearchAndRescueFM.total_RampUpTime) <= 51)
	(sum(this/SearchAndRescueFM.total_cost) <= 605)
	((sum(this/SearchAndRescueFM.total_DeploymentTime) < 34) || (sum(this/SearchAndRescueFM.total_DevelopmentTime) < 84) || (sum(this/SearchAndRescueFM.total_RampUpTime) < 51) || (sum(this/SearchAndRescueFM.total_cost) < 605))
Feb 02, 2014 1:08:21 PM kodkod.multiobjective.algorithms.CheckpointedGuidedImprovementAlgorithm multiObjectiveSolveImpl
FINE: Found a solution. At time: 2, Improving on [34, 84, 51, 600]
Feb 02, 2014 1:08:21 PM kodkod.multiobjective.MetricPoint parametrizedImprovementConstraints
FINE: Possible Improvements are conjunction of 
	(sum(this/SearchAndRescueFM.total_DeploymentTime) <= 34)
	(sum(this/SearchAndRescueFM.total_DevelopmentTime) <= 84)
	(sum(this/SearchAndRescueFM.total_RampUpTime) <= 51)
	(sum(this/SearchAndRescueFM.total_cost) <= 600)
	((sum(this/SearchAndRescueFM.total_DeploymentTime) < 34) || (sum(this/SearchAndRescueFM.total_DevelopmentTime) < 84) || (sum(this/SearchAndRescueFM.total_RampUpTime) < 51) || (sum(this/SearchAndRescueFM.total_cost) < 600))
Feb 02, 2014 1:08:21 PM kodkod.multiobjective.algorithms.CheckpointedGuidedImprovementAlgorithm multiObjectiveSolveImpl
FINE: Found a solution. At time: 2, Improving on [33, 84, 50, 595]
Feb 02, 2014 1:08:21 PM kodkod.multiobjective.MetricPoint parametrizedImprovementConstraints
FINE: Possible Improvements are conjunction of 
	(sum(this/SearchAndRescueFM.total_DeploymentTime) <= 33)
	(sum(this/SearchAndRescueFM.total_DevelopmentTime) <= 84)
	(sum(this/SearchAndRescueFM.total_RampUpTime) <= 50)
	(sum(this/SearchAndRescueFM.total_cost) <= 595)
	((sum(this/SearchAndRescueFM.total_DeploymentTime) < 33) || (sum(this/SearchAndRescueFM.total_DevelopmentTime) < 84) || (sum(this/SearchAndRescueFM.total_RampUpTime) < 50) || (sum(this/SearchAndRescueFM.total_cost) < 595))
Feb 02, 2014 1:08:21 PM kodkod.multiobjective.algorithms.CheckpointedGuidedImprovementAlgorithm multiObjectiveSolveImpl
FINE: Found a solution. At time: 2, Improving on [33, 84, 50, 590]
Feb 02, 2014 1:08:21 PM kodkod.multiobjective.MetricPoint parametrizedImprovementConstraints
FINE: Possible Improvements are conjunction of 
	(sum(this/SearchAndRescueFM.total_DeploymentTime) <= 33)
	(sum(this/SearchAndRescueFM.total_DevelopmentTime) <= 84)
	(sum(this/SearchAndRescueFM.total_RampUpTime) <= 50)
	(sum(this/SearchAndRescueFM.total_cost) <= 590)
	((sum(this/SearchAndRescueFM.total_DeploymentTime) < 33) || (sum(this/SearchAndRescueFM.total_DevelopmentTime) < 84) || (sum(this/SearchAndRescueFM.total_RampUpTime) < 50) || (sum(this/SearchAndRescueFM.total_cost) < 590))
Feb 02, 2014 1:08:21 PM kodkod.multiobjective.algorithms.CheckpointedGuidedImprovementAlgorithm multiObjectiveSolveImpl
FINE: Found a solution. At time: 2, Improving on [32, 82, 50, 590]
Feb 02, 2014 1:08:21 PM kodkod.multiobjective.MetricPoint parametrizedImprovementConstraints
FINE: Possible Improvements are conjunction of 
	(sum(this/SearchAndRescueFM.total_DeploymentTime) <= 32)
	(sum(this/SearchAndRescueFM.total_DevelopmentTime) <= 82)
	(sum(this/SearchAndRescueFM.total_RampUpTime) <= 50)
	(sum(this/SearchAndRescueFM.total_cost) <= 590)
	((sum(this/SearchAndRescueFM.total_DeploymentTime) < 32) || (sum(this/SearchAndRescueFM.total_DevelopmentTime) < 82) || (sum(this/SearchAndRescueFM.total_RampUpTime) < 50) || (sum(this/SearchAndRescueFM.total_cost) < 590))
Feb 02, 2014 1:08:21 PM kodkod.multiobjective.algorithms.MultiObjectiveAlgorithm foundParetoPoint
FINE: Found Pareto point with values: [32, 82, 50, 590]
Feb 02, 2014 1:08:21 PM kodkod.multiobjective.algorithms.CheckpointedGuidedImprovementAlgorithm multiObjectiveSolveImpl
FINE: Found Pareto point with values: [32, 82, 50, 590]
Feb 02, 2014 1:08:21 PM kodkod.multiobjective.algorithms.CheckpointedGuidedImprovementAlgorithm multiObjectiveSolveImpl
FINE: Found a solution. At time: 3, Improving on [31, 84, 50, 925]
Feb 02, 2014 1:08:21 PM kodkod.multiobjective.MetricPoint parametrizedImprovementConstraints
FINE: Possible Improvements are conjunction of 
	(sum(this/SearchAndRescueFM.total_DeploymentTime) <= 31)
	(sum(this/SearchAndRescueFM.total_DevelopmentTime) <= 84)
	(sum(this/SearchAndRescueFM.total_RampUpTime) <= 50)
	(sum(this/SearchAndRescueFM.total_cost) <= 925)
	((sum(this/SearchAndRescueFM.total_DeploymentTime) < 31) || (sum(this/SearchAndRescueFM.total_DevelopmentTime) < 84) || (sum(this/SearchAndRescueFM.total_RampUpTime) < 50) || (sum(this/SearchAndRescueFM.total_cost) < 925))
Feb 02, 2014 1:08:21 PM kodkod.multiobjective.algorithms.CheckpointedGuidedImprovementAlgorithm multiObjectiveSolveImpl
FINE: Found a solution. At time: 3, Improving on [31, 84, 50, 920]
Feb 02, 2014 1:08:21 PM kodkod.multiobjective.MetricPoint parametrizedImprovementConstraints
FINE: Possible Improvements are conjunction of 
	(sum(this/SearchAndRescueFM.total_DeploymentTime) <= 31)
	(sum(this/SearchAndRescueFM.total_DevelopmentTime) <= 84)
	(sum(this/SearchAndRescueFM.total_RampUpTime) <= 50)
	(sum(this/SearchAndRescueFM.total_cost) <= 920)
	((sum(this/SearchAndRescueFM.total_DeploymentTime) < 31) || (sum(this/SearchAndRescueFM.total_DevelopmentTime) < 84) || (sum(this/SearchAndRescueFM.total_RampUpTime) < 50) || (sum(this/SearchAndRescueFM.total_cost) < 920))
Feb 02, 2014 1:08:22 PM kodkod.multiobjective.algorithms.CheckpointedGuidedImprovementAlgorithm multiObjectiveSolveImpl
FINE: Found a solution. At time: 3, Improving on [29, 84, 48, 920]
Feb 02, 2014 1:08:22 PM kodkod.multiobjective.MetricPoint parametrizedImprovementConstraints
FINE: Possible Improvements are conjunction of 
	(sum(this/SearchAndRescueFM.total_DeploymentTime) <= 29)
	(sum(this/SearchAndRescueFM.total_DevelopmentTime) <= 84)
	(sum(this/SearchAndRescueFM.total_RampUpTime) <= 48)
	(sum(this/SearchAndRescueFM.total_cost) <= 920)
	((sum(this/SearchAndRescueFM.total_DeploymentTime) < 29) || (sum(this/SearchAndRescueFM.total_DevelopmentTime) < 84) || (sum(this/SearchAndRescueFM.total_RampUpTime) < 48) || (sum(this/SearchAndRescueFM.total_cost) < 920))
Feb 02, 2014 1:08:22 PM kodkod.multiobjective.algorithms.MultiObjectiveAlgorithm foundParetoPoint
FINE: Found Pareto point with values: [29, 84, 48, 920]
Feb 02, 2014 1:08:22 PM kodkod.multiobjective.algorithms.CheckpointedGuidedImprovementAlgorithm multiObjectiveSolveImpl
FINE: Found Pareto point with values: [29, 84, 48, 920]
Feb 02, 2014 1:08:22 PM kodkod.multiobjective.algorithms.CheckpointedGuidedImprovementAlgorithm multiObjectiveSolveImpl
FINE: Found a solution. At time: 3, Improving on [30, 85, 46, 920]
Feb 02, 2014 1:08:22 PM kodkod.multiobjective.MetricPoint parametrizedImprovementConstraints
FINE: Possible Improvements are conjunction of 
	(sum(this/SearchAndRescueFM.total_DeploymentTime) <= 30)
	(sum(this/SearchAndRescueFM.total_DevelopmentTime) <= 85)
	(sum(this/SearchAndRescueFM.total_RampUpTime) <= 46)
	(sum(this/SearchAndRescueFM.total_cost) <= 920)
	((sum(this/SearchAndRescueFM.total_DeploymentTime) < 30) || (sum(this/SearchAndRescueFM.total_DevelopmentTime) < 85) || (sum(this/SearchAndRescueFM.total_RampUpTime) < 46) || (sum(this/SearchAndRescueFM.total_cost) < 920))
Feb 02, 2014 1:08:22 PM kodkod.multiobjective.algorithms.MultiObjectiveAlgorithm foundParetoPoint
FINE: Found Pareto point with values: [30, 85, 46, 920]
Feb 02, 2014 1:08:22 PM kodkod.multiobjective.algorithms.CheckpointedGuidedImprovementAlgorithm multiObjectiveSolveImpl
FINE: Found Pareto point with values: [30, 85, 46, 920]
Feb 02, 2014 1:08:22 PM kodkod.multiobjective.algorithms.CheckpointedGuidedImprovementAlgorithm multiObjectiveSolveImpl
FINE: Found a solution. At time: 3, Improving on [29, 87, 45, 920]
Feb 02, 2014 1:08:22 PM kodkod.multiobjective.MetricPoint parametrizedImprovementConstraints
FINE: Possible Improvements are conjunction of 
	(sum(this/SearchAndRescueFM.total_DeploymentTime) <= 29)
	(sum(this/SearchAndRescueFM.total_DevelopmentTime) <= 87)
	(sum(this/SearchAndRescueFM.total_RampUpTime) <= 45)
	(sum(this/SearchAndRescueFM.total_cost) <= 920)
	((sum(this/SearchAndRescueFM.total_DeploymentTime) < 29) || (sum(this/SearchAndRescueFM.total_DevelopmentTime) < 87) || (sum(this/SearchAndRescueFM.total_RampUpTime) < 45) || (sum(this/SearchAndRescueFM.total_cost) < 920))
Feb 02, 2014 1:08:22 PM kodkod.multiobjective.algorithms.MultiObjectiveAlgorithm foundParetoPoint
FINE: Found Pareto point with values: [29, 87, 45, 920]
Feb 02, 2014 1:08:22 PM kodkod.multiobjective.algorithms.CheckpointedGuidedImprovementAlgorithm multiObjectiveSolveImpl
FINE: Found Pareto point with values: [29, 87, 45, 920]
Feb 02, 2014 1:08:22 PM kodkod.multiobjective.algorithms.CheckpointedGuidedImprovementAlgorithm multiObjectiveSolveImpl
FINE: Found a solution. At time: 3, Improving on [31, 93, 50, 590]
Feb 02, 2014 1:08:22 PM kodkod.multiobjective.MetricPoint parametrizedImprovementConstraints
FINE: Possible Improvements are conjunction of 
	(sum(this/SearchAndRescueFM.total_DeploymentTime) <= 31)
	(sum(this/SearchAndRescueFM.total_DevelopmentTime) <= 93)
	(sum(this/SearchAndRescueFM.total_RampUpTime) <= 50)
	(sum(this/SearchAndRescueFM.total_cost) <= 590)
	((sum(this/SearchAndRescueFM.total_DeploymentTime) < 31) || (sum(this/SearchAndRescueFM.total_DevelopmentTime) < 93) || (sum(this/SearchAndRescueFM.total_RampUpTime) < 50) || (sum(this/SearchAndRescueFM.total_cost) < 590))
Feb 02, 2014 1:08:22 PM kodkod.multiobjective.algorithms.CheckpointedGuidedImprovementAlgorithm multiObjectiveSolveImpl
FINE: Found a solution. At time: 3, Improving on [31, 91, 48, 590]
Feb 02, 2014 1:08:22 PM kodkod.multiobjective.MetricPoint parametrizedImprovementConstraints
FINE: Possible Improvements are conjunction of 
	(sum(this/SearchAndRescueFM.total_DeploymentTime) <= 31)
	(sum(this/SearchAndRescueFM.total_DevelopmentTime) <= 91)
	(sum(this/SearchAndRescueFM.total_RampUpTime) <= 48)
	(sum(this/SearchAndRescueFM.total_cost) <= 590)
	((sum(this/SearchAndRescueFM.total_DeploymentTime) < 31) || (sum(this/SearchAndRescueFM.total_DevelopmentTime) < 91) || (sum(this/SearchAndRescueFM.total_RampUpTime) < 48) || (sum(this/SearchAndRescueFM.total_cost) < 590))
Feb 02, 2014 1:08:22 PM kodkod.multiobjective.algorithms.CheckpointedGuidedImprovementAlgorithm multiObjectiveSolveImpl
FINE: Found a solution. At time: 3, Improving on [31, 88, 47, 590]
Feb 02, 2014 1:08:22 PM kodkod.multiobjective.MetricPoint parametrizedImprovementConstraints
FINE: Possible Improvements are conjunction of 
	(sum(this/SearchAndRescueFM.total_DeploymentTime) <= 31)
	(sum(this/SearchAndRescueFM.total_DevelopmentTime) <= 88)
	(sum(this/SearchAndRescueFM.total_RampUpTime) <= 47)
	(sum(this/SearchAndRescueFM.total_cost) <= 590)
	((sum(this/SearchAndRescueFM.total_DeploymentTime) < 31) || (sum(this/SearchAndRescueFM.total_DevelopmentTime) < 88) || (sum(this/SearchAndRescueFM.total_RampUpTime) < 47) || (sum(this/SearchAndRescueFM.total_cost) < 590))
Feb 02, 2014 1:08:22 PM kodkod.multiobjective.algorithms.CheckpointedGuidedImprovementAlgorithm multiObjectiveSolveImpl
FINE: Found a solution. At time: 3, Improving on [30, 86, 47, 590]
Feb 02, 2014 1:08:22 PM kodkod.multiobjective.MetricPoint parametrizedImprovementConstraints
FINE: Possible Improvements are conjunction of 
	(sum(this/SearchAndRescueFM.total_DeploymentTime) <= 30)
	(sum(this/SearchAndRescueFM.total_DevelopmentTime) <= 86)
	(sum(this/SearchAndRescueFM.total_RampUpTime) <= 47)
	(sum(this/SearchAndRescueFM.total_cost) <= 590)
	((sum(this/SearchAndRescueFM.total_DeploymentTime) < 30) || (sum(this/SearchAndRescueFM.total_DevelopmentTime) < 86) || (sum(this/SearchAndRescueFM.total_RampUpTime) < 47) || (sum(this/SearchAndRescueFM.total_cost) < 590))
Feb 02, 2014 1:08:22 PM kodkod.multiobjective.algorithms.MultiObjectiveAlgorithm foundParetoPoint
FINE: Found Pareto point with values: [30, 86, 47, 590]
Feb 02, 2014 1:08:22 PM kodkod.multiobjective.algorithms.CheckpointedGuidedImprovementAlgorithm multiObjectiveSolveImpl
FINE: Found Pareto point with values: [30, 86, 47, 590]
Feb 02, 2014 1:08:22 PM kodkod.multiobjective.algorithms.CheckpointedGuidedImprovementAlgorithm multiObjectiveSolveImpl
FINE: Found a solution. At time: 3, Improving on [31, 87, 45, 590]
Feb 02, 2014 1:08:22 PM kodkod.multiobjective.MetricPoint parametrizedImprovementConstraints
FINE: Possible Improvements are conjunction of 
	(sum(this/SearchAndRescueFM.total_DeploymentTime) <= 31)
	(sum(this/SearchAndRescueFM.total_DevelopmentTime) <= 87)
	(sum(this/SearchAndRescueFM.total_RampUpTime) <= 45)
	(sum(this/SearchAndRescueFM.total_cost) <= 590)
	((sum(this/SearchAndRescueFM.total_DeploymentTime) < 31) || (sum(this/SearchAndRescueFM.total_DevelopmentTime) < 87) || (sum(this/SearchAndRescueFM.total_RampUpTime) < 45) || (sum(this/SearchAndRescueFM.total_cost) < 590))
Feb 02, 2014 1:08:22 PM kodkod.multiobjective.algorithms.MultiObjectiveAlgorithm foundParetoPoint
FINE: Found Pareto point with values: [31, 87, 45, 590]
Feb 02, 2014 1:08:22 PM kodkod.multiobjective.algorithms.CheckpointedGuidedImprovementAlgorithm multiObjectiveSolveImpl
FINE: Found Pareto point with values: [31, 87, 45, 590]
Feb 02, 2014 1:08:22 PM kodkod.multiobjective.algorithms.CheckpointedGuidedImprovementAlgorithm multiObjectiveSolveImpl
FINE: Found a solution. At time: 3, Improving on [32, 72, 48, 1005]
Feb 02, 2014 1:08:22 PM kodkod.multiobjective.MetricPoint parametrizedImprovementConstraints
FINE: Possible Improvements are conjunction of 
	(sum(this/SearchAndRescueFM.total_DeploymentTime) <= 32)
	(sum(this/SearchAndRescueFM.total_DevelopmentTime) <= 72)
	(sum(this/SearchAndRescueFM.total_RampUpTime) <= 48)
	(sum(this/SearchAndRescueFM.total_cost) <= 1005)
	((sum(this/SearchAndRescueFM.total_DeploymentTime) < 32) || (sum(this/SearchAndRescueFM.total_DevelopmentTime) < 72) || (sum(this/SearchAndRescueFM.total_RampUpTime) < 48) || (sum(this/SearchAndRescueFM.total_cost) < 1005))
Feb 02, 2014 1:08:22 PM kodkod.multiobjective.algorithms.CheckpointedGuidedImprovementAlgorithm multiObjectiveSolveImpl
FINE: Found a solution. At time: 3, Improving on [32, 72, 48, 1000]
Feb 02, 2014 1:08:22 PM kodkod.multiobjective.MetricPoint parametrizedImprovementConstraints
FINE: Possible Improvements are conjunction of 
	(sum(this/SearchAndRescueFM.total_DeploymentTime) <= 32)
	(sum(this/SearchAndRescueFM.total_DevelopmentTime) <= 72)
	(sum(this/SearchAndRescueFM.total_RampUpTime) <= 48)
	(sum(this/SearchAndRescueFM.total_cost) <= 1000)
	((sum(this/SearchAndRescueFM.total_DeploymentTime) < 32) || (sum(this/SearchAndRescueFM.total_DevelopmentTime) < 72) || (sum(this/SearchAndRescueFM.total_RampUpTime) < 48) || (sum(this/SearchAndRescueFM.total_cost) < 1000))
Feb 02, 2014 1:08:22 PM kodkod.multiobjective.algorithms.MultiObjectiveAlgorithm foundParetoPoint
FINE: Found Pareto point with values: [32, 72, 48, 1000]
Feb 02, 2014 1:08:22 PM kodkod.multiobjective.algorithms.CheckpointedGuidedImprovementAlgorithm multiObjectiveSolveImpl
FINE: Found Pareto point with values: [32, 72, 48, 1000]
Feb 02, 2014 1:08:22 PM kodkod.multiobjective.algorithms.CheckpointedGuidedImprovementAlgorithm multiObjectiveSolveImpl
FINE: Found a solution. At time: 3, Improving on [32, 84, 49, 605]
Feb 02, 2014 1:08:22 PM kodkod.multiobjective.MetricPoint parametrizedImprovementConstraints
FINE: Possible Improvements are conjunction of 
	(sum(this/SearchAndRescueFM.total_DeploymentTime) <= 32)
	(sum(this/SearchAndRescueFM.total_DevelopmentTime) <= 84)
	(sum(this/SearchAndRescueFM.total_RampUpTime) <= 49)
	(sum(this/SearchAndRescueFM.total_cost) <= 605)
	((sum(this/SearchAndRescueFM.total_DeploymentTime) < 32) || (sum(this/SearchAndRescueFM.total_DevelopmentTime) < 84) || (sum(this/SearchAndRescueFM.total_RampUpTime) < 49) || (sum(this/SearchAndRescueFM.total_cost) < 605))
Feb 02, 2014 1:08:22 PM kodkod.multiobjective.algorithms.CheckpointedGuidedImprovementAlgorithm multiObjectiveSolveImpl
FINE: Found a solution. At time: 3, Improving on [32, 84, 49, 600]
Feb 02, 2014 1:08:22 PM kodkod.multiobjective.MetricPoint parametrizedImprovementConstraints
FINE: Possible Improvements are conjunction of 
	(sum(this/SearchAndRescueFM.total_DeploymentTime) <= 32)
	(sum(this/SearchAndRescueFM.total_DevelopmentTime) <= 84)
	(sum(this/SearchAndRescueFM.total_RampUpTime) <= 49)
	(sum(this/SearchAndRescueFM.total_cost) <= 600)
	((sum(this/SearchAndRescueFM.total_DeploymentTime) < 32) || (sum(this/SearchAndRescueFM.total_DevelopmentTime) < 84) || (sum(this/SearchAndRescueFM.total_RampUpTime) < 49) || (sum(this/SearchAndRescueFM.total_cost) < 600))
Feb 02, 2014 1:08:22 PM kodkod.multiobjective.algorithms.CheckpointedGuidedImprovementAlgorithm multiObjectiveSolveImpl
FINE: Found a solution. At time: 3, Improving on [31, 84, 49, 595]
Feb 02, 2014 1:08:22 PM kodkod.multiobjective.MetricPoint parametrizedImprovementConstraints
FINE: Possible Improvements are conjunction of 
	(sum(this/SearchAndRescueFM.total_DeploymentTime) <= 31)
	(sum(this/SearchAndRescueFM.total_DevelopmentTime) <= 84)
	(sum(this/SearchAndRescueFM.total_RampUpTime) <= 49)
	(sum(this/SearchAndRescueFM.total_cost) <= 595)
	((sum(this/SearchAndRescueFM.total_DeploymentTime) < 31) || (sum(this/SearchAndRescueFM.total_DevelopmentTime) < 84) || (sum(this/SearchAndRescueFM.total_RampUpTime) < 49) || (sum(this/SearchAndRescueFM.total_cost) < 595))
Feb 02, 2014 1:08:22 PM kodkod.multiobjective.algorithms.CheckpointedGuidedImprovementAlgorithm multiObjectiveSolveImpl
FINE: Found a solution. At time: 3, Improving on [31, 84, 49, 590]
Feb 02, 2014 1:08:22 PM kodkod.multiobjective.MetricPoint parametrizedImprovementConstraints
FINE: Possible Improvements are conjunction of 
	(sum(this/SearchAndRescueFM.total_DeploymentTime) <= 31)
	(sum(this/SearchAndRescueFM.total_DevelopmentTime) <= 84)
	(sum(this/SearchAndRescueFM.total_RampUpTime) <= 49)
	(sum(this/SearchAndRescueFM.total_cost) <= 590)
	((sum(this/SearchAndRescueFM.total_DeploymentTime) < 31) || (sum(this/SearchAndRescueFM.total_DevelopmentTime) < 84) || (sum(this/SearchAndRescueFM.total_RampUpTime) < 49) || (sum(this/SearchAndRescueFM.total_cost) < 590))
Feb 02, 2014 1:08:22 PM kodkod.multiobjective.algorithms.CheckpointedGuidedImprovementAlgorithm multiObjectiveSolveImpl
FINE: Found a solution. At time: 3, Improving on [31, 84, 48, 590]
Feb 02, 2014 1:08:22 PM kodkod.multiobjective.MetricPoint parametrizedImprovementConstraints
FINE: Possible Improvements are conjunction of 
	(sum(this/SearchAndRescueFM.total_DeploymentTime) <= 31)
	(sum(this/SearchAndRescueFM.total_DevelopmentTime) <= 84)
	(sum(this/SearchAndRescueFM.total_RampUpTime) <= 48)
	(sum(this/SearchAndRescueFM.total_cost) <= 590)
	((sum(this/SearchAndRescueFM.total_DeploymentTime) < 31) || (sum(this/SearchAndRescueFM.total_DevelopmentTime) < 84) || (sum(this/SearchAndRescueFM.total_RampUpTime) < 48) || (sum(this/SearchAndRescueFM.total_cost) < 590))
Feb 02, 2014 1:08:22 PM kodkod.multiobjective.algorithms.MultiObjectiveAlgorithm foundParetoPoint
FINE: Found Pareto point with values: [31, 84, 48, 590]
Feb 02, 2014 1:08:22 PM kodkod.multiobjective.algorithms.CheckpointedGuidedImprovementAlgorithm multiObjectiveSolveImpl
FINE: Found Pareto point with values: [31, 84, 48, 590]
Feb 02, 2014 1:08:22 PM kodkod.multiobjective.algorithms.CheckpointedGuidedImprovementAlgorithm multiObjectiveSolveImpl
FINE: Found a solution. At time: 3, Improving on [40, 73, 47, 1580]
Feb 02, 2014 1:08:22 PM kodkod.multiobjective.MetricPoint parametrizedImprovementConstraints
FINE: Possible Improvements are conjunction of 
	(sum(this/SearchAndRescueFM.total_DeploymentTime) <= 40)
	(sum(this/SearchAndRescueFM.total_DevelopmentTime) <= 73)
	(sum(this/SearchAndRescueFM.total_RampUpTime) <= 47)
	(sum(this/SearchAndRescueFM.total_cost) <= 1580)
	((sum(this/SearchAndRescueFM.total_DeploymentTime) < 40) || (sum(this/SearchAndRescueFM.total_DevelopmentTime) < 73) || (sum(this/SearchAndRescueFM.total_RampUpTime) < 47) || (sum(this/SearchAndRescueFM.total_cost) < 1580))
Feb 02, 2014 1:08:22 PM kodkod.multiobjective.algorithms.CheckpointedGuidedImprovementAlgorithm multiObjectiveSolveImpl
FINE: Found a solution. At time: 3, Improving on [36, 73, 47, 685]
Feb 02, 2014 1:08:22 PM kodkod.multiobjective.MetricPoint parametrizedImprovementConstraints
FINE: Possible Improvements are conjunction of 
	(sum(this/SearchAndRescueFM.total_DeploymentTime) <= 36)
	(sum(this/SearchAndRescueFM.total_DevelopmentTime) <= 73)
	(sum(this/SearchAndRescueFM.total_RampUpTime) <= 47)
	(sum(this/SearchAndRescueFM.total_cost) <= 685)
	((sum(this/SearchAndRescueFM.total_DeploymentTime) < 36) || (sum(this/SearchAndRescueFM.total_DevelopmentTime) < 73) || (sum(this/SearchAndRescueFM.total_RampUpTime) < 47) || (sum(this/SearchAndRescueFM.total_cost) < 685))
Feb 02, 2014 1:08:22 PM kodkod.multiobjective.algorithms.CheckpointedGuidedImprovementAlgorithm multiObjectiveSolveImpl
FINE: Found a solution. At time: 3, Improving on [36, 73, 47, 680]
Feb 02, 2014 1:08:22 PM kodkod.multiobjective.MetricPoint parametrizedImprovementConstraints
FINE: Possible Improvements are conjunction of 
	(sum(this/SearchAndRescueFM.total_DeploymentTime) <= 36)
	(sum(this/SearchAndRescueFM.total_DevelopmentTime) <= 73)
	(sum(this/SearchAndRescueFM.total_RampUpTime) <= 47)
	(sum(this/SearchAndRescueFM.total_cost) <= 680)
	((sum(this/SearchAndRescueFM.total_DeploymentTime) < 36) || (sum(this/SearchAndRescueFM.total_DevelopmentTime) < 73) || (sum(this/SearchAndRescueFM.total_RampUpTime) < 47) || (sum(this/SearchAndRescueFM.total_cost) < 680))
Feb 02, 2014 1:08:22 PM kodkod.multiobjective.algorithms.CheckpointedGuidedImprovementAlgorithm multiObjectiveSolveImpl
FINE: Found a solution. At time: 3, Improving on [35, 73, 46, 675]
Feb 02, 2014 1:08:22 PM kodkod.multiobjective.MetricPoint parametrizedImprovementConstraints
FINE: Possible Improvements are conjunction of 
	(sum(this/SearchAndRescueFM.total_DeploymentTime) <= 35)
	(sum(this/SearchAndRescueFM.total_DevelopmentTime) <= 73)
	(sum(this/SearchAndRescueFM.total_RampUpTime) <= 46)
	(sum(this/SearchAndRescueFM.total_cost) <= 675)
	((sum(this/SearchAndRescueFM.total_DeploymentTime) < 35) || (sum(this/SearchAndRescueFM.total_DevelopmentTime) < 73) || (sum(this/SearchAndRescueFM.total_RampUpTime) < 46) || (sum(this/SearchAndRescueFM.total_cost) < 675))
Feb 02, 2014 1:08:22 PM kodkod.multiobjective.algorithms.CheckpointedGuidedImprovementAlgorithm multiObjectiveSolveImpl
FINE: Found a solution. At time: 3, Improving on [35, 73, 46, 670]
Feb 02, 2014 1:08:22 PM kodkod.multiobjective.MetricPoint parametrizedImprovementConstraints
FINE: Possible Improvements are conjunction of 
	(sum(this/SearchAndRescueFM.total_DeploymentTime) <= 35)
	(sum(this/SearchAndRescueFM.total_DevelopmentTime) <= 73)
	(sum(this/SearchAndRescueFM.total_RampUpTime) <= 46)
	(sum(this/SearchAndRescueFM.total_cost) <= 670)
	((sum(this/SearchAndRescueFM.total_DeploymentTime) < 35) || (sum(this/SearchAndRescueFM.total_DevelopmentTime) < 73) || (sum(this/SearchAndRescueFM.total_RampUpTime) < 46) || (sum(this/SearchAndRescueFM.total_cost) < 670))
Feb 02, 2014 1:08:22 PM kodkod.multiobjective.algorithms.MultiObjectiveAlgorithm foundParetoPoint
FINE: Found Pareto point with values: [35, 73, 46, 670]
Feb 02, 2014 1:08:22 PM kodkod.multiobjective.algorithms.CheckpointedGuidedImprovementAlgorithm multiObjectiveSolveImpl
FINE: Found Pareto point with values: [35, 73, 46, 670]
Feb 02, 2014 1:08:22 PM kodkod.multiobjective.algorithms.CheckpointedGuidedImprovementAlgorithm multiObjectiveSolveImpl
FINE: Found a solution. At time: 3, Improving on [35, 72, 49, 680]
Feb 02, 2014 1:08:22 PM kodkod.multiobjective.MetricPoint parametrizedImprovementConstraints
FINE: Possible Improvements are conjunction of 
	(sum(this/SearchAndRescueFM.total_DeploymentTime) <= 35)
	(sum(this/SearchAndRescueFM.total_DevelopmentTime) <= 72)
	(sum(this/SearchAndRescueFM.total_RampUpTime) <= 49)
	(sum(this/SearchAndRescueFM.total_cost) <= 680)
	((sum(this/SearchAndRescueFM.total_DeploymentTime) < 35) || (sum(this/SearchAndRescueFM.total_DevelopmentTime) < 72) || (sum(this/SearchAndRescueFM.total_RampUpTime) < 49) || (sum(this/SearchAndRescueFM.total_cost) < 680))
Feb 02, 2014 1:08:22 PM kodkod.multiobjective.algorithms.CheckpointedGuidedImprovementAlgorithm multiObjectiveSolveImpl
FINE: Found a solution. At time: 4, Improving on [34, 72, 48, 675]
Feb 02, 2014 1:08:22 PM kodkod.multiobjective.MetricPoint parametrizedImprovementConstraints
FINE: Possible Improvements are conjunction of 
	(sum(this/SearchAndRescueFM.total_DeploymentTime) <= 34)
	(sum(this/SearchAndRescueFM.total_DevelopmentTime) <= 72)
	(sum(this/SearchAndRescueFM.total_RampUpTime) <= 48)
	(sum(this/SearchAndRescueFM.total_cost) <= 675)
	((sum(this/SearchAndRescueFM.total_DeploymentTime) < 34) || (sum(this/SearchAndRescueFM.total_DevelopmentTime) < 72) || (sum(this/SearchAndRescueFM.total_RampUpTime) < 48) || (sum(this/SearchAndRescueFM.total_cost) < 675))
Feb 02, 2014 1:08:22 PM kodkod.multiobjective.algorithms.CheckpointedGuidedImprovementAlgorithm multiObjectiveSolveImpl
FINE: Found a solution. At time: 4, Improving on [34, 72, 48, 670]
Feb 02, 2014 1:08:22 PM kodkod.multiobjective.MetricPoint parametrizedImprovementConstraints
FINE: Possible Improvements are conjunction of 
	(sum(this/SearchAndRescueFM.total_DeploymentTime) <= 34)
	(sum(this/SearchAndRescueFM.total_DevelopmentTime) <= 72)
	(sum(this/SearchAndRescueFM.total_RampUpTime) <= 48)
	(sum(this/SearchAndRescueFM.total_cost) <= 670)
	((sum(this/SearchAndRescueFM.total_DeploymentTime) < 34) || (sum(this/SearchAndRescueFM.total_DevelopmentTime) < 72) || (sum(this/SearchAndRescueFM.total_RampUpTime) < 48) || (sum(this/SearchAndRescueFM.total_cost) < 670))
Feb 02, 2014 1:08:22 PM kodkod.multiobjective.algorithms.MultiObjectiveAlgorithm foundParetoPoint
FINE: Found Pareto point with values: [34, 72, 48, 670]
Feb 02, 2014 1:08:22 PM kodkod.multiobjective.algorithms.CheckpointedGuidedImprovementAlgorithm multiObjectiveSolveImpl
FINE: Found Pareto point with values: [34, 72, 48, 670]
Feb 02, 2014 1:08:23 PM kodkod.multiobjective.algorithms.CheckpointedGuidedImprovementAlgorithm multiObjectiveSolveImpl
FINE: Found a solution. At time: 4, Improving on [33, 83, 48, 595]
Feb 02, 2014 1:08:23 PM kodkod.multiobjective.MetricPoint parametrizedImprovementConstraints
FINE: Possible Improvements are conjunction of 
	(sum(this/SearchAndRescueFM.total_DeploymentTime) <= 33)
	(sum(this/SearchAndRescueFM.total_DevelopmentTime) <= 83)
	(sum(this/SearchAndRescueFM.total_RampUpTime) <= 48)
	(sum(this/SearchAndRescueFM.total_cost) <= 595)
	((sum(this/SearchAndRescueFM.total_DeploymentTime) < 33) || (sum(this/SearchAndRescueFM.total_DevelopmentTime) < 83) || (sum(this/SearchAndRescueFM.total_RampUpTime) < 48) || (sum(this/SearchAndRescueFM.total_cost) < 595))
Feb 02, 2014 1:08:23 PM kodkod.multiobjective.algorithms.CheckpointedGuidedImprovementAlgorithm multiObjectiveSolveImpl
FINE: Found a solution. At time: 4, Improving on [33, 83, 48, 590]
Feb 02, 2014 1:08:23 PM kodkod.multiobjective.MetricPoint parametrizedImprovementConstraints
FINE: Possible Improvements are conjunction of 
	(sum(this/SearchAndRescueFM.total_DeploymentTime) <= 33)
	(sum(this/SearchAndRescueFM.total_DevelopmentTime) <= 83)
	(sum(this/SearchAndRescueFM.total_RampUpTime) <= 48)
	(sum(this/SearchAndRescueFM.total_cost) <= 590)
	((sum(this/SearchAndRescueFM.total_DeploymentTime) < 33) || (sum(this/SearchAndRescueFM.total_DevelopmentTime) < 83) || (sum(this/SearchAndRescueFM.total_RampUpTime) < 48) || (sum(this/SearchAndRescueFM.total_cost) < 590))
Feb 02, 2014 1:08:23 PM kodkod.multiobjective.algorithms.MultiObjectiveAlgorithm foundParetoPoint
FINE: Found Pareto point with values: [33, 83, 48, 590]
Feb 02, 2014 1:08:23 PM kodkod.multiobjective.algorithms.CheckpointedGuidedImprovementAlgorithm multiObjectiveSolveImpl
FINE: Found Pareto point with values: [33, 83, 48, 590]
Feb 02, 2014 1:08:23 PM kodkod.multiobjective.algorithms.CheckpointedGuidedImprovementAlgorithm multiObjectiveSolveImpl
FINE: Found a solution. At time: 4, Improving on [31, 83, 48, 925]
Feb 02, 2014 1:08:23 PM kodkod.multiobjective.MetricPoint parametrizedImprovementConstraints
FINE: Possible Improvements are conjunction of 
	(sum(this/SearchAndRescueFM.total_DeploymentTime) <= 31)
	(sum(this/SearchAndRescueFM.total_DevelopmentTime) <= 83)
	(sum(this/SearchAndRescueFM.total_RampUpTime) <= 48)
	(sum(this/SearchAndRescueFM.total_cost) <= 925)
	((sum(this/SearchAndRescueFM.total_DeploymentTime) < 31) || (sum(this/SearchAndRescueFM.total_DevelopmentTime) < 83) || (sum(this/SearchAndRescueFM.total_RampUpTime) < 48) || (sum(this/SearchAndRescueFM.total_cost) < 925))
Feb 02, 2014 1:08:23 PM kodkod.multiobjective.algorithms.CheckpointedGuidedImprovementAlgorithm multiObjectiveSolveImpl
FINE: Found a solution. At time: 4, Improving on [31, 83, 48, 920]
Feb 02, 2014 1:08:23 PM kodkod.multiobjective.MetricPoint parametrizedImprovementConstraints
FINE: Possible Improvements are conjunction of 
	(sum(this/SearchAndRescueFM.total_DeploymentTime) <= 31)
	(sum(this/SearchAndRescueFM.total_DevelopmentTime) <= 83)
	(sum(this/SearchAndRescueFM.total_RampUpTime) <= 48)
	(sum(this/SearchAndRescueFM.total_cost) <= 920)
	((sum(this/SearchAndRescueFM.total_DeploymentTime) < 31) || (sum(this/SearchAndRescueFM.total_DevelopmentTime) < 83) || (sum(this/SearchAndRescueFM.total_RampUpTime) < 48) || (sum(this/SearchAndRescueFM.total_cost) < 920))
Feb 02, 2014 1:08:23 PM kodkod.multiobjective.algorithms.MultiObjectiveAlgorithm foundParetoPoint
FINE: Found Pareto point with values: [31, 83, 48, 920]
Feb 02, 2014 1:08:23 PM kodkod.multiobjective.algorithms.CheckpointedGuidedImprovementAlgorithm multiObjectiveSolveImpl
FINE: Found Pareto point with values: [31, 83, 48, 920]
Feb 02, 2014 1:08:23 PM kodkod.multiobjective.algorithms.CheckpointedGuidedImprovementAlgorithm multiObjectiveSolveImpl
FINE: Found a solution. At time: 4, Improving on [33, 73, 46, 1000]
Feb 02, 2014 1:08:23 PM kodkod.multiobjective.MetricPoint parametrizedImprovementConstraints
FINE: Possible Improvements are conjunction of 
	(sum(this/SearchAndRescueFM.total_DeploymentTime) <= 33)
	(sum(this/SearchAndRescueFM.total_DevelopmentTime) <= 73)
	(sum(this/SearchAndRescueFM.total_RampUpTime) <= 46)
	(sum(this/SearchAndRescueFM.total_cost) <= 1000)
	((sum(this/SearchAndRescueFM.total_DeploymentTime) < 33) || (sum(this/SearchAndRescueFM.total_DevelopmentTime) < 73) || (sum(this/SearchAndRescueFM.total_RampUpTime) < 46) || (sum(this/SearchAndRescueFM.total_cost) < 1000))
Feb 02, 2014 1:08:23 PM kodkod.multiobjective.algorithms.MultiObjectiveAlgorithm foundParetoPoint
FINE: Found Pareto point with values: [33, 73, 46, 1000]
Feb 02, 2014 1:08:23 PM kodkod.multiobjective.algorithms.CheckpointedGuidedImprovementAlgorithm multiObjectiveSolveImpl
FINE: Found Pareto point with values: [33, 73, 46, 1000]
Feb 02, 2014 1:08:23 PM kodkod.multiobjective.algorithms.CheckpointedGuidedImprovementAlgorithm multiObjectiveSolveImpl
FINE: Found a solution. At time: 4, Improving on [31, 74, 46, 1005]
Feb 02, 2014 1:08:23 PM kodkod.multiobjective.MetricPoint parametrizedImprovementConstraints
FINE: Possible Improvements are conjunction of 
	(sum(this/SearchAndRescueFM.total_DeploymentTime) <= 31)
	(sum(this/SearchAndRescueFM.total_DevelopmentTime) <= 74)
	(sum(this/SearchAndRescueFM.total_RampUpTime) <= 46)
	(sum(this/SearchAndRescueFM.total_cost) <= 1005)
	((sum(this/SearchAndRescueFM.total_DeploymentTime) < 31) || (sum(this/SearchAndRescueFM.total_DevelopmentTime) < 74) || (sum(this/SearchAndRescueFM.total_RampUpTime) < 46) || (sum(this/SearchAndRescueFM.total_cost) < 1005))
Feb 02, 2014 1:08:23 PM kodkod.multiobjective.algorithms.CheckpointedGuidedImprovementAlgorithm multiObjectiveSolveImpl
FINE: Found a solution. At time: 4, Improving on [31, 74, 46, 1000]
Feb 02, 2014 1:08:23 PM kodkod.multiobjective.MetricPoint parametrizedImprovementConstraints
FINE: Possible Improvements are conjunction of 
	(sum(this/SearchAndRescueFM.total_DeploymentTime) <= 31)
	(sum(this/SearchAndRescueFM.total_DevelopmentTime) <= 74)
	(sum(this/SearchAndRescueFM.total_RampUpTime) <= 46)
	(sum(this/SearchAndRescueFM.total_cost) <= 1000)
	((sum(this/SearchAndRescueFM.total_DeploymentTime) < 31) || (sum(this/SearchAndRescueFM.total_DevelopmentTime) < 74) || (sum(this/SearchAndRescueFM.total_RampUpTime) < 46) || (sum(this/SearchAndRescueFM.total_cost) < 1000))
Feb 02, 2014 1:08:23 PM kodkod.multiobjective.algorithms.MultiObjectiveAlgorithm foundParetoPoint
FINE: Found Pareto point with values: [31, 74, 46, 1000]
Feb 02, 2014 1:08:23 PM kodkod.multiobjective.algorithms.CheckpointedGuidedImprovementAlgorithm multiObjectiveSolveImpl
FINE: Found Pareto point with values: [31, 74, 46, 1000]
Feb 02, 2014 1:08:23 PM kodkod.multiobjective.algorithms.CheckpointedGuidedImprovementAlgorithm multiObjectiveSolveImpl
FINE: Found a solution. At time: 4, Improving on [30, 82, 50, 925]
Feb 02, 2014 1:08:23 PM kodkod.multiobjective.MetricPoint parametrizedImprovementConstraints
FINE: Possible Improvements are conjunction of 
	(sum(this/SearchAndRescueFM.total_DeploymentTime) <= 30)
	(sum(this/SearchAndRescueFM.total_DevelopmentTime) <= 82)
	(sum(this/SearchAndRescueFM.total_RampUpTime) <= 50)
	(sum(this/SearchAndRescueFM.total_cost) <= 925)
	((sum(this/SearchAndRescueFM.total_DeploymentTime) < 30) || (sum(this/SearchAndRescueFM.total_DevelopmentTime) < 82) || (sum(this/SearchAndRescueFM.total_RampUpTime) < 50) || (sum(this/SearchAndRescueFM.total_cost) < 925))
Feb 02, 2014 1:08:23 PM kodkod.multiobjective.algorithms.CheckpointedGuidedImprovementAlgorithm multiObjectiveSolveImpl
FINE: Found a solution. At time: 4, Improving on [30, 82, 50, 920]
Feb 02, 2014 1:08:23 PM kodkod.multiobjective.MetricPoint parametrizedImprovementConstraints
FINE: Possible Improvements are conjunction of 
	(sum(this/SearchAndRescueFM.total_DeploymentTime) <= 30)
	(sum(this/SearchAndRescueFM.total_DevelopmentTime) <= 82)
	(sum(this/SearchAndRescueFM.total_RampUpTime) <= 50)
	(sum(this/SearchAndRescueFM.total_cost) <= 920)
	((sum(this/SearchAndRescueFM.total_DeploymentTime) < 30) || (sum(this/SearchAndRescueFM.total_DevelopmentTime) < 82) || (sum(this/SearchAndRescueFM.total_RampUpTime) < 50) || (sum(this/SearchAndRescueFM.total_cost) < 920))
Feb 02, 2014 1:08:23 PM kodkod.multiobjective.algorithms.MultiObjectiveAlgorithm foundParetoPoint
FINE: Found Pareto point with values: [30, 82, 50, 920]
Feb 02, 2014 1:08:23 PM kodkod.multiobjective.algorithms.CheckpointedGuidedImprovementAlgorithm multiObjectiveSolveImpl
FINE: Found Pareto point with values: [30, 82, 50, 920]
Feb 02, 2014 1:08:23 PM kodkod.multiobjective.algorithms.MultiObjectiveAlgorithm debugWriteStatistics
FINE: Solver statistics:
	# Sat Call: 69
	# Unsat Call: 25
	# Total Time in Sat Calls: 2320
	# Total Time in Sat Calls Solving: 102
	# Total Time in Sat Calls Translating: 2218
	# Total Time in Unsat Calls: 602
	# Total Time in Unsat Calls Solving: 62
	# Total Time in Unsat Calls Translating: 540
	# Magnifier Sat Call: 0
	# Magnifier Unsat Call: 0
	# Total Time in Magnifier: 0
