Feb 01, 2014 11:06:32 PM kodkod.multiobjective.algorithms.CheckpointedGuidedImprovementAlgorithm multiObjectiveSolveImpl
FINE: Found a solution. At time: 23, Improving on [792]
Feb 01, 2014 11:06:32 PM kodkod.multiobjective.MetricPoint parametrizedImprovementConstraints
FINE: Possible Improvements are conjunction of 
	(sum(this/Sqlite.totalFootprint) <= 792)
	(sum(this/Sqlite.totalFootprint) < 792)
Feb 01, 2014 11:06:55 PM kodkod.multiobjective.algorithms.CheckpointedGuidedImprovementAlgorithm multiObjectiveSolveImpl
FINE: Found a solution. At time: 46, Improving on [742]
Feb 01, 2014 11:06:55 PM kodkod.multiobjective.MetricPoint parametrizedImprovementConstraints
FINE: Possible Improvements are conjunction of 
	(sum(this/Sqlite.totalFootprint) <= 742)
	(sum(this/Sqlite.totalFootprint) < 742)
Feb 01, 2014 11:06:59 PM kodkod.multiobjective.algorithms.CheckpointedGuidedImprovementAlgorithm multiObjectiveSolveImpl
FINE: Found a solution. At time: 50, Improving on [35]
Feb 01, 2014 11:06:59 PM kodkod.multiobjective.MetricPoint parametrizedImprovementConstraints
FINE: Possible Improvements are conjunction of 
	(sum(this/Sqlite.totalFootprint) <= 35)
	(sum(this/Sqlite.totalFootprint) < 35)
Feb 01, 2014 11:07:03 PM kodkod.multiobjective.algorithms.CheckpointedGuidedImprovementAlgorithm multiObjectiveSolveImpl
FINE: Found a solution. At time: 55, Improving on [31]
Feb 01, 2014 11:07:03 PM kodkod.multiobjective.MetricPoint parametrizedImprovementConstraints
FINE: Possible Improvements are conjunction of 
	(sum(this/Sqlite.totalFootprint) <= 31)
	(sum(this/Sqlite.totalFootprint) < 31)
Feb 01, 2014 11:07:08 PM kodkod.multiobjective.algorithms.CheckpointedGuidedImprovementAlgorithm multiObjectiveSolveImpl
FINE: Found a solution. At time: 59, Improving on [-33]
Feb 01, 2014 11:07:08 PM kodkod.multiobjective.MetricPoint parametrizedImprovementConstraints
FINE: Possible Improvements are conjunction of 
	(sum(this/Sqlite.totalFootprint) <= -33)
	(sum(this/Sqlite.totalFootprint) < -33)
Feb 01, 2014 11:07:12 PM kodkod.multiobjective.algorithms.CheckpointedGuidedImprovementAlgorithm multiObjectiveSolveImpl
FINE: Found a solution. At time: 64, Improving on [-38]
Feb 01, 2014 11:07:12 PM kodkod.multiobjective.MetricPoint parametrizedImprovementConstraints
FINE: Possible Improvements are conjunction of 
	(sum(this/Sqlite.totalFootprint) <= -38)
	(sum(this/Sqlite.totalFootprint) < -38)
Feb 01, 2014 11:07:17 PM kodkod.multiobjective.algorithms.CheckpointedGuidedImprovementAlgorithm multiObjectiveSolveImpl
FINE: Found a solution. At time: 68, Improving on [-72]
Feb 01, 2014 11:07:17 PM kodkod.multiobjective.MetricPoint parametrizedImprovementConstraints
FINE: Possible Improvements are conjunction of 
	(sum(this/Sqlite.totalFootprint) <= -72)
	(sum(this/Sqlite.totalFootprint) < -72)
Feb 01, 2014 11:07:21 PM kodkod.multiobjective.algorithms.CheckpointedGuidedImprovementAlgorithm multiObjectiveSolveImpl
FINE: Found a solution. At time: 72, Improving on [-145]
Feb 01, 2014 11:07:21 PM kodkod.multiobjective.MetricPoint parametrizedImprovementConstraints
FINE: Possible Improvements are conjunction of 
	(sum(this/Sqlite.totalFootprint) <= -145)
	(sum(this/Sqlite.totalFootprint) < -145)
Feb 01, 2014 11:07:26 PM kodkod.multiobjective.algorithms.CheckpointedGuidedImprovementAlgorithm multiObjectiveSolveImpl
FINE: Found a solution. At time: 77, Improving on [-149]
Feb 01, 2014 11:07:26 PM kodkod.multiobjective.MetricPoint parametrizedImprovementConstraints
FINE: Possible Improvements are conjunction of 
	(sum(this/Sqlite.totalFootprint) <= -149)
	(sum(this/Sqlite.totalFootprint) < -149)
Feb 01, 2014 11:07:30 PM kodkod.multiobjective.algorithms.CheckpointedGuidedImprovementAlgorithm multiObjectiveSolveImpl
FINE: Found a solution. At time: 81, Improving on [-154]
Feb 01, 2014 11:07:30 PM kodkod.multiobjective.MetricPoint parametrizedImprovementConstraints
FINE: Possible Improvements are conjunction of 
	(sum(this/Sqlite.totalFootprint) <= -154)
	(sum(this/Sqlite.totalFootprint) < -154)
Feb 01, 2014 11:07:34 PM kodkod.multiobjective.algorithms.CheckpointedGuidedImprovementAlgorithm multiObjectiveSolveImpl
FINE: Found a solution. At time: 86, Improving on [-155]
Feb 01, 2014 11:07:34 PM kodkod.multiobjective.MetricPoint parametrizedImprovementConstraints
FINE: Possible Improvements are conjunction of 
	(sum(this/Sqlite.totalFootprint) <= -155)
	(sum(this/Sqlite.totalFootprint) < -155)
Feb 01, 2014 11:07:39 PM kodkod.multiobjective.algorithms.CheckpointedGuidedImprovementAlgorithm multiObjectiveSolveImpl
FINE: Found a solution. At time: 90, Improving on [-156]
Feb 01, 2014 11:07:39 PM kodkod.multiobjective.MetricPoint parametrizedImprovementConstraints
FINE: Possible Improvements are conjunction of 
	(sum(this/Sqlite.totalFootprint) <= -156)
	(sum(this/Sqlite.totalFootprint) < -156)
Feb 01, 2014 11:07:43 PM kodkod.multiobjective.algorithms.CheckpointedGuidedImprovementAlgorithm multiObjectiveSolveImpl
FINE: Found a solution. At time: 95, Improving on [-158]
Feb 01, 2014 11:07:43 PM kodkod.multiobjective.MetricPoint parametrizedImprovementConstraints
FINE: Possible Improvements are conjunction of 
	(sum(this/Sqlite.totalFootprint) <= -158)
	(sum(this/Sqlite.totalFootprint) < -158)
Feb 01, 2014 11:07:48 PM kodkod.multiobjective.algorithms.CheckpointedGuidedImprovementAlgorithm multiObjectiveSolveImpl
FINE: Found a solution. At time: 99, Improving on [-160]
Feb 01, 2014 11:07:48 PM kodkod.multiobjective.MetricPoint parametrizedImprovementConstraints
FINE: Possible Improvements are conjunction of 
	(sum(this/Sqlite.totalFootprint) <= -160)
	(sum(this/Sqlite.totalFootprint) < -160)
Feb 01, 2014 11:07:52 PM kodkod.multiobjective.algorithms.CheckpointedGuidedImprovementAlgorithm multiObjectiveSolveImpl
FINE: Found a solution. At time: 104, Improving on [-161]
Feb 01, 2014 11:07:52 PM kodkod.multiobjective.MetricPoint parametrizedImprovementConstraints
FINE: Possible Improvements are conjunction of 
	(sum(this/Sqlite.totalFootprint) <= -161)
	(sum(this/Sqlite.totalFootprint) < -161)
Feb 01, 2014 11:07:57 PM kodkod.multiobjective.algorithms.CheckpointedGuidedImprovementAlgorithm multiObjectiveSolveImpl
FINE: Found a solution. At time: 108, Improving on [-165]
Feb 01, 2014 11:07:57 PM kodkod.multiobjective.MetricPoint parametrizedImprovementConstraints
FINE: Possible Improvements are conjunction of 
	(sum(this/Sqlite.totalFootprint) <= -165)
	(sum(this/Sqlite.totalFootprint) < -165)
Feb 01, 2014 11:08:01 PM kodkod.multiobjective.algorithms.CheckpointedGuidedImprovementAlgorithm multiObjectiveSolveImpl
FINE: Found a solution. At time: 112, Improving on [-168]
Feb 01, 2014 11:08:01 PM kodkod.multiobjective.MetricPoint parametrizedImprovementConstraints
FINE: Possible Improvements are conjunction of 
	(sum(this/Sqlite.totalFootprint) <= -168)
	(sum(this/Sqlite.totalFootprint) < -168)
Feb 01, 2014 11:08:06 PM kodkod.multiobjective.algorithms.CheckpointedGuidedImprovementAlgorithm multiObjectiveSolveImpl
FINE: Found a solution. At time: 117, Improving on [-172]
Feb 01, 2014 11:08:06 PM kodkod.multiobjective.MetricPoint parametrizedImprovementConstraints
FINE: Possible Improvements are conjunction of 
	(sum(this/Sqlite.totalFootprint) <= -172)
	(sum(this/Sqlite.totalFootprint) < -172)
Feb 01, 2014 11:08:10 PM kodkod.multiobjective.algorithms.CheckpointedGuidedImprovementAlgorithm multiObjectiveSolveImpl
FINE: Found a solution. At time: 121, Improving on [-173]
Feb 01, 2014 11:08:10 PM kodkod.multiobjective.MetricPoint parametrizedImprovementConstraints
FINE: Possible Improvements are conjunction of 
	(sum(this/Sqlite.totalFootprint) <= -173)
	(sum(this/Sqlite.totalFootprint) < -173)
Feb 01, 2014 11:08:14 PM kodkod.multiobjective.algorithms.CheckpointedGuidedImprovementAlgorithm multiObjectiveSolveImpl
FINE: Found a solution. At time: 126, Improving on [-175]
Feb 01, 2014 11:08:14 PM kodkod.multiobjective.MetricPoint parametrizedImprovementConstraints
FINE: Possible Improvements are conjunction of 
	(sum(this/Sqlite.totalFootprint) <= -175)
	(sum(this/Sqlite.totalFootprint) < -175)
Feb 01, 2014 11:08:19 PM kodkod.multiobjective.algorithms.CheckpointedGuidedImprovementAlgorithm multiObjectiveSolveImpl
FINE: Found a solution. At time: 130, Improving on [-178]
Feb 01, 2014 11:08:19 PM kodkod.multiobjective.MetricPoint parametrizedImprovementConstraints
FINE: Possible Improvements are conjunction of 
	(sum(this/Sqlite.totalFootprint) <= -178)
	(sum(this/Sqlite.totalFootprint) < -178)
Feb 01, 2014 11:08:24 PM kodkod.multiobjective.algorithms.CheckpointedGuidedImprovementAlgorithm multiObjectiveSolveImpl
FINE: Found a solution. At time: 135, Improving on [-179]
Feb 01, 2014 11:08:24 PM kodkod.multiobjective.MetricPoint parametrizedImprovementConstraints
FINE: Possible Improvements are conjunction of 
	(sum(this/Sqlite.totalFootprint) <= -179)
	(sum(this/Sqlite.totalFootprint) < -179)
Feb 01, 2014 11:08:30 PM kodkod.multiobjective.algorithms.CheckpointedGuidedImprovementAlgorithm multiObjectiveSolveImpl
FINE: Found a solution. At time: 141, Improving on [-183]
Feb 01, 2014 11:08:30 PM kodkod.multiobjective.MetricPoint parametrizedImprovementConstraints
FINE: Possible Improvements are conjunction of 
	(sum(this/Sqlite.totalFootprint) <= -183)
	(sum(this/Sqlite.totalFootprint) < -183)
Feb 01, 2014 11:08:38 PM kodkod.multiobjective.algorithms.CheckpointedGuidedImprovementAlgorithm multiObjectiveSolveImpl
FINE: Found a solution. At time: 149, Improving on [-184]
Feb 01, 2014 11:08:38 PM kodkod.multiobjective.MetricPoint parametrizedImprovementConstraints
FINE: Possible Improvements are conjunction of 
	(sum(this/Sqlite.totalFootprint) <= -184)
	(sum(this/Sqlite.totalFootprint) < -184)
Feb 01, 2014 11:08:45 PM kodkod.multiobjective.algorithms.CheckpointedGuidedImprovementAlgorithm multiObjectiveSolveImpl
FINE: Found a solution. At time: 156, Improving on [-186]
Feb 01, 2014 11:08:45 PM kodkod.multiobjective.MetricPoint parametrizedImprovementConstraints
FINE: Possible Improvements are conjunction of 
	(sum(this/Sqlite.totalFootprint) <= -186)
	(sum(this/Sqlite.totalFootprint) < -186)
Feb 01, 2014 11:08:51 PM kodkod.multiobjective.algorithms.CheckpointedGuidedImprovementAlgorithm multiObjectiveSolveImpl
FINE: Found a solution. At time: 162, Improving on [-193]
Feb 01, 2014 11:08:51 PM kodkod.multiobjective.MetricPoint parametrizedImprovementConstraints
FINE: Possible Improvements are conjunction of 
	(sum(this/Sqlite.totalFootprint) <= -193)
	(sum(this/Sqlite.totalFootprint) < -193)
Feb 01, 2014 11:08:57 PM kodkod.multiobjective.algorithms.CheckpointedGuidedImprovementAlgorithm multiObjectiveSolveImpl
FINE: Found a solution. At time: 168, Improving on [-194]
Feb 01, 2014 11:08:57 PM kodkod.multiobjective.MetricPoint parametrizedImprovementConstraints
FINE: Possible Improvements are conjunction of 
	(sum(this/Sqlite.totalFootprint) <= -194)
	(sum(this/Sqlite.totalFootprint) < -194)
Feb 01, 2014 11:09:05 PM kodkod.multiobjective.algorithms.CheckpointedGuidedImprovementAlgorithm multiObjectiveSolveImpl
FINE: Found a solution. At time: 176, Improving on [-195]
Feb 01, 2014 11:09:05 PM kodkod.multiobjective.MetricPoint parametrizedImprovementConstraints
FINE: Possible Improvements are conjunction of 
	(sum(this/Sqlite.totalFootprint) <= -195)
	(sum(this/Sqlite.totalFootprint) < -195)
Feb 01, 2014 11:09:11 PM kodkod.multiobjective.algorithms.CheckpointedGuidedImprovementAlgorithm multiObjectiveSolveImpl
FINE: Found a solution. At time: 182, Improving on [-196]
Feb 01, 2014 11:09:11 PM kodkod.multiobjective.MetricPoint parametrizedImprovementConstraints
FINE: Possible Improvements are conjunction of 
	(sum(this/Sqlite.totalFootprint) <= -196)
	(sum(this/Sqlite.totalFootprint) < -196)
Feb 01, 2014 11:09:17 PM kodkod.multiobjective.algorithms.CheckpointedGuidedImprovementAlgorithm multiObjectiveSolveImpl
FINE: Found a solution. At time: 188, Improving on [-197]
Feb 01, 2014 11:09:17 PM kodkod.multiobjective.MetricPoint parametrizedImprovementConstraints
FINE: Possible Improvements are conjunction of 
	(sum(this/Sqlite.totalFootprint) <= -197)
	(sum(this/Sqlite.totalFootprint) < -197)
Feb 01, 2014 11:09:24 PM kodkod.multiobjective.algorithms.CheckpointedGuidedImprovementAlgorithm multiObjectiveSolveImpl
FINE: Found a solution. At time: 195, Improving on [-199]
Feb 01, 2014 11:09:24 PM kodkod.multiobjective.MetricPoint parametrizedImprovementConstraints
FINE: Possible Improvements are conjunction of 
	(sum(this/Sqlite.totalFootprint) <= -199)
	(sum(this/Sqlite.totalFootprint) < -199)
Feb 01, 2014 11:09:30 PM kodkod.multiobjective.algorithms.MultiObjectiveAlgorithm foundParetoPoint
FINE: Found Pareto point with values: [-199]
Feb 01, 2014 11:09:30 PM kodkod.multiobjective.algorithms.CheckpointedGuidedImprovementAlgorithm multiObjectiveSolveImpl
FINE: Found Pareto point with values: [-199]
Feb 01, 2014 11:11:18 PM kodkod.multiobjective.algorithms.MultiObjectiveAlgorithm debugWriteStatistics
FINE: Solver statistics:
	# Sat Call: 31
	# Unsat Call: 2
	# Total Time in Sat Calls: 164429
	# Total Time in Sat Calls Solving: 2938
	# Total Time in Sat Calls Translating: 161491
	# Total Time in Unsat Calls: 18611
	# Total Time in Unsat Calls Solving: 584
	# Total Time in Unsat Calls Translating: 18027
	# Magnifier Sat Call: 0
	# Magnifier Unsat Call: 0
	# Total Time in Magnifier: 0
