Feb 02, 2014 1:09:19 PM kodkod.multiobjective.algorithms.CheckpointedGuidedImprovementAlgorithm multiObjectiveSolveImpl
FINE: Found a solution. At time: 1, Improving on [801]
Feb 02, 2014 1:09:19 PM kodkod.multiobjective.MetricPoint parametrizedImprovementConstraints
FINE: Possible Improvements are conjunction of 
	(sum(this/Sqlite.totalFootprint) <= 801)
	(sum(this/Sqlite.totalFootprint) < 801)
Feb 02, 2014 1:09:19 PM kodkod.multiobjective.algorithms.CheckpointedGuidedImprovementAlgorithm multiObjectiveSolveImpl
FINE: Found a solution. At time: 1, Improving on [-120]
Feb 02, 2014 1:09:19 PM kodkod.multiobjective.MetricPoint parametrizedImprovementConstraints
FINE: Possible Improvements are conjunction of 
	(sum(this/Sqlite.totalFootprint) <= -120)
	(sum(this/Sqlite.totalFootprint) < -120)
Feb 02, 2014 1:09:19 PM kodkod.multiobjective.algorithms.CheckpointedGuidedImprovementAlgorithm multiObjectiveSolveImpl
FINE: Found a solution. At time: 1, Improving on [-129]
Feb 02, 2014 1:09:19 PM kodkod.multiobjective.MetricPoint parametrizedImprovementConstraints
FINE: Possible Improvements are conjunction of 
	(sum(this/Sqlite.totalFootprint) <= -129)
	(sum(this/Sqlite.totalFootprint) < -129)
Feb 02, 2014 1:09:19 PM kodkod.multiobjective.algorithms.CheckpointedGuidedImprovementAlgorithm multiObjectiveSolveImpl
FINE: Found a solution. At time: 1, Improving on [-131]
Feb 02, 2014 1:09:19 PM kodkod.multiobjective.MetricPoint parametrizedImprovementConstraints
FINE: Possible Improvements are conjunction of 
	(sum(this/Sqlite.totalFootprint) <= -131)
	(sum(this/Sqlite.totalFootprint) < -131)
Feb 02, 2014 1:09:19 PM kodkod.multiobjective.algorithms.CheckpointedGuidedImprovementAlgorithm multiObjectiveSolveImpl
FINE: Found a solution. At time: 1, Improving on [-147]
Feb 02, 2014 1:09:19 PM kodkod.multiobjective.MetricPoint parametrizedImprovementConstraints
FINE: Possible Improvements are conjunction of 
	(sum(this/Sqlite.totalFootprint) <= -147)
	(sum(this/Sqlite.totalFootprint) < -147)
Feb 02, 2014 1:09:19 PM kodkod.multiobjective.algorithms.CheckpointedGuidedImprovementAlgorithm multiObjectiveSolveImpl
FINE: Found a solution. At time: 1, Improving on [-149]
Feb 02, 2014 1:09:19 PM kodkod.multiobjective.MetricPoint parametrizedImprovementConstraints
FINE: Possible Improvements are conjunction of 
	(sum(this/Sqlite.totalFootprint) <= -149)
	(sum(this/Sqlite.totalFootprint) < -149)
Feb 02, 2014 1:09:19 PM kodkod.multiobjective.algorithms.CheckpointedGuidedImprovementAlgorithm multiObjectiveSolveImpl
FINE: Found a solution. At time: 1, Improving on [-152]
Feb 02, 2014 1:09:19 PM kodkod.multiobjective.MetricPoint parametrizedImprovementConstraints
FINE: Possible Improvements are conjunction of 
	(sum(this/Sqlite.totalFootprint) <= -152)
	(sum(this/Sqlite.totalFootprint) < -152)
Feb 02, 2014 1:09:19 PM kodkod.multiobjective.algorithms.CheckpointedGuidedImprovementAlgorithm multiObjectiveSolveImpl
FINE: Found a solution. At time: 1, Improving on [-165]
Feb 02, 2014 1:09:19 PM kodkod.multiobjective.MetricPoint parametrizedImprovementConstraints
FINE: Possible Improvements are conjunction of 
	(sum(this/Sqlite.totalFootprint) <= -165)
	(sum(this/Sqlite.totalFootprint) < -165)
Feb 02, 2014 1:09:19 PM kodkod.multiobjective.algorithms.CheckpointedGuidedImprovementAlgorithm multiObjectiveSolveImpl
FINE: Found a solution. At time: 1, Improving on [-166]
Feb 02, 2014 1:09:19 PM kodkod.multiobjective.MetricPoint parametrizedImprovementConstraints
FINE: Possible Improvements are conjunction of 
	(sum(this/Sqlite.totalFootprint) <= -166)
	(sum(this/Sqlite.totalFootprint) < -166)
Feb 02, 2014 1:09:19 PM kodkod.multiobjective.algorithms.CheckpointedGuidedImprovementAlgorithm multiObjectiveSolveImpl
FINE: Found a solution. At time: 1, Improving on [-168]
Feb 02, 2014 1:09:19 PM kodkod.multiobjective.MetricPoint parametrizedImprovementConstraints
FINE: Possible Improvements are conjunction of 
	(sum(this/Sqlite.totalFootprint) <= -168)
	(sum(this/Sqlite.totalFootprint) < -168)
Feb 02, 2014 1:09:19 PM kodkod.multiobjective.algorithms.CheckpointedGuidedImprovementAlgorithm multiObjectiveSolveImpl
FINE: Found a solution. At time: 1, Improving on [-169]
Feb 02, 2014 1:09:19 PM kodkod.multiobjective.MetricPoint parametrizedImprovementConstraints
FINE: Possible Improvements are conjunction of 
	(sum(this/Sqlite.totalFootprint) <= -169)
	(sum(this/Sqlite.totalFootprint) < -169)
Feb 02, 2014 1:09:19 PM kodkod.multiobjective.algorithms.MultiObjectiveAlgorithm foundParetoPoint
FINE: Found Pareto point with values: [-169]
Feb 02, 2014 1:09:19 PM kodkod.multiobjective.algorithms.CheckpointedGuidedImprovementAlgorithm multiObjectiveSolveImpl
FINE: Found Pareto point with values: [-169]
Feb 02, 2014 1:09:20 PM kodkod.multiobjective.algorithms.MultiObjectiveAlgorithm debugWriteStatistics
FINE: Solver statistics:
	# Sat Call: 11
	# Unsat Call: 2
	# Total Time in Sat Calls: 785
	# Total Time in Sat Calls Solving: 80
	# Total Time in Sat Calls Translating: 705
	# Total Time in Unsat Calls: 141
	# Total Time in Unsat Calls Solving: 51
	# Total Time in Unsat Calls Translating: 90
	# Magnifier Sat Call: 0
	# Magnifier Unsat Call: 0
	# Total Time in Magnifier: 0
