Feb 01, 2014 4:33:04 AM kodkod.multiobjective.algorithms.IncrementalGuidedImprovementAlgorithm multiObjectiveSolveImpl
FINE: Found a solution. At time: 3, Improving on [736]
Feb 01, 2014 4:33:04 AM kodkod.multiobjective.MetricPoint parametrizedImprovementConstraints
FINE: Possible Improvements are conjunction of 
	(sum(this/PKJab.totalFootprint) <= 736)
	(sum(this/PKJab.totalFootprint) < 736)
Feb 01, 2014 4:33:04 AM kodkod.multiobjective.algorithms.IncrementalGuidedImprovementAlgorithm multiObjectiveSolveImpl
FINE: Found a solution. At time: 3, Improving on [731]
Feb 01, 2014 4:33:04 AM kodkod.multiobjective.MetricPoint parametrizedImprovementConstraints
FINE: Possible Improvements are conjunction of 
	(sum(this/PKJab.totalFootprint) <= 731)
	(sum(this/PKJab.totalFootprint) < 731)
Feb 01, 2014 4:33:04 AM kodkod.multiobjective.algorithms.IncrementalGuidedImprovementAlgorithm multiObjectiveSolveImpl
FINE: Found a solution. At time: 3, Improving on [726]
Feb 01, 2014 4:33:04 AM kodkod.multiobjective.MetricPoint parametrizedImprovementConstraints
FINE: Possible Improvements are conjunction of 
	(sum(this/PKJab.totalFootprint) <= 726)
	(sum(this/PKJab.totalFootprint) < 726)
Feb 01, 2014 4:33:05 AM kodkod.multiobjective.algorithms.MultiObjectiveAlgorithm foundParetoPoint
FINE: Found Pareto point with values: [726]
Feb 01, 2014 4:33:08 AM kodkod.multiobjective.algorithms.IncrementalGuidedImprovementAlgorithm multiObjectiveSolveImpl
FINE: All Pareto points found. At time: 6
Feb 01, 2014 4:33:08 AM kodkod.multiobjective.algorithms.MultiObjectiveAlgorithm debugWriteStatistics
FINE: Solver statistics:
	# Sat Call: 3
	# Unsat Call: 2
	# Total Time in Sat Calls: 3567
	# Total Time in Sat Calls Solving: 114
	# Total Time in Sat Calls Translating: 3453
	# Total Time in Unsat Calls: 3086
	# Total Time in Unsat Calls Solving: 124
	# Total Time in Unsat Calls Translating: 2962
	# Magnifier Sat Call: 0
	# Magnifier Unsat Call: 0
	# Total Time in Magnifier: 0
