Feb 01, 2014 9:45:25 PM kodkod.multiobjective.algorithms.CheckpointedGuidedImprovementAlgorithm multiObjectiveSolveImpl
FINE: Found a solution. At time: 3, Improving on [815]
Feb 01, 2014 9:45:25 PM kodkod.multiobjective.MetricPoint parametrizedImprovementConstraints
FINE: Possible Improvements are conjunction of 
	(sum(this/ZipMeSPL.totalFootprint) <= 815)
	(sum(this/ZipMeSPL.totalFootprint) < 815)
Feb 01, 2014 9:45:25 PM kodkod.multiobjective.algorithms.MultiObjectiveAlgorithm foundParetoPoint
FINE: Found Pareto point with values: [815]
Feb 01, 2014 9:45:25 PM kodkod.multiobjective.algorithms.CheckpointedGuidedImprovementAlgorithm multiObjectiveSolveImpl
FINE: Found Pareto point with values: [815]
Feb 01, 2014 9:45:25 PM kodkod.multiobjective.algorithms.MultiObjectiveAlgorithm debugWriteStatistics
FINE: Solver statistics:
	# Sat Call: 1
	# Unsat Call: 2
	# Total Time in Sat Calls: 3100
	# Total Time in Sat Calls Solving: 80
	# Total Time in Sat Calls Translating: 3020
	# Total Time in Unsat Calls: 246
	# Total Time in Unsat Calls Solving: 39
	# Total Time in Unsat Calls Translating: 207
	# Magnifier Sat Call: 0
	# Magnifier Unsat Call: 0
	# Total Time in Magnifier: 0
