Feb 01, 2014 10:12:18 PM kodkod.multiobjective.algorithms.CheckpointedGuidedImprovementAlgorithm multiObjectiveSolveImpl
FINE: Found a solution. At time: 4, Improving on [873]
Feb 01, 2014 10:12:18 PM kodkod.multiobjective.MetricPoint parametrizedImprovementConstraints
FINE: Possible Improvements are conjunction of 
	(sum(this/Prevayler.totalFootprint) <= 873)
	(sum(this/Prevayler.totalFootprint) < 873)
Feb 01, 2014 10:12:19 PM kodkod.multiobjective.algorithms.MultiObjectiveAlgorithm foundParetoPoint
FINE: Found Pareto point with values: [873]
Feb 01, 2014 10:12:19 PM kodkod.multiobjective.algorithms.CheckpointedGuidedImprovementAlgorithm multiObjectiveSolveImpl
FINE: Found Pareto point with values: [873]
Feb 01, 2014 10:12:20 PM kodkod.multiobjective.algorithms.MultiObjectiveAlgorithm debugWriteStatistics
FINE: Solver statistics:
	# Sat Call: 1
	# Unsat Call: 2
	# Total Time in Sat Calls: 4549
	# Total Time in Sat Calls Solving: 8
	# Total Time in Sat Calls Translating: 4541
	# Total Time in Unsat Calls: 2204
	# Total Time in Unsat Calls Solving: 4
	# Total Time in Unsat Calls Translating: 2200
	# Magnifier Sat Call: 0
	# Magnifier Unsat Call: 0
	# Total Time in Magnifier: 0
