Feb 01, 2014 3:34:03 AM kodkod.multiobjective.algorithms.IncrementalGuidedImprovementAlgorithm multiObjectiveSolveImpl
FINE: Found a solution. At time: 6, Improving on [1631]
Feb 01, 2014 3:34:03 AM kodkod.multiobjective.MetricPoint parametrizedImprovementConstraints
FINE: Possible Improvements are conjunction of 
	(sum(this/Prevayler.totalFootprint) <= 1631)
	(sum(this/Prevayler.totalFootprint) < 1631)
Feb 01, 2014 3:34:03 AM kodkod.multiobjective.algorithms.MultiObjectiveAlgorithm foundParetoPoint
FINE: Found Pareto point with values: [1631]
Feb 01, 2014 3:34:09 AM kodkod.multiobjective.algorithms.IncrementalGuidedImprovementAlgorithm multiObjectiveSolveImpl
FINE: All Pareto points found. At time: 13
Feb 01, 2014 3:34:09 AM kodkod.multiobjective.algorithms.MultiObjectiveAlgorithm debugWriteStatistics
FINE: Solver statistics:
	# Sat Call: 1
	# Unsat Call: 2
	# Total Time in Sat Calls: 6651
	# Total Time in Sat Calls Solving: 119
	# Total Time in Sat Calls Translating: 6532
	# Total Time in Unsat Calls: 6416
	# Total Time in Unsat Calls Solving: 0
	# Total Time in Unsat Calls Translating: 6416
	# Magnifier Sat Call: 0
	# Magnifier Unsat Call: 0
	# Total Time in Magnifier: 0
