Feb 02, 2014 12:38:46 AM kodkod.multiobjective.algorithms.CheckpointedGuidedImprovementAlgorithm multiObjectiveSolveImpl
FINE: Found a solution. At time: 5, Improving on [945]
Feb 02, 2014 12:38:46 AM kodkod.multiobjective.MetricPoint parametrizedImprovementConstraints
FINE: Possible Improvements are conjunction of 
	(sum(this/BerkeleyDbC.totalFootprint) <= 945)
	(sum(this/BerkeleyDbC.totalFootprint) < 945)
Feb 02, 2014 12:38:47 AM kodkod.multiobjective.algorithms.MultiObjectiveAlgorithm foundParetoPoint
FINE: Found Pareto point with values: [945]
Feb 02, 2014 12:38:47 AM kodkod.multiobjective.algorithms.CheckpointedGuidedImprovementAlgorithm multiObjectiveSolveImpl
FINE: Found Pareto point with values: [945]
Feb 02, 2014 12:38:49 AM kodkod.multiobjective.algorithms.MultiObjectiveAlgorithm debugWriteStatistics
FINE: Solver statistics:
	# Sat Call: 1
	# Unsat Call: 2
	# Total Time in Sat Calls: 5165
	# Total Time in Sat Calls Solving: 10
	# Total Time in Sat Calls Translating: 5155
	# Total Time in Unsat Calls: 2967
	# Total Time in Unsat Calls Solving: 6
	# Total Time in Unsat Calls Translating: 2961
	# Magnifier Sat Call: 0
	# Magnifier Unsat Call: 0
	# Total Time in Magnifier: 0
